iConf CONFORMER     FL  occ    crg   Em0  pKa0 ne nH    vdw0    vdw1    tors    epol   dsolv   extra    history
00001 LYS01A0070_001 f 0.00  0.000     0  0.00  0  0  -9.162   0.826   1.592  -0.049  -3.174   0.000 01O000M000t
00002 LYS01A0070_002 f 0.00  0.000     0  0.00  0  0  -5.897   1.247   2.429  -0.034  -2.779   0.000 01E03AM000t
00003 LYS01A0070_003 f 0.00  0.000     0  0.00  0  0  -9.367   2.033   2.200  -0.134  -3.241   0.000 01E03EM000t
00004 LYS01A0070_004 f 0.00  0.000     0  0.00  0  0 -10.368   1.060   3.127  -0.018  -3.124   0.000 01E074M000t
00005 LYS01A0070_005 f 0.00  0.000     0  0.00  0  0  -9.172   0.168   4.636  -0.019  -3.302   0.000 01E09DM000t
00006 LYS01A0070_006 f 0.00  0.000     0  0.00  0  0 -10.175   0.932   3.720  -0.020  -3.107   0.000 01E119M000t
00007 LYS01A0070_007 f 0.00  0.000     0  0.00  0  0  -9.187   0.130   1.790  -0.029  -3.154   0.000 01T01AM000t
00008 LYS01A0070_008 f 0.00  0.000     0  0.00  0  0 -10.660   1.654   4.075  -0.015  -3.566   0.000 01T053M000t
00009 LYS01A0070_009 f 0.00  0.000     0  0.00  0  0  -9.935   0.574   4.744  -0.033  -3.737   0.000 01T063M000t
00010 LYS01A0070_010 f 0.00  0.000     0  0.00  0  0  -9.784   1.612   4.676  -0.015  -2.875   0.000 01T07BM000t
00011 LYS01A0070_011 f 0.00  0.000     0  0.00  0  0 -10.125   1.611   4.737  -0.015  -3.113   0.000 01T07DM000t
00012 LYS01A0070_012 f 0.00  0.000     0  0.00  0  0  -9.236   0.511   4.684  -0.058  -2.992   0.000 01T087M000t
00013 LYS01A0070_013 f 0.00  0.000     0  0.00  0  0  -9.101   2.995   5.386  -0.026  -3.091   0.000 01T096M000t
00014 LYS01A0070_014 f 0.00  0.000     0  0.00  0  0  -9.132   0.122   4.707  -0.019  -2.900   0.000 01T09BM000t
00015 LYS01A0070_015 f 0.00  0.000     0  0.00  0  0 -10.196   0.122   1.534  -0.017  -3.153   0.000 01T0A4M000t
00016 LYS01A0070_016 f 0.00  0.000     0  0.00  0  0  -9.093   1.910   3.239  -0.019  -2.830   0.000 01T0C7M000t
00017 LYS01A0070_017 f 0.00  0.000     0  0.00  0  0  -9.449   0.228   4.580  -0.038  -3.026   0.000 01T0D5M000t
00018 LYS01A0070_018 f 0.00  0.000     0  0.00  0  0  -5.209   0.407   2.615  -0.037  -2.830   0.000 01T0EEM000t
00019 LYS01A0070_019 f 0.00  0.000     0  0.00  0  0  -9.571   0.903   6.266  -0.050  -3.543   0.000 01T118M000t
00020 LYS01A0070_020 f 0.00  0.000     0  0.00  0  0  -6.857   1.663   2.724  -0.079  -3.342   0.000 01T145M000t
00021 LYS+1A0070_021 f 0.00  1.000     0 10.40  0  1  -9.237   0.818   1.592   0.100 -40.680   0.000 +1O000M000t
00022 LYS+1A0070_022 f 0.00  1.000     0 10.40  0  1  -9.986   0.575   4.752   0.111 -41.281   0.000 +1E063M000t
00023 LYS+1A0070_023 f 0.00  1.000     0 10.40  0  1 -10.442   1.060   3.135   0.080 -40.694   0.000 +1E074M000t
00024 LYS+1A0070_024 f 0.00  1.000     0 10.40  0  1  -9.866   1.599   4.685   0.063 -41.074   0.000 +1E07BM000t
00025 LYS+1A0070_025 f 0.00  1.000     0 10.40  0  1 -10.279   1.620   4.747   0.067 -41.302   0.000 +1E07DM000t
00026 LYS+1A0070_026 f 0.00  1.000     0 10.40  0  1  -9.087   0.530   4.723   0.081 -40.801   0.000 +1E087M000t
00027 LYS+1A0070_027 f 0.00  1.000     0 10.40  0  1  -9.202   3.010   5.412   0.108 -41.767   0.000 +1E096M000t
00028 LYS+1A0070_028 f 0.00  1.000     0 10.40  0  1  -9.174   0.120   4.743   0.093 -41.764   0.000 +1E09BM000t
00029 LYS+1A0070_029 f 0.00  1.000     0 10.40  0  1  -9.212   0.164   4.644   0.047 -41.532   0.000 +1E09DM000t
00030 LYS+1A0070_030 f 0.00  1.000     0 10.40  0  1  -9.427   0.222   4.606   0.184 -41.235   0.000 +1E0D5M000t
00031 LYS+1A0070_031 f 0.00  1.000     0 10.40  0  1  -5.246   0.406   2.620   0.126 -40.417   0.000 +1E0EEM000t
00032 LYS+1A0070_032 f 0.00  1.000     0 10.40  0  1  -6.861   1.675   2.731   0.414 -41.753   0.000 +1E145M000t
00033 LYS+1A0070_033 f 0.00  1.000     0 10.40  0  1  -9.334   0.128   1.795  -0.002 -41.087   0.000 +1T01AM000t
00034 LYS+1A0070_034 f 0.00  1.000     0 10.40  0  1  -5.971   1.237   2.424   0.098 -40.262   0.000 +1T03AM000t
00035 LYS+1A0070_035 f 0.00  1.000     0 10.40  0  1  -9.491   2.053   2.206   0.378 -40.873   0.000 +1T03EM000t
00036 LYS+1A0070_036 f 0.00  1.000     0 10.40  0  1 -10.654   1.651   4.081   0.061 -41.808   0.000 +1T053M000t
00037 LYS+1A0070_037 f 0.00  1.000     0 10.40  0  1 -10.200   0.122   1.543   0.082 -41.239   0.000 +1T0A4M000t
00038 LYS+1A0070_038 f 0.00  1.000     0 10.40  0  1  -9.139   1.914   3.244   0.102 -40.716   0.000 +1T0C7M000t
00039 LYS+1A0070_039 f 0.00  1.000     0 10.40  0  1  -9.597   0.894   6.333   0.034 -41.461   0.000 +1T118M000t
00040 LYS+1A0070_040 f 0.00  1.000     0 10.40  0  1 -10.225   0.946   3.722   0.018 -41.158   0.000 +1T119M000t
