CONFORMER         crg  vdw0  vdw1  tors  epol  self   occ  Hb     history    ASA
LYS01A0070_001  0.000 -9.15  0.82  1.59  0.00 -6.74 0.502  00  01O000M000  1.000
LYS01A0070_002  0.000 -5.89  1.25  2.43  0.00 -2.21 0.501  00  01E03AM000  1.000
LYS01A0070_003  0.000 -9.37  2.04  2.20  0.00 -5.13 0.502  00  01E03EM000  1.000
LYS01A0070_004  0.000-10.37  1.06  3.13  0.00 -6.18 0.501  00  01E074M000  1.000
LYS01A0070_005  0.000 -9.12  0.17  4.64  0.00 -4.31 0.502  00  01E09DM000  1.000
LYS01A0070_006  0.000-10.17  0.93  3.72  0.00 -5.52 0.502  00  01E119M000  1.000
LYS01A0070_007  0.000 -9.19  0.13  1.79  0.00 -7.27 0.501  00  01T01AM000  1.000
LYS01A0070_008  0.000-10.66  1.65  4.07  0.00 -4.93 0.502  00  01T053M000  1.000
LYS01A0070_009  0.000 -9.94  0.57  4.74  0.00 -4.62 0.502  00  01T063M000  1.000
LYS01A0070_010  0.000 -9.79  1.61  4.68  0.00 -3.50 0.502  00  01T07BM000  1.000
LYS01A0070_011  0.000-10.12  1.61  4.74  0.00 -3.78 0.502  00  01T07DM000  1.000
LYS01A0070_012  0.000 -9.23  0.51  4.68  0.00 -4.04 0.501  00  01T087M000  1.000
LYS01A0070_013  0.000 -9.10  2.99  5.38  0.00 -0.73 0.501  00  01T096M000  1.000
LYS01A0070_014  0.000 -9.14  0.13  4.71  0.00 -4.31 0.501  00  01T09BM000  1.000
LYS01A0070_015  0.000-10.19  0.12  1.53  0.00 -8.54 0.502  00  01T0A4M000  1.000
LYS01A0070_016  0.000 -9.09  1.91  3.24  0.00 -3.94 0.501  00  01T0C7M000  1.000
LYS01A0070_017  0.000 -9.45  0.23  4.58  0.00 -4.64 0.502  00  01T0D5M000  1.000
LYS01A0070_018  0.000 -5.20  0.41  2.62  0.00 -2.18 0.501  00  01T0EEM000  1.000
LYS01A0070_019  0.000 -9.56  0.91  6.27  0.00 -2.39 0.502  00  01T118M000  1.000
LYS01A0070_020  0.000 -6.86  1.66  2.72  0.00 -2.48 0.502  00  01T145M000  1.000
LYS+1A0070_021  1.000 -9.23  0.81  1.59  0.00 -6.82 0.502  00  +1O000M000  1.000
LYS+1A0070_022  1.000 -9.99  0.57  4.75  0.00 -4.66 0.502  00  +1E063M000  1.000
LYS+1A0070_023  1.000-10.44  1.06  3.13  0.00 -6.25 0.501  00  +1E074M000  1.000
LYS+1A0070_024  1.000 -9.87  1.60  4.69  0.00 -3.58 0.502  00  +1E07BM000  1.000
LYS+1A0070_025  1.000-10.28  1.62  4.75  0.00 -3.91 0.502  00  +1E07DM000  1.000
LYS+1A0070_026  1.000 -9.08  0.53  4.72  0.00 -3.83 0.501  00  +1E087M000  1.000
LYS+1A0070_027  1.000 -9.15  3.01  5.41  0.00 -0.73 0.501  00  +1E096M000  1.000
LYS+1A0070_028  1.000 -9.17  0.12  4.74  0.00 -4.31 0.501  00  +1E09BM000  1.000
LYS+1A0070_029  1.000 -9.21  0.17  4.64  0.00 -4.41 0.502  00  +1E09DM000  1.000
LYS+1A0070_030  1.000 -9.49  0.23  4.60  0.00 -4.66 0.502  00  +1E0D5M000  1.000
LYS+1A0070_031  1.000 -5.30  0.41  2.62  0.00 -2.27 0.501  00  +1E0EEM000  1.000
LYS+1A0070_032  1.000 -6.87  1.67  2.73  0.00 -2.46 0.502  00  +1E145M000  1.000
LYS+1A0070_033  1.000 -9.33  0.13  1.79  0.00 -7.41 0.501  00  +1T01AM000  1.000
LYS+1A0070_034  1.000 -5.97  1.24  2.43  0.00 -2.31 0.501  00  +1T03AM000  1.000
LYS+1A0070_035  1.000 -9.42  2.05  2.21  0.00 -5.16 0.502  00  +1T03EM000  1.000
LYS+1A0070_036  1.000-10.60  1.65  4.08  0.00 -4.87 0.502  00  +1T053M000  1.000
LYS+1A0070_037  1.000-10.20  0.12  1.54  0.00 -8.54 0.502  00  +1T0A4M000  1.000
LYS+1A0070_038  1.000 -9.14  1.91  3.24  0.00 -3.99 0.501  00  +1T0C7M000  1.000
LYS+1A0070_039  1.000 -9.59  0.89  6.33  0.00 -2.37 0.502  00  +1T118M000  1.000
LYS+1A0070_040  1.000-10.22  0.95  3.72  0.00 -5.55 0.502  00  +1T119M000  1.000
