   confID        vdw0    sas     sum
LYS01A0070_001   2.793 -11.955  -9.162
LYS01A0070_002   6.187 -12.085  -5.897
LYS01A0070_003   3.191 -12.557  -9.367
LYS01A0070_004   1.774 -12.142 -10.368
LYS01A0070_005   2.988 -12.160  -9.172
LYS01A0070_006   2.088 -12.263 -10.175
LYS01A0070_007   2.945 -12.132  -9.187
LYS01A0070_008   1.800 -12.460 -10.660
LYS01A0070_009   2.393 -12.327  -9.935
LYS01A0070_010   2.379 -12.164  -9.784
LYS01A0070_011   2.383 -12.508 -10.125
LYS01A0070_012   2.925 -12.161  -9.236
LYS01A0070_013   2.979 -12.080  -9.101
LYS01A0070_014   2.949 -12.081  -9.132
LYS01A0070_015   1.833 -12.029 -10.196
LYS01A0070_016   3.406 -12.499  -9.093
LYS01A0070_017   3.040 -12.489  -9.449
LYS01A0070_018   6.595 -11.804  -5.209
LYS01A0070_019   2.790 -12.361  -9.571
LYS01A0070_020   5.622 -12.479  -6.857
LYS+1A0070_021   2.719 -11.955  -9.237
LYS+1A0070_022   2.342 -12.327  -9.986
LYS+1A0070_023   1.700 -12.142 -10.442
LYS+1A0070_024   2.314 -12.180  -9.866
LYS+1A0070_025   2.332 -12.611 -10.279
LYS+1A0070_026   2.887 -11.975  -9.087
LYS+1A0070_027   2.904 -12.106  -9.202
LYS+1A0070_028   2.906 -12.081  -9.174
LYS+1A0070_029   2.948 -12.160  -9.212
LYS+1A0070_030   2.994 -12.421  -9.427
LYS+1A0070_031   6.520 -11.765  -5.246
LYS+1A0070_032   5.566 -12.428  -6.861
LYS+1A0070_033   2.862 -12.197  -9.334
LYS+1A0070_034   6.114 -12.085  -5.971
LYS+1A0070_035   3.118 -12.609  -9.491
LYS+1A0070_036   1.755 -12.408 -10.654
LYS+1A0070_037   1.777 -11.977 -10.200
LYS+1A0070_038   3.361 -12.499  -9.139
LYS+1A0070_039   2.764 -12.361  -9.597
LYS+1A0070_040   2.038 -12.263 -10.225
