iConf CONFORMER     FL  occ    crg   Em0  pKa0 ne nH    vdw0    vdw1    tors    epol   dsolv   extra    history
00001 LEU01A0125_001 f 0.00  0.000     0  0.00  0  0 -10.188  -0.126   0.568   0.000   0.000   0.000 01O000M000t
00002 LEU01A0125_002 f 0.00  0.000     0  0.00  0  0 -10.083   1.494   0.568   0.000   0.000   0.000 01R001M000t
00003 LEU01A0125_003 f 0.00  0.000     0  0.00  0  0  -9.997   1.028   3.354   0.000   0.000   0.000 01R002M000t
00004 LEU01A0125_004 f 0.00  0.000     0  0.00  0  0 -10.051   0.850   0.979   0.000   0.000   0.000 01R003M000t
00005 LEU01A0125_005 f 0.00  0.000     0  0.00  0  0 -10.233  -0.066   0.346   0.000   0.000   0.000 01R004M000t
00006 LEU01A0125_006 f 0.00  0.000     0  0.00  0  0 -10.252   3.024   0.349   0.000   0.000   0.000 01R005M000t
00007 LEU01A0125_007 f 0.00  0.000     0  0.00  0  0  -9.949   0.071   0.775   0.000   0.000   0.000 01R006M000t
00008 LEU01A0125_008 f 0.00  0.000     0  0.00  0  0 -10.014  -0.050   0.808   0.000   0.000   0.000 01R007M000t
00009 LEU01A0125_009 f 0.00  0.000     0  0.00  0  0 -10.225   2.084   3.542   0.000   0.000   0.000 01R008M000t
00010 LEU01A0125_010 f 0.00  0.000     0  0.00  0  0 -10.173   0.110   0.979   0.000   0.000   0.000 01R00AM000t
00011 LEU01A0125_011 f 0.00  0.000     0  0.00  0  0 -10.277   2.787   0.349   0.000   0.000   0.000 01R00BM000t
00012 LEU01A0125_012 f 0.00  0.000     0  0.00  0  0 -10.106   0.124   0.775   0.000   0.000   0.000 01R00DM000t
00013 LEU01A0125_013 f 0.00  0.000     0  0.00  0  0 -10.255  -0.200   0.808   0.000   0.000   0.000 01R00EM000t
00014 LEU01A0125_014 f 0.00  0.000     0  0.00  0  0  -9.885   2.654   3.559   0.000   0.000   0.000 01R00FM000t
00015 LEU01A0125_015 f 0.00  0.000     0  0.00  0  0 -10.093   1.220   3.132   0.000   0.000   0.000 01R015M000t
00016 LEU01A0125_016 f 0.00  0.000     0  0.00  0  0 -10.076   0.359   3.562   0.000   0.000   0.000 01R017M000t
00017 LEU01A0125_017 f 0.00  0.000     0  0.00  0  0  -9.826   0.505   3.595   0.000   0.000   0.000 01R018M000t
00018 LEU01A0125_018 f 0.00  0.000     0  0.00  0  0 -10.014   2.108   0.344   0.000   0.000   0.000 01T00CM000t
00019 LEU01A0125_019 f 0.00  0.000     0  0.00  0  0  -9.983   3.944   3.565   0.000   0.000   0.000 01T010M000t
00020 LEU01A0125_020 f 0.00  0.000     0  0.00  0  0 -10.105   2.875   3.126   0.000   0.000   0.000 01T016M000t
