CONFORMER         crg  vdw0  vdw1  tors  epol  self   occ  Hb     history    ASA
LEU01A0125_001  0.000-10.19 -0.12  0.57  0.00 -9.74 0.517  00  01O000M000  1.000
LEU01A0125_002  0.000-10.08  1.49  0.57  0.00 -8.02 0.521  00  01R001M000  1.000
LEU01A0125_003  0.000 -9.95  1.03  3.35  0.00 -5.56 0.521  00  01R002M000  1.000
LEU01A0125_004  0.000-10.05  0.85  0.98  0.00 -8.22 0.520  00  01R003M000  1.000
LEU01A0125_005  0.000-10.23 -0.06  0.35  0.00 -9.95 0.521  00  01R004M000  1.000
LEU01A0125_006  0.000-10.20  3.02  0.35  0.00 -6.82 0.520  00  01R005M000  1.000
LEU01A0125_007  0.000 -9.95  0.07  0.77  0.00 -9.11 0.521  00  01R006M000  1.000
LEU01A0125_008  0.000-10.01 -0.05  0.81  0.00 -9.25 0.521  00  01R007M000  1.000
LEU01A0125_009  0.000-10.23  2.08  3.54  0.00 -4.60 0.520  00  01R008M000  1.000
LEU01A0125_010  0.000-10.22  0.11  0.98  0.00 -9.14 0.519  00  01R00AM000  1.000
LEU01A0125_011  0.000-10.28  2.79  0.35  0.00 -7.14 0.519  00  01R00BM000  1.000
LEU01A0125_012  0.000-10.11  0.12  0.77  0.00 -9.21 0.518  00  01R00DM000  1.000
LEU01A0125_013  0.000-10.25 -0.20  0.81  0.00 -9.65 0.519  00  01R00EM000  1.000
LEU01A0125_014  0.000 -9.89  2.65  3.56  0.00 -3.68 0.520  00  01R00FM000  1.000
LEU01A0125_015  0.000-10.10  1.22  3.13  0.00 -5.74 0.520  00  01R015M000  1.000
LEU01A0125_016  0.000-10.07  0.36  3.56  0.00 -6.15 0.519  00  01R017M000  1.000
LEU01A0125_017  0.000 -9.82  0.50  3.60  0.00 -5.72 0.521  00  01R018M000  1.000
LEU01A0125_018  0.000-10.01  2.11  0.34  0.00 -7.56 0.521  00  01T00CM000  1.000
LEU01A0125_019  0.000 -9.99  3.95  3.57  0.00 -2.47 0.521  00  01T010M000  1.000
LEU01A0125_020  0.000-10.10  2.89  3.13  0.00 -4.09 0.522  00  01T016M000  1.000
