iConf CONFORMER     FL  occ    crg   Em0  pKa0 ne nH    vdw0    vdw1    tors    epol   dsolv   extra    history
00001 ASP01A0019_001 f 0.00  0.000     0  0.00  0  0  -4.303   2.185   3.401   1.786  -6.237   0.000 01O000M000t
00002 ASP01A0019_002 f 0.00  0.000     0  0.00  0  0  -4.007  -0.152   3.960   1.015  -8.182   0.000 01E003M000t
00003 ASP01A0019_003 f 0.00  0.000     0  0.00  0  0  -4.694   1.120   4.726   0.889  -6.740   0.000 01E007M000t
00004 ASP01A0019_004 f 0.00  0.000     0  0.00  0  0  -4.367   2.185   0.681   0.355  -5.096   0.000 01O000M000t
00005 ASP01A0019_005 f 0.00  0.000     0  0.00  0  0  -4.076   0.174   1.273   0.340  -5.088   0.000 01E006M000t
00006 ASP01A0019_006 f 0.00  0.000     0  0.00  0  0  -4.370   0.047   1.249   0.437  -5.181   0.000 01E009M000t
00007 ASP01A0019_007 f 0.00  0.000     0  0.00  0  0  -4.359  -0.017   3.939   0.483  -7.442   0.000 01T009M000t
00008 ASP01A0019_008 f 0.00  0.000     0  0.00  0  0  -4.351   1.367   5.517   0.923  -7.593   0.000 01T004M000t
00009 ASP01A0019_009 f 0.00  0.000     0  0.00  0  0  -4.076   0.174   3.988   0.419  -7.677   0.000 01T006M000t
00010 ASP01A0019_010 f 0.00  0.000     0  0.00  0  0  -4.377   0.282   5.486   0.488  -7.959   0.000 01T008M000t
00011 ASP01A0019_011 f 0.00  0.000     0  0.00  0  0  -4.694   1.122   2.004   0.378  -5.270   0.000 01T007M000t
00012 ASP01A0019_012 f 0.00  0.000     0  0.00  0  0  -4.351   1.367   2.797   0.812  -5.175   0.000 01T004M000t
00013 ASP02A0019_013 f 0.00  0.000     0  0.00  0  0  -4.317   1.527   3.401   0.406  -7.561   0.000 02O000M000t
00014 ASP02A0019_014 f 0.00  0.000     0  0.00  0  0  -4.317   1.527   0.681   0.331  -5.042   0.000 02O000M000t
00015 ASP02A0019_015 f 0.00  0.000     0  0.00  0  0  -4.125   0.026   3.987   0.683  -6.574   0.000 02T003M000t
00016 ASP02A0019_016 f 0.00  0.000     0  0.00  0  0  -4.199   0.286   4.000   2.128  -7.076   0.000 02T006M000t
00017 ASP02A0019_017 f 0.00  0.000     0  0.00  0  0  -4.766   0.068   3.962   0.703  -7.510   0.000 02T009M000t
00018 ASP02A0019_018 f 0.00  0.000     0  0.00  0  0  -4.313   1.653   5.521   1.579  -7.335   0.000 02T004M000t
00019 ASP02A0019_019 f 0.00  0.000     0  0.00  0  0  -4.510   0.292   3.513   0.627  -7.690   0.000 02T005M000t
00020 ASP02A0019_020 f 0.00  0.000     0  0.00  0  0  -4.641   1.048   4.699   0.431  -7.767   0.000 02T007M000t
00021 ASP02A0019_021 f 0.00  0.000     0  0.00  0  0  -4.151   0.026   1.267   0.682  -4.771   0.000 02T003M000t
00022 ASP02A0019_022 f 0.00  0.000     0  0.00  0  0  -4.199   0.286   1.280   0.412  -5.213   0.000 02T006M000t
00023 ASP02A0019_023 f 0.00  0.000     0  0.00  0  0  -4.313   1.653   2.801   0.802  -5.152   0.000 02T004M000t
00024 ASP02A0019_024 f 0.00  0.000     0  0.00  0  0  -4.641   1.048   1.979   0.353  -5.064   0.000 02T007M000t
00025 ASP02A0019_025 f 0.00  0.000     0  0.00  0  0  -4.503   0.094   1.237   0.433  -5.224   0.000 02T009M000t
00026 ASP-1A0019_026 f 0.00 -1.000     0  4.75  0 -1  -4.216   1.548   0.681  -1.101 -41.359   0.000 -1O000M000t
00027 ASP-1A0019_027 f 0.00 -1.000     0  4.75  0 -1  -4.207   1.290   2.618  -1.361 -41.720   0.000 -1E004M000t
00028 ASP-1A0019_028 f 0.00 -1.000     0  4.75  0 -1  -3.973   0.237   1.172  -1.220 -41.723   0.000 -1E006M000t
00029 ASP-1A0019_029 f 0.00 -1.000     0  4.75  0 -1  -4.502   0.871   1.834  -0.509 -41.714   0.000 -1E007M000t
00030 ASP-1A0019_030 f 0.00 -1.000     0  4.75  0 -1  -4.393  -0.022   1.145  -0.523 -41.724   0.000 -1E009M000t
