   confID        vdw0    sas     sum
ASP01A0019_001   0.102  -4.405  -4.303
ASP01A0019_002   0.360  -4.368  -4.007
ASP01A0019_003   0.235  -4.930  -4.694
ASP01A0019_004   0.102  -4.469  -4.367
ASP01A0019_005   0.347  -4.423  -4.076
ASP01A0019_006   0.345  -4.715  -4.370
ASP01A0019_007   0.354  -4.713  -4.359
ASP01A0019_008   0.392  -4.743  -4.351
ASP01A0019_009   0.347  -4.423  -4.076
ASP01A0019_010   0.384  -4.761  -4.377
ASP01A0019_011   0.235  -4.930  -4.694
ASP01A0019_012   0.392  -4.743  -4.351
ASP02A0019_013   0.181  -4.498  -4.317
ASP02A0019_014   0.181  -4.498  -4.317
ASP02A0019_015   0.305  -4.430  -4.125
ASP02A0019_016   0.307  -4.505  -4.199
ASP02A0019_017   0.301  -5.067  -4.766
ASP02A0019_018   0.358  -4.671  -4.313
ASP02A0019_019   0.337  -4.847  -4.510
ASP02A0019_020   0.303  -4.944  -4.641
ASP02A0019_021   0.305  -4.456  -4.151
ASP02A0019_022   0.307  -4.505  -4.199
ASP02A0019_023   0.358  -4.671  -4.313
ASP02A0019_024   0.303  -4.944  -4.641
ASP02A0019_025   0.303  -4.806  -4.503
ASP-1A0019_026   0.099  -4.315  -4.216
ASP-1A0019_027   0.305  -4.512  -4.207
ASP-1A0019_028   0.256  -4.229  -3.973
ASP-1A0019_029   0.213  -4.715  -4.502
ASP-1A0019_030   0.254  -4.646  -4.393
