iConf CONFORMER     FL  occ    crg   Em0  pKa0 ne nH    vdw0    vdw1    tors    epol   dsolv   extra    history
00001 GLU01A0129_001 f 0.00  0.000     0  0.00  0  0  -4.018   0.607   4.103   0.222  -7.530   0.000 01O000M000t
00002 GLU01A0129_002 f 0.00  0.000     0  0.00  0  0  -4.169   1.322   3.959   0.239  -7.552   0.000 01E002M000t
00003 GLU01A0129_003 f 0.00  0.000     0  0.00  0  0  -2.460   0.660   3.112   0.118  -7.735   0.000 01E007M000t
00004 GLU01A0129_004 f 0.00  0.000     0  0.00  0  0  -2.508   1.162   3.093   0.104  -7.653   0.000 01E009M000t
00005 GLU01A0129_005 f 0.00  0.000     0  0.00  0  0  -2.964   1.411   3.184   0.141  -7.651   0.000 01E00CM000t
00006 GLU01A0129_006 f 0.00  0.000     0  0.00  0  0  -4.018   0.607   1.383   0.135  -5.142   0.000 01O000M000t
00007 GLU01A0129_007 f 0.00  0.000     0  0.00  0  0  -4.168   0.542   3.888   0.417  -7.347   0.000 01T003M000t
00008 GLU01A0129_008 f 0.00  0.000     0  0.00  0  0  -4.067   1.031   6.211   0.290  -7.333   0.000 01T004M000t
00009 GLU01A0129_009 f 0.00  0.000     0  0.00  0  0  -3.555   1.451   3.327   0.297  -7.944   0.000 01T00DM000t
00010 GLU01A0129_010 f 0.00  0.000     0  0.00  0  0  -3.152   1.241   3.130   0.182  -7.601   0.000 01T00AM000t
00011 GLU01A0129_011 f 0.00  0.000     0  0.00  0  0  -2.521   1.162   0.372   0.063  -5.046   0.000 01T009M000t
00012 GLU01A0129_012 f 0.00  0.000     0  0.00  0  0  -2.578   1.302   0.377   0.136  -5.209   0.000 01T00BM000t
00013 GLU01A0129_013 f 0.00  0.000     0  0.00  0  0  -2.963   1.412   0.461   0.167  -4.928   0.000 01T00CM000t
00014 GLU01A0129_014 f 0.00  0.000     0  0.00  0  0  -3.555   1.451   0.607   0.150  -5.231   0.000 01T00DM000t
00015 GLU01A0129_015 f 0.00  0.000     0  0.00  0  0  -4.062   0.534   1.108   0.331  -5.041   0.000 01T003M000t
00016 GLU01A0129_016 f 0.00  0.000     0  0.00  0  0  -3.968   1.011   3.452   0.217  -5.001   0.000 01T004M000t
00017 GLU02A0129_017 f 0.00  0.000     0  0.00  0  0  -4.020   0.612   4.103   0.172  -7.614   0.000 02O000M000t
00018 GLU02A0129_018 f 0.00  0.000     0  0.00  0  0  -4.178   0.587   3.915   0.095  -7.013   0.000 02E003M000t
00019 GLU02A0129_019 f 0.00  0.000     0  0.00  0  0  -1.915   0.656   3.109   0.307  -6.872   0.000 02E007M000t
00020 GLU02A0129_020 f 0.00  0.000     0  0.00  0  0  -2.048   1.158   3.088   0.215  -6.818   0.000 02E009M000t
00021 GLU02A0129_021 f 0.00  0.000     0  0.00  0  0  -2.309   1.593   3.184   0.725  -6.503   0.000 02E00CM000t
00022 GLU02A0129_022 f 0.00  0.000     0  0.00  0  0  -4.020   0.612   1.383   0.124  -5.210   0.000 02O000M000t
00023 GLU02A0129_023 f 0.00  0.000     0  0.00  0  0  -2.461   1.074   0.414   0.077  -5.324   0.000 02E008M000t
00024 GLU02A0129_024 f 0.00  0.000     0  0.00  0  0  -2.046   1.295   0.372   0.141  -5.188   0.000 02E00BM000t
00025 GLU02A0129_025 f 0.00  0.000     0  0.00  0  0  -2.450   1.472   0.476   0.206  -5.045   0.000 02E00CM000t
00026 GLU02A0129_026 f 0.00  0.000     0  0.00  0  0  -4.101   1.234   3.986   0.127  -7.681   0.000 02T001M000t
00027 GLU02A0129_027 f 0.00  0.000     0  0.00  0  0  -3.956   1.088   6.241   0.260  -7.491   0.000 02T004M000t
00028 GLU02A0129_028 f 0.00  0.000     0  0.00  0  0  -2.025   1.292   3.092   0.304  -6.887   0.000 02T00BM000t
00029 GLU02A0129_029 f 0.00  0.000     0  0.00  0  0  -3.389   1.591   3.314   0.460  -6.865   0.000 02T00DM000t
00030 GLU02A0129_030 f 0.00  0.000     0  0.00  0  0  -3.417   1.554   0.596   0.167  -4.941   0.000 02T00DM000t
00031 GLU02A0129_031 f 0.00  0.000     0  0.00  0  0  -4.057   0.527   1.075   0.297  -5.067   0.000 02T003M000t
00032 GLU02A0129_032 f 0.00  0.000     0  0.00  0  0  -4.153   1.055   3.453   0.196  -5.116   0.000 02T004M000t
00033 GLU-1A0129_033 f 0.00 -1.000     0  4.75  0 -1  -3.917   0.624   1.383  -0.146 -42.061   0.000 -1O000M000t
00034 GLU-1A0129_034 f 0.00 -1.000     0  4.75  0 -1  -4.054   1.230   1.196  -0.122 -42.091   0.000 -1E001M000t
00035 GLU-1A0129_035 f 0.00 -1.000     0  4.75  0 -1  -4.202   0.553   1.114  -0.144 -41.415   0.000 -1E003M000t
00036 GLU-1A0129_036 f 0.00 -1.000     0  4.75  0 -1  -4.048   1.034   3.463  -0.457 -41.463   0.000 -1E004M000t
00037 GLU-1A0129_037 f 0.00 -1.000     0  4.75  0 -1  -4.447   2.487   1.303  -0.572 -41.302   0.000 -1E005M000t
00038 GLU-1A0129_038 f 0.00 -1.000     0  4.75  0 -1  -2.483   1.313   0.373  -0.180 -41.924   0.000 -1E00BM000t
