   confID        vdw0    sas     sum
GLU01A0129_001   0.576  -4.594  -4.018
GLU01A0129_002   0.633  -4.802  -4.169
GLU01A0129_003   2.036  -4.495  -2.460
GLU01A0129_004   2.036  -4.545  -2.508
GLU01A0129_005   1.976  -4.940  -2.964
GLU01A0129_006   0.576  -4.594  -4.018
GLU01A0129_007   0.694  -4.862  -4.168
GLU01A0129_008   0.575  -4.642  -4.067
GLU01A0129_009   1.248  -4.803  -3.555
GLU01A0129_010   1.683  -4.835  -3.152
GLU01A0129_011   2.037  -4.557  -2.521
GLU01A0129_012   2.042  -4.620  -2.578
GLU01A0129_013   1.977  -4.940  -2.963
GLU01A0129_014   1.248  -4.803  -3.555
GLU01A0129_015   0.765  -4.828  -4.062
GLU01A0129_016   0.627  -4.595  -3.968
GLU02A0129_017   0.578  -4.598  -4.020
GLU02A0129_018   0.675  -4.853  -4.178
GLU02A0129_019   2.565  -4.480  -1.915
GLU02A0129_020   2.571  -4.619  -2.048
GLU02A0129_021   2.520  -4.828  -2.309
GLU02A0129_022   0.578  -4.598  -4.020
GLU02A0129_023   2.062  -4.523  -2.461
GLU02A0129_024   2.549  -4.595  -2.046
GLU02A0129_025   2.391  -4.841  -2.450
GLU02A0129_026   0.603  -4.703  -4.101
GLU02A0129_027   0.575  -4.531  -3.956
GLU02A0129_028   2.570  -4.595  -2.025
GLU02A0129_029   1.542  -4.931  -3.389
GLU02A0129_030   1.513  -4.931  -3.417
GLU02A0129_031   0.765  -4.822  -4.057
GLU02A0129_032   0.606  -4.759  -4.153
GLU-1A0129_033   0.454  -4.371  -3.917
GLU-1A0129_034   0.515  -4.569  -4.054
GLU-1A0129_035   0.589  -4.791  -4.202
GLU-1A0129_036   0.467  -4.515  -4.048
GLU-1A0129_037   0.379  -4.826  -4.447
GLU-1A0129_038   1.983  -4.466  -2.483
