iConf CONFORMER     FL  occ    crg   Em0  pKa0 ne nH    vdw0    vdw1    tors    epol   dsolv   extra    history
00001 TYR01A0113_001 f 0.00  0.000     0  0.00  0  0  -9.793   0.598   0.066   0.317  -5.812   0.000 01O000M000t
00002 TYR01A0113_002 f 0.00  0.000     0  0.00  0  0  -9.854   2.161   0.060   0.441  -5.797   0.000 01E008M000t
00003 TYR01A0113_003 f 0.00  0.000     0  0.00  0  0  -9.896   2.240   0.058   0.436  -5.880   0.000 01E002M000t
00004 TYR01A0113_004 f 0.00  0.000     0  0.00  0  0 -10.219   6.736   0.028   0.333  -6.140   0.000 01E006M000t
00005 TYR01A0113_005 f 0.00  0.000     0  0.00  0  0 -10.555   5.092   2.727   0.283  -6.032   0.000 01E007M000t
00006 TYR01A0113_006 f 0.00  0.000     0  0.00  0  0 -10.428   5.148   2.728   0.282  -6.029   0.000 01T001M000t
00007 TYR01A0113_007 f 0.00  0.000     0  0.00  0  0 -10.675   7.813   0.023   0.337  -6.241   0.000 01T004M000t
00008 TYR01A0113_008 f 0.00  0.000     0  0.00  0  0 -10.174   3.691   2.721   0.306  -5.999   0.000 01T00BM000t
00009 TYR01A0113_009 f 0.00  0.000     0  0.00  0  0  -9.000   2.363   2.729   0.256  -5.735   0.000 01T003M000t
00010 TYR01A0113_010 f 0.00  0.000     0  0.00  0  0  -9.842   3.609   2.721   0.304  -5.816   0.000 01T00DM000t
00011 TYR01A0113_011 f 0.00  0.000     0  0.00  0  0  -9.876   0.572   0.061   0.323  -6.527   0.000 01T005M000t
00012 TYR01A0113_012 f 0.00  0.000     0  0.00  0  0  -9.869   4.624   0.051   0.719  -5.518   0.000 01T009M000t
00013 TYR01A0113_013 f 0.00  0.000     0  0.00  0  0 -10.035   4.555   0.051   0.729  -5.961   0.000 01T00AM000t
00014 TYR01A0113_014 f 0.00  0.000     0  0.00  0  0  -9.404   2.348   2.729   0.263  -6.139   0.000 01T00CM000t
00015 TYR-1A0113_015 f 0.00 -1.000     0 10.20  0 -1  -9.793   0.598   0.066   0.066 -40.964   0.000 -1O000M000t
00016 TYR-1A0113_016 f 0.00 -1.000     0 10.20  0 -1  -9.897   2.229   0.058   0.511 -41.413   0.000 -1E002M000t
00017 TYR-1A0113_017 f 0.00 -1.000     0 10.20  0 -1 -10.598   7.766   0.022   0.115 -41.324   0.000 -1E004M000t
00018 TYR-1A0113_018 f 0.00 -1.000     0 10.20  0 -1  -9.746   0.570   0.060   0.107 -41.093   0.000 -1E005M000t
00019 TYR-1A0113_019 f 0.00 -1.000     0 10.20  0 -1 -10.221   6.733   0.025   0.114 -41.301   0.000 -1E006M000t
00020 TYR-1A0113_020 f 0.00 -1.000     0 10.20  0 -1 -10.550   5.087   2.726  -0.043 -41.067   0.000 -1E007M000t
00021 TYR-1A0113_021 f 0.00 -1.000     0 10.20  0 -1  -9.921   4.546   0.048   0.955 -40.102   0.000 -1E00AM000t
00022 TYR-1A0113_022 f 0.00 -1.000     0 10.20  0 -1  -9.561   2.336   2.727   0.031 -41.168   0.000 -1E00CM000t
00023 TYR-1A0113_023 f 0.00 -1.000     0 10.20  0 -1  -9.875   3.630   2.717   0.077 -40.792   0.000 -1E00DM000t
00024 TYR-1A0113_024 f 0.00 -1.000     0 10.20  0 -1 -10.425   5.134   2.726  -0.024 -41.118   0.000 -1T001M000t
00025 TYR-1A0113_025 f 0.00 -1.000     0 10.20  0 -1  -9.017   2.357   2.728   0.040 -41.295   0.000 -1T003M000t
00026 TYR-1A0113_026 f 0.00 -1.000     0 10.20  0 -1  -9.903   2.101   0.058   0.490 -41.145   0.000 -1T008M000t
00027 TYR-1A0113_027 f 0.00 -1.000     0 10.20  0 -1  -9.863   4.578   0.048   0.947 -40.345   0.000 -1T009M000t
00028 TYR-1A0113_028 f 0.00 -1.000     0 10.20  0 -1 -10.167   3.693   2.719   0.081 -41.054   0.000 -1T00BM000t
