   confID        vdw0    sas     sum
TYR01A0113_001   4.387 -14.180  -9.793
TYR01A0113_002   4.444 -14.299  -9.854
TYR01A0113_003   4.410 -14.306  -9.896
TYR01A0113_004   4.049 -14.268 -10.219
TYR01A0113_005   4.430 -14.985 -10.555
TYR01A0113_006   4.398 -14.826 -10.428
TYR01A0113_007   4.026 -14.701 -10.675
TYR01A0113_008   4.299 -14.473 -10.174
TYR01A0113_009   4.392 -13.391  -9.000
TYR01A0113_010   4.335 -14.177  -9.842
TYR01A0113_011   4.422 -14.297  -9.876
TYR01A0113_012   4.284 -14.153  -9.869
TYR01A0113_013   4.320 -14.355 -10.035
TYR01A0113_014   4.412 -13.816  -9.404
TYR-1A0113_015   4.387 -14.180  -9.793
TYR-1A0113_016   4.409 -14.306  -9.897
TYR-1A0113_017   4.036 -14.634 -10.598
TYR-1A0113_018   4.416 -14.162  -9.746
TYR-1A0113_019   4.047 -14.268 -10.221
TYR-1A0113_020   4.436 -14.985 -10.550
TYR-1A0113_021   4.332 -14.253  -9.921
TYR-1A0113_022   4.424 -13.984  -9.561
TYR-1A0113_023   4.335 -14.210  -9.875
TYR-1A0113_024   4.401 -14.826 -10.425
TYR-1A0113_025   4.375 -13.391  -9.017
TYR-1A0113_026   4.446 -14.349  -9.903
TYR-1A0113_027   4.290 -14.153  -9.863
TYR-1A0113_028   4.306 -14.473 -10.167
