iConf CONFORMER     FL  occ    crg   Em0  pKa0 ne nH    vdw0    vdw1    tors    epol   dsolv   extra    history
00001 ARG01A0081_001 f 0.00  0.000     0  0.00  0  0 -13.561   1.080   0.842   0.041 -10.360   0.000 01O000M000t
00002 ARG01A0081_002 f 0.00  0.000     0  0.00  0  0 -12.858   2.109   1.649   0.055 -10.241   0.000 01E003M000t
00003 ARG01A0081_003 f 0.00  0.000     0  0.00  0  0 -12.413   2.592   3.628   0.039  -9.969   0.000 01E036M000t
00004 ARG01A0081_004 f 0.00  0.000     0  0.00  0  0 -12.475   1.265   3.440   0.068  -9.976   0.000 01E04BM000t
00005 ARG01A0081_005 f 0.00  0.000     0  0.00  0  0 -11.314   4.978   1.109   0.076  -9.318   0.000 01E062M000t
00006 ARG01A0081_006 f 0.00  0.000     0  0.00  0  0 -12.657   1.403   3.712   0.158 -10.056   0.000 01E067M000t
00007 ARG01A0081_007 f 0.00  0.000     0  0.00  0  0 -12.523   5.748   2.496   0.250  -9.971   0.000 01E0A4M000t
00008 ARG01A0081_008 f 0.00  0.000     0  0.00  0  0 -10.919   1.718   3.445   0.061  -9.441   0.000 01E0B4M000t
00009 ARG01A0081_009 f 0.00  0.000     0  0.00  0  0 -11.220   4.969   1.341  -0.004  -9.788   0.000 01E0D4M000t
00010 ARG01A0081_010 f 0.00  0.000     0  0.00  0  0 -10.834   1.123   3.452  -0.065  -9.956   0.000 01E0E4M000t
00011 ARG01A0081_011 f 0.00  0.000     0  0.00  0  0  -9.951   2.138   3.860   0.032  -9.678   0.000 01E0EDM000t
00012 ARG01A0081_012 f 0.00  0.000     0  0.00  0  0 -13.050   1.673   1.607   0.074  -9.958   0.000 01T006M000t
00013 ARG01A0081_013 f 0.00  0.000     0  0.00  0  0 -13.600   1.710   3.884   0.161  -9.792   0.000 01T00CM000t
00014 ARG01A0081_014 f 0.00  0.000     0  0.00  0  0 -11.419   5.536   1.073   0.352  -9.533   0.000 01T02CM000t
00015 ARG01A0081_015 f 0.00  0.000     0  0.00  0  0  -8.823   0.426   3.319   0.026  -9.412   0.000 01T090M000t
00016 ARG01A0081_016 f 0.00  0.000     0  0.00  0  0 -10.271   2.530   3.499   0.091  -9.936   0.000 01T097M000t
00017 ARG01A0081_017 f 0.00  0.000     0  0.00  0  0 -10.893   2.324   3.480   0.018  -9.487   0.000 01T0A0M000t
00018 ARG01A0081_018 f 0.00  0.000     0  0.00  0  0 -10.775   2.570   3.353   0.081 -10.267   0.000 01T0B3M000t
00019 ARG01A0081_019 f 0.00  0.000     0  0.00  0  0 -10.928   1.736   3.485   0.071 -10.198   0.000 01T0B7M000t
00020 ARG01A0081_020 f 0.00  0.000     0  0.00  0  0 -12.045   0.844   5.825   0.230  -9.846   0.000 01T0E0M000t
00021 ARG02A0081_021 f 0.00  0.000     0  0.00  0  0 -13.916   1.301   3.597   0.144  -8.961   0.000 02E00CM000t
00022 ARG02A0081_022 f 0.00  0.000     0  0.00  0  0 -13.537   1.078   0.842   0.055  -9.553   0.000 02O000M000t
00023 ARG02A0081_023 f 0.00  0.000     0  0.00  0  0 -10.802   4.562   1.152   0.086  -8.885   0.000 02E062M000t
00024 ARG02A0081_024 f 0.00  0.000     0  0.00  0  0 -12.533   1.324   3.614   0.129  -8.485   0.000 02E067M000t
00025 ARG02A0081_025 f 0.00  0.000     0  0.00  0  0 -10.865   1.105   3.419   0.175  -9.674   0.000 02E0E4M000t
00026 ARG02A0081_026 f 0.00  0.000     0  0.00  0  0 -10.044   2.119   3.869  -0.045  -8.948   0.000 02E0EDM000t
00027 ARG02A0081_027 f 0.00  0.000     0  0.00  0  0 -13.411   2.494   1.183   0.078  -8.147   0.000 02T003M000t
00028 ARG02A0081_028 f 0.00  0.000     0  0.00  0  0 -11.048   2.446   3.398   0.066  -8.414   0.000 02T0A0M000t
00029 ARG02A0081_029 f 0.00  0.000     0  0.00  0  0 -10.312   2.302   3.451   0.100  -8.058   0.000 02T097M000t
00030 ARG02A0081_030 f 0.00  0.000     0  0.00  0  0 -11.993   0.879   5.723   0.201  -8.619   0.000 02T0E0M000t
00031 ARG02A0081_031 f 0.00  0.000     0  0.00  0  0 -13.297   1.900   1.192   0.045  -9.053   0.000 02T006M000t
00032 ARG02A0081_032 f 0.00  0.000     0  0.00  0  0 -11.194   6.509   0.918   0.394  -8.278   0.000 02T02CM000t
00033 ARG02A0081_033 f 0.00  0.000     0  0.00  0  0 -12.291   1.259   3.419   0.039  -9.126   0.000 02T04BM000t
00034 ARG02A0081_034 f 0.00  0.000     0  0.00  0  0 -10.973   1.720   3.440   0.056  -9.198   0.000 02T0B4M000t
00035 ARG02A0081_035 f 0.00  0.000     0  0.00  0  0 -10.499   4.541   1.196   0.036  -9.338   0.000 02T0D4M000t
00036 ARG02A0081_036 f 0.00  0.000     0  0.00  0  0 -11.712   4.105   3.132   0.041  -9.522   0.000 02T036M000t
00037 ARG02A0081_037 f 0.00  0.000     0  0.00  0  0  -9.212   0.457   3.333   0.007  -8.629   0.000 02T090M000t
00038 ARG02A0081_038 f 0.00  0.000     0  0.00  0  0 -12.881   4.552   2.378   0.216  -9.725   0.000 02T0A4M000t
00039 ARG02A0081_039 f 0.00  0.000     0  0.00  0  0 -10.837   2.472   3.324   0.061  -9.626   0.000 02T0B3M000t
00040 ARG02A0081_040 f 0.00  0.000     0  0.00  0  0 -10.900   1.734   3.364   0.053  -9.447   0.000 02T0B7M000t
00041 ARG03A0081_041 f 0.00  0.000     0  0.00  0  0 -13.603   1.077   0.842   0.061  -8.608   0.000 03O000M000t
00042 ARG03A0081_042 f 0.00  0.000     0  0.00  0  0 -12.277   1.256   3.420   0.052  -8.420   0.000 03E04BM000t
00043 ARG03A0081_043 f 0.00  0.000     0  0.00  0  0 -12.620   1.320   3.611   0.144  -8.505   0.000 03E067M000t
00044 ARG03A0081_044 f 0.00  0.000     0  0.00  0  0 -10.274   2.283   3.443   0.093  -8.210   0.000 03E097M000t
00045 ARG03A0081_045 f 0.00  0.000     0  0.00  0  0 -11.483   6.545   0.902   0.400  -8.864   0.000 03E02CM000t
00046 ARG03A0081_046 f 0.00  0.000     0  0.00  0  0 -10.971   4.646   1.146   0.071  -8.752   0.000 03E062M000t
00047 ARG03A0081_047 f 0.00  0.000     0  0.00  0  0 -12.701   4.642   2.382   0.230  -9.202   0.000 03E0A4M000t
00048 ARG03A0081_048 f 0.00  0.000     0  0.00  0  0 -13.329   1.916   1.177   0.071  -8.601   0.000 03T006M000t
00049 ARG03A0081_049 f 0.00  0.000     0  0.00  0  0 -10.994   1.111   3.410   0.179  -8.463   0.000 03T0E4M000t
00050 ARG03A0081_050 f 0.00  0.000     0  0.00  0  0 -13.425   2.494   1.164   0.072  -8.883   0.000 03T003M000t
00051 ARG03A0081_051 f 0.00  0.000     0  0.00  0  0 -13.995   1.302   3.576   0.152  -9.104   0.000 03T00CM000t
00052 ARG03A0081_052 f 0.00  0.000     0  0.00  0  0  -9.025   0.436   3.329   0.037  -7.988   0.000 03T090M000t
00053 ARG03A0081_053 f 0.00  0.000     0  0.00  0  0 -10.952   1.711   3.431   0.071  -8.807   0.000 03T0B4M000t
00054 ARG03A0081_054 f 0.00  0.000     0  0.00  0  0 -12.055   0.869   5.722   0.222  -8.321   0.000 03T0E0M000t
00055 ARG03A0081_055 f 0.00  0.000     0  0.00  0  0 -11.935   4.130   3.054   0.054  -9.138   0.000 03T036M000t
00056 ARG03A0081_056 f 0.00  0.000     0  0.00  0  0 -10.958   2.462   3.386   0.053  -8.835   0.000 03T0A0M000t
00057 ARG03A0081_057 f 0.00  0.000     0  0.00  0  0 -10.824   2.472   3.312   0.070  -9.470   0.000 03T0B3M000t
00058 ARG03A0081_058 f 0.00  0.000     0  0.00  0  0 -10.905   1.737   3.355   0.076  -9.554   0.000 03T0B7M000t
00059 ARG03A0081_059 f 0.00  0.000     0  0.00  0  0 -10.507   4.492   1.195   0.021  -8.612   0.000 03T0D4M000t
00060 ARG03A0081_060 f 0.00  0.000     0  0.00  0  0 -10.057   2.113   3.864   0.004  -8.551   0.000 03T0EDM000t
00061 ARG+1A0081_061 f 0.00  1.000     0 12.50  0  1 -13.641   1.077   0.842   0.146 -34.517   0.000 +1O000M000t
00062 ARG+1A0081_062 f 0.00  1.000     0 12.50  0  1 -13.949   1.296   3.604   0.310 -34.751   0.000 +1E00CM000t
00063 ARG+1A0081_063 f 0.00  1.000     0 12.50  0  1 -11.546   6.530   0.920   0.837 -34.315   0.000 +1E02CM000t
00064 ARG+1A0081_064 f 0.00  1.000     0 12.50  0  1 -12.323   1.258   3.429   0.108 -34.361   0.000 +1E04BM000t
00065 ARG+1A0081_065 f 0.00  1.000     0 12.50  0  1 -12.730   1.318   3.620   0.297 -33.870   0.000 +1E067M000t
00066 ARG+1A0081_066 f 0.00  1.000     0 12.50  0  1  -9.017   0.431   3.331   0.112 -34.708   0.000 +1E090M000t
00067 ARG+1A0081_067 f 0.00  1.000     0 12.50  0  1 -12.937   4.673   2.409   0.467 -34.705   0.000 +1E0A4M000t
00068 ARG+1A0081_068 f 0.00  1.000     0 12.50  0  1 -12.089   0.861   5.732   0.494 -33.952   0.000 +1E0E0M000t
00069 ARG+1A0081_069 f 0.00  1.000     0 12.50  0  1 -10.994   1.101   3.427   0.675 -33.550   0.000 +1E0E4M000t
00070 ARG+1A0081_070 f 0.00  1.000     0 12.50  0  1 -10.120   2.111   3.874   0.176 -34.018   0.000 +1E0EDM000t
00071 ARG+1A0081_071 f 0.00  1.000     0 12.50  0  1 -13.460   2.508   1.189   0.183 -34.923   0.000 +1T003M000t
00072 ARG+1A0081_072 f 0.00  1.000     0 12.50  0  1 -13.292   1.902   1.199   0.221 -34.607   0.000 +1T006M000t
00073 ARG+1A0081_073 f 0.00  1.000     0 12.50  0  1 -11.875   4.155   3.136   0.108 -33.920   0.000 +1T036M000t
00074 ARG+1A0081_074 f 0.00  1.000     0 12.50  0  1 -10.845   4.618   1.155   0.069 -33.882   0.000 +1T062M000t
00075 ARG+1A0081_075 f 0.00  1.000     0 12.50  0  1 -10.259   2.296   3.463   0.200 -33.789   0.000 +1T097M000t
00076 ARG+1A0081_076 f 0.00  1.000     0 12.50  0  1 -11.053   2.435   3.402   0.283 -33.924   0.000 +1T0A0M000t
00077 ARG+1A0081_077 f 0.00  1.000     0 12.50  0  1 -10.898   2.465   3.322   0.166 -34.346   0.000 +1T0B3M000t
00078 ARG+1A0081_078 f 0.00  1.000     0 12.50  0  1 -11.041   1.717   3.445   0.170 -34.208   0.000 +1T0B4M000t
00079 ARG+1A0081_079 f 0.00  1.000     0 12.50  0  1 -10.940   1.732   3.369   0.189 -34.427   0.000 +1T0B7M000t
00080 ARG+1A0081_080 f 0.00  1.000     0 12.50  0  1 -10.638   4.562   1.209   0.161 -34.551   0.000 +1T0D4M000t
