CONFORMER         crg  vdw0  vdw1  tors  epol  self   occ  Hb     history    ASA
ARG01A0081_001  0.000-13.56  1.08  0.84  0.00-11.64 0.502  00  01O000M000  1.000
ARG01A0081_002  0.000-12.86  2.11  1.65  0.00 -9.10 0.502  00  01E003M000  1.000
ARG01A0081_003  0.000-12.41  2.59  3.63  0.00 -6.19 0.502  00  01E036M000  1.000
ARG01A0081_004  0.000-12.47  1.27  3.44  0.00 -7.77 0.502  00  01E04BM000  1.000
ARG01A0081_005  0.000-11.31  4.98  1.11  0.00 -5.23 0.502  00  01E062M000  1.000
ARG01A0081_006  0.000-12.66  1.41  3.71  0.00 -7.55 0.502  00  01E067M000  1.000
ARG01A0081_007  0.000-12.52  5.75  2.50  0.00 -4.27 0.503  00  01E0A4M000  1.000
ARG01A0081_008  0.000-10.92  1.71  3.44  0.00 -5.76 0.502  00  01E0B4M000  1.000
ARG01A0081_009  0.000-11.23  4.97  1.34  0.00 -4.92 0.502  00  01E0D4M000  1.000
ARG01A0081_010  0.000-10.84  1.12  3.45  0.00 -6.26 0.502  00  01E0E4M000  1.000
ARG01A0081_011  0.000 -9.95  2.14  3.86  0.00 -3.95 0.501  00  01E0EDM000  1.000
ARG01A0081_012  0.000-13.05  1.68  1.61  0.00 -9.77 0.503  00  01T006M000  1.000
ARG01A0081_013  0.000-13.61  1.71  3.88  0.00 -8.01 0.502  00  01T00CM000  1.000
ARG01A0081_014  0.000-11.41  5.54  1.07  0.00 -4.80 0.502  00  01T02CM000  1.000
ARG01A0081_015  0.000 -8.83  0.43  3.32  0.00 -5.08 0.502  00  01T090M000  1.000
ARG01A0081_016  0.000-10.28  2.53  3.50  0.00 -4.25 0.502  00  01T097M000  1.000
ARG01A0081_017  0.000-10.90  2.32  3.48  0.00 -5.09 0.503  00  01T0A0M000  1.000
ARG01A0081_018  0.000-10.78  2.57  3.35  0.00 -4.86 0.502  00  01T0B3M000  1.000
ARG01A0081_019  0.000-10.93  1.74  3.48  0.00 -5.71 0.502  00  01T0B7M000  1.000
ARG01A0081_020  0.000-12.05  0.84  5.83  0.00 -5.38 0.502  00  01T0E0M000  1.000
ARG02A0081_021  0.000-13.91  1.30  3.60  0.00 -9.02 0.502  00  02E00CM000  1.000
ARG02A0081_022  0.000-13.54  1.08  0.84  0.00-11.62 0.502  00  02O000M000  1.000
ARG02A0081_023  0.000-10.73  4.56  1.15  0.00 -5.02 0.502  00  02E062M000  1.000
ARG02A0081_024  0.000-12.60  1.32  3.61  0.00 -7.67 0.502  00  02E067M000  1.000
ARG02A0081_025  0.000-10.87  1.11  3.42  0.00 -6.35 0.502  00  02E0E4M000  1.000
ARG02A0081_026  0.000-10.04  2.12  3.87  0.00 -4.05 0.501  00  02E0EDM000  1.000
ARG02A0081_027  0.000-13.41  2.50  1.18  0.00 -9.73 0.502  00  02T003M000  1.000
ARG02A0081_028  0.000-11.06  2.45  3.40  0.00 -5.21 0.503  00  02T0A0M000  1.000
ARG02A0081_029  0.000-10.32  2.30  3.45  0.00 -4.57 0.502  00  02T097M000  1.000
ARG02A0081_030  0.000-11.99  0.88  5.72  0.00 -5.39 0.502  00  02T0E0M000  1.000
ARG02A0081_031  0.000-13.29  1.90  1.19  0.00-10.20 0.503  00  02T006M000  1.000
ARG02A0081_032  0.000-11.19  6.50  0.92  0.00 -3.77 0.502  00  02T02CM000  1.000
ARG02A0081_033  0.000-12.30  1.26  3.42  0.00 -7.62 0.502  00  02T04BM000  1.000
ARG02A0081_034  0.000-10.91  1.72  3.44  0.00 -5.75 0.502  00  02T0B4M000  1.000
ARG02A0081_035  0.000-10.49  4.55  1.20  0.00 -4.75 0.502  00  02T0D4M000  1.000
ARG02A0081_036  0.000-11.71  4.11  3.13  0.00 -4.47 0.502  00  02T036M000  1.000
ARG02A0081_037  0.000 -9.20  0.46  3.33  0.00 -5.41 0.502  00  02T090M000  1.000
ARG02A0081_038  0.000-12.87  4.55  2.38  0.00 -5.94 0.503  00  02T0A4M000  1.000
ARG02A0081_039  0.000-10.90  2.47  3.32  0.00 -5.10 0.502  00  02T0B3M000  1.000
ARG02A0081_040  0.000-10.94  1.73  3.37  0.00 -5.84 0.502  00  02T0B7M000  1.000
ARG03A0081_041  0.000-13.60  1.08  0.84  0.00-11.68 0.502  00  03O000M000  1.000
ARG03A0081_042  0.000-12.28  1.26  3.42  0.00 -7.60 0.502  00  03E04BM000  1.000
ARG03A0081_043  0.000-12.62  1.32  3.61  0.00 -7.69 0.502  00  03E067M000  1.000
ARG03A0081_044  0.000-10.28  2.28  3.44  0.00 -4.55 0.502  00  03E097M000  1.000
ARG03A0081_045  0.000-11.48  6.54  0.90  0.00 -4.04 0.502  00  03E02CM000  1.000
ARG03A0081_046  0.000-10.98  4.65  1.15  0.00 -5.19 0.502  00  03E062M000  1.000
ARG03A0081_047  0.000-12.71  4.66  2.38  0.00 -5.67 0.503  00  03E0A4M000  1.000
ARG03A0081_048  0.000-13.33  1.91  1.18  0.00-10.24 0.503  00  03T006M000  1.000
ARG03A0081_049  0.000-11.00  1.11  3.41  0.00 -6.48 0.502  00  03T0E4M000  1.000
ARG03A0081_050  0.000-13.43  2.50  1.16  0.00 -9.77 0.502  00  03T003M000  1.000
ARG03A0081_051  0.000-14.00  1.31  3.58  0.00 -9.12 0.502  00  03T00CM000  1.000
ARG03A0081_052  0.000 -9.02  0.44  3.33  0.00 -5.26 0.502  00  03T090M000  1.000
ARG03A0081_053  0.000-10.95  1.71  3.43  0.00 -5.80 0.502  00  03T0B4M000  1.000
ARG03A0081_054  0.000-11.99  0.87  5.72  0.00 -5.40 0.502  00  03T0E0M000  1.000
ARG03A0081_055  0.000-11.93  4.13  3.05  0.00 -4.75 0.502  00  03T036M000  1.000
ARG03A0081_056  0.000-11.07  2.46  3.39  0.00 -5.23 0.503  00  03T0A0M000  1.000
ARG03A0081_057  0.000-10.82  2.47  3.31  0.00 -5.03 0.502  00  03T0B3M000  1.000
ARG03A0081_058  0.000-10.92  1.74  3.36  0.00 -5.82 0.502  00  03T0B7M000  1.000
ARG03A0081_059  0.000-10.51  4.50  1.19  0.00 -4.81 0.502  00  03T0D4M000  1.000
ARG03A0081_060  0.000-10.05  2.12  3.86  0.00 -4.07 0.501  00  03T0EDM000  1.000
ARG+1A0081_061  1.000-13.64  1.08  0.84  0.00-11.72 0.502  00  +1O000M000  1.000
ARG+1A0081_062  1.000-13.90  1.30  3.61  0.00 -8.99 0.502  00  +1E00CM000  1.000
ARG+1A0081_063  1.000-11.54  6.52  0.92  0.00 -4.10 0.502  00  +1E02CM000  1.000
ARG+1A0081_064  1.000-12.25  1.26  3.43  0.00 -7.56 0.502  00  +1E04BM000  1.000
ARG+1A0081_065  1.000-12.73  1.32  3.62  0.00 -7.79 0.502  00  +1E067M000  1.000
ARG+1A0081_066  1.000 -9.07  0.43  3.33  0.00 -5.31 0.502  00  +1E090M000  1.000
ARG+1A0081_067  1.000-12.93  4.67  2.41  0.00 -5.85 0.503  00  +1E0A4M000  1.000
ARG+1A0081_068  1.000-12.03  0.86  5.73  0.00 -5.44 0.502  00  +1E0E0M000  1.000
ARG+1A0081_069  1.000-11.00  1.10  3.42  0.00 -6.48 0.502  00  +1E0E4M000  1.000
ARG+1A0081_070  1.000-10.12  2.11  3.87  0.00 -4.14 0.501  00  +1E0EDM000  1.000
ARG+1A0081_071  1.000-13.46  2.50  1.19  0.00 -9.77 0.502  00  +1T003M000  1.000
ARG+1A0081_072  1.000-13.30  1.90  1.20  0.00-10.19 0.503  00  +1T006M000  1.000
ARG+1A0081_073  1.000-11.87  4.15  3.14  0.00 -4.58 0.502  00  +1T036M000  1.000
ARG+1A0081_074  1.000-10.84  4.61  1.15  0.00 -5.07 0.502  00  +1T062M000  1.000
ARG+1A0081_075  1.000-10.26  2.30  3.46  0.00 -4.50 0.502  00  +1T097M000  1.000
ARG+1A0081_076  1.000-11.00  2.44  3.40  0.00 -5.16 0.503  00  +1T0A0M000  1.000
ARG+1A0081_077  1.000-10.90  2.47  3.32  0.00 -5.11 0.502  00  +1T0B3M000  1.000
ARG+1A0081_078  1.000-11.04  1.72  3.45  0.00 -5.88 0.502  00  +1T0B4M000  1.000
ARG+1A0081_079  1.000-10.90  1.73  3.37  0.00 -5.80 0.502  00  +1T0B7M000  1.000
ARG+1A0081_080  1.000-10.57  4.56  1.21  0.00 -4.81 0.502  00  +1T0D4M000  1.000
