   confID        vdw0    sas     sum
ARG01A0081_001   1.253 -14.814 -13.561
ARG01A0081_002   1.751 -14.609 -12.858
ARG01A0081_003   2.022 -14.435 -12.413
ARG01A0081_004   2.365 -14.840 -12.475
ARG01A0081_005   2.739 -14.053 -11.314
ARG01A0081_006   1.898 -14.554 -12.657
ARG01A0081_007   2.538 -15.061 -12.523
ARG01A0081_008   3.965 -14.884 -10.919
ARG01A0081_009   3.288 -14.508 -11.220
ARG01A0081_010   3.693 -14.527 -10.834
ARG01A0081_011   3.779 -13.730  -9.951
ARG01A0081_012   1.738 -14.788 -13.050
ARG01A0081_013   1.339 -14.938 -13.600
ARG01A0081_014   3.014 -14.433 -11.419
ARG01A0081_015   4.726 -13.548  -8.823
ARG01A0081_016   3.333 -13.604 -10.271
ARG01A0081_017   4.019 -14.912 -10.893
ARG01A0081_018   4.008 -14.783 -10.775
ARG01A0081_019   3.775 -14.704 -10.928
ARG01A0081_020   2.861 -14.907 -12.045
ARG02A0081_021   1.166 -15.082 -13.916
ARG02A0081_022   1.277 -14.814 -13.537
ARG02A0081_023   2.956 -13.757 -10.802
ARG02A0081_024   2.273 -14.805 -12.533
ARG02A0081_025   3.602 -14.466 -10.865
ARG02A0081_026   3.857 -13.901 -10.044
ARG02A0081_027   1.425 -14.835 -13.411
ARG02A0081_028   3.980 -15.028 -11.048
ARG02A0081_029   3.321 -13.633 -10.312
ARG02A0081_030   2.853 -14.846 -11.993
ARG02A0081_031   1.491 -14.789 -13.297
ARG02A0081_032   3.107 -14.301 -11.194
ARG02A0081_033   2.382 -14.673 -12.291
ARG02A0081_034   3.980 -14.952 -10.973
ARG02A0081_035   3.636 -14.135 -10.499
ARG02A0081_036   2.589 -14.300 -11.712
ARG02A0081_037   4.336 -13.548  -9.212
ARG02A0081_038   2.615 -15.495 -12.881
ARG02A0081_039   4.013 -14.851 -10.837
ARG02A0081_040   3.936 -14.836 -10.900
ARG03A0081_041   1.211 -14.814 -13.603
ARG03A0081_042   2.344 -14.621 -12.277
ARG03A0081_043   2.249 -14.870 -12.620
ARG03A0081_044   3.440 -13.714 -10.274
ARG03A0081_045   2.994 -14.477 -11.483
ARG03A0081_046   2.986 -13.957 -10.971
ARG03A0081_047   2.614 -15.315 -12.701
ARG03A0081_048   1.408 -14.737 -13.329
ARG03A0081_049   3.540 -14.534 -10.994
ARG03A0081_050   1.407 -14.832 -13.425
ARG03A0081_051   1.148 -15.143 -13.995
ARG03A0081_052   4.475 -13.500  -9.025
ARG03A0081_053   3.936 -14.888 -10.952
ARG03A0081_054   2.842 -14.897 -12.055
ARG03A0081_055   2.490 -14.425 -11.935
ARG03A0081_056   3.957 -14.916 -10.958
ARG03A0081_057   3.979 -14.803 -10.824
ARG03A0081_058   3.914 -14.820 -10.905
ARG03A0081_059   3.628 -14.135 -10.507
ARG03A0081_060   3.780 -13.837 -10.057
ARG+1A0081_061   1.173 -14.814 -13.641
ARG+1A0081_062   1.114 -15.063 -13.949
ARG+1A0081_063   2.999 -14.545 -11.546
ARG+1A0081_064   2.302 -14.625 -12.323
ARG+1A0081_065   2.204 -14.934 -12.730
ARG+1A0081_066   4.483 -13.500  -9.017
ARG+1A0081_067   2.558 -15.495 -12.937
ARG+1A0081_068   2.809 -14.897 -12.089
ARG+1A0081_069   3.540 -14.534 -10.994
ARG+1A0081_070   3.781 -13.901 -10.120
ARG+1A0081_071   1.372 -14.832 -13.460
ARG+1A0081_072   1.380 -14.673 -13.292
ARG+1A0081_073   2.486 -14.361 -11.875
ARG+1A0081_074   2.932 -13.777 -10.845
ARG+1A0081_075   3.387 -13.646 -10.259
ARG+1A0081_076   3.923 -14.976 -11.053
ARG+1A0081_077   3.953 -14.851 -10.898
ARG+1A0081_078   3.911 -14.952 -11.041
ARG+1A0081_079   3.880 -14.820 -10.940
ARG+1A0081_080   3.609 -14.247 -10.638
