CONFORMER         crg  vdw0  vdw1  tors  epol  self   occ  Hb     history    ASA
LYS01A0136_001  0.000-10.12  2.61  1.46  0.00 -6.05 0.503  00  01O000M000  1.000
LYS01A0136_002  0.000 -9.23  6.66  1.87  0.00 -0.71 0.504  00  01E008M000  1.000
LYS01A0136_003  0.000-10.04  3.95  1.27  0.00 -4.82 0.503  00  01E00AM000  1.000
LYS01A0136_004  0.000 -8.39  2.97  1.79  0.00 -3.62 0.504  00  01E015M000  1.000
LYS01A0136_005  0.000-10.58  2.68  3.45  0.00 -4.46 0.503  00  01E023M000  1.000
LYS01A0136_006  0.000-10.40  3.12  3.37  0.00 -3.90 0.505  00  01E031M000  1.000
LYS01A0136_007  0.000-11.64  3.62  1.66  0.00 -6.36 0.503  00  01E037M000  1.000
LYS01A0136_008  0.000-11.11  4.05  1.31  0.00 -5.74 0.504  00  01E03DM000  1.000
LYS01A0136_009  0.000-11.72  4.17  1.32  0.00 -6.23 0.503  00  01E03FM000  1.000
LYS01A0136_010  0.000-10.49  2.60  1.99  0.00 -5.90 0.504  00  01E061M000  1.000
LYS01A0136_011  0.000 -9.34  2.84  4.13  0.00 -2.38 0.504  00  01E064M000  1.000
LYS01A0136_012  0.000 -9.70  4.70  1.43  0.00 -3.57 0.504  00  01E06FM000  1.000
LYS01A0136_013  0.000-10.37  3.72  2.79  0.00 -3.86 0.504  00  01E076M000  1.000
LYS01A0136_014  0.000-10.33  4.26  1.49  0.00 -4.58 0.503  00  01T03AM000  1.000
LYS01A0136_015  0.000-10.43  2.70  2.05  0.00 -5.68 0.504  00  01T046M000  1.000
LYS01A0136_016  0.000 -9.60  2.54  4.14  0.00 -2.93 0.504  00  01T047M000  1.000
LYS01A0136_017  0.000-10.89  2.73  2.95  0.00 -5.21 0.503  00  01T05AM000  1.000
LYS01A0136_018  0.000-11.09  3.82  3.14  0.00 -4.12 0.504  00  01T074M000  1.000
LYS01A0136_019  0.000 -9.60  7.90  1.87  0.00  0.16 0.504  00  01T08AM000  1.000
LYS+1A0136_020  1.000-10.19  2.61  1.46  0.00 -6.12 0.503  00  +1O000M000  1.000
LYS+1A0136_021  1.000 -9.14  6.74  1.87  0.00 -0.53 0.504  00  +1E008M000  1.000
LYS+1A0136_022  1.000 -9.92  3.91  1.28  0.00 -4.73 0.503  00  +1E00AM000  1.000
LYS+1A0136_023  1.000 -8.98  2.50  1.15  0.00 -5.33 0.503  00  +1E010M000  1.000
LYS+1A0136_024  1.000 -8.37  2.97  1.81  0.00 -3.60 0.504  00  +1E015M000  1.000
LYS+1A0136_025  1.000-10.46  4.28  1.50  0.00 -4.67 0.503  00  +1E03AM000  1.000
LYS+1A0136_026  1.000-11.19  4.04  1.32  0.00 -5.83 0.504  00  +1E03DM000  1.000
LYS+1A0136_027  1.000-11.65  4.18  1.32  0.00 -6.14 0.503  00  +1E03FM000  1.000
LYS+1A0136_028  1.000-10.53  2.70  2.06  0.00 -5.77 0.504  00  +1E046M000  1.000
LYS+1A0136_029  1.000 -9.78  2.54  4.20  0.00 -3.04 0.504  00  +1E047M000  1.000
LYS+1A0136_030  1.000 -9.78  4.74  1.44  0.00 -3.60 0.504  00  +1E06FM000  1.000
LYS+1A0136_031  1.000-10.61  2.67  3.52  0.00 -4.41 0.503  00  +1T023M000  1.000
LYS+1A0136_032  1.000-10.34  3.13  3.42  0.00 -3.80 0.505  00  +1T031M000  1.000
LYS+1A0136_033  1.000-11.67  3.61  1.67  0.00 -6.40 0.503  00  +1T037M000  1.000
LYS+1A0136_034  1.000-10.53  2.60  1.99  0.00 -5.94 0.504  00  +1T061M000  1.000
LYS+1A0136_035  1.000 -9.47  2.84  4.18  0.00 -2.45 0.504  00  +1T064M000  1.000
LYS+1A0136_036  1.000-11.08  3.83  3.21  0.00 -4.04 0.504  00  +1T074M000  1.000
LYS+1A0136_037  1.000-10.50  3.72  2.83  0.00 -3.94 0.504  00  +1T076M000  1.000
LYS+1A0136_038  1.000 -9.67  7.96  1.87  0.00  0.16 0.504  00  +1T08AM000  1.000
