iConf CONFORMER     FL  occ    crg   Em0  pKa0 ne nH    vdw0    vdw1    tors    epol   dsolv   extra    history
00001 LYS01A0136_001 f 0.00  0.000     0  0.00  0  0 -10.124   2.612   1.463  -0.032  -3.206   0.000 01O000M000t
00002 LYS01A0136_002 f 0.00  0.000     0  0.00  0  0  -9.232   6.647   1.867  -0.020  -3.328   0.000 01E008M000t
00003 LYS01A0136_003 f 0.00  0.000     0  0.00  0  0 -10.049   3.949   1.275  -0.108  -2.821   0.000 01E00AM000t
00004 LYS01A0136_004 f 0.00  0.000     0  0.00  0  0  -8.395   2.976   1.792  -0.003  -3.462   0.000 01E015M000t
00005 LYS01A0136_005 f 0.00  0.000     0  0.00  0  0 -10.581   2.675   3.448  -0.009  -3.340   0.000 01E023M000t
00006 LYS01A0136_006 f 0.00  0.000     0  0.00  0  0 -10.399   3.124   3.375  -0.001  -3.111   0.000 01E031M000t
00007 LYS01A0136_007 f 0.00  0.000     0  0.00  0  0 -11.644   3.627   1.659  -0.023  -3.227   0.000 01E037M000t
00008 LYS01A0136_008 f 0.00  0.000     0  0.00  0  0 -11.112   4.058   1.311  -0.051  -2.890   0.000 01E03DM000t
00009 LYS01A0136_009 f 0.00  0.000     0  0.00  0  0 -11.720   4.174   1.317  -0.040  -3.099   0.000 01E03FM000t
00010 LYS01A0136_010 f 0.00  0.000     0  0.00  0  0 -10.494   2.603   1.989  -0.030  -3.478   0.000 01E061M000t
00011 LYS01A0136_011 f 0.00  0.000     0  0.00  0  0  -9.334   2.838   4.127  -0.015  -3.276   0.000 01E064M000t
00012 LYS01A0136_012 f 0.00  0.000     0  0.00  0  0  -9.706   4.696   1.432  -0.006  -3.577   0.000 01E06FM000t
00013 LYS01A0136_013 f 0.00  0.000     0  0.00  0  0 -10.440   3.725   2.793   0.005  -3.334   0.000 01E076M000t
00014 LYS01A0136_014 f 0.00  0.000     0  0.00  0  0 -10.331   4.270   1.488  -0.295  -3.362   0.000 01T03AM000t
00015 LYS01A0136_015 f 0.00  0.000     0  0.00  0  0 -10.428   2.704   2.049  -0.010  -3.680   0.000 01T046M000t
00016 LYS01A0136_016 f 0.00  0.000     0  0.00  0  0  -9.610   2.544   4.131  -0.030  -3.053   0.000 01T047M000t
00017 LYS01A0136_017 f 0.00  0.000     0  0.00  0  0 -10.889   2.730   2.955  -0.012  -3.192   0.000 01T05AM000t
00018 LYS01A0136_018 f 0.00  0.000     0  0.00  0  0 -11.091   3.824   3.140   0.001  -3.352   0.000 01T074M000t
00019 LYS01A0136_019 f 0.00  0.000     0  0.00  0  0  -9.603   7.907   1.866   0.119  -2.870   0.000 01T08AM000t
00020 LYS+1A0136_020 f 0.00  1.000     0 10.40  0  1 -10.192   2.609   1.463   0.116 -40.874   0.000 +1O000M000t
00021 LYS+1A0136_021 f 0.00  1.000     0 10.40  0  1  -9.142   6.744   1.873  -0.072 -41.180   0.000 +1E008M000t
00022 LYS+1A0136_022 f 0.00  1.000     0 10.40  0  1  -9.858   3.906   1.283   0.762 -40.284   0.000 +1E00AM000t
00023 LYS+1A0136_023 f 0.00  1.000     0 10.40  0  1  -8.931   2.502   1.150   0.061 -40.879   0.000 +1E010M000t
00024 LYS+1A0136_024 f 0.00  1.000     0 10.40  0  1  -8.379   2.970   1.808  -0.020 -39.996   0.000 +1E015M000t
00025 LYS+1A0136_025 f 0.00  1.000     0 10.40  0  1 -10.460   4.286   1.498   0.844 -40.936   0.000 +1E03AM000t
00026 LYS+1A0136_026 f 0.00  1.000     0 10.40  0  1 -11.192   4.049   1.321   0.180 -40.741   0.000 +1E03DM000t
00027 LYS+1A0136_027 f 0.00  1.000     0 10.40  0  1 -11.646   4.190   1.322   0.179 -41.083   0.000 +1E03FM000t
00028 LYS+1A0136_028 f 0.00  1.000     0 10.40  0  1 -10.528   2.704   2.057   0.028 -41.707   0.000 +1E046M000t
00029 LYS+1A0136_029 f 0.00  1.000     0 10.40  0  1  -9.736   2.543   4.201   0.003 -40.873   0.000 +1E047M000t
00030 LYS+1A0136_030 f 0.00  1.000     0 10.40  0  1  -9.786   4.742   1.437   0.031 -40.897   0.000 +1E06FM000t
00031 LYS+1A0136_031 f 0.00  1.000     0 10.40  0  1 -10.608   2.669   3.519   0.048 -41.190   0.000 +1T023M000t
00032 LYS+1A0136_032 f 0.00  1.000     0 10.40  0  1 -10.338   3.126   3.424  -0.017 -42.041   0.000 +1T031M000t
00033 LYS+1A0136_033 f 0.00  1.000     0 10.40  0  1 -11.671   3.611   1.670   0.102 -41.517   0.000 +1T037M000t
00034 LYS+1A0136_034 f 0.00  1.000     0 10.40  0  1 -10.529   2.604   1.990   0.115 -40.971   0.000 +1T061M000t
00035 LYS+1A0136_035 f 0.00  1.000     0 10.40  0  1  -9.459   2.844   4.177   0.064 -41.205   0.000 +1T064M000t
00036 LYS+1A0136_036 f 0.00  1.000     0 10.40  0  1 -11.080   3.836   3.208  -0.041 -40.794   0.000 +1T074M000t
00037 LYS+1A0136_037 f 0.00  1.000     0 10.40  0  1 -10.550   3.729   2.835   0.011 -41.141   0.000 +1T076M000t
00038 LYS+1A0136_038 f 0.00  1.000     0 10.40  0  1  -9.673   7.975   1.874  -0.434 -41.536   0.000 +1T08AM000t
