   confID        vdw0    sas     sum
LYS01A0136_001   2.002 -12.126 -10.124
LYS01A0136_002   2.785 -12.016  -9.232
LYS01A0136_003   2.732 -12.781 -10.049
LYS01A0136_004   3.983 -12.378  -8.395
LYS01A0136_005   1.640 -12.222 -10.581
LYS01A0136_006   2.283 -12.682 -10.399
LYS01A0136_007   1.147 -12.791 -11.644
LYS01A0136_008   1.484 -12.596 -11.112
LYS01A0136_009   1.142 -12.862 -11.720
LYS01A0136_010   2.065 -12.559 -10.494
LYS01A0136_011   3.139 -12.472  -9.334
LYS01A0136_012   2.275 -11.981  -9.706
LYS01A0136_013   1.338 -11.778 -10.440
LYS01A0136_014   2.317 -12.648 -10.331
LYS01A0136_015   1.935 -12.363 -10.428
LYS01A0136_016   2.400 -12.010  -9.610
LYS01A0136_017   1.413 -12.302 -10.889
LYS01A0136_018   1.378 -12.469 -11.091
LYS01A0136_019   2.841 -12.444  -9.603
LYS+1A0136_020   1.934 -12.126 -10.192
LYS+1A0136_021   2.759 -11.901  -9.142
LYS+1A0136_022   2.751 -12.610  -9.858
LYS+1A0136_023   2.967 -11.898  -8.931
LYS+1A0136_024   4.050 -12.429  -8.379
LYS+1A0136_025   2.188 -12.648 -10.460
LYS+1A0136_026   1.404 -12.596 -11.192
LYS+1A0136_027   1.109 -12.756 -11.646
LYS+1A0136_028   1.886 -12.414 -10.528
LYS+1A0136_029   2.339 -12.074  -9.736
LYS+1A0136_030   2.195 -11.981  -9.786
LYS+1A0136_031   1.592 -12.199 -10.608
LYS+1A0136_032   2.258 -12.595 -10.338
LYS+1A0136_033   1.120 -12.791 -11.671
LYS+1A0136_034   2.030 -12.559 -10.529
LYS+1A0136_035   3.087 -12.546  -9.459
LYS+1A0136_036   1.337 -12.417 -11.080
LYS+1A0136_037   1.302 -11.852 -10.550
LYS+1A0136_038   2.771 -12.444  -9.673
