===========================================================
<<< MCCE Multi-Conformation Continuum Electrostatics >>>   
 Marilyn Gunner's Lab at City College of New York, 2005    
-----------------------------------------------------------
Version:        2.8                                    
MCCE Home Page: https://sites.google.com/site/mccewiki 
Support:        mgunner@ccny.cuny.edu                   
Developed by:   Junjun Mao, Yifan Song, Marilyn Gunner     
Reference MCCE: If you publish data calculated with MCCE,  
                you need to cite papers suggested in MCCE  
                Home Page.                                 
===========================================================

Last Updates:                                              
   06/04/2018: Removed dependency on gdbm
   06/04/2018: Clear text energy table in step 3 and 4 
===========================================================

Step 0. Initialize enviroment
   Load run control file "run.prm"...
   FATAL: get_env(): "No run control file run.prm."
   FATAL: init(): "failed initializing."
Help message: double check file "run.prm" in current directory.
===========================================================
<<< MCCE Multi-Conformation Continuum Electrostatics >>>   
 Marilyn Gunner's Lab at City College of New York, 2005    
-----------------------------------------------------------
Version:        2.8                                    
MCCE Home Page: https://sites.google.com/site/mccewiki 
Support:        mgunner@ccny.cuny.edu                   
Developed by:   Junjun Mao, Yifan Song, Marilyn Gunner     
Reference MCCE: If you publish data calculated with MCCE,  
                you need to cite papers suggested in MCCE  
                Home Page.                                 
===========================================================

Last Updates:                                              
   06/04/2018: Removed dependency on gdbm
   06/04/2018: Clear text energy table in step 3 and 4 
===========================================================

Step 0. Initialize enviroment
   Load run control file "run.prm"...
   FATAL: get_env(): "No run control file run.prm."
   FATAL: init(): "failed initializing."
Help message: double check file "run.prm" in current directory.
