01/30/24 11:53:55: Step 3 starts
01/30/24 11:53:55: Reading parameters from /home/jmao/projects/Stable-MCCE/param
01/30/24 11:53:55: Updating vdw parameters from /home/jmao/projects/Stable-MCCE/param/00always_needed.tpl
01/30/24 11:53:55: Read from step2_out.pdb
01/30/24 11:53:55: Running PBE solver in 1 threads
01/30/24 11:53:55: Calling delphi to calulate conformer NTR01A0001_001
01/30/24 11:53:55: Calling delphi to calulate conformer NTR+1A0001_002
01/30/24 11:53:55: Calling delphi to calulate conformer LYS01A0001_001
01/30/24 11:53:55: Calling delphi to calulate conformer LYS+1A0001_002
01/30/24 11:53:55: Skipping PBE solver for non-charge confortmer VAL01A0002_001...
01/30/24 11:53:55: Skipping PBE solver for non-charge confortmer PHE01A0003_001...
01/30/24 11:53:55: Calling delphi to calulate conformer ARG01A0005_001
01/30/24 11:53:55: Calling delphi to calulate conformer ARG02A0005_002
01/30/24 11:53:55: Calling delphi to calulate conformer ARG02A0005_003
01/30/24 11:53:55: Calling delphi to calulate conformer ARG03A0005_004
01/30/24 11:53:55: Calling delphi to calulate conformer ARG+1A0005_005
01/30/24 11:53:55: Skipping PBE solver for non-charge confortmer CYD01A0006_001...
01/30/24 11:53:55: Calling delphi to calulate conformer GLU01A0007_001
01/30/24 11:53:55: Calling delphi to calulate conformer GLU01A0007_002
01/30/24 11:53:55: Calling delphi to calulate conformer GLU02A0007_003
01/30/24 11:53:55: Calling delphi to calulate conformer GLU02A0007_004
01/30/24 11:53:55: Calling delphi to calulate conformer GLU-1A0007_005
01/30/24 11:53:55: Skipping PBE solver for non-charge confortmer LEU01A0008_001...
01/30/24 11:53:55: Skipping PBE solver for non-charge confortmer ALA01A0009_001...
01/30/24 11:53:55: Skipping PBE solver for non-charge confortmer ALA01A0010_001...
01/30/24 11:53:55: Skipping PBE solver for non-charge confortmer ALA01A0011_001...
01/30/24 11:53:55: Calling delphi to calulate conformer MET01A0012_001
01/30/24 11:53:55: Calling delphi to calulate conformer LYS01A0013_001
01/30/24 11:53:55: Calling delphi to calulate conformer LYS+1A0013_002
01/30/24 11:53:55: Calling delphi to calulate conformer ARG01A0014_001
01/30/24 11:53:55: Calling delphi to calulate conformer ARG02A0014_002
01/30/24 11:53:55: Calling delphi to calulate conformer ARG03A0014_003
01/30/24 11:53:55: Calling delphi to calulate conformer ARG+1A0014_004
01/30/24 11:53:55: Calling delphi to calulate conformer HIS01A0015_001
01/30/24 11:53:55: Calling delphi to calulate conformer HIS01A0015_002
01/30/24 11:53:55: Calling delphi to calulate conformer HIS02A0015_003
01/30/24 11:53:55: Calling delphi to calulate conformer HIS02A0015_004
01/30/24 11:53:55: Calling delphi to calulate conformer HIS+1A0015_005
01/30/24 11:53:56: Calling delphi to calulate conformer HIS+1A0015_006
01/30/24 11:53:56: Skipping PBE solver for non-charge confortmer LEU01A0017_001...
01/30/24 11:53:56: Calling delphi to calulate conformer ASP01A0018_001
01/30/24 11:53:56: Calling delphi to calulate conformer ASP01A0018_002
01/30/24 11:53:56: Calling delphi to calulate conformer ASP02A0018_003
01/30/24 11:53:56: Calling delphi to calulate conformer ASP02A0018_004
01/30/24 11:53:56: Calling delphi to calulate conformer ASP-1A0018_005
01/30/24 11:53:56: Calling delphi to calulate conformer ASN01A0019_001
01/30/24 11:53:56: Calling delphi to calulate conformer TYR01A0020_001
01/30/24 11:53:56: Calling delphi to calulate conformer TYR01A0020_002
01/30/24 11:53:56: Calling delphi to calulate conformer TYR-1A0020_003
01/30/24 11:53:56: Calling delphi to calulate conformer ARG01A0021_001
01/30/24 11:53:56: Calling delphi to calulate conformer ARG02A0021_002
01/30/24 11:53:56: Calling delphi to calulate conformer ARG03A0021_003
01/30/24 11:53:56: Calling delphi to calulate conformer ARG+1A0021_004
01/30/24 11:53:56: Calling delphi to calulate conformer TYR01A0023_001
01/30/24 11:53:56: Calling delphi to calulate conformer TYR-1A0023_002
01/30/24 11:53:56: Calling delphi to calulate conformer SER01A0024_001
01/30/24 11:53:56: Calling delphi to calulate conformer SER01A0024_002
01/30/24 11:53:56: Calling delphi to calulate conformer SER01A0024_003
01/30/24 11:53:56: Skipping PBE solver for non-charge confortmer LEU01A0025_001...
01/30/24 11:53:56: Calling delphi to calulate conformer ASN01A0027_001
01/30/24 11:53:56: Calling delphi to calulate conformer ASN01A0027_002
01/30/24 11:53:56: Skipping PBE solver for non-charge confortmer TRP01A0028_001...
01/30/24 11:53:56: Skipping PBE solver for non-charge confortmer VAL01A0029_001...
01/30/24 11:53:56: Skipping PBE solver for non-charge confortmer CYD01A0030_001...
01/30/24 11:53:56: Skipping PBE solver for non-charge confortmer ALA01A0031_001...
01/30/24 11:53:56: Skipping PBE solver for non-charge confortmer ALA01A0032_001...
01/30/24 11:53:56: Calling delphi to calulate conformer LYS01A0033_001
01/30/24 11:53:56: Calling delphi to calulate conformer LYS+1A0033_002
01/30/24 11:53:56: Skipping PBE solver for non-charge confortmer PHE01A0034_001...
01/30/24 11:53:56: Calling delphi to calulate conformer GLU01A0035_001
01/30/24 11:53:56: Calling delphi to calulate conformer GLU01A0035_002
01/30/24 11:53:56: Calling delphi to calulate conformer GLU02A0035_003
01/30/24 11:53:56: Calling delphi to calulate conformer GLU02A0035_004
01/30/24 11:53:56: Calling delphi to calulate conformer GLU-1A0035_005
01/30/24 11:53:56: Calling delphi to calulate conformer SER01A0036_001
01/30/24 11:53:56: Calling delphi to calulate conformer ASN01A0037_001
01/30/24 11:53:56: Calling delphi to calulate conformer ASN01A0037_002
01/30/24 11:53:56: Skipping PBE solver for non-charge confortmer PHE01A0038_001...
01/30/24 11:53:56: Calling delphi to calulate conformer ASN01A0039_001
01/30/24 11:53:56: Calling delphi to calulate conformer ASN01A0039_002
01/30/24 11:53:56: Calling delphi to calulate conformer THR01A0040_001
01/30/24 11:53:56: Calling delphi to calulate conformer THR01A0040_002
01/30/24 11:53:56: Calling delphi to calulate conformer THR01A0040_003
01/30/24 11:53:56: Calling delphi to calulate conformer GLN01A0041_001
01/30/24 11:53:56: Calling delphi to calulate conformer GLN01A0041_002
01/30/24 11:53:56: Skipping PBE solver for non-charge confortmer ALA01A0042_001...
01/30/24 11:53:56: Calling delphi to calulate conformer THR01A0043_001
01/30/24 11:53:56: Calling delphi to calulate conformer THR01A0043_002
01/30/24 11:53:56: Calling delphi to calulate conformer ASN01A0044_001
01/30/24 11:53:56: Calling delphi to calulate conformer ASN01A0044_002
01/30/24 11:53:56: Calling delphi to calulate conformer ARG01A0045_001
01/30/24 11:53:56: Calling delphi to calulate conformer ARG02A0045_002
01/30/24 11:53:56: Calling delphi to calulate conformer ARG03A0045_003
01/30/24 11:53:56: Calling delphi to calulate conformer ARG+1A0045_004
01/30/24 11:53:56: Calling delphi to calulate conformer ASN01A0046_001
01/30/24 11:53:56: Calling delphi to calulate conformer ASN01A0046_002
01/30/24 11:53:56: Calling delphi to calulate conformer ASN01A0046_003
01/30/24 11:53:56: Calling delphi to calulate conformer ASN01A0046_004
01/30/24 11:53:56: Calling delphi to calulate conformer THR01A0047_001
01/30/24 11:53:56: Calling delphi to calulate conformer ASP01A0048_001
01/30/24 11:53:56: Calling delphi to calulate conformer ASP01A0048_002
01/30/24 11:53:56: Calling delphi to calulate conformer ASP01A0048_003
01/30/24 11:53:56: Calling delphi to calulate conformer ASP01A0048_004
01/30/24 11:53:56: Calling delphi to calulate conformer ASP02A0048_005
01/30/24 11:53:56: Calling delphi to calulate conformer ASP02A0048_006
01/30/24 11:53:56: Calling delphi to calulate conformer ASP02A0048_007
01/30/24 11:53:56: Calling delphi to calulate conformer ASP02A0048_008
01/30/24 11:53:56: Calling delphi to calulate conformer ASP-1A0048_009
01/30/24 11:53:56: Calling delphi to calulate conformer ASP-1A0048_010
01/30/24 11:53:56: Calling delphi to calulate conformer SER01A0050_001
01/30/24 11:53:56: Calling delphi to calulate conformer SER01A0050_002
01/30/24 11:53:56: Calling delphi to calulate conformer SER01A0050_003
01/30/24 11:53:56: Calling delphi to calulate conformer THR01A0051_001
01/30/24 11:53:56: Calling delphi to calulate conformer THR01A0051_002
01/30/24 11:53:57: Calling delphi to calulate conformer THR01A0051_003
01/30/24 11:53:57: Calling delphi to calulate conformer ASP01A0052_001
01/30/24 11:53:57: Calling delphi to calulate conformer ASP01A0052_002
01/30/24 11:53:57: Calling delphi to calulate conformer ASP01A0052_003
01/30/24 11:53:57: Calling delphi to calulate conformer ASP01A0052_004
01/30/24 11:53:57: Calling delphi to calulate conformer ASP02A0052_005
01/30/24 11:53:57: Calling delphi to calulate conformer ASP02A0052_006
01/30/24 11:53:57: Calling delphi to calulate conformer ASP02A0052_007
01/30/24 11:53:57: Calling delphi to calulate conformer ASP02A0052_008
01/30/24 11:53:57: Calling delphi to calulate conformer ASP-1A0052_009
01/30/24 11:53:57: Calling delphi to calulate conformer ASP-1A0052_010
01/30/24 11:53:57: Calling delphi to calulate conformer TYR01A0053_001
01/30/24 11:53:57: Calling delphi to calulate conformer TYR01A0053_002
01/30/24 11:53:57: Calling delphi to calulate conformer TYR-1A0053_003
01/30/24 11:53:57: Skipping PBE solver for non-charge confortmer ILE01A0055_001...
01/30/24 11:53:57: Skipping PBE solver for non-charge confortmer LEU01A0056_001...
01/30/24 11:53:57: Calling delphi to calulate conformer GLN01A0057_001
01/30/24 11:53:57: Calling delphi to calulate conformer GLN01A0057_002
01/30/24 11:53:57: Skipping PBE solver for non-charge confortmer ILE01A0058_001...
01/30/24 11:53:57: Calling delphi to calulate conformer ASN01A0059_001
01/30/24 11:53:57: Calling delphi to calulate conformer ASN01A0059_002
01/30/24 11:53:57: Calling delphi to calulate conformer ASN01A0059_003
01/30/24 11:53:57: Calling delphi to calulate conformer ASN01A0059_004
01/30/24 11:53:57: Calling delphi to calulate conformer SER01A0060_001
01/30/24 11:53:57: Calling delphi to calulate conformer SER01A0060_002
01/30/24 11:53:57: Calling delphi to calulate conformer SER01A0060_003
01/30/24 11:53:57: Calling delphi to calulate conformer SER01A0060_004
01/30/24 11:53:57: Calling delphi to calulate conformer SER01A0060_005
01/30/24 11:53:57: Calling delphi to calulate conformer SER01A0060_006
01/30/24 11:53:57: Calling delphi to calulate conformer ARG01A0061_001
01/30/24 11:53:57: Calling delphi to calulate conformer ARG02A0061_002
01/30/24 11:53:57: Calling delphi to calulate conformer ARG03A0061_003
01/30/24 11:53:57: Calling delphi to calulate conformer ARG03A0061_004
01/30/24 11:53:57: Calling delphi to calulate conformer ARG+1A0061_005
01/30/24 11:53:57: Skipping PBE solver for non-charge confortmer TRP01A0062_001...
01/30/24 11:53:57: Skipping PBE solver for non-charge confortmer TRP01A0063_001...
01/30/24 11:53:57: Skipping PBE solver for non-charge confortmer CYD01A0064_001...
01/30/24 11:53:57: Calling delphi to calulate conformer ASN01A0065_001
01/30/24 11:53:57: Calling delphi to calulate conformer ASN01A0065_002
01/30/24 11:53:57: Calling delphi to calulate conformer ASP01A0066_001
01/30/24 11:53:57: Calling delphi to calulate conformer ASP01A0066_002
01/30/24 11:53:57: Calling delphi to calulate conformer ASP01A0066_003
01/30/24 11:53:57: Calling delphi to calulate conformer ASP01A0066_004
01/30/24 11:53:57: Calling delphi to calulate conformer ASP01A0066_005
01/30/24 11:53:57: Calling delphi to calulate conformer ASP01A0066_006
01/30/24 11:53:57: Calling delphi to calulate conformer ASP02A0066_007
01/30/24 11:53:57: Calling delphi to calulate conformer ASP02A0066_008
01/30/24 11:53:57: Calling delphi to calulate conformer ASP02A0066_009
01/30/24 11:53:57: Calling delphi to calulate conformer ASP02A0066_010
01/30/24 11:53:57: Calling delphi to calulate conformer ASP02A0066_011
01/30/24 11:53:57: Calling delphi to calulate conformer ASP02A0066_012
01/30/24 11:53:57: Calling delphi to calulate conformer ASP-1A0066_013
01/30/24 11:53:57: Calling delphi to calulate conformer ASP-1A0066_014
01/30/24 11:53:57: Calling delphi to calulate conformer ASP-1A0066_015
01/30/24 11:53:57: Calling delphi to calulate conformer ARG01A0068_001
01/30/24 11:53:57: Calling delphi to calulate conformer ARG02A0068_002
01/30/24 11:53:57: Calling delphi to calulate conformer ARG02A0068_003
01/30/24 11:53:57: Calling delphi to calulate conformer ARG03A0068_004
01/30/24 11:53:57: Calling delphi to calulate conformer ARG03A0068_005
01/30/24 11:53:57: Calling delphi to calulate conformer ARG+1A0068_006
01/30/24 11:53:57: Calling delphi to calulate conformer THR01A0069_001
01/30/24 11:53:57: Calling delphi to calulate conformer THR01A0069_002
01/30/24 11:53:57: Calling delphi to calulate conformer THR01A0069_003
01/30/24 11:53:57: Skipping PBE solver for non-charge confortmer PRO01A0070_001...
01/30/24 11:53:57: Calling delphi to calulate conformer SER01A0072_001
01/30/24 11:53:57: Calling delphi to calulate conformer SER01A0072_002
01/30/24 11:53:57: Calling delphi to calulate conformer SER01A0072_003
01/30/24 11:53:57: Calling delphi to calulate conformer SER01A0072_004
01/30/24 11:53:57: Calling delphi to calulate conformer ARG01A0073_001
01/30/24 11:53:57: Calling delphi to calulate conformer ARG02A0073_002
01/30/24 11:53:57: Calling delphi to calulate conformer ARG03A0073_003
01/30/24 11:53:57: Calling delphi to calulate conformer ARG+1A0073_004
01/30/24 11:53:57: Calling delphi to calulate conformer ASN01A0074_001
01/30/24 11:53:57: Calling delphi to calulate conformer ASN01A0074_002
01/30/24 11:53:57: Skipping PBE solver for non-charge confortmer LEU01A0075_001...
01/30/24 11:53:58: Skipping PBE solver for non-charge confortmer CYD01A0076_001...
01/30/24 11:53:58: Calling delphi to calulate conformer ASN01A0077_001
01/30/24 11:53:58: Skipping PBE solver for non-charge confortmer ILE01A0078_001...
01/30/24 11:53:58: Skipping PBE solver for non-charge confortmer PRO01A0079_001...
01/30/24 11:53:58: Skipping PBE solver for non-charge confortmer CYD01A0080_001...
01/30/24 11:53:58: Calling delphi to calulate conformer SER01A0081_001
01/30/24 11:53:58: Skipping PBE solver for non-charge confortmer ALA01A0082_001...
01/30/24 11:53:58: Skipping PBE solver for non-charge confortmer LEU01A0083_001...
01/30/24 11:53:58: Skipping PBE solver for non-charge confortmer LEU01A0084_001...
01/30/24 11:53:58: Calling delphi to calulate conformer SER01A0085_001
01/30/24 11:53:58: Calling delphi to calulate conformer SER01A0085_002
01/30/24 11:53:58: Calling delphi to calulate conformer SER01A0086_001
01/30/24 11:53:58: Calling delphi to calulate conformer SER01A0086_002
01/30/24 11:53:58: Calling delphi to calulate conformer ASP01A0087_001
01/30/24 11:53:58: Calling delphi to calulate conformer ASP01A0087_002
01/30/24 11:53:58: Calling delphi to calulate conformer ASP02A0087_003
01/30/24 11:53:58: Calling delphi to calulate conformer ASP02A0087_004
01/30/24 11:53:58: Calling delphi to calulate conformer ASP-1A0087_005
01/30/24 11:53:58: Skipping PBE solver for non-charge confortmer ILE01A0088_001...
01/30/24 11:53:58: Calling delphi to calulate conformer THR01A0089_001
01/30/24 11:53:58: Calling delphi to calulate conformer THR01A0089_002
01/30/24 11:53:58: Calling delphi to calulate conformer THR01A0089_003
01/30/24 11:53:58: Skipping PBE solver for non-charge confortmer ALA01A0090_001...
01/30/24 11:53:58: Calling delphi to calulate conformer SER01A0091_001
01/30/24 11:53:58: Calling delphi to calulate conformer SER01A0091_002
01/30/24 11:53:58: Calling delphi to calulate conformer SER01A0091_003
01/30/24 11:53:58: Calling delphi to calulate conformer SER01A0091_004
01/30/24 11:53:58: Calling delphi to calulate conformer SER01A0091_005
01/30/24 11:53:58: Skipping PBE solver for non-charge confortmer VAL01A0092_001...
01/30/24 11:53:58: Calling delphi to calulate conformer ASN01A0093_001
01/30/24 11:53:58: Calling delphi to calulate conformer ASN01A0093_002
01/30/24 11:53:58: Skipping PBE solver for non-charge confortmer CYD01A0094_001...
01/30/24 11:53:58: Skipping PBE solver for non-charge confortmer ALA01A0095_001...
01/30/24 11:53:58: Calling delphi to calulate conformer LYS01A0096_001
01/30/24 11:53:58: Calling delphi to calulate conformer LYS+1A0096_002
01/30/24 11:53:58: Calling delphi to calulate conformer LYS01A0097_001
01/30/24 11:53:58: Calling delphi to calulate conformer LYS+1A0097_002
01/30/24 11:53:58: Skipping PBE solver for non-charge confortmer ILE01A0098_001...
01/30/24 11:53:58: Skipping PBE solver for non-charge confortmer VAL01A0099_001...
01/30/24 11:53:58: Calling delphi to calulate conformer SER01A0100_001
01/30/24 11:53:58: Calling delphi to calulate conformer SER01A0100_002
01/30/24 11:53:58: Calling delphi to calulate conformer SER01A0100_003
01/30/24 11:53:58: Calling delphi to calulate conformer ASP01A0101_001
01/30/24 11:53:58: Calling delphi to calulate conformer ASP01A0101_002
01/30/24 11:53:58: Calling delphi to calulate conformer ASP02A0101_003
01/30/24 11:53:58: Calling delphi to calulate conformer ASP02A0101_004
01/30/24 11:53:58: Calling delphi to calulate conformer ASP-1A0101_005
01/30/24 11:53:58: Calling delphi to calulate conformer ASN01A0103_001
01/30/24 11:53:58: Calling delphi to calulate conformer ASN01A0103_002
01/30/24 11:53:58: Calling delphi to calulate conformer MET01A0105_001
01/30/24 11:53:58: Calling delphi to calulate conformer ASN01A0106_001
01/30/24 11:53:58: Calling delphi to calulate conformer ASN01A0106_002
01/30/24 11:53:58: Skipping PBE solver for non-charge confortmer ALA01A0107_001...
01/30/24 11:53:58: Skipping PBE solver for non-charge confortmer TRP01A0108_001...
01/30/24 11:53:58: Skipping PBE solver for non-charge confortmer VAL01A0109_001...
01/30/24 11:53:58: Skipping PBE solver for non-charge confortmer ALA01A0110_001...
01/30/24 11:53:58: Skipping PBE solver for non-charge confortmer TRP01A0111_001...
01/30/24 11:53:58: Calling delphi to calulate conformer ARG01A0112_001
01/30/24 11:53:58: Calling delphi to calulate conformer ARG02A0112_002
01/30/24 11:53:58: Calling delphi to calulate conformer ARG03A0112_003
01/30/24 11:53:58: Calling delphi to calulate conformer ARG03A0112_004
01/30/24 11:53:58: Calling delphi to calulate conformer ARG+1A0112_005
01/30/24 11:53:58: Calling delphi to calulate conformer ASN01A0113_001
01/30/24 11:53:58: Calling delphi to calulate conformer ASN01A0113_002
01/30/24 11:53:58: Calling delphi to calulate conformer ARG01A0114_001
01/30/24 11:53:58: Calling delphi to calulate conformer ARG02A0114_002
01/30/24 11:53:58: Calling delphi to calulate conformer ARG03A0114_003
01/30/24 11:53:58: Calling delphi to calulate conformer ARG+1A0114_004
01/30/24 11:53:58: Skipping PBE solver for non-charge confortmer CYD01A0115_001...
01/30/24 11:53:58: Calling delphi to calulate conformer LYS01A0116_001
01/30/24 11:53:58: Calling delphi to calulate conformer LYS+1A0116_002
01/30/24 11:53:58: Calling delphi to calulate conformer THR01A0118_001
01/30/24 11:53:58: Calling delphi to calulate conformer THR01A0118_002
01/30/24 11:53:58: Calling delphi to calulate conformer ASP01A0119_001
01/30/24 11:53:58: Calling delphi to calulate conformer ASP01A0119_002
01/30/24 11:53:58: Calling delphi to calulate conformer ASP02A0119_003
01/30/24 11:53:58: Calling delphi to calulate conformer ASP02A0119_004
01/30/24 11:53:59: Calling delphi to calulate conformer ASP-1A0119_005
01/30/24 11:53:59: Skipping PBE solver for non-charge confortmer VAL01A0120_001...
01/30/24 11:53:59: Calling delphi to calulate conformer GLN01A0121_001
01/30/24 11:53:59: Calling delphi to calulate conformer GLN01A0121_002
01/30/24 11:53:59: Skipping PBE solver for non-charge confortmer ALA01A0122_001...
01/30/24 11:53:59: Skipping PBE solver for non-charge confortmer TRP01A0123_001...
01/30/24 11:53:59: Skipping PBE solver for non-charge confortmer ILE01A0124_001...
01/30/24 11:53:59: Calling delphi to calulate conformer ARG01A0125_001
01/30/24 11:53:59: Calling delphi to calulate conformer ARG02A0125_002
01/30/24 11:53:59: Calling delphi to calulate conformer ARG03A0125_003
01/30/24 11:53:59: Calling delphi to calulate conformer ARG03A0125_004
01/30/24 11:53:59: Calling delphi to calulate conformer ARG+1A0125_005
01/30/24 11:53:59: Skipping PBE solver for non-charge confortmer CYD01A0127_001...
01/30/24 11:53:59: Calling delphi to calulate conformer ARG01A0128_001
01/30/24 11:53:59: Calling delphi to calulate conformer ARG02A0128_002
01/30/24 11:53:59: Calling delphi to calulate conformer ARG03A0128_003
01/30/24 11:53:59: Calling delphi to calulate conformer ARG+1A0128_004
01/30/24 11:53:59: Skipping PBE solver for non-charge confortmer LEU01A0129_001...
01/30/24 11:53:59: Calling delphi to calulate conformer CTR01A0129_001
01/30/24 11:53:59: Calling delphi to calulate conformer CTR01A0129_002
01/30/24 11:53:59: Calling delphi to calulate conformer CTR02A0129_003
01/30/24 11:53:59: Calling delphi to calulate conformer CTR02A0129_004
01/30/24 11:53:59: Calling delphi to calulate conformer CTR-1A0129_005
01/30/24 11:53:59: Calling delphi to calulate conformer HOH01A1001_001
01/30/24 11:53:59: Calling delphi to calulate conformer HOH01A1001_002
01/30/24 11:53:59: Calling delphi to calulate conformer HOH01A1001_003
01/30/24 11:53:59: Calling delphi to calulate conformer HOH01A1002_001
01/30/24 11:53:59: Calling delphi to calulate conformer HOH01A1002_002
01/30/24 11:53:59: Calling delphi to calulate conformer HOH01A1002_003
01/30/24 11:53:59: Calling delphi to calulate conformer HOH01A1002_004
01/30/24 11:53:59: Calling delphi to calulate conformer HOH01A1002_005
01/30/24 11:53:59: Calling delphi to calulate conformer HOH01A1002_006
01/30/24 11:53:59: Calling delphi to calulate conformer HOH01A1002_007
01/30/24 11:53:59: Calling delphi to calulate conformer HOH01A1002_008
01/30/24 11:53:59: Calling delphi to calulate conformer HOH01A1002_009
01/30/24 11:53:59: Calling delphi to calulate conformer HOH01A1002_010
01/30/24 11:53:59: Calling delphi to calulate conformer HOH01A1002_011
01/30/24 11:53:59: Calling delphi to calulate conformer HOH01A1002_012
01/30/24 11:53:59: Calling delphi to calulate conformer HOH01A1002_013
01/30/24 11:53:59: Calling delphi to calulate conformer HOH01A1002_014
01/30/24 11:53:59: Calling delphi to calulate conformer HOH01A1002_015
01/30/24 11:53:59: Calling delphi to calulate conformer HOH01A1002_016
01/30/24 11:53:59: Calling delphi to calulate conformer HOH01A1002_017
01/30/24 11:53:59: Calling delphi to calulate conformer HOH01A1003_001
01/30/24 11:53:59: Calling delphi to calulate conformer HOH01A1003_002
01/30/24 11:53:59: Calling delphi to calulate conformer HOH01A1003_003
01/30/24 11:53:59: Calling delphi to calulate conformer HOH01A1003_004
01/30/24 11:53:59: Calling delphi to calulate conformer HOH01A1003_005
01/30/24 11:53:59: Calling delphi to calulate conformer HOH01A1004_001
01/30/24 11:53:59: Calling delphi to calulate conformer HOH01A1004_002
01/30/24 11:53:59: Calling delphi to calulate conformer HOH01A1004_003
01/30/24 11:53:59: Calling delphi to calulate conformer HOH01A1004_004
01/30/24 11:53:59: Calling delphi to calulate conformer HOH01A1004_005
01/30/24 11:53:59: Calling delphi to calulate conformer HOH01A1004_006
01/30/24 11:53:59: Calling delphi to calulate conformer HOH01A1007_001
01/30/24 11:53:59: Calling delphi to calulate conformer HOH01A1007_002
01/30/24 11:53:59: Calling delphi to calulate conformer HOH01A1007_003
01/30/24 11:53:59: Calling delphi to calulate conformer HOH01A1007_004
01/30/24 11:53:59: Calling delphi to calulate conformer HOH01A1007_005
01/30/24 11:53:59: Calling delphi to calulate conformer HOH01A1007_006
01/30/24 11:53:59: Calling delphi to calulate conformer HOH01A1007_007
01/30/24 11:53:59: Calling delphi to calulate conformer HOH01A1007_008
01/30/24 11:53:59: Calling delphi to calulate conformer HOH01A1007_009
01/30/24 11:53:59: Calling delphi to calulate conformer HOH01A1007_010
01/30/24 11:53:59: Calling delphi to calulate conformer HOH01A1007_011
01/30/24 11:53:59: Calling delphi to calulate conformer HOH01A1007_012
01/30/24 11:53:59: Calling delphi to calulate conformer HOH01A1007_013
01/30/24 11:53:59: Calling delphi to calulate conformer HOH01A1007_014
01/30/24 11:53:59: Calling delphi to calulate conformer HOH01A1008_001
01/30/24 11:53:59: Calling delphi to calulate conformer HOH01A1008_002
01/30/24 11:53:59: Calling delphi to calulate conformer HOH01A1008_003
01/30/24 11:53:59: Calling delphi to calulate conformer HOH01A1008_004
01/30/24 11:53:59: Calling delphi to calulate conformer HOH01A1008_005
01/30/24 11:53:59: Calling delphi to calulate conformer HOH01A1015_001
01/30/24 11:53:59: Calling delphi to calulate conformer HOH01A1015_002
01/30/24 11:54:00: Calling delphi to calulate conformer HOH01A1015_003
01/30/24 11:54:00: Calling delphi to calulate conformer HOH01A1015_004
01/30/24 11:54:00: Calling delphi to calulate conformer HOH01A1015_005
01/30/24 11:54:00: Calling delphi to calulate conformer HOH01A1015_006
01/30/24 11:54:00: Calling delphi to calulate conformer HOH01A1015_007
01/30/24 11:54:00: Calling delphi to calulate conformer HOH01A1015_008
01/30/24 11:54:00: Calling delphi to calulate conformer HOH01A1015_009
01/30/24 11:54:00: Calling delphi to calulate conformer HOH01A1015_010
01/30/24 11:54:00: Calling delphi to calulate conformer HOH01A1015_011
01/30/24 11:54:00: Calling delphi to calulate conformer HOH01A1015_012
01/30/24 11:54:00: Calling delphi to calulate conformer HOH01A1015_013
01/30/24 11:54:00: Calling delphi to calulate conformer HOH01A1015_014
01/30/24 11:54:00: Calling delphi to calulate conformer HOH01A1015_015
01/30/24 11:54:00: Calling delphi to calulate conformer HOH01A1016_001
01/30/24 11:54:00: Calling delphi to calulate conformer HOH01A1016_002
01/30/24 11:54:00: Calling delphi to calulate conformer HOH01A1016_003
01/30/24 11:54:00: Calling delphi to calulate conformer HOH01A1016_004
01/30/24 11:54:00: Calling delphi to calulate conformer HOH01A1073_001
01/30/24 11:54:00: Calling delphi to calulate conformer HOH01A1073_002
01/30/24 11:54:00: Calling delphi to calulate conformer HOH01A1073_003
01/30/24 11:54:00: Calling delphi to calulate conformer HOH01A1073_004
01/30/24 11:54:00: Calling delphi to calulate conformer HOH01A1073_005
01/30/24 11:54:00: Calling delphi to calulate conformer HOH01A1073_006
01/30/24 11:54:00: Calling delphi to calulate conformer HOH01A1073_007
01/30/24 11:54:00: Calling delphi to calulate conformer HOH01A1073_008
01/30/24 11:54:00: Calling delphi to calulate conformer HOH01A1073_009
01/30/24 11:54:00: Calling delphi to calulate conformer HOH01A1073_010
01/30/24 11:54:00: Calling delphi to calulate conformer HOH01A1073_011
01/30/24 11:54:00: Calling delphi to calulate conformer HOH01A1073_012
01/30/24 11:54:00: Calling delphi to calulate conformer HOH01A1073_013
01/30/24 11:54:00: Calling delphi to calulate conformer HOH01A1073_014
01/30/24 11:54:00: Calling delphi to calulate conformer HOH01A1073_015
