NTR A0001_ R f 00 S f  0.0 H t 36 M 999
LYS A0001_ R f 00 S f  0.0 H t 36 M 999
VAL A0002_ R f 00 S f  0.0 H t 36 M 999
PHE A0003_ R f 00 S f  0.0 H t 36 M 999
GLY A0004_ R f 00 S f  0.0 H t 36 M 999
ARG A0005_ R f 00 S f  0.0 H t 36 M 999
CYD A0006_ R f 00 S f  0.0 H t 36 M 999
GLU A0007_ R f 00 S f  0.0 H t 36 M 999
LEU A0008_ R f 00 S f  0.0 H t 36 M 999
ALA A0009_ R f 00 S f  0.0 H t 36 M 999
ALA A0010_ R f 00 S f  0.0 H t 36 M 999
ALA A0011_ R f 00 S f  0.0 H t 36 M 999
MET A0012_ R f 00 S f  0.0 H t 36 M 999
LYS A0013_ R f 00 S f  0.0 H t 36 M 999
ARG A0014_ R f 00 S f  0.0 H t 36 M 999
HIS A0015_ R f 00 S f  0.0 H t 36 M 999
GLY A0016_ R f 00 S f  0.0 H t 36 M 999
LEU A0017_ R f 00 S f  0.0 H t 36 M 999
ASP A0018_ R f 00 S f  0.0 H t 36 M 999
ASN A0019_ R f 00 S f  0.0 H t 36 M 999
TYR A0020_ R f 00 S f  0.0 H t 36 M 999
ARG A0021_ R f 00 S f  0.0 H t 36 M 999
GLY A0022_ R f 00 S f  0.0 H t 36 M 999
TYR A0023_ R f 00 S f  0.0 H t 36 M 999
SER A0024_ R f 00 S f  0.0 H t 36 M 999
LEU A0025_ R f 00 S f  0.0 H t 36 M 999
GLY A0026_ R f 00 S f  0.0 H t 36 M 999
ASN A0027_ R f 00 S f  0.0 H t 36 M 999
TRP A0028_ R f 00 S f  0.0 H t 36 M 999
VAL A0029_ R f 00 S f  0.0 H t 36 M 999
CYD A0030_ R f 00 S f  0.0 H t 36 M 999
ALA A0031_ R f 00 S f  0.0 H t 36 M 999
ALA A0032_ R f 00 S f  0.0 H t 36 M 999
LYS A0033_ R f 00 S f  0.0 H t 36 M 999
PHE A0034_ R f 00 S f  0.0 H t 36 M 999
GLU A0035_ R f 00 S f  0.0 H t 36 M 999
SER A0036_ R f 00 S f  0.0 H t 36 M 999
ASN A0037_ R f 00 S f  0.0 H t 36 M 999
PHE A0038_ R f 00 S f  0.0 H t 36 M 999
ASN A0039_ R f 00 S f  0.0 H t 36 M 999
THR A0040_ R f 00 S f  0.0 H t 36 M 999
GLN A0041_ R f 00 S f  0.0 H t 36 M 999
ALA A0042_ R f 00 S f  0.0 H t 36 M 999
THR A0043_ R f 00 S f  0.0 H t 36 M 999
ASN A0044_ R f 00 S f  0.0 H t 36 M 999
ARG A0045_ R f 00 S f  0.0 H t 36 M 999
ASN A0046_ R f 00 S f  0.0 H t 36 M 999
THR A0047_ R f 00 S f  0.0 H t 36 M 999
ASP A0048_ R f 00 S f  0.0 H t 36 M 999
GLY A0049_ R f 00 S f  0.0 H t 36 M 999
SER A0050_ R f 00 S f  0.0 H t 36 M 999
THR A0051_ R f 00 S f  0.0 H t 36 M 999
ASP A0052_ R f 00 S f  0.0 H t 36 M 999
TYR A0053_ R f 00 S f  0.0 H t 36 M 999
GLY A0054_ R f 00 S f  0.0 H t 36 M 999
ILE A0055_ R f 00 S f  0.0 H t 36 M 999
LEU A0056_ R f 00 S f  0.0 H t 36 M 999
GLN A0057_ R f 00 S f  0.0 H t 36 M 999
ILE A0058_ R f 00 S f  0.0 H t 36 M 999
ASN A0059_ R f 00 S f  0.0 H t 36 M 999
SER A0060_ R f 00 S f  0.0 H t 36 M 999
ARG A0061_ R f 00 S f  0.0 H t 36 M 999
TRP A0062_ R f 00 S f  0.0 H t 36 M 999
TRP A0063_ R f 00 S f  0.0 H t 36 M 999
CYD A0064_ R f 00 S f  0.0 H t 36 M 999
ASN A0065_ R f 00 S f  0.0 H t 36 M 999
ASP A0066_ R f 00 S f  0.0 H t 36 M 999
GLY A0067_ R f 00 S f  0.0 H t 36 M 999
ARG A0068_ R f 00 S f  0.0 H t 36 M 999
THR A0069_ R f 00 S f  0.0 H t 36 M 999
PRO A0070_ R f 00 S f  0.0 H t 36 M 999
GLY A0071_ R f 00 S f  0.0 H t 36 M 999
SER A0072_ R f 00 S f  0.0 H t 36 M 999
ARG A0073_ R f 00 S f  0.0 H t 36 M 999
ASN A0074_ R f 00 S f  0.0 H t 36 M 999
LEU A0075_ R f 00 S f  0.0 H t 36 M 999
CYD A0076_ R f 00 S f  0.0 H t 36 M 999
ASN A0077_ R f 00 S f  0.0 H t 36 M 999
ILE A0078_ R f 00 S f  0.0 H t 36 M 999
PRO A0079_ R f 00 S f  0.0 H t 36 M 999
CYD A0080_ R f 00 S f  0.0 H t 36 M 999
SER A0081_ R f 00 S f  0.0 H t 36 M 999
ALA A0082_ R f 00 S f  0.0 H t 36 M 999
LEU A0083_ R f 00 S f  0.0 H t 36 M 999
LEU A0084_ R f 00 S f  0.0 H t 36 M 999
SER A0085_ R f 00 S f  0.0 H t 36 M 999
SER A0086_ R f 00 S f  0.0 H t 36 M 999
ASP A0087_ R f 00 S f  0.0 H t 36 M 999
ILE A0088_ R f 00 S f  0.0 H t 36 M 999
THR A0089_ R f 00 S f  0.0 H t 36 M 999
ALA A0090_ R f 00 S f  0.0 H t 36 M 999
SER A0091_ R f 00 S f  0.0 H t 36 M 999
VAL A0092_ R f 00 S f  0.0 H t 36 M 999
ASN A0093_ R f 00 S f  0.0 H t 36 M 999
CYD A0094_ R f 00 S f  0.0 H t 36 M 999
ALA A0095_ R f 00 S f  0.0 H t 36 M 999
LYS A0096_ R f 00 S f  0.0 H t 36 M 999
LYS A0097_ R f 00 S f  0.0 H t 36 M 999
ILE A0098_ R f 00 S f  0.0 H t 36 M 999
VAL A0099_ R f 00 S f  0.0 H t 36 M 999
SER A0100_ R f 00 S f  0.0 H t 36 M 999
ASP A0101_ R f 00 S f  0.0 H t 36 M 999
GLY A0102_ R f 00 S f  0.0 H t 36 M 999
ASN A0103_ R f 00 S f  0.0 H t 36 M 999
GLY A0104_ R f 00 S f  0.0 H t 36 M 999
MET A0105_ R f 00 S f  0.0 H t 36 M 999
ASN A0106_ R f 00 S f  0.0 H t 36 M 999
ALA A0107_ R f 00 S f  0.0 H t 36 M 999
TRP A0108_ R f 00 S f  0.0 H t 36 M 999
VAL A0109_ R f 00 S f  0.0 H t 36 M 999
ALA A0110_ R f 00 S f  0.0 H t 36 M 999
TRP A0111_ R f 00 S f  0.0 H t 36 M 999
ARG A0112_ R f 00 S f  0.0 H t 36 M 999
ASN A0113_ R f 00 S f  0.0 H t 36 M 999
ARG A0114_ R f 00 S f  0.0 H t 36 M 999
CYD A0115_ R f 00 S f  0.0 H t 36 M 999
LYS A0116_ R f 00 S f  0.0 H t 36 M 999
GLY A0117_ R f 00 S f  0.0 H t 36 M 999
THR A0118_ R f 00 S f  0.0 H t 36 M 999
ASP A0119_ R f 00 S f  0.0 H t 36 M 999
VAL A0120_ R f 00 S f  0.0 H t 36 M 999
GLN A0121_ R f 00 S f  0.0 H t 36 M 999
ALA A0122_ R f 00 S f  0.0 H t 36 M 999
TRP A0123_ R f 00 S f  0.0 H t 36 M 999
ILE A0124_ R f 00 S f  0.0 H t 36 M 999
ARG A0125_ R f 00 S f  0.0 H t 36 M 999
GLY A0126_ R f 00 S f  0.0 H t 36 M 999
CYD A0127_ R f 00 S f  0.0 H t 36 M 999
ARG A0128_ R f 00 S f  0.0 H t 36 M 999
LEU A0129_ R f 00 S f  0.0 H t 36 M 999
CTR A0129_ R f 00 S f  0.0 H t 36 M 999
HOH A1001_ R f 00 S f  0.0 H t 36 M 999
HOH A1002_ R f 00 S f  0.0 H t 36 M 999
HOH A1003_ R f 00 S f  0.0 H t 36 M 999
HOH A1004_ R f 00 S f  0.0 H t 36 M 999
HOH A1007_ R f 00 S f  0.0 H t 36 M 999
HOH A1008_ R f 00 S f  0.0 H t 36 M 999
HOH A1015_ R f 00 S f  0.0 H t 36 M 999
HOH A1016_ R f 00 S f  0.0 H t 36 M 999
HOH A1073_ R f 00 S f  0.0 H t 36 M 999
