iConf CONFORMER     FL  occ    crg   Em0  pKa0 ne nH    vdw0    vdw1    tors    epol   dsolv   extra    history
00001 NTR01A0001_001 f 0.00  0.000     0  0.00  0  0  -0.002  -0.397   2.800   0.005  -0.000   0.000 01O000M000 t
00002 NTR+1A0001_002 f 0.00  1.000     0  8.00  0  1  -0.004  -0.462   0.000   0.725   5.469  -1.300 +1O000M000 t
00003 LYS01A0001_001 f 0.00  0.000     0  0.00  0  0   0.771  -3.166   1.010   0.002   0.023   0.000 01O000M000 t
00004 LYS+1A0001_002 f 0.00  1.000     0 10.40  0  1   0.725  -3.173   1.010   0.162   0.761   0.400 +1O000M000 t
00005 VAL01A0002_001 f 0.00  0.000     0  0.00  0  0   0.429  -0.974   0.020   0.000   0.000   0.000 01O000M000 t
00006 PHE01A0003_001 f 0.00  0.000     0  0.00  0  0   5.107  -6.692   1.062   0.000   0.000   0.000 01O000M000 t
00007 ARG01A0005_001 f 0.00  0.000     0  0.00  0  0   1.427  -5.436   1.566  -2.125   1.677   0.000 01O000M000 t
00008 ARG02A0005_002 f 0.00  0.000     0  0.00  0  0   1.400  -5.340   1.566  -0.705   2.805   0.000 02O000M000 t
00009 ARG02A0005_003 f 0.00  0.000     0  0.00  0  0   1.477  -5.335   1.566  -0.333   2.596   0.000 02O000M000 t
00010 ARG03A0005_004 f 0.00  0.000     0  0.00  0  0   1.394  -5.362   1.566  -1.433   2.697   0.000 03O000M000 t
00011 ARG+1A0005_005 f 0.00  1.000     0 12.50  0  1   1.353  -5.448   1.566  -3.043   2.970   0.000 +1O000M000 t
00012 CYD01A0006_001 f 0.00  0.000     0  0.00  0  0   0.000  -2.515   0.000   0.000   0.000   0.000 01O000M000 t
00013 GLU01A0007_001 f 0.00  0.000     0  0.00  0  0   1.242  -1.287   3.665   2.924   0.981   0.000 01O000M000 t
00014 GLU01A0007_002 f 0.00  0.000     0  0.00  0  0   1.242  -1.287   0.945  -0.472   0.903   0.000 01O000M000 t
00015 GLU02A0007_003 f 0.00  0.000     0  0.00  0  0   1.063  -2.046   3.665  -1.298   0.063   0.000 02O000M000 t
00016 GLU02A0007_004 f 0.00  0.000     0  0.00  0  0   1.063  -2.046   0.945  -1.230   1.204   0.000 02O000M000 t
00017 GLU-1A0007_005 f 0.00 -1.000     0  4.75  0 -1   0.964  -1.998   0.945  -2.983   1.916  -0.300 -1O000M000 t
00018 LEU01A0008_001 f 0.00  0.000     0  0.00  0  0   1.553  -3.400   0.499   0.000   0.000   0.000 01O000M000 t
00019 ALA01A0009_001 f 0.00  0.000     0  0.00  0  0   0.000  -1.843   0.000   0.000   0.000   0.000 01O000M000 t
00020 ALA01A0010_001 f 0.00  0.000     0  0.00  0  0   0.000  -1.878   0.000   0.000   0.000   0.000 01O000M000 t
00021 ALA01A0011_001 f 0.00  0.000     0  0.00  0  0   0.000  -1.533   0.000   0.000   0.000   0.000 01O000M000 t
00022 MET01A0012_001 f 0.00  0.000     0  0.00  0  0   0.084  -6.238   1.054  -0.009   0.097   0.000 01O000M000 t
00023 LYS01A0013_001 f 0.00  0.000     0  0.00  0  0   0.980  -3.432   1.886  -0.026   0.365   0.000 01O000M000 t
00024 LYS+1A0013_002 f 0.00  1.000     0 10.40  0  1   0.941  -3.445   1.886   0.237   1.192   0.400 +1O000M000 t
00025 ARG01A0014_001 f 0.00  0.000     0  0.00  0  0   2.262  -5.257   1.275   0.033   1.079   0.000 01O000M000 t
00026 ARG02A0014_002 f 0.00  0.000     0  0.00  0  0   2.224  -5.257   1.275   0.062   1.718   0.000 02O000M000 t
00027 ARG03A0014_003 f 0.00  0.000     0  0.00  0  0   2.224  -5.250   1.275   0.037   1.706   0.000 03O000M000 t
00028 ARG+1A0014_004 f 0.00  1.000     0 12.50  0  1   2.180  -5.279   1.275   0.159   0.881   0.000 +1O000M000 t
00029 HIS01A0015_001 f 0.00  0.000     0  0.00  0  0  -0.041  -4.001   0.258   1.050   2.270   0.000 01O000M000 t
00030 HIS01A0015_002 f 0.00  0.000     0  0.00  0  0  -0.231  -3.943   0.258   0.990   2.165   0.000 01H001M000 t
00031 HIS02A0015_003 f 0.00  0.000     0  0.00  0  0  -0.057  -3.968   0.258  -1.332   2.459   0.000 02O000M000 t
00032 HIS02A0015_004 f 0.00  0.000     0  0.00  0  0  -0.243  -4.042   0.258   0.289   2.210   0.000 02H001M000 t
00033 HIS+1A0015_005 f 0.00  1.000     0  6.98  0  1  -0.084  -4.004   0.258  -0.552   3.964  -1.000 +1O000M000 t
00034 HIS+1A0015_006 f 0.00  1.000     0  6.98  0  1  -0.270  -4.115   0.258   1.561   4.161  -1.000 +1H001M000 t
00035 LEU01A0017_001 f 0.00  0.000     0  0.00  0  0   1.861  -3.489   0.731   0.000   0.000   0.000 01O000M000 t
00036 ASP01A0018_001 f 0.00  0.000     0  0.00  0  0   0.151  -1.690   3.064   3.173   1.254   0.000 01O000M000 t
00037 ASP01A0018_002 f 0.00  0.000     0  0.00  0  0   0.151  -1.690   0.344  -0.158   0.713   0.000 01O000M000 t
00038 ASP02A0018_003 f 0.00  0.000     0  0.00  0  0   0.244  -2.191   3.064  -0.958   0.178   0.000 02O000M000 t
00039 ASP02A0018_004 f 0.00  0.000     0  0.00  0  0   0.244  -2.191   0.344  -0.885   1.211   0.000 02O000M000 t
00040 ASP-1A0018_005 f 0.00 -1.000     0  4.75  0 -1   0.148  -2.133   0.344  -3.586   1.774  -0.850 -1O000M000 t
00041 ASN01A0019_001 f 0.00  0.000     0  0.00  0  0   0.388   1.453   1.114  -0.226   0.389   0.000 01O000M000 t
00042 TYR01A0020_001 f 0.00  0.000     0  0.00  0  0   5.470  -7.270   0.005   0.118   1.349   0.000 01O000M000 t
00043 TYR01A0020_002 f 0.00  0.000     0  0.00  0  0   5.470  -7.270   0.005  -0.884   1.907   0.000 01O000M000 t
00044 TYR-1A0020_003 f 0.00 -1.000     0 10.20  0 -1   5.470  -7.270   0.005   0.284   5.934  -0.500 -1O000M000 t
00045 ARG01A0021_001 f 0.00  0.000     0  0.00  0  0   2.025  -0.673   1.155   0.046   0.396   0.000 01O000M000 t
00046 ARG02A0021_002 f 0.00  0.000     0  0.00  0  0   2.086  -0.667   1.155   0.011   1.454   0.000 02O000M000 t
00047 ARG03A0021_003 f 0.00  0.000     0  0.00  0  0   1.992  -0.680   1.155   0.108   1.564   0.000 03O000M000 t
00048 ARG+1A0021_004 f 0.00  1.000     0 12.50  0  1   1.951  -0.694   1.155  -0.081   0.777   0.000 +1O000M000 t
00049 TYR01A0023_001 f 0.00  0.000     0  0.00  0  0   4.897  -7.110   0.119  -0.583   0.917   0.000 01O000M000 t
00050 TYR-1A0023_002 f 0.00 -1.000     0 10.20  0 -1   4.897  -7.110   0.119  -2.132   3.603  -0.500 -1O000M000 t
00051 SER01A0024_001 f 0.00  0.000     0  0.00  0  0   0.000  -1.348   0.394  -0.353   0.682   0.000 01O000M000 t
00052 SER01A0024_002 f 0.00  0.000     0  0.00  0  0   0.000  -1.348   0.019  -0.878   0.326   0.000 01O000M000 t
00053 SER01A0024_003 f 0.00  0.000     0  0.00  0  0   0.000   1.776   2.800  -1.461   0.249   0.000 01H001M000 t
00054 LEU01A0025_001 f 0.00  0.000     0  0.00  0  0   1.947  -5.658   0.631   0.000   0.000   0.000 01O000M000 t
00055 ASN01A0027_001 f 0.00  0.000     0  0.00  0  0   0.573  -3.323   1.466   0.314   1.642   0.000 01O000M000 t
00056 ASN01A0027_002 f 0.00  0.000     0  0.00  0  0   0.414  -3.028   1.421   0.239   1.442   0.000 01R001M000 t
00057 TRP01A0028_001 f 0.00  0.000     0  0.00  0  0   3.014 -10.585   0.001   0.000   0.000   0.000 01O000M000 t
00058 VAL01A0029_001 f 0.00  0.000     0  0.00  0  0   0.696  -3.680   0.020   0.000   0.000   0.000 01O000M000 t
00059 CYD01A0030_001 f 0.00  0.000     0  0.00  0  0   0.000  -3.980   0.000   0.000   0.000   0.000 01O000M000 t
00060 ALA01A0031_001 f 0.00  0.000     0  0.00  0  0   0.000  -1.977   0.000   0.000   0.000   0.000 01O000M000 t
00061 ALA01A0032_001 f 0.00  0.000     0  0.00  0  0   0.000  -2.113   0.000   0.000   0.000   0.000 01O000M000 t
00062 LYS01A0033_001 f 0.00  0.000     0  0.00  0  0   0.689  -2.300   1.079  -0.056   0.246   0.000 01O000M000 t
00063 LYS+1A0033_002 f 0.00  1.000     0 10.40  0  1   0.641  -2.312   1.079   0.024   1.080   0.400 +1O000M000 t
00064 PHE01A0034_001 f 0.00  0.000     0  0.00  0  0   5.160  -5.069   0.112   0.000   0.000   0.000 01O000M000 t
00065 GLU01A0035_001 f 0.00  0.000     0  0.00  0  0   2.062  -6.408   3.293  -0.951   1.795   0.000 01O000M000 t
00066 GLU01A0035_002 f 0.00  0.000     0  0.00  0  0   2.062  -6.408   0.573  -1.307   1.375   0.000 01O000M000 t
00067 GLU02A0035_003 f 0.00  0.000     0  0.00  0  0   1.629  -6.500   3.293   1.400   1.854   0.000 02O000M000 t
00068 GLU02A0035_004 f 0.00  0.000     0  0.00  0  0   1.629  -6.500   0.573  -0.130   1.245   0.000 02O000M000 t
00069 GLU-1A0035_005 f 0.00 -1.000     0  4.75  0 -1   1.573  -6.495   0.573  -2.859   4.324  -0.300 -1O000M000 t
00070 SER01A0036_001 f 0.00  0.000     0  0.00  0  0   0.000  -2.859   0.453  -1.783   1.978   0.000 01O000M000 t
00071 ASN01A0037_001 f 0.00  0.000     0  0.00  0  0   0.441   1.915   1.858   0.042   0.542   0.000 01O000M000 t
00072 ASN01A0037_002 f 0.00  0.000     0  0.00  0  0   0.215   3.800   2.118   0.181   0.401   0.000 01H001M000 t
00073 PHE01A0038_001 f 0.00  0.000     0  0.00  0  0   5.515  -6.499   0.018   0.000   0.000   0.000 01O000M000 t
00074 ASN01A0039_001 f 0.00  0.000     0  0.00  0  0   0.241  -2.906   0.272  -1.594   1.017   0.000 01O000M000 t
00075 ASN01A0039_002 f 0.00  0.000     0  0.00  0  0   0.043  -0.695   0.267   2.028   0.816   0.000 01R001M000 t
00076 THR01A0040_001 f 0.00  0.000     0  0.00  0  0   0.284  -4.206   0.418   0.089   1.926   0.000 01O000M000 t
00077 THR01A0040_002 f 0.00  0.000     0  0.00  0  0   0.284  -4.206   0.418   0.254   1.949   0.000 01O000M000 t
00078 THR01A0040_003 f 0.00  0.000     0  0.00  0  0   0.284  -4.206   0.043  -0.847   1.937   0.000 01O000M000 t
00079 GLN01A0041_001 f 0.00  0.000     0  0.00  0  0   0.371  -0.382   1.657  -0.074   0.315   0.000 01O000M000 t
00080 GLN01A0041_002 f 0.00  0.000     0  0.00  0  0   0.307  -0.357   1.540   0.117  -0.109   0.000 01R001M000 t
00081 ALA01A0042_001 f 0.00  0.000     0  0.00  0  0   0.000  -2.218   0.000   0.000   0.000   0.000 01O000M000 t
00082 THR01A0043_001 f 0.00  0.000     0  0.00  0  0   0.231  -1.854   0.376  -0.462   0.039   0.000 01O000M000 t
00083 THR01A0043_002 f 0.00  0.000     0  0.00  0  0   0.231  -1.854   0.001  -0.394   0.940   0.000 01O000M000 t
00084 ASN01A0044_001 f 0.00  0.000     0  0.00  0  0   0.768  -2.566   0.609   0.268   0.740   0.000 01O000M000 t
00085 ASN01A0044_002 f 0.00  0.000     0  0.00  0  0   0.416  -2.066   0.877   0.188   0.394   0.000 01R001M000 t
00086 ARG01A0045_001 f 0.00  0.000     0  0.00  0  0   1.023  -1.272   0.901  -0.097   0.999   0.000 01O000M000 t
00087 ARG02A0045_002 f 0.00  0.000     0  0.00  0  0   1.094  -1.268   0.901  -0.082   1.515   0.000 02O000M000 t
00088 ARG03A0045_003 f 0.00  0.000     0  0.00  0  0   1.002  -1.274   0.901  -0.040   1.721   0.000 03O000M000 t
00089 ARG+1A0045_004 f 0.00  1.000     0 12.50  0  1   0.961  -1.277   0.901   0.163   0.770   0.000 +1O000M000 t
00090 ASN01A0046_001 f 0.00  0.000     0  0.00  0  0   0.453  -4.048   0.766   0.828   1.711   0.000 01O000M000 t
00091 ASN01A0046_002 f 0.00  0.000     0  0.00  0  0   0.313  -3.436   0.852  -0.120   0.893   0.000 01R001M000 t
00092 ASN01A0046_003 f 0.00  0.000     0  0.00  0  0   0.430  -3.552   0.600  -0.136   0.895   0.000 01H002M000 t
00093 ASN01A0046_004 f 0.00  0.000     0  0.00  0  0   0.796  -4.027   0.681   0.869   1.552   0.000 01H003M000 t
00094 THR01A0047_001 f 0.00  0.000     0  0.00  0  0   0.139   0.766   0.446   0.038   0.006   0.000 01O000M000 t
00095 ASP01A0048_001 f 0.00  0.000     0  0.00  0  0   0.072   0.899   2.912   3.233   1.270   0.000 01O000M000 t
00096 ASP01A0048_002 f 0.00  0.000     0  0.00  0  0   0.340   0.344   3.499  -1.327   0.592   0.000 01H001M000 t
00097 ASP01A0048_003 f 0.00  0.000     0  0.00  0  0   0.072   0.899   0.192   0.130   1.376   0.000 01O000M000 t
00098 ASP01A0048_004 f 0.00  0.000     0  0.00  0  0   0.340   0.344   0.779  -1.165   1.799   0.000 01H001M000 t
00099 ASP02A0048_005 f 0.00  0.000     0  0.00  0  0   0.142  -0.218   2.912  -2.092   0.791   0.000 02O000M000 t
00100 ASP02A0048_006 f 0.00  0.000     0  0.00  0  0   0.256   1.585   3.499   1.479   1.409   0.000 02H001M000 t
00101 ASP02A0048_007 f 0.00  0.000     0  0.00  0  0   0.142  -0.218   0.192  -1.851   2.014   0.000 02O000M000 t
00102 ASP02A0048_008 f 0.00  0.000     0  0.00  0  0   0.256   1.585   0.779   0.639   1.652   0.000 02H001M000 t
00103 ASP-1A0048_009 f 0.00 -1.000     0  4.75  0 -1   0.068  -0.155   0.192  -5.435   5.199  -0.850 -1O000M000 t
00104 ASP-1A0048_010 f 0.00 -1.000     0  4.75  0 -1   0.235   0.414   0.779  -4.842   5.135  -0.850 -1H001M000 t
00105 SER01A0050_001 f 0.00  0.000     0  0.00  0  0   0.000  -1.674   0.735  -0.200   1.594   0.000 01O000M000 t
00106 SER01A0050_002 f 0.00  0.000     0  0.00  0  0   0.000  -1.674   0.735   0.139   1.653   0.000 01O000M000 t
00107 SER01A0050_003 f 0.00  0.000     0  0.00  0  0   0.000  -1.674   0.360  -1.417   0.754   0.000 01O000M000 t
00108 THR01A0051_001 f 0.00  0.000     0  0.00  0  0   0.310  -3.381   0.376  -0.472   1.441   0.000 01O000M000 t
00109 THR01A0051_002 f 0.00  0.000     0  0.00  0  0   0.310  -3.381   0.376  -0.140   1.450   0.000 01O000M000 t
00110 THR01A0051_003 f 0.00  0.000     0  0.00  0  0   0.310  -3.381   0.001  -0.464   1.619   0.000 01O000M000 t
00111 ASP01A0052_001 f 0.00  0.000     0  0.00  0  0   0.472  -4.433   3.269   1.048   1.546   0.000 01O000M000 t
00112 ASP01A0052_002 f 0.00  0.000     0  0.00  0  0   0.609  -3.651   3.650   0.766   1.449   0.000 01H001M000 t
00113 ASP01A0052_003 f 0.00  0.000     0  0.00  0  0   0.472  -4.433   0.549   0.225   0.986   0.000 01O000M000 t
00114 ASP01A0052_004 f 0.00  0.000     0  0.00  0  0   0.609  -3.651   0.930   0.361   1.237   0.000 01H001M000 t
00115 ASP02A0052_005 f 0.00  0.000     0  0.00  0  0   0.618  -4.650   3.269   0.073   1.256   0.000 02O000M000 t
00116 ASP02A0052_006 f 0.00  0.000     0  0.00  0  0   0.726  -4.072   3.650  -0.046   1.370   0.000 02H001M000 t
00117 ASP02A0052_007 f 0.00  0.000     0  0.00  0  0   0.618  -4.650   0.549  -0.053   1.458   0.000 02O000M000 t
00118 ASP02A0052_008 f 0.00  0.000     0  0.00  0  0   0.726  -4.072   0.930   0.098   1.654   0.000 02H001M000 t
00119 ASP-1A0052_009 f 0.00 -1.000     0  4.75  0 -1   0.450  -4.561   0.549  -1.782   4.065  -0.850 -1O000M000 t
00120 ASP-1A0052_010 f 0.00 -1.000     0  4.75  0 -1   0.556  -3.977   0.930  -1.596   4.247  -0.850 -1H001M000 t
00121 TYR01A0053_001 f 0.00  0.000     0  0.00  0  0   5.083  -9.356   0.097  -0.389   1.822   0.000 01O000M000 t
00122 TYR01A0053_002 f 0.00  0.000     0  0.00  0  0   5.083  -9.356   0.097   0.551   1.996   0.000 01O000M000 t
00123 TYR-1A0053_003 f 0.00 -1.000     0 10.20  0 -1   5.083  -9.356   0.097  -1.774   8.071  -0.500 -1O000M000 t
00124 ILE01A0055_001 f 0.00  0.000     0  0.00  0  0   1.667  -5.066   1.250   0.000   0.000   0.000 01O000M000 t
00125 LEU01A0056_001 f 0.00  0.000     0  0.00  0  0   1.838  -2.841   0.876   0.000   0.000   0.000 01O000M000 t
00126 GLN01A0057_001 f 0.00  0.000     0  0.00  0  0   0.742  -6.766   1.671  -1.748   2.357   0.000 01O000M000 t
00127 GLN01A0057_002 f 0.00  0.000     0  0.00  0  0   0.698  -7.385   1.698   1.001   2.357   0.000 01R001M000 t
00128 ILE01A0058_001 f 0.00  0.000     0  0.00  0  0   1.818  -3.840   0.628   0.000   0.000   0.000 01O000M000 t
00129 ASN01A0059_001 f 0.00  0.000     0  0.00  0  0   0.431  -4.504   1.213  -0.997   1.538   0.000 01O000M000 t
00130 ASN01A0059_002 f 0.00  0.000     0  0.00  0  0   0.418  -3.733   1.215   0.637   1.595   0.000 01R001M000 t
00131 ASN01A0059_003 f 0.00  0.000     0  0.00  0  0   0.273  -1.969   0.264  -2.545   2.087   0.000 01H002M000 t
00132 ASN01A0059_004 f 0.00  0.000     0  0.00  0  0   0.068   0.440   0.265   2.850   1.748   0.000 01H003M000 t
00133 SER01A0060_001 f 0.00  0.000     0  0.00  0  0   0.000  -2.045   0.418   1.993   1.976   0.000 01O000M000 t
00134 SER01A0060_002 f 0.00  0.000     0  0.00  0  0   0.000  -2.093   0.814  -1.657   1.971   0.000 01H001M000 t
00135 SER01A0060_003 f 0.00  0.000     0  0.00  0  0   0.000  -2.045   0.418  -0.579   1.982   0.000 01O000M000 t
00136 SER01A0060_004 f 0.00  0.000     0  0.00  0  0   0.000  -2.045   0.043  -1.006   1.970   0.000 01O000M000 t
00137 SER01A0060_005 f 0.00  0.000     0  0.00  0  0   0.000  -2.093   0.814  -0.792   1.982   0.000 01H001M000 t
00138 SER01A0060_006 f 0.00  0.000     0  0.00  0  0   0.000  -2.093   0.439   0.815   1.977   0.000 01H001M000 t
00139 ARG01A0061_001 f 0.00  0.000     0  0.00  0  0   1.492  -5.055   0.583  -0.475   1.661   0.000 01O000M000 t
00140 ARG02A0061_002 f 0.00  0.000     0  0.00  0  0   1.520  -5.004   0.583  -0.329   2.315   0.000 02O000M000 t
00141 ARG03A0061_003 f 0.00  0.000     0  0.00  0  0   1.434  -4.986   0.583   0.064   2.363   0.000 03O000M000 t
00142 ARG03A0061_004 f 0.00  0.000     0  0.00  0  0   1.441  -5.041   0.583  -0.658   2.584   0.000 03O000M000 t
00143 ARG+1A0061_005 f 0.00  1.000     0 12.50  0  1   1.395  -5.069   0.583   0.580   2.197   0.000 +1O000M000 t
00144 TRP01A0062_001 f 0.00  0.000     0  0.00  0  0   2.749  -1.916   0.352   0.000   0.000   0.000 01O000M000 t
00145 TRP01A0063_001 f 0.00  0.000     0  0.00  0  0   3.119  -9.478   0.018   0.000   0.000   0.000 01O000M000 t
00146 CYD01A0064_001 f 0.00  0.000     0  0.00  0  0   0.000  -4.697   0.000   0.000   0.000   0.000 01O000M000 t
00147 ASN01A0065_001 f 0.00  0.000     0  0.00  0  0   0.459  -2.387   0.329  -1.181   0.701   0.000 01O000M000 t
00148 ASN01A0065_002 f 0.00  0.000     0  0.00  0  0   0.187  -0.949   0.292   1.560   0.716   0.000 01R001M000 t
00149 ASP01A0066_001 f 0.00  0.000     0  0.00  0  0   0.174  -2.203   2.882   2.921   2.688   0.000 01O000M000 t
00150 ASP01A0066_002 f 0.00  0.000     0  0.00  0  0   0.505  -2.769   3.535  -1.002   2.727   0.000 01H001M000 t
00151 ASP01A0066_003 f 0.00  0.000     0  0.00  0  0   0.169  -2.621   2.877  -2.250   2.564   0.000 01H002M000 t
00152 ASP01A0066_004 f 0.00  0.000     0  0.00  0  0   0.174  -2.203   0.162  -0.045   2.884   0.000 01O000M000 t
00153 ASP01A0066_005 f 0.00  0.000     0  0.00  0  0   0.505  -2.769   0.815  -0.624   2.880   0.000 01H001M000 t
00154 ASP01A0066_006 f 0.00  0.000     0  0.00  0  0   0.169  -2.621   0.157  -1.652   2.849   0.000 01H002M000 t
00155 ASP02A0066_007 f 0.00  0.000     0  0.00  0  0   0.275  -2.960   2.882  -2.184   2.777   0.000 02O000M000 t
00156 ASP02A0066_008 f 0.00  0.000     0  0.00  0  0   0.411  -1.868   3.535   0.619   2.842   0.000 02H001M000 t
00157 ASP02A0066_009 f 0.00  0.000     0  0.00  0  0   0.096  -1.803   2.877   2.868   2.884   0.000 02H002M000 t
00158 ASP02A0066_010 f 0.00  0.000     0  0.00  0  0   0.275  -2.960   0.162  -1.612   3.052   0.000 02O000M000 t
00159 ASP02A0066_011 f 0.00  0.000     0  0.00  0  0   0.411  -1.868   0.815   0.012   3.093   0.000 02H001M000 t
00160 ASP02A0066_012 f 0.00  0.000     0  0.00  0  0   0.096  -1.803   0.157   0.087   3.077   0.000 02H002M000 t
00161 ASP-1A0066_013 f 0.00 -1.000     0  4.75  0 -1   0.169  -2.850   0.162  -8.582  13.031  -0.850 -1O000M000 t
00162 ASP-1A0066_014 f 0.00 -1.000     0  4.75  0 -1   0.373  -2.635   0.815  -8.114  13.149  -0.850 -1H001M000 t
00163 ASP-1A0066_015 f 0.00 -1.000     0  4.75  0 -1   0.089  -2.511   0.157  -8.591  13.007  -0.850 -1H002M000 t
00164 ARG01A0068_001 f 0.00  0.000     0  0.00  0  0   0.362  -2.450   1.174  -0.148   1.534   0.000 01O000M000 t
00165 ARG02A0068_002 f 0.00  0.000     0  0.00  0  0   0.320  -2.465   1.174  -0.155   2.332   0.000 02O000M000 t
00166 ARG02A0068_003 f 0.00  0.000     0  0.00  0  0   0.362  -2.466   1.174  -0.092   1.748   0.000 02O000M000 t
00167 ARG03A0068_004 f 0.00  0.000     0  0.00  0  0   0.318  -2.464   1.174  -0.294   2.420   0.000 03O000M000 t
00168 ARG03A0068_005 f 0.00  0.000     0  0.00  0  0   0.326  -2.459   1.174  -0.225   2.291   0.000 03O000M000 t
00169 ARG+1A0068_006 f 0.00  1.000     0 12.50  0  1   0.277  -2.472   1.174   0.184   1.713   0.000 +1O000M000 t
00170 THR01A0069_001 f 0.00  0.000     0  0.00  0  0   0.294  -4.165   0.388  -1.299   1.928   0.000 01O000M000 t
00171 THR01A0069_002 f 0.00  0.000     0  0.00  0  0   0.294  -4.165   0.388   0.552   1.963   0.000 01O000M000 t
00172 THR01A0069_003 f 0.00  0.000     0  0.00  0  0   0.294  -4.165   0.013   0.362   1.964   0.000 01O000M000 t
00173 PRO01A0070_001 f 0.00  0.000     0  0.00  0  0   0.227  -1.373   0.000   0.000   0.000   0.000 01O000M000 t
00174 SER01A0072_001 f 0.00  0.000     0  0.00  0  0   0.000  -2.912   0.455   0.037   1.006   0.000 01O000M000 t
00175 SER01A0072_002 f 0.00  0.000     0  0.00  0  0   0.000  -3.298   0.553   0.474   1.208   0.000 01H001M000 t
00176 SER01A0072_003 f 0.00  0.000     0  0.00  0  0   0.000  -2.912   0.455  -0.012   1.558   0.000 01O000M000 t
00177 SER01A0072_004 f 0.00  0.000     0  0.00  0  0   0.000  -3.298   0.553  -0.711   1.629   0.000 01H001M000 t
00178 ARG01A0073_001 f 0.00  0.000     0  0.00  0  0   1.893  -3.359   0.864   0.097   0.650   0.000 01O000M000 t
00179 ARG02A0073_002 f 0.00  0.000     0  0.00  0  0   1.852  -3.377   0.864  -0.006   1.901   0.000 02O000M000 t
00180 ARG03A0073_003 f 0.00  0.000     0  0.00  0  0   1.846  -3.377   0.864  -0.024   1.333   0.000 03O000M000 t
00181 ARG+1A0073_004 f 0.00  1.000     0 12.50  0  1   1.806  -3.378   0.864  -0.101   1.044   0.000 +1O000M000 t
00182 ASN01A0074_001 f 0.00  0.000     0  0.00  0  0   0.203  -4.273   0.552  -2.355   2.221   0.000 01O000M000 t
00183 ASN01A0074_002 f 0.00  0.000     0  0.00  0  0   0.026  -1.850   0.547   3.249   1.978   0.000 01R001M000 t
00184 LEU01A0075_001 f 0.00  0.000     0  0.00  0  0   1.504  -2.014   0.407   0.000   0.000   0.000 01O000M000 t
00185 CYD01A0076_001 f 0.00  0.000     0  0.00  0  0   0.000  -1.267   0.000   0.000   0.000   0.000 01O000M000 t
00186 ASN01A0077_001 f 0.00  0.000     0  0.00  0  0   0.329   2.130   0.789  -0.012   0.069   0.000 01O000M000 t
00187 ILE01A0078_001 f 0.00  0.000     0  0.00  0  0   2.424  -2.693   0.582   0.000   0.000   0.000 01O000M000 t
00188 PRO01A0079_001 f 0.00  0.000     0  0.00  0  0   0.178  -1.832   0.000   0.000   0.000   0.000 01O000M000 t
00189 CYD01A0080_001 f 0.00  0.000     0  0.00  0  0   0.000  -3.826   0.000   0.000   0.000   0.000 01O000M000 t
00190 SER01A0081_001 f 0.00  0.000     0  0.00  0  0   0.000  -0.742   0.384   0.246   0.697   0.000 01O000M000 t
00191 ALA01A0082_001 f 0.00  0.000     0  0.00  0  0   0.000  -1.087   0.000   0.000   0.000   0.000 01O000M000 t
00192 LEU01A0083_001 f 0.00  0.000     0  0.00  0  0   1.902  -5.172   0.425   0.000   0.000   0.000 01O000M000 t
00193 LEU01A0084_001 f 0.00  0.000     0  0.00  0  0   1.766  -6.023   0.408   0.000   0.000   0.000 01O000M000 t
00194 SER01A0085_001 f 0.00  0.000     0  0.00  0  0   0.000   0.640   0.377  -0.163   1.640   0.000 01O000M000 t
00195 SER01A0085_002 f 0.00  0.000     0  0.00  0  0   0.000   0.640   0.377  -2.720   1.617   0.000 01O000M000 t
00196 SER01A0086_001 f 0.00  0.000     0  0.00  0  0   0.000  -0.492   0.551  -0.216   1.139   0.000 01O000M000 t
00197 SER01A0086_002 f 0.00  0.000     0  0.00  0  0   0.000  -0.492   0.551  -0.073   0.343   0.000 01O000M000 t
00198 ASP01A0087_001 f 0.00  0.000     0  0.00  0  0   0.818  -2.374   3.569   1.016   0.038   0.000 01O000M000 t
00199 ASP01A0087_002 f 0.00  0.000     0  0.00  0  0   0.818  -2.374   0.849   0.776   1.155   0.000 01O000M000 t
00200 ASP02A0087_003 f 0.00  0.000     0  0.00  0  0   1.074  -2.568   3.569   0.053  -0.078   0.000 02O000M000 t
00201 ASP02A0087_004 f 0.00  0.000     0  0.00  0  0   1.074  -2.568   0.849   0.153   1.162   0.000 02O000M000 t
00202 ASP-1A0087_005 f 0.00 -1.000     0  4.75  0 -1   0.799  -2.496   0.849  -2.426   1.813  -0.850 -1O000M000 t
00203 ILE01A0088_001 f 0.00  0.000     0  0.00  0  0   1.604  -1.822   0.570   0.000   0.000   0.000 01O000M000 t
00204 THR01A0089_001 f 0.00  0.000     0  0.00  0  0   0.316   0.275   0.476  -0.416   1.128   0.000 01O000M000 t
00205 THR01A0089_002 f 0.00  0.000     0  0.00  0  0   0.316   0.275   0.476   0.610   1.167   0.000 01O000M000 t
00206 THR01A0089_003 f 0.00  0.000     0  0.00  0  0   0.316   0.275   0.101  -0.921   0.574   0.000 01O000M000 t
00207 ALA01A0090_001 f 0.00  0.000     0  0.00  0  0   0.000  -1.321   0.000   0.000   0.000   0.000 01O000M000 t
00208 SER01A0091_001 f 0.00  0.000     0  0.00  0  0   0.000  -3.108   0.584  -0.200   1.973   0.000 01O000M000 t
00209 SER01A0091_002 f 0.00  0.000     0  0.00  0  0   0.000   1.958   0.836   0.286   1.646   0.000 01H001M000 t
00210 SER01A0091_003 f 0.00  0.000     0  0.00  0  0   0.000  -3.108   0.584  -0.303   1.971   0.000 01O000M000 t
00211 SER01A0091_004 f 0.00  0.000     0  0.00  0  0   0.000  -3.108   0.209  -0.332   1.980   0.000 01O000M000 t
00212 SER01A0091_005 f 0.00  0.000     0  0.00  0  0   0.000  -2.284   0.426  -0.327   1.813   0.000 01H002M000 t
00213 VAL01A0092_001 f 0.00  0.000     0  0.00  0  0   0.602  -1.281   0.275   0.000   0.000   0.000 01O000M000 t
00214 ASN01A0093_001 f 0.00  0.000     0  0.00  0  0   0.262  -2.592   0.472   0.217   0.585   0.000 01O000M000 t
00215 ASN01A0093_002 f 0.00  0.000     0  0.00  0  0   0.070  -1.382   0.488   0.336   0.682   0.000 01R001M000 t
00216 CYD01A0094_001 f 0.00  0.000     0  0.00  0  0   0.000  -3.681   0.000   0.000   0.000   0.000 01O000M000 t
00217 ALA01A0095_001 f 0.00  0.000     0  0.00  0  0   0.000  -1.626   0.000   0.000   0.000   0.000 01O000M000 t
00218 LYS01A0096_001 f 0.00  0.000     0  0.00  0  0   0.938  -4.161   1.150   0.128   0.249   0.000 01O000M000 t
00219 LYS+1A0096_002 f 0.00  1.000     0 10.40  0  1   0.888  -4.137   1.150  -1.947   1.969   0.400 +1O000M000 t
00220 LYS01A0097_001 f 0.00  0.000     0  0.00  0  0   1.002  -3.876   1.377   0.014  -0.050   0.000 01O000M000 t
00221 LYS+1A0097_002 f 0.00  1.000     0 10.40  0  1   0.956  -3.884   1.377  -0.349   0.050   0.400 +1O000M000 t
00222 ILE01A0098_001 f 0.00  0.000     0  0.00  0  0   1.555  -2.781   0.561   0.000   0.000   0.000 01O000M000 t
00223 VAL01A0099_001 f 0.00  0.000     0  0.00  0  0   0.449   1.064   0.076   0.000   0.000   0.000 01O000M000 t
00224 SER01A0100_001 f 0.00  0.000     0  0.00  0  0   0.000  -1.842   0.552   0.042   0.418   0.000 01O000M000 t
00225 SER01A0100_002 f 0.00  0.000     0  0.00  0  0   0.000  -1.842   0.552  -1.138   1.380   0.000 01O000M000 t
00226 SER01A0100_003 f 0.00  0.000     0  0.00  0  0   0.000  -1.842   0.177  -0.076   0.286   0.000 01O000M000 t
00227 ASP01A0101_001 f 0.00  0.000     0  0.00  0  0   0.095   2.862   4.091   0.347   0.329   0.000 01O000M000 t
00228 ASP01A0101_002 f 0.00  0.000     0  0.00  0  0   0.095   2.862   1.371   0.087   0.886   0.000 01O000M000 t
00229 ASP02A0101_003 f 0.00  0.000     0  0.00  0  0   0.173   1.847   4.091   0.139   1.134   0.000 02O000M000 t
00230 ASP02A0101_004 f 0.00  0.000     0  0.00  0  0   0.173   1.847   1.371   0.055   0.979   0.000 02O000M000 t
00231 ASP-1A0101_005 f 0.00 -1.000     0  4.75  0 -1   0.091   1.912   1.371   0.218   2.343  -0.850 -1O000M000 t
00232 ASN01A0103_001 f 0.00  0.000     0  0.00  0  0   0.394  -2.438   1.064  -1.003   1.074   0.000 01O000M000 t
00233 ASN01A0103_002 f 0.00  0.000     0  0.00  0  0   0.430  -2.282   1.004   0.635   0.988   0.000 01R001M000 t
00234 MET01A0105_001 f 0.00  0.000     0  0.00  0  0   0.404  -3.587   1.107   0.052   0.097   0.000 01O000M000 t
00235 ASN01A0106_001 f 0.00  0.000     0  0.00  0  0   0.335  -1.564   0.915   0.350   1.054   0.000 01O000M000 t
00236 ASN01A0106_002 f 0.00  0.000     0  0.00  0  0   0.611  -1.798   1.081   0.231   0.870   0.000 01R001M000 t
00237 ALA01A0107_001 f 0.00  0.000     0  0.00  0  0   0.000  -1.246   0.000   0.000   0.000   0.000 01O000M000 t
00238 TRP01A0108_001 f 0.00  0.000     0  0.00  0  0   3.153  -9.032   0.337   0.000   0.000   0.000 01O000M000 t
00239 VAL01A0109_001 f 0.00  0.000     0  0.00  0  0   0.655   0.527   0.064   0.000   0.000   0.000 01O000M000 t
00240 ALA01A0110_001 f 0.00  0.000     0  0.00  0  0   0.000  -2.154   0.000   0.000   0.000   0.000 01O000M000 t
00241 TRP01A0111_001 f 0.00  0.000     0  0.00  0  0   3.073 -12.189   0.000   0.000   0.000   0.000 01O000M000 t
00242 ARG01A0112_001 f 0.00  0.000     0  0.00  0  0   2.124  -5.353   2.396  -0.558   1.595   0.000 01O000M000 t
00243 ARG02A0112_002 f 0.00  0.000     0  0.00  0  0   2.107  -5.429   2.396  -0.979   2.089   0.000 02O000M000 t
00244 ARG03A0112_003 f 0.00  0.000     0  0.00  0  0   2.050  -5.413   2.396  -0.964   2.304   0.000 03O000M000 t
00245 ARG03A0112_004 f 0.00  0.000     0  0.00  0  0   2.056  -5.377   2.396   0.259   1.809   0.000 03O000M000 t
00246 ARG+1A0112_005 f 0.00  1.000     0 12.50  0  1   2.010  -5.436   2.396  -1.076   3.077   0.000 +1O000M000 t
00247 ASN01A0113_001 f 0.00  0.000     0  0.00  0  0   0.189  -2.902   0.449   0.187   0.306   0.000 01O000M000 t
00248 ASN01A0113_002 f 0.00  0.000     0  0.00  0  0   0.022  -2.412   0.461   0.246   0.180   0.000 01R001M000 t
00249 ARG01A0114_001 f 0.00  0.000     0  0.00  0  0   2.806  -1.608   0.769   0.039   0.490   0.000 01O000M000 t
00250 ARG02A0114_002 f 0.00  0.000     0  0.00  0  0   2.791  -1.619   0.769  -0.009   1.466   0.000 02O000M000 t
00251 ARG03A0114_003 f 0.00  0.000     0  0.00  0  0   2.734  -1.626   0.769  -0.011   1.494   0.000 03O000M000 t
00252 ARG+1A0114_004 f 0.00  1.000     0 12.50  0  1   2.695  -1.627   0.769  -0.096   0.360   0.000 +1O000M000 t
00253 CYD01A0115_001 f 0.00  0.000     0  0.00  0  0   0.000  -4.153   0.000   0.000   0.000   0.000 01O000M000 t
00254 LYS01A0116_001 f 0.00  0.000     0  0.00  0  0   2.123  -3.517   0.936  -0.051   0.208   0.000 01O000M000 t
00255 LYS+1A0116_002 f 0.00  1.000     0 10.40  0  1   2.072  -3.522   0.936   0.114   0.800   0.400 +1O000M000 t
00256 THR01A0118_001 f 0.00  0.000     0  0.00  0  0   0.174  -1.349   0.788  -2.108   1.541   0.000 01O000M000 t
00257 THR01A0118_002 f 0.00  0.000     0  0.00  0  0   0.174  -1.349   0.787   0.870   1.089   0.000 01O000M000 t
00258 ASP01A0119_001 f 0.00  0.000     0  0.00  0  0   0.083   2.835   3.043   1.356   0.459   0.000 01O000M000 t
00259 ASP01A0119_002 f 0.00  0.000     0  0.00  0  0   0.083   2.835   0.323   0.345   1.095   0.000 01O000M000 t
00260 ASP02A0119_003 f 0.00  0.000     0  0.00  0  0   0.147   1.731   3.043  -0.782   0.110   0.000 02O000M000 t
00261 ASP02A0119_004 f 0.00  0.000     0  0.00  0  0   0.147   1.731   0.323  -0.590   1.601   0.000 02O000M000 t
00262 ASP-1A0119_005 f 0.00 -1.000     0  4.75  0 -1   0.074   1.796   0.323  -2.195   2.799  -0.850 -1O000M000 t
00263 VAL01A0120_001 f 0.00  0.000     0  0.00  0  0   0.539  -3.712   0.078   0.000   0.000   0.000 01O000M000 t
00264 GLN01A0121_001 f 0.00  0.000     0  0.00  0  0   0.959   0.970   1.159   0.064   0.080   0.000 01O000M000 t
00265 GLN01A0121_002 f 0.00  0.000     0  0.00  0  0   0.749   0.991   1.161   0.158  -0.226   0.000 01R001M000 t
00266 ALA01A0122_001 f 0.00  0.000     0  0.00  0  0   0.000  -0.991   0.000   0.000   0.000   0.000 01O000M000 t
00267 TRP01A0123_001 f 0.00  0.000     0  0.00  0  0   2.972  -8.090   0.246   0.000   0.000   0.000 01O000M000 t
00268 ILE01A0124_001 f 0.00  0.000     0  0.00  0  0   2.445  -2.796   0.516   0.000   0.000   0.000 01O000M000 t
00269 ARG01A0125_001 f 0.00  0.000     0  0.00  0  0   2.042  -4.804   0.797  -0.133   1.203   0.000 01O000M000 t
00270 ARG02A0125_002 f 0.00  0.000     0  0.00  0  0   2.042  -4.810   0.797  -0.012   1.888   0.000 02O000M000 t
00271 ARG03A0125_003 f 0.00  0.000     0  0.00  0  0   1.978  -4.792   0.797  -0.242   1.818   0.000 03O000M000 t
00272 ARG03A0125_004 f 0.00  0.000     0  0.00  0  0   1.986  -4.796   0.797  -0.186   1.748   0.000 03O000M000 t
00273 ARG+1A0125_005 f 0.00  1.000     0 12.50  0  1   1.938  -4.821   0.797   0.363   1.216   0.000 +1O000M000 t
00274 CYD01A0127_001 f 0.00  0.000     0  0.00  0  0   0.000  -3.388   0.000   0.000   0.000   0.000 01O000M000 t
00275 ARG01A0128_001 f 0.00  0.000     0  0.00  0  0   0.315   1.205   5.594   0.024   0.175   0.000 01O000M000 t
00276 ARG02A0128_002 f 0.00  0.000     0  0.00  0  0   0.430   1.205   5.594   0.023  -0.270   0.000 02O000M000 t
00277 ARG03A0128_003 f 0.00  0.000     0  0.00  0  0   0.422   1.203   5.594   0.020   0.798   0.000 03O000M000 t
00278 ARG+1A0128_004 f 0.00  1.000     0 12.50  0  1   0.371   1.203   5.594   0.141  -0.702   0.000 +1O000M000 t
00279 LEU01A0129_001 f 0.00  0.000     0  0.00  0  0   1.640   1.390   1.829   0.000   0.000   0.000 01O000M000 t
00280 CTR01A0129_001 f 0.00  0.000     0  0.00  0  0  -0.025   0.973   2.720  -0.227   0.356   0.000 01O000M000 t
00281 CTR01A0129_002 f 0.00  0.000     0  0.00  0  0   0.152  -0.356   0.000  -0.078  -0.465   0.000 01O000M000 t
00282 CTR02A0129_003 f 0.00  0.000     0  0.00  0  0  -0.025  -0.141   2.720   0.038  -1.053   0.000 02O000M000 t
00283 CTR02A0129_004 f 0.00  0.000     0  0.00  0  0   0.167  -0.330   0.000  -0.028  -0.388   0.000 02O000M000 t
00284 CTR-1A0129_005 f 0.00 -1.000     0  3.75  0 -1   0.000  -0.276   0.000  -0.113   1.598   0.000 -1O000M000 t
00285 HOH01A1001_001 f 0.00  0.000     0  0.00  0  0   0.000  -0.906   0.000  -2.405   2.248   0.000 01O000M000 t
00286 HOH01A1001_002 f 0.00  0.000     0  0.00  0  0   0.000  -0.906   0.000  -2.308   2.251   0.000 01O000H001 t
00287 HOH01A1001_003 f 0.00  0.000     0  0.00  0  0   0.000  -0.906   0.000   3.145   2.253   0.000 01O000H025 t
00288 HOHDMA1001_004 f 0.00  0.000     0  0.00  0  0   0.000   0.000   0.000   0.000   0.000   0.000         DM d
00289 HOH01A1002_001 f 0.00  0.000     0  0.00  0  0   0.000  -0.983   0.000  -0.408   1.646   0.000 01O000M000 t
00290 HOH01A1002_002 f 0.00  0.000     0  0.00  0  0   0.000  -0.983   0.000  -0.716   1.699   0.000 01O000M000 t
00291 HOH01A1002_003 f 0.00  0.000     0  0.00  0  0   0.000  -0.983   0.000   0.604   1.777   0.000 01O000M000 t
00292 HOH01A1002_004 f 0.00  0.000     0  0.00  0  0   0.000  -0.983   0.000   0.329   1.609   0.000 01O000H012 t
00293 HOH01A1002_005 f 0.00  0.000     0  0.00  0  0   0.000  -0.983   0.000  -0.659   1.810   0.000 01O000H038 t
00294 HOH01A1002_006 f 0.00  0.000     0  0.00  0  0   0.000  -0.983   0.000  -0.369   1.879   0.000 01O000H078 t
00295 HOH01A1002_007 f 0.00  0.000     0  0.00  0  0   0.000  -0.983   0.000  -0.600   1.801   0.000 01O000H085 t
00296 HOH01A1002_008 f 0.00  0.000     0  0.00  0  0   0.000  -0.983   0.000   0.377   1.771   0.000 01O000H120 t
00297 HOH01A1002_009 f 0.00  0.000     0  0.00  0  0   0.000  -0.983   0.000   0.435   1.762   0.000 01O000H139 t
00298 HOH01A1002_010 f 0.00  0.000     0  0.00  0  0   0.000  -0.983   0.000   0.921   1.698   0.000 01O000H150 t
00299 HOH01A1002_011 f 0.00  0.000     0  0.00  0  0   0.000  -0.983   0.000   1.085   1.818   0.000 01O000H176 t
00300 HOH01A1002_012 f 0.00  0.000     0  0.00  0  0   0.000  -0.983   0.000   1.170   1.824   0.000 01O000H184 t
00301 HOH01A1002_013 f 0.00  0.000     0  0.00  0  0   0.000  -0.983   0.000   0.288   1.878   0.000 01O000H222 t
00302 HOH01A1002_014 f 0.00  0.000     0  0.00  0  0   0.000  -0.983   0.000   0.782   1.924   0.000 01O000H243 t
00303 HOH01A1002_015 f 0.00  0.000     0  0.00  0  0   0.000  -0.983   0.000   0.640   1.864   0.000 01O000H244 t
00304 HOH01A1002_016 f 0.00  0.000     0  0.00  0  0   0.000  -0.983   0.000   0.469   1.760   0.000 01O000H248 t
00305 HOH01A1002_017 f 0.00  0.000     0  0.00  0  0   0.000  -0.983   0.000   0.447   1.761   0.000 01O000H249 t
00306 HOHDMA1002_018 f 0.00  0.000     0  0.00  0  0   0.000   0.000   0.000   0.000   0.000   0.000         DM d
00307 HOH01A1003_001 f 0.00  0.000     0  0.00  0  0   0.000   0.555   0.000  -1.829   2.045   0.000 01O000M000 t
00308 HOH01A1003_002 f 0.00  0.000     0  0.00  0  0   0.000   0.555   0.000  -0.557   1.936   0.000 01O000M000 t
00309 HOH01A1003_003 f 0.00  0.000     0  0.00  0  0   0.000   0.555   0.000  -2.577   1.942   0.000 01O000H113 t
00310 HOH01A1003_004 f 0.00  0.000     0  0.00  0  0   0.000   0.555   0.000  -2.212   2.134   0.000 01O000H140 t
00311 HOH01A1003_005 f 0.00  0.000     0  0.00  0  0   0.000   0.555   0.000  -1.388   2.103   0.000 01O000H157 t
00312 HOHDMA1003_006 f 0.00  0.000     0  0.00  0  0   0.000   0.000   0.000   0.000   0.000   0.000         DM d
00313 HOH01A1004_001 f 0.00  0.000     0  0.00  0  0   0.000   3.395   0.000  -0.338   2.250   0.000 01O000M000 t
00314 HOH01A1004_002 f 0.00  0.000     0  0.00  0  0   0.000   3.395   0.000   4.812   2.244   0.000 01O000M000 t
00315 HOH01A1004_003 f 0.00  0.000     0  0.00  0  0   0.000   3.395   0.000  -1.604   2.249   0.000 01O000H049 t
00316 HOH01A1004_004 f 0.00  0.000     0  0.00  0  0   0.000   3.395   0.000  -2.652   2.250   0.000 01O000H058 t
00317 HOH01A1004_005 f 0.00  0.000     0  0.00  0  0   0.000   3.395   0.000  -2.393   2.251   0.000 01O000H059 t
00318 HOH01A1004_006 f 0.00  0.000     0  0.00  0  0   0.000   3.395   0.000  -0.588   2.251   0.000 01O000H062 t
00319 HOHDMA1004_007 f 0.00  0.000     0  0.00  0  0   0.000   0.000   0.000   0.000   0.000   0.000         DM d
00320 HOH01A1007_001 f 0.00  0.000     0  0.00  0  0   0.000  -2.524   0.000   2.265   2.213   0.000 01O000M000 t
00321 HOH01A1007_002 f 0.00  0.000     0  0.00  0  0   0.000  -2.524   0.000   0.697   2.188   0.000 01O000M000 t
00322 HOH01A1007_003 f 0.00  0.000     0  0.00  0  0   0.000  -2.524   0.000   1.149   2.195   0.000 01O000M000 t
00323 HOH01A1007_004 f 0.00  0.000     0  0.00  0  0   0.000  -2.524   0.000  -1.148   2.196   0.000 01O000M000 t
00324 HOH01A1007_005 f 0.00  0.000     0  0.00  0  0   0.000  -2.524   0.000  -0.855   2.194   0.000 01O000H008 t
00325 HOH01A1007_006 f 0.00  0.000     0  0.00  0  0   0.000  -2.524   0.000  -1.540   2.206   0.000 01O000H016 t
00326 HOH01A1007_007 f 0.00  0.000     0  0.00  0  0   0.000  -2.524   0.000  -1.436   2.201   0.000 01O000H018 t
00327 HOH01A1007_008 f 0.00  0.000     0  0.00  0  0   0.000  -2.524   0.000  -0.961   2.176   0.000 01O000H020 t
00328 HOH01A1007_009 f 0.00  0.000     0  0.00  0  0   0.000  -2.524   0.000  -1.503   2.210   0.000 01O000H033 t
00329 HOH01A1007_010 f 0.00  0.000     0  0.00  0  0   0.000  -2.524   0.000  -1.975   2.227   0.000 01O000H043 t
00330 HOH01A1007_011 f 0.00  0.000     0  0.00  0  0   0.000  -2.524   0.000  -1.817   2.193   0.000 01O000H055 t
00331 HOH01A1007_012 f 0.00  0.000     0  0.00  0  0   0.000  -2.524   0.000  -1.389   2.190   0.000 01O000H058 t
00332 HOH01A1007_013 f 0.00  0.000     0  0.00  0  0   0.000  -2.524   0.000  -0.984   2.195   0.000 01O000H062 t
00333 HOH01A1007_014 f 0.00  0.000     0  0.00  0  0   0.000  -2.524   0.000  -1.164   2.194   0.000 01O000H064 t
00334 HOHDMA1007_015 f 0.00  0.000     0  0.00  0  0   0.000   0.000   0.000   0.000   0.000   0.000         DM d
00335 HOH01A1008_001 f 0.00  0.000     0  0.00  0  0   0.000   0.791   0.000   2.856   2.234   0.000 01O000M000 t
00336 HOH01A1008_002 f 0.00  0.000     0  0.00  0  0   0.000   0.791   0.000  -2.524   2.234   0.000 01O000H039 t
00337 HOH01A1008_003 f 0.00  0.000     0  0.00  0  0   0.000   0.791   0.000  -2.658   2.235   0.000 01O000H046 t
00338 HOH01A1008_004 f 0.00  0.000     0  0.00  0  0   0.000   0.791   0.000  -2.555   2.235   0.000 01O000H052 t
00339 HOH01A1008_005 f 0.00  0.000     0  0.00  0  0   0.000   0.791   0.000  -2.049   2.234   0.000 01O000H123 t
00340 HOHDMA1008_006 f 0.00  0.000     0  0.00  0  0   0.000   0.000   0.000   0.000   0.000   0.000         DM d
00341 HOH01A1015_001 f 0.00  0.000     0  0.00  0  0   0.000  -0.310   0.000   0.879   2.239   0.000 01O000M000 t
00342 HOH01A1015_002 f 0.00  0.000     0  0.00  0  0   0.000  -0.310   0.000   0.794   2.235   0.000 01O000M000 t
00343 HOH01A1015_003 f 0.00  0.000     0  0.00  0  0   0.000  -0.310   0.000  -2.095   2.226   0.000 01O000M000 t
00344 HOH01A1015_004 f 0.00  0.000     0  0.00  0  0   0.000  -0.310   0.000   1.037   2.242   0.000 01O000H004 t
00345 HOH01A1015_005 f 0.00  0.000     0  0.00  0  0   0.000  -0.310   0.000   0.401   2.239   0.000 01O000H006 t
00346 HOH01A1015_006 f 0.00  0.000     0  0.00  0  0   0.000  -0.310   0.000   0.743   2.242   0.000 01O000H007 t
00347 HOH01A1015_007 f 0.00  0.000     0  0.00  0  0   0.000  -0.310   0.000   0.174   2.237   0.000 01O000H009 t
00348 HOH01A1015_008 f 0.00  0.000     0  0.00  0  0   0.000  -0.310   0.000   0.338   2.240   0.000 01O000H010 t
00349 HOH01A1015_009 f 0.00  0.000     0  0.00  0  0   0.000  -0.310   0.000   0.663   2.243   0.000 01O000H011 t
00350 HOH01A1015_010 f 0.00  0.000     0  0.00  0  0   0.000  -0.310   0.000  -0.418   2.238   0.000 01O000H013 t
00351 HOH01A1015_011 f 0.00  0.000     0  0.00  0  0   0.000  -0.310   0.000  -1.516   2.235   0.000 01O000H018 t
00352 HOH01A1015_012 f 0.00  0.000     0  0.00  0  0   0.000  -0.310   0.000  -0.748   2.239   0.000 01O000H020 t
00353 HOH01A1015_013 f 0.00  0.000     0  0.00  0  0   0.000  -0.310   0.000  -1.285   2.234   0.000 01O000H026 t
00354 HOH01A1015_014 f 0.00  0.000     0  0.00  0  0   0.000  -0.310   0.000  -1.546   2.236   0.000 01O000H028 t
00355 HOH01A1015_015 f 0.00  0.000     0  0.00  0  0   0.000  -0.310   0.000  -1.568   2.242   0.000 01O000H072 t
00356 HOHDMA1015_016 f 0.00  0.000     0  0.00  0  0   0.000   0.000   0.000   0.000   0.000   0.000         DM d
00357 HOH01A1016_001 f 0.00  0.000     0  0.00  0  0   0.000  -0.651   0.000  -1.104   1.656   0.000 01O000M000 t
00358 HOH01A1016_002 f 0.00  0.000     0  0.00  0  0   0.000  -0.651   0.000  -0.658   1.745   0.000 01O000H008 t
00359 HOH01A1016_003 f 0.00  0.000     0  0.00  0  0   0.000  -0.651   0.000  -0.019   1.352   0.000 01O000H041 t
00360 HOH01A1016_004 f 0.00  0.000     0  0.00  0  0   0.000  -0.651   0.000   1.023   1.731   0.000 01O000H086 t
00361 HOHDMA1016_005 f 0.00  0.000     0  0.00  0  0   0.000   0.000   0.000   0.000   0.000   0.000         DM d
00362 HOH01A1073_001 f 0.00  0.000     0  0.00  0  0   0.000  -0.292   0.000   0.063   1.459   0.000 01O000M000 t
00363 HOH01A1073_002 f 0.00  0.000     0  0.00  0  0   0.000  -0.292   0.000   0.104   1.031   0.000 01O000M000 t
00364 HOH01A1073_003 f 0.00  0.000     0  0.00  0  0   0.000  -0.292   0.000  -0.168   1.338   0.000 01O000M000 t
00365 HOH01A1073_004 f 0.00  0.000     0  0.00  0  0   0.000  -0.292   0.000  -0.125   1.519   0.000 01O000M000 t
00366 HOH01A1073_005 f 0.00  0.000     0  0.00  0  0   0.000  -0.292   0.000  -0.022   1.472   0.000 01O000M000 t
00367 HOH01A1073_006 f 0.00  0.000     0  0.00  0  0   0.000  -0.292   0.000  -0.237   1.274   0.000 01O000M000 t
00368 HOH01A1073_007 f 0.00  0.000     0  0.00  0  0   0.000  -0.292   0.000   0.185   1.611   0.000 01O000H004 t
00369 HOH01A1073_008 f 0.00  0.000     0  0.00  0  0   0.000  -0.292   0.000   0.247   1.791   0.000 01O000H008 t
00370 HOH01A1073_009 f 0.00  0.000     0  0.00  0  0   0.000  -0.292   0.000  -0.003   1.665   0.000 01O000H012 t
00371 HOH01A1073_010 f 0.00  0.000     0  0.00  0  0   0.000  -0.292   0.000   0.083   1.539   0.000 01O000H013 t
00372 HOH01A1073_011 f 0.00  0.000     0  0.00  0  0   0.000  -0.292   0.000   0.225   1.735   0.000 01O000H021 t
00373 HOH01A1073_012 f 0.00  0.000     0  0.00  0  0   0.000  -0.292   0.000   0.253   1.747   0.000 01O000H026 t
00374 HOH01A1073_013 f 0.00  0.000     0  0.00  0  0   0.000  -0.292   0.000   0.044   1.532   0.000 01O000H030 t
00375 HOH01A1073_014 f 0.00  0.000     0  0.00  0  0   0.000  -0.292   0.000  -0.262   1.533   0.000 01O000H032 t
00376 HOH01A1073_015 f 0.00  0.000     0  0.00  0  0   0.000  -0.292   0.000  -0.116   1.299   0.000 01O000H035 t
00377 HOHDMA1073_016 f 0.00  0.000     0  0.00  0  0   0.000   0.000   0.000   0.000   0.000   0.000         DM d
