CONFORMER         crg  vdw0  vdw1  tors  epol  self   occ  Hb     history    ASA
NTR01A0001_001  0.000 -1.82 -0.40  2.80  0.00  0.59 1.000  00  01O000M000  0.490
NTR+1A0001_002  1.000 -1.82 -0.46  0.00  0.00 -2.28 1.000  00  +1O000M000  0.490
LYS01A0001_001  0.000 -5.88 -3.17  1.01  0.00 -8.04 1.000  00  01O000M000  0.885
LYS+1A0001_002  1.000 -5.93 -3.17  1.01  0.00 -8.09 1.000  00  +1O000M000  0.885
VAL01A0002_001  0.000 -4.65 -0.98  0.02  0.00 -5.61 1.000  00  01O000M000  0.947
PHE01A0003_001  0.000 -1.00 -6.69  1.06  0.00 -6.63 1.000  00  01O000M000  0.777
ARG01A0005_001  0.000 -5.49 -5.44  1.57  0.00 -9.36 1.000  00  01O000M000  0.849
ARG02A0005_002  0.000 -5.52 -5.34  1.57  0.00 -9.30 1.000  00  02O000M000  0.849
ARG02A0005_003  0.000 -5.44 -5.34  1.57  0.00 -9.21 1.000  00  02O000M000  0.849
ARG03A0005_004  0.000 -5.53 -5.36  1.57  0.00 -9.32 1.000  00  03O000M000  0.849
ARG+1A0005_005  1.000 -5.57 -5.45  1.57  0.00 -9.45 1.000  00  +1O000M000  0.849
CYD01A0006_001  0.000 -2.67 -2.51  0.00  0.00 -5.18 1.000  00  01O000M000  0.746
GLU01A0007_001  0.000 -1.08 -1.29  3.67  0.00  1.29 1.000  00  01O000M000  0.828
GLU01A0007_002  0.000 -1.08 -1.29  0.95  0.00 -1.43 1.000  00  01O000M000  0.828
GLU02A0007_003  0.000 -1.32 -2.05  3.67  0.00  0.30 1.000  00  02O000M000  0.846
GLU02A0007_004  0.000 -1.32 -2.05  0.95  0.00 -2.42 1.000  00  02O000M000  0.846
GLU-1A0007_005 -1.000 -1.34 -2.00  0.95  0.00 -2.40 1.000  00  -1O000M000  0.837
LEU01A0008_001  0.000 -3.14 -3.40  0.50  0.00 -6.05 1.000  00  01O000M000  0.706
ALA01A0009_001  0.000 -1.39 -1.84  0.00  0.00 -3.23 1.000  00  01O000M000  0.553
ALA01A0010_001  0.000 -2.25 -1.88  0.00  0.00 -4.13 1.000  00  01O000M000  0.887
ALA01A0011_001  0.000 -2.13 -1.53  0.00  0.00 -3.66 1.000  00  01O000M000  0.845
MET01A0012_001  0.000 -4.83 -6.24  1.05  0.00-10.01 1.000  00  01O000M000  0.740
LYS01A0013_001  0.000 -4.82 -3.43  1.89  0.00 -6.36 1.000  00  01O000M000  0.827
LYS+1A0013_002  1.000 -4.86 -3.44  1.89  0.00 -6.41 1.000  00  +1O000M000  0.827
ARG01A0014_001  0.000 -5.44 -5.26  1.27  0.00 -9.43 1.000  00  01O000M000  0.930
ARG02A0014_002  0.000 -5.48 -5.26  1.27  0.00 -9.46 1.000  00  02O000M000  0.930
ARG03A0014_003  0.000 -5.48 -5.25  1.27  0.00 -9.46 1.000  00  03O000M000  0.930
ARG+1A0014_004  1.000 -5.52 -5.28  1.27  0.00 -9.53 1.000  00  +1O000M000  0.930
HIS01A0015_001  0.000 -5.20 -4.01  0.26  0.00 -8.95 0.746  00  01O000M000  0.841
HIS01A0015_002  0.000 -5.11 -3.95  0.26  0.00 -8.80 0.754  00  01H001M000  0.797
HIS02A0015_003  0.000 -5.22 -3.97  0.26  0.00 -8.93 0.746  00  02O000M000  0.841
HIS02A0015_004  0.000 -5.12 -4.05  0.26  0.00 -8.91 0.754  00  02H001M000  0.797
HIS+1A0015_005  1.000 -5.25 -4.01  0.26  0.00 -9.00 0.746  00  +1O000M000  0.841
HIS+1A0015_006  1.000 -5.15 -4.12  0.26  0.00 -9.01 0.754  00  +1H001M000  0.797
LEU01A0017_001  0.000 -2.67 -3.49  0.73  0.00 -5.43 1.000  00  01O000M000  0.691
ASP01A0018_001  0.000 -1.81 -1.69  3.06  0.00 -0.44 1.000  00  01O000M000  0.753
ASP01A0018_002  0.000 -1.81 -1.69  0.34  0.00 -3.16 1.000  00  01O000M000  0.753
ASP02A0018_003  0.000 -1.72 -2.19  3.06  0.00 -0.85 1.000  00  02O000M000  0.755
ASP02A0018_004  0.000 -1.72 -2.19  0.34  0.00 -3.57 1.000  00  02O000M000  0.755
ASP-1A0018_005 -1.000 -1.76 -2.13  0.34  0.00 -3.55 1.000  00  -1O000M000  0.766
ASN01A0019_001  0.000 -2.17  1.46  1.11  0.00  0.40 1.000  00  01O000M000  0.936
TYR01A0020_001  0.000 -0.96 -7.27  0.00  0.00 -8.22 1.000  00  01O000M000  0.776
TYR01A0020_002  0.000 -0.96 -7.27  0.00  0.00 -8.22 1.000  00  01O000M000  0.776
TYR-1A0020_003 -1.000 -0.96 -7.27  0.00  0.00 -8.22 1.000  00  -1O000M000  0.776
ARG01A0021_001  0.000 -5.30 -0.67  1.15  0.00 -4.82 1.000  00  01O000M000  0.898
ARG02A0021_002  0.000 -5.24 -0.66  1.15  0.00 -4.75 1.000  00  02O000M000  0.898
ARG03A0021_003  0.000 -5.34 -0.68  1.15  0.00 -4.86 1.000  00  03O000M000  0.898
ARG+1A0021_004  1.000 -5.38 -0.69  1.15  0.00 -4.91 1.000  00  +1O000M000  0.898
TYR01A0023_001  0.000 -2.02 -7.11  0.12  0.00 -9.01 1.000  00  01O000M000  0.823
TYR-1A0023_002 -1.000 -2.02 -7.11  0.12  0.00 -9.01 1.000  00  -1O000M000  0.823
SER01A0024_001  0.000 -2.75 -1.35  0.39  0.00 -3.70 0.583  00  01O000M000  0.948
SER01A0024_002  0.000 -2.75 -1.35  0.02  0.00 -4.08 0.583  00  01O000M000  0.948
SER01A0024_003  0.000 -2.68  1.77  2.80  0.00  1.89 0.588  00  01H001M000  0.948
LEU01A0025_001  0.000 -2.82 -5.66  0.63  0.00 -7.85 1.000  00  01O000M000  0.713
ASN01A0027_001  0.000 -0.80 -3.32  1.47  0.00 -2.65 0.810  00  01O000M000  0.496
ASN01A0027_002  0.000 -0.87 -3.03  1.42  0.00 -2.47 0.690  00  01R001M000  0.462
TRP01A0028_001  0.000 -3.68-10.59  0.00  0.00-14.27 1.000  00  01O000M000  0.726
VAL01A0029_001  0.000 -3.35 -3.68  0.02  0.00 -7.01 1.000  00  01O000M000  0.768
CYD01A0030_001  0.000 -2.05 -3.98  0.00  0.00 -6.03 1.000  00  01O000M000  0.576
ALA01A0031_001  0.000 -2.07 -1.98  0.00  0.00 -4.05 1.000  00  01O000M000  0.818
ALA01A0032_001  0.000 -1.69 -2.11  0.00  0.00 -3.80 1.000  00  01O000M000  0.673
LYS01A0033_001  0.000 -4.89 -2.30  1.08  0.00 -6.11 1.000  00  01O000M000  0.785
LYS+1A0033_002  1.000 -4.94 -2.31  1.08  0.00 -6.17 1.000  00  +1O000M000  0.785
PHE01A0034_001  0.000 -1.16 -5.07  0.11  0.00 -6.12 1.000  00  01O000M000  0.803
GLU01A0035_001  0.000  0.59 -6.41  3.29  0.00 -2.52 1.000  00  01O000M000  0.533
GLU01A0035_002  0.000  0.59 -6.41  0.57  0.00 -5.24 1.000  00  01O000M000  0.533
GLU02A0035_003  0.000  0.14 -6.50  3.29  0.00 -3.07 1.000  00  02O000M000  0.536
GLU02A0035_004  0.000  0.14 -6.50  0.57  0.00 -5.79 1.000  00  02O000M000  0.536
GLU-1A0035_005 -1.000  0.13 -6.49  0.57  0.00 -5.79 1.000  00  -1O000M000  0.538
SER01A0036_001  0.000 -1.53 -2.86  0.45  0.00 -3.93 0.665  00  01O000M000  0.554
ASN01A0037_001  0.000 -2.01  1.91  1.86  0.00  1.75 0.749  00  01O000M000  0.925
ASN01A0037_002  0.000 -2.17  3.79  2.12  0.00  3.74 0.751  00  01H001M000  0.885
PHE01A0038_001  0.000  0.02 -6.50  0.02  0.00 -6.46 1.000  00  01O000M000  0.717
ASN01A0039_001  0.000 -1.45 -2.90  0.27  0.00 -4.08 0.750  00  01O000M000  0.622
ASN01A0039_002  0.000 -1.61 -0.69  0.27  0.00 -2.04 0.750  00  01R001M000  0.609
THR01A0040_001  0.000 -2.31 -4.21  0.42  0.00 -6.10 0.663  00  01O000M000  0.597
THR01A0040_002  0.000 -2.31 -4.21  0.42  0.00 -6.10 0.663  00  01O000M000  0.597
THR01A0040_003  0.000 -2.31 -4.21  0.04  0.00 -6.47 0.663  00  01O000M000  0.597
GLN01A0041_001  0.000 -2.65 -0.38  1.66  0.00 -1.38 0.756  00  01O000M000  1.018
GLN01A0041_002  0.000 -2.78 -0.36  1.54  0.00 -1.60 0.744  00  01R001M000  1.043
ALA01A0042_001  0.000 -1.99 -2.22  0.00  0.00 -4.20 1.000  00  01O000M000  0.802
THR01A0043_001  0.000 -3.64 -1.85  0.38  0.00 -5.11 0.663  00  01O000M000  0.883
THR01A0043_002  0.000 -3.64 -1.85  0.00  0.00 -5.49 0.663  00  01O000M000  0.883
ASN01A0044_001  0.000 -1.32 -2.57  0.61  0.00 -3.28 0.633  00  01O000M000  0.763
ASN01A0044_002  0.000 -1.73 -2.07  0.88  0.00 -2.92 0.808  00  01R001M000  0.775
ARG01A0045_001  0.000 -6.81 -1.27  0.90  0.00 -7.18 1.000  00  01O000M000  0.941
ARG02A0045_002  0.000 -6.74 -1.27  0.90  0.00 -7.10 1.000  00  02O000M000  0.941
ARG03A0045_003  0.000 -6.83 -1.27  0.90  0.00 -7.20 1.000  00  03O000M000  0.941
ARG+1A0045_004  1.000 -6.87 -1.28  0.90  0.00 -7.24 1.000  00  +1O000M000  0.941
ASN01A0046_001  0.000 -0.96 -4.05  0.77  0.00 -4.25 0.477  00  01O000M000  0.510
ASN01A0046_002  0.000 -1.28 -3.44  0.85  0.00 -3.87 0.630  00  01R001M000  0.570
ASN01A0046_003  0.000 -1.22 -3.55  0.60  0.00 -4.17 0.481  00  01H002M000  0.584
ASN01A0046_004  0.000 -0.58 -4.03  0.68  0.00 -3.93 0.654  00  01H003M000  0.502
THR01A0047_001  0.000 -4.25  0.77  0.45  0.00 -3.03 0.662  00  01O000M000  1.000
ASP01A0048_001  0.000 -1.44  0.90  2.91  0.00  2.37 0.843  00  01O000M000  0.604
ASP01A0048_002  0.000 -1.23  0.34  3.50  0.00  2.61 0.657  00  01H001M000  0.623
ASP01A0048_003  0.000 -1.44  0.90  0.19  0.00 -0.35 0.843  00  01O000M000  0.604
ASP01A0048_004  0.000 -1.23  0.34  0.78  0.00 -0.11 0.657  00  01H001M000  0.623
ASP02A0048_005  0.000 -1.38 -0.22  2.91  0.00  1.31 0.843  00  02O000M000  0.619
ASP02A0048_006  0.000 -1.26  1.58  3.50  0.00  3.82 0.657  00  02H001M000  0.611
ASP02A0048_007  0.000 -1.38 -0.22  0.19  0.00 -1.41 0.843  00  02O000M000  0.619
ASP02A0048_008  0.000 -1.26  1.58  0.78  0.00  1.10 0.657  00  02H001M000  0.611
ASP-1A0048_009 -1.000 -1.38 -0.15  0.19  0.00 -1.35 0.843  00  -1O000M000  0.605
ASP-1A0048_010 -1.000 -1.25  0.41  0.78  0.00 -0.06 0.657  00  -1H001M000  0.610
SER01A0050_001  0.000 -2.02 -1.67  0.74  0.00 -2.96 0.669  00  01O000M000  0.719
SER01A0050_002  0.000 -2.02 -1.67  0.74  0.00 -2.96 0.669  00  01O000M000  0.719
SER01A0050_003  0.000 -2.02 -1.67  0.36  0.00 -3.34 0.669  00  01O000M000  0.719
THR01A0051_001  0.000 -2.23 -3.38  0.38  0.00 -5.24 0.665  00  01O000M000  0.591
THR01A0051_002  0.000 -2.23 -3.38  0.38  0.00 -5.24 0.665  00  01O000M000  0.591
THR01A0051_003  0.000 -2.23 -3.38  0.00  0.00 -5.61 0.665  00  01O000M000  0.591
ASP01A0052_001  0.000 -0.92 -4.43  3.27  0.00 -2.08 0.892  00  01O000M000  0.532
ASP01A0052_002  0.000 -0.70 -3.65  3.65  0.00 -0.70 0.305  00  01H001M000  0.505
ASP01A0052_003  0.000 -0.92 -4.43  0.55  0.00 -4.80 0.892  00  01O000M000  0.532
ASP01A0052_004  0.000 -0.70 -3.65  0.93  0.00 -3.42 0.305  00  01H001M000  0.505
ASP02A0052_005  0.000 -0.80 -4.65  3.27  0.00 -2.18 0.892  00  02O000M000  0.554
ASP02A0052_006  0.000 -0.57 -4.07  3.65  0.00 -0.99 0.305  00  02H001M000  0.507
ASP02A0052_007  0.000 -0.80 -4.65  0.55  0.00 -4.90 0.892  00  02O000M000  0.554
ASP02A0052_008  0.000 -0.57 -4.07  0.93  0.00 -3.71 0.305  00  02H001M000  0.507
ASP-1A0052_009 -1.000 -0.92 -4.56  0.55  0.00 -4.93 0.892  00  -1O000M000  0.544
ASP-1A0052_010 -1.000 -0.69 -3.98  0.93  0.00 -3.73 0.305  00  -1H001M000  0.497
TYR01A0053_001  0.000 -0.72 -9.36  0.10  0.00 -9.98 1.000  00  01O000M000  0.665
TYR01A0053_002  0.000 -0.72 -9.36  0.10  0.00 -9.98 1.000  00  01O000M000  0.665
TYR-1A0053_003 -1.000 -0.72 -9.36  0.10  0.00 -9.98 1.000  00  -1O000M000  0.665
ILE01A0055_001  0.000 -3.23 -5.07  1.25  0.00 -7.05 1.000  00  01O000M000  0.744
LEU01A0056_001  0.000 -3.97 -2.84  0.88  0.00 -5.93 1.000  00  01O000M000  0.879
GLN01A0057_001  0.000 -0.40 -6.77  1.67  0.00 -5.50 0.748  00  01O000M000  0.378
GLN01A0057_002  0.000 -0.46 -7.39  1.70  0.00 -6.15 0.752  00  01R001M000  0.398
ILE01A0058_001  0.000 -3.32 -3.84  0.63  0.00 -6.53 1.000  00  01O000M000  0.756
ASN01A0059_001  0.000 -0.97 -4.50  1.21  0.00 -4.26 0.623  00  01O000M000  0.509
ASN01A0059_002  0.000 -1.00 -3.73  1.21  0.00 -3.52 0.702  00  01R001M000  0.515
ASN01A0059_003  0.000 -1.31 -1.97  0.26  0.00 -3.02 0.621  00  01H002M000  0.574
ASN01A0059_004  0.000 -1.37  0.43  0.26  0.00 -0.68 0.446  00  01H003M000  0.525
SER01A0060_001  0.000 -1.62 -2.05  0.42  0.00 -3.25 0.586  00  01O000M000  0.575
SER01A0060_002  0.000 -1.48 -2.09  0.81  0.00 -2.76 0.548  00  01H001M000  0.538
SER01A0060_003  0.000 -1.62 -2.05  0.42  0.00 -3.25 0.586  00  01O000M000  0.575
SER01A0060_004  0.000 -1.62 -2.05  0.04  0.00 -3.63 0.586  00  01O000M000  0.575
SER01A0060_005  0.000 -1.48 -2.09  0.81  0.00 -2.76 0.548  00  01H001M000  0.538
SER01A0060_006  0.000 -1.48 -2.09  0.44  0.00 -3.14 0.548  00  01H001M000  0.538
ARG01A0061_001  0.000 -5.60 -5.06  0.58  0.00-10.08 1.000  00  01O000M000  0.869
ARG02A0061_002  0.000 -5.57 -5.01  0.58  0.00-10.00 1.000  00  02O000M000  0.869
ARG03A0061_003  0.000 -5.66 -4.99  0.58  0.00-10.06 1.000  00  03O000M000  0.869
ARG03A0061_004  0.000 -5.65 -5.04  0.58  0.00-10.11 1.000  00  03O000M000  0.869
ARG+1A0061_005  1.000 -5.70 -5.07  0.58  0.00-10.19 1.000  00  +1O000M000  0.869
TRP01A0062_001  0.000 -5.47 -1.92  0.35  0.00 -7.03 1.000  00  01O000M000  0.882
TRP01A0063_001  0.000 -3.71 -9.48  0.02  0.00-13.17 1.000  00  01O000M000  0.703
CYD01A0064_001  0.000 -1.95 -4.70  0.00  0.00 -6.65 1.000  00  01O000M000  0.539
ASN01A0065_001  0.000 -1.72 -2.39  0.33  0.00 -3.78 0.753  00  01O000M000  0.783
ASN01A0065_002  0.000 -1.99 -0.95  0.29  0.00 -2.64 0.747  00  01R001M000  0.792
ASP01A0066_001  0.000 -0.35 -2.20  2.88  0.00  0.33 0.743  00  01O000M000  0.205
ASP01A0066_002  0.000 -0.08 -2.77  3.53  0.00  0.69 0.100  00  01H001M000  0.227
ASP01A0066_003  0.000 -0.34 -2.62  2.88  0.00 -0.08 0.726  00  01H002M000  0.206
ASP01A0066_004  0.000 -0.35 -2.20  0.16  0.00 -2.39 0.743  00  01O000M000  0.205
ASP01A0066_005  0.000 -0.08 -2.77  0.81  0.00 -2.03 0.100  00  01H001M000  0.227
ASP01A0066_006  0.000 -0.34 -2.62  0.16  0.00 -2.80 0.726  00  01H002M000  0.206
ASP02A0066_007  0.000 -0.23 -2.96  2.88  0.00 -0.31 0.743  00  02O000M000  0.200
ASP02A0066_008  0.000 -0.19 -1.87  3.53  0.00  1.48 0.100  00  02H001M000  0.235
ASP02A0066_009  0.000 -0.41 -1.80  2.88  0.00  0.66 0.726  00  02H002M000  0.202
ASP02A0066_010  0.000 -0.23 -2.96  0.16  0.00 -3.03 0.743  00  02O000M000  0.200
ASP02A0066_011  0.000 -0.19 -1.87  0.81  0.00 -1.24 0.100  00  02H001M000  0.235
ASP02A0066_012  0.000 -0.41 -1.80  0.16  0.00 -2.06 0.726  00  02H002M000  0.202
ASP-1A0066_013 -1.000 -0.29 -2.85  0.16  0.00 -2.98 0.743  00  -1O000M000  0.194
ASP-1A0066_014 -1.000 -0.20 -2.64  0.81  0.00 -2.02 0.100  00  -1H001M000  0.230
ASP-1A0066_015 -1.000 -0.41 -2.51  0.16  0.00 -2.76 0.726  00  -1H002M000  0.206
ARG01A0068_001  0.000 -7.10 -2.45  1.17  0.00 -8.37 1.000  00  01O000M000  0.894
ARG02A0068_002  0.000 -7.14 -2.47  1.17  0.00 -8.43 1.000  00  02O000M000  0.894
ARG02A0068_003  0.000 -7.10 -2.47  1.17  0.00 -8.39 1.000  00  02O000M000  0.894
ARG03A0068_004  0.000 -7.14 -2.47  1.17  0.00 -8.43 1.000  00  03O000M000  0.894
ARG03A0068_005  0.000 -7.13 -2.46  1.17  0.00 -8.42 1.000  00  03O000M000  0.894
ARG+1A0068_006  1.000 -7.18 -2.47  1.17  0.00 -8.48 1.000  00  +1O000M000  0.894
THR01A0069_001  0.000 -2.14 -4.16  0.39  0.00 -5.92 0.666  00  01O000M000  0.570
THR01A0069_002  0.000 -2.14 -4.16  0.39  0.00 -5.92 0.666  00  01O000M000  0.570
THR01A0069_003  0.000 -2.14 -4.16  0.01  0.00 -6.29 0.666  00  01O000M000  0.570
PRO01A0070_001  0.000 -4.23 -1.37  0.00  0.00 -5.61 1.000  00  01O000M000  0.941
SER01A0072_001  0.000 -2.50 -2.91  0.45  0.00 -4.95 0.603  00  01O000M000  0.884
SER01A0072_002  0.000 -2.37 -3.30  0.55  0.00 -5.11 0.563  00  01H001M000  0.821
SER01A0072_003  0.000 -2.50 -2.91  0.45  0.00 -4.95 0.603  00  01O000M000  0.884
SER01A0072_004  0.000 -2.37 -3.30  0.55  0.00 -5.11 0.563  00  01H001M000  0.821
ARG01A0073_001  0.000 -5.35 -3.36  0.86  0.00 -7.85 1.000  00  01O000M000  0.878
ARG02A0073_002  0.000 -5.40 -3.38  0.86  0.00 -7.91 1.000  00  02O000M000  0.878
ARG03A0073_003  0.000 -5.40 -3.38  0.86  0.00 -7.92 1.000  00  03O000M000  0.878
ARG+1A0073_004  1.000 -5.44 -3.38  0.86  0.00 -7.96 1.000  00  +1O000M000  0.878
ASN01A0074_001  0.000 -1.22 -4.27  0.55  0.00 -4.94 0.754  00  01O000M000  0.523
ASN01A0074_002  0.000 -1.14 -1.85  0.55  0.00 -2.45 0.746  00  01R001M000  0.432
LEU01A0075_001  0.000 -4.04 -2.01  0.41  0.00 -5.64 1.000  00  01O000M000  0.814
CYD01A0076_001  0.000 -1.90 -1.26  0.00  0.00 -3.16 1.000  00  01O000M000  0.527
ASN01A0077_001  0.000 -2.60  2.13  0.79  0.00  0.31 1.000  00  01O000M000  1.059
ILE01A0078_001  0.000 -2.36 -2.69  0.58  0.00 -4.46 1.000  00  01O000M000  0.755
PRO01A0079_001  0.000 -4.09 -1.83  0.00  0.00 -5.92 1.000  00  01O000M000  0.886
CYD01A0080_001  0.000 -1.57 -3.83  0.00  0.00 -5.40 1.000  00  01O000M000  0.433
SER01A0081_001  0.000 -2.67 -0.74  0.38  0.00 -3.03 0.666  00  01O000M000  0.942
ALA01A0082_001  0.000 -2.06 -1.09  0.00  0.00 -3.15 1.000  00  01O000M000  0.822
LEU01A0083_001  0.000 -2.68 -5.17  0.42  0.00 -7.43 1.000  00  01O000M000  0.696
LEU01A0084_001  0.000 -3.47 -6.03  0.41  0.00 -9.09 1.000  00  01O000M000  0.808
SER01A0085_001  0.000 -2.33  0.64  0.38  0.00 -1.32 0.668  00  01O000M000  0.824
SER01A0085_002  0.000 -2.33  0.64  0.38  0.00 -1.32 0.668  00  01O000M000  0.824
SER01A0086_001  0.000 -2.75 -0.49  0.55  0.00 -2.69 0.665  00  01O000M000  0.968
SER01A0086_002  0.000 -2.75 -0.49  0.55  0.00 -2.69 0.665  00  01O000M000  0.968
ASP01A0087_001  0.000 -1.33 -2.37  3.57  0.00 -0.14 1.000  00  01O000M000  0.844
ASP01A0087_002  0.000 -1.33 -2.37  0.85  0.00 -2.86 1.000  00  01O000M000  0.844
ASP02A0087_003  0.000 -1.11 -2.57  3.57  0.00 -0.11 1.000  00  02O000M000  0.857
ASP02A0087_004  0.000 -1.11 -2.57  0.85  0.00 -2.83 1.000  00  02O000M000  0.857
ASP-1A0087_005 -1.000 -1.33 -2.50  0.85  0.00 -2.98 1.000  00  -1O000M000  0.862
ILE01A0088_001  0.000 -3.60 -1.82  0.57  0.00 -4.86 1.000  00  01O000M000  0.795
THR01A0089_001  0.000 -3.36  0.27  0.48  0.00 -2.61 0.667  00  01O000M000  0.837
THR01A0089_002  0.000 -3.36  0.27  0.48  0.00 -2.61 0.667  00  01O000M000  0.837
THR01A0089_003  0.000 -3.36  0.27  0.10  0.00 -2.99 0.667  00  01O000M000  0.837
ALA01A0090_001  0.000 -2.29 -1.32  0.00  0.00 -3.61 1.000  00  01O000M000  0.890
SER01A0091_001  0.000 -2.25 -3.11  0.58  0.00 -4.78 0.559  00  01O000M000  0.783
SER01A0091_002  0.000 -2.18  1.97  0.84  0.00  0.63 0.554  00  01H001M000  0.756
SER01A0091_003  0.000 -2.25 -3.11  0.58  0.00 -4.78 0.559  00  01O000M000  0.783
SER01A0091_004  0.000 -2.25 -3.11  0.21  0.00 -5.15 0.559  00  01O000M000  0.783
SER01A0091_005  0.000 -2.11 -2.29  0.43  0.00 -3.98 0.556  00  01H002M000  0.742
VAL01A0092_001  0.000 -3.00 -1.28  0.27  0.00 -4.01 1.000  00  01O000M000  0.680
ASN01A0093_001  0.000 -1.97 -2.59  0.47  0.00 -4.09 0.749  00  01O000M000  0.808
ASN01A0093_002  0.000 -2.05 -1.38  0.49  0.00 -2.95 0.751  00  01R001M000  0.764
CYD01A0094_001  0.000 -2.28 -3.68  0.00  0.00 -5.96 1.000  00  01O000M000  0.632
ALA01A0095_001  0.000 -1.69 -1.63  0.00  0.00 -3.31 1.000  00  01O000M000  0.669
LYS01A0096_001  0.000 -4.93 -4.16  1.15  0.00 -7.94 1.000  00  01O000M000  0.824
LYS+1A0096_002  1.000 -4.98 -4.14  1.15  0.00 -7.97 1.000  00  +1O000M000  0.824
LYS01A0097_001  0.000 -5.35 -3.88  1.38  0.00 -7.85 1.000  00  01O000M000  0.910
LYS+1A0097_002  1.000 -5.40 -3.88  1.38  0.00 -7.90 1.000  00  +1O000M000  0.910
ILE01A0098_001  0.000 -3.29 -2.78  0.56  0.00 -5.51 1.000  00  01O000M000  0.722
VAL01A0099_001  0.000 -3.66  1.06  0.08  0.00 -2.52 1.000  00  01O000M000  0.759
SER01A0100_001  0.000 -2.35 -1.84  0.55  0.00 -3.64 0.669  00  01O000M000  0.799
SER01A0100_002  0.000 -2.35 -1.84  0.55  0.00 -3.64 0.669  00  01O000M000  0.799
SER01A0100_003  0.000 -2.35 -1.84  0.18  0.00 -4.02 0.669  00  01O000M000  0.799
ASP01A0101_001  0.000 -1.78  2.86  4.09  0.00  5.17 1.000  00  01O000M000  0.713
ASP01A0101_002  0.000 -1.78  2.86  1.37  0.00  2.45 1.000  00  01O000M000  0.713
ASP02A0101_003  0.000 -1.73  1.85  4.09  0.00  4.21 1.000  00  02O000M000  0.732
ASP02A0101_004  0.000 -1.73  1.85  1.37  0.00  1.49 1.000  00  02O000M000  0.732
ASP-1A0101_005 -1.000 -1.78  1.91  1.37  0.00  1.50 1.000  00  -1O000M000  0.734
ASN01A0103_001  0.000 -1.18 -2.44  1.06  0.00 -2.56 0.753  00  01O000M000  0.559
ASN01A0103_002  0.000 -1.25 -2.29  1.00  0.00 -2.53 0.747  00  01R001M000  0.608
MET01A0105_001  0.000 -4.33 -3.59  1.11  0.00 -6.81 1.000  00  01O000M000  0.738
ASN01A0106_001  0.000 -1.82 -1.56  0.91  0.00 -2.47 0.747  00  01O000M000  0.770
ASN01A0106_002  0.000 -1.61 -1.80  1.08  0.00 -2.33 0.753  00  01R001M000  0.802
ALA01A0107_001  0.000 -2.11 -1.25  0.00  0.00 -3.36 1.000  00  01O000M000  0.850
TRP01A0108_001  0.000 -4.44 -9.03  0.34  0.00-13.13 1.000  00  01O000M000  0.794
VAL01A0109_001  0.000 -4.44  0.52  0.06  0.00 -3.86 1.000  00  01O000M000  0.940
ALA01A0110_001  0.000 -1.76 -2.15  0.00  0.00 -3.91 1.000  00  01O000M000  0.704
TRP01A0111_001  0.000 -4.02-12.19  0.00  0.00-16.21 1.000  00  01O000M000  0.747
ARG01A0112_001  0.000 -5.45 -5.35  2.40  0.00 -8.41 1.000  00  01O000M000  0.912
ARG02A0112_002  0.000 -5.46 -5.43  2.40  0.00 -8.50 1.000  00  02O000M000  0.912
ARG03A0112_003  0.000 -5.52 -5.41  2.40  0.00 -8.54 1.000  00  03O000M000  0.912
ARG03A0112_004  0.000 -5.52 -5.38  2.40  0.00 -8.50 1.000  00  03O000M000  0.912
ARG+1A0112_005  1.000 -5.56 -5.44  2.40  0.00 -8.60 1.000  00  +1O000M000  0.912
ASN01A0113_001  0.000 -2.15 -2.90  0.45  0.00 -4.60 0.752  00  01O000M000  0.824
ASN01A0113_002  0.000 -2.31 -2.41  0.46  0.00 -4.26 0.748  00  01R001M000  0.834
ARG01A0114_001  0.000 -4.60 -1.61  0.77  0.00 -5.44 1.000  00  01O000M000  0.892
ARG02A0114_002  0.000 -4.61 -1.62  0.77  0.00 -5.46 1.000  00  02O000M000  0.892
ARG03A0114_003  0.000 -4.67 -1.63  0.77  0.00 -5.53 1.000  00  03O000M000  0.892
ARG+1A0114_004  1.000 -4.71 -1.63  0.77  0.00 -5.57 1.000  00  +1O000M000  0.892
CYD01A0115_001  0.000 -1.84 -4.15  0.00  0.00 -6.00 1.000  00  01O000M000  0.522
LYS01A0116_001  0.000 -4.31 -3.52  0.94  0.00 -6.89 1.000  00  01O000M000  0.908
LYS+1A0116_002  1.000 -4.36 -3.52  0.94  0.00 -6.94 1.000  00  +1O000M000  0.908
THR01A0118_001  0.000 -3.59 -1.35  0.79  0.00 -4.16 0.665  00  01O000M000  0.864
THR01A0118_002  0.000 -3.59 -1.35  0.79  0.00 -4.16 0.665  00  01O000M000  0.864
ASP01A0119_001  0.000 -1.62  2.84  3.04  0.00  4.25 1.000  00  01O000M000  0.669
ASP01A0119_002  0.000 -1.62  2.84  0.32  0.00  1.53 1.000  00  01O000M000  0.669
ASP02A0119_003  0.000 -1.66  1.73  3.04  0.00  3.12 1.000  00  02O000M000  0.708
ASP02A0119_004  0.000 -1.66  1.73  0.32  0.00  0.40 1.000  00  02O000M000  0.708
ASP-1A0119_005 -1.000 -1.62  1.80  0.32  0.00  0.50 1.000  00  -1O000M000  0.674
VAL01A0120_001  0.000 -4.05 -3.71  0.08  0.00 -7.68 1.000  00  01O000M000  0.858
GLN01A0121_001  0.000 -1.94  0.97  1.16  0.00  0.19 0.752  00  01O000M000  0.986
GLN01A0121_002  0.000 -2.22  0.99  1.16  0.00 -0.06 0.748  00  01R001M000  1.018
ALA01A0122_001  0.000 -2.40 -0.99  0.00  0.00 -3.39 1.000  00  01O000M000  0.933
TRP01A0123_001  0.000 -4.95 -8.09  0.25  0.00-12.79 1.000  00  01O000M000  0.808
ILE01A0124_001  0.000 -2.57 -2.80  0.52  0.00 -4.86 1.000  00  01O000M000  0.771
ARG01A0125_001  0.000 -5.69 -4.80  0.80  0.00 -9.70 1.000  00  01O000M000  0.937
ARG02A0125_002  0.000 -5.69 -4.81  0.80  0.00 -9.70 1.000  00  02O000M000  0.937
ARG03A0125_003  0.000 -5.75 -4.79  0.80  0.00 -9.75 1.000  00  03O000M000  0.937
ARG03A0125_004  0.000 -5.75 -4.80  0.80  0.00 -9.75 1.000  00  03O000M000  0.937
ARG+1A0125_005  1.000 -5.79 -4.82  0.80  0.00 -9.82 1.000  00  +1O000M000  0.937
CYD01A0127_001  0.000 -2.12 -3.39  0.00  0.00 -5.51 1.000  00  01O000M000  0.600
ARG01A0128_001  0.000 -8.24  1.20  5.59  0.00 -1.44 1.000  00  01O000M000  1.000
ARG02A0128_002  0.000 -8.12  1.20  5.59  0.00 -1.33 1.000  00  02O000M000  1.000
ARG03A0128_003  0.000 -8.13  1.20  5.59  0.00 -1.34 1.000  00  03O000M000  1.000
ARG+1A0128_004  1.000 -8.18  1.20  5.59  0.00 -1.39 1.000  00  +1O000M000  1.000
LEU01A0129_001  0.000 -3.36  1.39  1.83  0.00 -0.14 1.000  00  01O000M000  0.744
CTR01A0129_001  0.000 -2.42  0.98  2.72  0.00  1.28 1.000  00  01O000M000  0.628
CTR01A0129_002  0.000 -2.28 -0.35  0.00  0.00 -2.63 1.000  00  01O000M000  0.636
CTR02A0129_003  0.000 -2.46 -0.14  2.72  0.00  0.13 1.000  00  02O000M000  0.632
CTR02A0129_004  0.000 -2.29 -0.33  0.00  0.00 -2.62 1.000  00  02O000M000  0.638
CTR-1A0129_005 -1.000 -2.36 -0.27  0.00  0.00 -2.63 1.000  00  -1O000M000  0.630
HOH01A1001_001  0.000 -1.39 -0.91  0.00  0.00 -2.30 0.751  00  01O000M000  0.590
HOH01A1001_002  0.000 -1.39 -0.91  0.00  0.00 -2.30 0.751  01  01O000H001  0.590
HOH01A1001_003  0.000 -1.39 -0.91  0.00  0.00 -2.30 0.751  25  01O000H025  0.590
HOHDMA1001_004  0.000  0.00  0.00  0.00  0.00  0.00 0.751  00  DMO000M000   -nan
HOH01A1002_001  0.000 -1.55 -0.98  0.00  0.00 -2.53 0.634  00  01O000M000  0.656
HOH01A1002_002  0.000 -1.55 -0.98  0.00  0.00 -2.53 0.634  00  01O000M000  0.656
HOH01A1002_003  0.000 -1.55 -0.98  0.00  0.00 -2.53 0.634  00  01O000M000  0.656
HOH01A1002_004  0.000 -1.55 -0.98  0.00  0.00 -2.53 0.634  12  01O000H012  0.656
HOH01A1002_005  0.000 -1.55 -0.98  0.00  0.00 -2.53 0.634  38  01O000H038  0.656
HOH01A1002_006  0.000 -1.55 -0.98  0.00  0.00 -2.53 0.634  78  01O000H078  0.656
HOH01A1002_007  0.000 -1.55 -0.98  0.00  0.00 -2.53 0.634  85  01O000H085  0.656
HOH01A1002_008  0.000 -1.55 -0.98  0.00  0.00 -2.53 0.634  20  01O000H120  0.656
HOH01A1002_009  0.000 -1.55 -0.98  0.00  0.00 -2.53 0.634  39  01O000H139  0.656
HOH01A1002_010  0.000 -1.55 -0.98  0.00  0.00 -2.53 0.634  50  01O000H150  0.656
HOH01A1002_011  0.000 -1.55 -0.98  0.00  0.00 -2.53 0.634  76  01O000H176  0.656
HOH01A1002_012  0.000 -1.55 -0.98  0.00  0.00 -2.53 0.634  84  01O000H184  0.656
HOH01A1002_013  0.000 -1.55 -0.98  0.00  0.00 -2.53 0.634  22  01O000H222  0.656
HOH01A1002_014  0.000 -1.55 -0.98  0.00  0.00 -2.53 0.634  43  01O000H243  0.656
HOH01A1002_015  0.000 -1.55 -0.98  0.00  0.00 -2.53 0.634  44  01O000H244  0.656
HOH01A1002_016  0.000 -1.55 -0.98  0.00  0.00 -2.53 0.634  48  01O000H248  0.656
HOH01A1002_017  0.000 -1.55 -0.98  0.00  0.00 -2.53 0.634  49  01O000H249  0.656
HOHDMA1002_018  0.000  0.00  0.00  0.00  0.00  0.00 0.634  00  DMO000M000   -nan
HOH01A1003_001  0.000 -1.26  0.56  0.00  0.00 -0.70 0.000  00  01O000M000  0.533
HOH01A1003_002  0.000 -1.26  0.56  0.00  0.00 -0.70 0.000  00  01O000M000  0.533
HOH01A1003_003  0.000 -1.26  0.56  0.00  0.00 -0.70 0.000  13  01O000H113  0.533
HOH01A1003_004  0.000 -1.26  0.56  0.00  0.00 -0.70 0.000  40  01O000H140  0.533
HOH01A1003_005  0.000 -1.26  0.56  0.00  0.00 -0.70 0.000  57  01O000H157  0.533
HOHDMA1003_006  0.000  0.00  0.00  0.00  0.00  0.00 0.000  00  DMO000M000   -nan
HOH01A1004_001  0.000 -0.83  3.39  0.00  0.00  2.56 0.000  00  01O000M000  0.352
HOH01A1004_002  0.000 -0.83  3.39  0.00  0.00  2.56 0.000  00  01O000M000  0.352
HOH01A1004_003  0.000 -0.83  3.39  0.00  0.00  2.56 0.000  49  01O000H049  0.352
HOH01A1004_004  0.000 -0.83  3.39  0.00  0.00  2.56 0.000  58  01O000H058  0.352
HOH01A1004_005  0.000 -0.83  3.39  0.00  0.00  2.56 0.000  59  01O000H059  0.352
HOH01A1004_006  0.000 -0.83  3.39  0.00  0.00  2.56 0.000  62  01O000H062  0.352
HOHDMA1004_007  0.000  0.00  0.00  0.00  0.00  0.00 0.000  00  DMO000M000   -nan
HOH01A1007_001  0.000 -1.37 -2.52  0.00  0.00 -3.90 0.000  00  01O000M000  0.582
HOH01A1007_002  0.000 -1.37 -2.52  0.00  0.00 -3.90 0.000  00  01O000M000  0.582
HOH01A1007_003  0.000 -1.37 -2.52  0.00  0.00 -3.90 0.000  00  01O000M000  0.582
HOH01A1007_004  0.000 -1.37 -2.52  0.00  0.00 -3.90 0.000  00  01O000M000  0.582
HOH01A1007_005  0.000 -1.37 -2.52  0.00  0.00 -3.90 0.000  08  01O000H008  0.582
HOH01A1007_006  0.000 -1.37 -2.52  0.00  0.00 -3.90 0.000  16  01O000H016  0.582
HOH01A1007_007  0.000 -1.37 -2.52  0.00  0.00 -3.90 0.000  18  01O000H018  0.582
HOH01A1007_008  0.000 -1.37 -2.52  0.00  0.00 -3.90 0.000  20  01O000H020  0.582
HOH01A1007_009  0.000 -1.37 -2.52  0.00  0.00 -3.90 0.000  33  01O000H033  0.582
HOH01A1007_010  0.000 -1.37 -2.52  0.00  0.00 -3.90 0.000  43  01O000H043  0.582
HOH01A1007_011  0.000 -1.37 -2.52  0.00  0.00 -3.90 0.000  55  01O000H055  0.582
HOH01A1007_012  0.000 -1.37 -2.52  0.00  0.00 -3.90 0.000  58  01O000H058  0.582
HOH01A1007_013  0.000 -1.37 -2.52  0.00  0.00 -3.90 0.000  62  01O000H062  0.582
HOH01A1007_014  0.000 -1.37 -2.52  0.00  0.00 -3.90 0.000  64  01O000H064  0.582
HOHDMA1007_015  0.000  0.00  0.00  0.00  0.00  0.00 0.000  00  DMO000M000   -nan
HOH01A1008_001  0.000 -1.12  0.79  0.00  0.00 -0.33 0.000  00  01O000M000  0.475
HOH01A1008_002  0.000 -1.12  0.79  0.00  0.00 -0.33 0.000  39  01O000H039  0.475
HOH01A1008_003  0.000 -1.12  0.79  0.00  0.00 -0.33 0.000  46  01O000H046  0.475
HOH01A1008_004  0.000 -1.12  0.79  0.00  0.00 -0.33 0.000  52  01O000H052  0.475
HOH01A1008_005  0.000 -1.12  0.79  0.00  0.00 -0.33 0.000  23  01O000H123  0.475
HOHDMA1008_006  0.000  0.00  0.00  0.00  0.00  0.00 0.000  00  DMO000M000   -nan
HOH01A1015_001  0.000 -1.22 -0.31  0.00  0.00 -1.53 0.000  00  01O000M000  0.516
HOH01A1015_002  0.000 -1.22 -0.31  0.00  0.00 -1.53 0.000  00  01O000M000  0.516
HOH01A1015_003  0.000 -1.22 -0.31  0.00  0.00 -1.53 0.000  00  01O000M000  0.516
HOH01A1015_004  0.000 -1.22 -0.31  0.00  0.00 -1.53 0.000  04  01O000H004  0.516
HOH01A1015_005  0.000 -1.22 -0.31  0.00  0.00 -1.53 0.000  06  01O000H006  0.516
HOH01A1015_006  0.000 -1.22 -0.31  0.00  0.00 -1.53 0.000  07  01O000H007  0.516
HOH01A1015_007  0.000 -1.22 -0.31  0.00  0.00 -1.53 0.000  09  01O000H009  0.516
HOH01A1015_008  0.000 -1.22 -0.31  0.00  0.00 -1.53 0.000  10  01O000H010  0.516
HOH01A1015_009  0.000 -1.22 -0.31  0.00  0.00 -1.53 0.000  11  01O000H011  0.516
HOH01A1015_010  0.000 -1.22 -0.31  0.00  0.00 -1.53 0.000  13  01O000H013  0.516
HOH01A1015_011  0.000 -1.22 -0.31  0.00  0.00 -1.53 0.000  18  01O000H018  0.516
HOH01A1015_012  0.000 -1.22 -0.31  0.00  0.00 -1.53 0.000  20  01O000H020  0.516
HOH01A1015_013  0.000 -1.22 -0.31  0.00  0.00 -1.53 0.000  26  01O000H026  0.516
HOH01A1015_014  0.000 -1.22 -0.31  0.00  0.00 -1.53 0.000  28  01O000H028  0.516
HOH01A1015_015  0.000 -1.22 -0.31  0.00  0.00 -1.53 0.000  72  01O000H072  0.516
HOHDMA1015_016  0.000  0.00  0.00  0.00  0.00  0.00 0.000  00  DMO000M000   -nan
HOH01A1016_001  0.000 -1.45 -0.65  0.00  0.00 -2.10 0.000  00  01O000M000  0.615
HOH01A1016_002  0.000 -1.45 -0.65  0.00  0.00 -2.10 0.000  08  01O000H008  0.615
HOH01A1016_003  0.000 -1.45 -0.65  0.00  0.00 -2.10 0.000  41  01O000H041  0.615
HOH01A1016_004  0.000 -1.45 -0.65  0.00  0.00 -2.10 0.000  86  01O000H086  0.615
HOHDMA1016_005  0.000  0.00  0.00  0.00  0.00  0.00 0.000  00  DMO000M000   -nan
HOH01A1073_001  0.000 -1.35 -0.29  0.00  0.00 -1.65 0.000  00  01O000M000  0.574
HOH01A1073_002  0.000 -1.35 -0.29  0.00  0.00 -1.65 0.000  00  01O000M000  0.574
HOH01A1073_003  0.000 -1.35 -0.29  0.00  0.00 -1.65 0.000  00  01O000M000  0.574
HOH01A1073_004  0.000 -1.35 -0.29  0.00  0.00 -1.65 0.000  00  01O000M000  0.574
HOH01A1073_005  0.000 -1.35 -0.29  0.00  0.00 -1.65 0.000  00  01O000M000  0.574
HOH01A1073_006  0.000 -1.35 -0.29  0.00  0.00 -1.65 0.000  00  01O000M000  0.574
HOH01A1073_007  0.000 -1.35 -0.29  0.00  0.00 -1.65 0.000  04  01O000H004  0.574
HOH01A1073_008  0.000 -1.35 -0.29  0.00  0.00 -1.65 0.000  08  01O000H008  0.574
HOH01A1073_009  0.000 -1.35 -0.29  0.00  0.00 -1.65 0.000  12  01O000H012  0.574
HOH01A1073_010  0.000 -1.35 -0.29  0.00  0.00 -1.65 0.000  13  01O000H013  0.574
HOH01A1073_011  0.000 -1.35 -0.29  0.00  0.00 -1.65 0.000  21  01O000H021  0.574
HOH01A1073_012  0.000 -1.35 -0.29  0.00  0.00 -1.65 0.000  26  01O000H026  0.574
HOH01A1073_013  0.000 -1.35 -0.29  0.00  0.00 -1.65 0.000  30  01O000H030  0.574
HOH01A1073_014  0.000 -1.35 -0.29  0.00  0.00 -1.65 0.000  32  01O000H032  0.574
HOH01A1073_015  0.000 -1.35 -0.29  0.00  0.00 -1.65 0.000  35  01O000H035  0.574
HOHDMA1073_016  0.000  0.00  0.00  0.00  0.00  0.00 0.000  00  DMO000M000   -nan
