[-1.4518442787059773, 15.711464681967243, 22.993240819967784]
[-1.4518442787059773, 15.711464681967243, 22.993240819967784]
[-1.4225710687716446, 15.88483786562385, 23.33345131338292]
[-1.4225710687716446, 15.88483786562385, 23.33345131338292]
[-1.5852681664529655, 15.27036086398406, 23.436288161813817]
[-1.5852681664529655, 15.27036086398406, 23.436288161813817]
[-1.5852681664529655, 15.27036086398406, 23.436288161813817]
[-1.5852681664529655, 15.27036086398406, 23.436288161813817]
[-1.5852681664529655, 15.27036086398406, 23.436288161813817]
[-1.3959779377549573, 15.582644569650384, 23.200450923528305]
[-1.3959779377549573, 15.582644569650384, 23.200450923528305]
[-1.3959779377549573, 15.582644569650384, 23.200450923528305]
[-1.3959779377549573, 15.582644569650384, 23.200450923528305]
[-1.3959779377549573, 15.582644569650384, 23.200450923528305]
[-1.3897793731659984, 15.557117468687968, 22.85593040082511]
[-1.0118054837610833, 15.31460095931521, 23.297668271078138]
[-1.0118054837610833, 15.31460095931521, 23.297668271078138]
[-0.973388468738374, 15.61651875785334, 23.41216034232542]
[-0.973388468738374, 15.61651875785334, 23.41216034232542]
[-0.973388468738374, 15.61651875785334, 23.41216034232542]
[-0.973388468738374, 15.61651875785334, 23.41216034232542]
[-1.1204814787148605, 15.656219714429088, 23.030940683874228]
[-1.1204814787148605, 15.656219714429088, 23.030940683874228]
[-1.1204814787148605, 15.656219714429088, 23.030940683874228]
[-1.1204814787148605, 15.656219714429088, 23.030940683874228]
[-1.1204814787148605, 15.656219714429088, 23.030940683874228]
[-1.1204814787148605, 15.656219714429088, 23.030940683874228]
[-1.2661094859705369, 15.428398989225308, 22.944428168018423]
[-1.2661094859705369, 15.428398989225308, 22.944428168018423]
[-1.2661094859705369, 15.428398989225308, 22.944428168018423]
[-1.2661094859705369, 15.428398989225308, 22.944428168018423]
[-1.2661094859705369, 15.428398989225308, 22.944428168018423]
[-1.3897793731659984, 15.557117468687968, 22.85593040082511]
[-1.042831262921014, 15.406156289314753, 22.761588032849662]
[-1.042831262921014, 15.406156289314753, 22.761588032849662]
[-1.042831262921014, 15.406156289314753, 22.761588032849662]
[-0.9174210503322777, 15.216681666123606, 22.514987412243137]
[-0.9174210503322777, 15.216681666123606, 22.514987412243137]
[-0.9174210503322777, 15.216681666123606, 22.514987412243137]
[-0.9174210503322777, 15.216681666123606, 22.514987412243137]
[-1.2534441656242077, 15.229297728959562, 22.71641433569128]
[-1.2534441656242077, 15.229297728959562, 22.71641433569128]
[-1.3897793731659984, 15.557117468687968, 22.85593040082511]
[-1.3897793731659984, 15.557117468687968, 22.85593040082511]
[-1.3897793731659984, 15.557117468687968, 22.85593040082511]
[-1.3897793731659984, 15.557117468687968, 22.85593040082511]
[-1.3897793731659984, 15.557117468687968, 22.85593040082511]
[-1.7615361552081414, 15.433837866748538, 23.12847625154994]
[-1.7615361552081414, 15.433837866748538, 23.12847625154994]
[-1.5247548982236425, 15.55687251089002, 22.808041610764608]
[-1.5247548982236425, 15.55687251089002, 22.808041610764608]
[-1.5247548982236425, 15.55687251089002, 22.808041610764608]
[-1.5247548982236425, 15.55687251089002, 22.808041610764608]
[-1.5247548982236425, 15.55687251089002, 22.808041610764608]
[-1.3897793731659984, 15.557117468687968, 22.85593040082511]
[-1.3897793731659984, 15.557117468687968, 22.85593040082511]
[-1.3897793731659984, 15.557117468687968, 22.85593040082511]
[-1.3897793731659984, 15.557117468687968, 22.85593040082511]
[-1.3897793731659984, 15.557117468687968, 22.85593040082511]
[-1.3897793731659984, 15.557117468687968, 22.85593040082511]
[-1.3897793731659984, 15.557117468687968, 22.85593040082511]
[-1.3897793731659984, 15.557117468687968, 22.85593040082511]
[-1.3897793731659984, 15.557117468687968, 22.85593040082511]
[-1.3897793731659984, 15.557117468687968, 22.85593040082511]
[-1.3897793731659984, 15.557117468687968, 22.85593040082511]
[-1.3897793731659984, 15.557117468687968, 22.85593040082511]
[-1.3897793731659984, 15.557117468687968, 22.85593040082511]
[-1.3897793731659984, 15.557117468687968, 22.85593040082511]
[-1.890746862429209, 16.21331825510447, 22.619827010977875]
[-1.890746862429209, 16.21331825510447, 22.619827010977875]
[-1.890746862429209, 16.21331825510447, 22.619827010977875]
[-1.890746862429209, 16.21331825510447, 22.619827010977875]
[-1.3897793731659984, 15.557117468687968, 22.85593040082511]
[-1.3897793731659984, 15.557117468687968, 22.85593040082511]
[-1.3897793731659984, 15.557117468687968, 22.85593040082511]
[-1.3897793731659984, 15.557117468687968, 22.85593040082511]
[-1.3897793731659984, 15.557117468687968, 22.85593040082511]
[-1.5380340595181679, 15.67269582561388, 22.624240820865598]
[-1.5380340595181679, 15.67269582561388, 22.624240820865598]
[-1.5380340595181679, 15.67269582561388, 22.624240820865598]
[-1.5380340595181679, 15.67269582561388, 22.624240820865598]
[-1.5380340595181679, 15.67269582561388, 22.624240820865598]
[-1.5380340595181679, 15.67269582561388, 22.624240820865598]
[-1.5380340595181679, 15.67269582561388, 22.624240820865598]
[-1.5380340595181679, 15.67269582561388, 22.624240820865598]
[-1.5380340595181679, 15.67269582561388, 22.624240820865598]
[-1.5380340595181679, 15.67269582561388, 22.624240820865598]
[-1.3897793731659984, 15.557117468687968, 22.85593040082511]
[-1.3897793731659984, 15.557117468687968, 22.85593040082511]
[-1.3897793731659984, 15.557117468687968, 22.85593040082511]
[-1.3897793731659984, 15.557117468687968, 22.85593040082511]
[-1.3897793731659984, 15.557117468687968, 22.85593040082511]
[-1.3897793731659984, 15.557117468687968, 22.85593040082511]
[-1.496622867404813, 15.645425752687531, 22.756403837575668]
[-1.496622867404813, 15.645425752687531, 22.756403837575668]
[-1.496622867404813, 15.645425752687531, 22.756403837575668]
[-1.496622867404813, 15.645425752687531, 22.756403837575668]
[-1.496622867404813, 15.645425752687531, 22.756403837575668]
[-1.496622867404813, 15.645425752687531, 22.756403837575668]
[-1.496622867404813, 15.645425752687531, 22.756403837575668]
[-1.496622867404813, 15.645425752687531, 22.756403837575668]
[-1.496622867404813, 15.645425752687531, 22.756403837575668]
[-1.496622867404813, 15.645425752687531, 22.756403837575668]
[-1.5197841153355252, 15.973714600561506, 22.67443666830165]
[-1.5197841153355252, 15.973714600561506, 22.67443666830165]
[-1.5197841153355252, 15.973714600561506, 22.67443666830165]
[-1.3897793731659984, 15.557117468687968, 22.85593040082511]
[-1.3897793731659984, 15.557117468687968, 22.85593040082511]
[-1.3897793731659984, 15.557117468687968, 22.85593040082511]
[-1.3897793731659984, 15.557117468687968, 22.85593040082511]
[-1.3897793731659984, 15.557117468687968, 22.85593040082511]
[-1.3897793731659984, 15.557117468687968, 22.85593040082511]
[-1.3897793731659984, 15.557117468687968, 22.85593040082511]
[-1.3897793731659984, 15.557117468687968, 22.85593040082511]
[-1.3897793731659984, 15.557117468687968, 22.85593040082511]
[-1.3897793731659984, 15.557117468687968, 22.85593040082511]
[-1.3897793731659984, 15.557117468687968, 22.85593040082511]
[-1.3897793731659984, 15.557117468687968, 22.85593040082511]
[-1.6038571388374532, 15.92077940871985, 22.082914731621763]
[-1.6038571388374532, 15.92077940871985, 22.082914731621763]
[-1.6038571388374532, 15.92077940871985, 22.082914731621763]
[-1.6038571388374532, 15.92077940871985, 22.082914731621763]
[-1.6038571388374532, 15.92077940871985, 22.082914731621763]
[-1.3897793731659984, 15.557117468687968, 22.85593040082511]
[-1.3897793731659984, 15.557117468687968, 22.85593040082511]
[-1.4351289502794933, 15.77931383022065, 22.716805297526026]
[-1.4351289502794933, 15.77931383022065, 22.716805297526026]
[-1.4351289502794933, 15.77931383022065, 22.716805297526026]
[-1.4351289502794933, 15.77931383022065, 22.716805297526026]
[-1.4351289502794933, 15.77931383022065, 22.716805297526026]
[-1.4351289502794933, 15.77931383022065, 22.716805297526026]
[-1.4351289502794933, 15.77931383022065, 22.716805297526026]
[-1.4351289502794933, 15.77931383022065, 22.716805297526026]
[-1.4351289502794933, 15.77931383022065, 22.716805297526026]
[-1.4351289502794933, 15.77931383022065, 22.716805297526026]
[-1.4351289502794933, 15.77931383022065, 22.716805297526026]
[-1.4351289502794933, 15.77931383022065, 22.716805297526026]
[-1.4351289502794933, 15.77931383022065, 22.716805297526026]
[-1.4351289502794933, 15.77931383022065, 22.716805297526026]
[-1.4351289502794933, 15.77931383022065, 22.716805297526026]
[-1.6831929782376134, 16.38181700154933, 22.395644054146253]
[-1.6831929782376134, 16.38181700154933, 22.395644054146253]
[-1.6831929782376134, 16.38181700154933, 22.395644054146253]
[-1.6831929782376134, 16.38181700154933, 22.395644054146253]
[-1.6831929782376134, 16.38181700154933, 22.395644054146253]
[-1.6831929782376134, 16.38181700154933, 22.395644054146253]
[-1.3897793731659984, 15.557117468687968, 22.85593040082511]
[-1.3897793731659984, 15.557117468687968, 22.85593040082511]
[-1.3897793731659984, 15.557117468687968, 22.85593040082511]
[-1.3897793731659984, 15.557117468687968, 22.85593040082511]
[-1.3897793731659984, 15.557117468687968, 22.85593040082511]
[-1.3897793731659984, 15.557117468687968, 22.85593040082511]
[-1.3897793731659984, 15.557117468687968, 22.85593040082511]
[-1.2663809492070652, 15.82839093777346, 22.004410972420022]
[-1.2663809492070652, 15.82839093777346, 22.004410972420022]
[-1.2663809492070652, 15.82839093777346, 22.004410972420022]
[-1.2663809492070652, 15.82839093777346, 22.004410972420022]
[-1.3897793731659984, 15.557117468687968, 22.85593040082511]
[-1.3897793731659984, 15.557117468687968, 22.85593040082511]
[-1.3897793731659984, 15.557117468687968, 22.85593040082511]
[-1.3897793731659984, 15.557117468687968, 22.85593040082511]
[-1.3897793731659984, 15.557117468687968, 22.85593040082511]
[-1.3897793731659984, 15.557117468687968, 22.85593040082511]
[-1.3897793731659984, 15.557117468687968, 22.85593040082511]
[-1.3897793731659984, 15.557117468687968, 22.85593040082511]
[-1.2964647170402324, 15.7062919325881, 22.958586318835554]
[-1.2964647170402324, 15.7062919325881, 22.958586318835554]
[-1.2964647170402324, 15.7062919325881, 22.958586318835554]
[-1.2964647170402324, 15.7062919325881, 22.958586318835554]
[-1.2964647170402324, 15.7062919325881, 22.958586318835554]
[-1.3897793731659984, 15.557117468687968, 22.85593040082511]
[-1.3897793731659984, 15.557117468687968, 22.85593040082511]
[-1.3897793731659984, 15.557117468687968, 22.85593040082511]
[-1.3897793731659984, 15.557117468687968, 22.85593040082511]
[-1.3897793731659984, 15.557117468687968, 22.85593040082511]
[-1.3897793731659984, 15.557117468687968, 22.85593040082511]
[-1.3897793731659984, 15.557117468687968, 22.85593040082511]
[-1.3897793731659984, 15.557117468687968, 22.85593040082511]
[-1.3897793731659984, 15.557117468687968, 22.85593040082511]
[-1.3897793731659984, 15.557117468687968, 22.85593040082511]
[-0.9714389003206017, 15.551254325308594, 22.810700691245138]
[-0.9714389003206017, 15.551254325308594, 22.810700691245138]
[-0.9815261820909571, 15.695349088041528, 22.47390518086308]
[-0.9815261820909571, 15.695349088041528, 22.47390518086308]
[-1.3897793731659984, 15.557117468687968, 22.85593040082511]
[-1.3897793731659984, 15.557117468687968, 22.85593040082511]
[-1.3897793731659984, 15.557117468687968, 22.85593040082511]
[-1.2745790723246253, 15.56718244387547, 22.660442767249535]
[-1.2745790723246253, 15.56718244387547, 22.660442767249535]
[-1.2745790723246253, 15.56718244387547, 22.660442767249535]
[-1.2745790723246253, 15.56718244387547, 22.660442767249535]
[-1.2745790723246253, 15.56718244387547, 22.660442767249535]
[-1.3897793731659984, 15.557117468687968, 22.85593040082511]
[-1.3897793731659984, 15.557117468687968, 22.85593040082511]
[-1.3897793731659984, 15.557117468687968, 22.85593040082511]
[-1.3897793731659984, 15.557117468687968, 22.85593040082511]
[-1.3897793731659984, 15.557117468687968, 22.85593040082511]
[-1.7030877150298576, 15.217218006974392, 22.405471121790796]
[-1.7030877150298576, 15.217218006974392, 22.405471121790796]
[-1.7030877150298576, 15.217218006974392, 22.405471121790796]
[-1.7030877150298576, 15.217218006974392, 22.405471121790796]
[-1.7030877150298576, 15.217218006974392, 22.405471121790796]
[-1.3897793731659984, 15.557117468687968, 22.85593040082511]
[-1.3897793731659984, 15.557117468687968, 22.85593040082511]
[-1.964300746956641, 15.262834548213446, 22.854426007883642]
[-1.964300746956641, 15.262834548213446, 22.854426007883642]
[-1.964300746956641, 15.262834548213446, 22.854426007883642]
[-1.964300746956641, 15.262834548213446, 22.854426007883642]
[-1.5902792977798532, 15.024982506172115, 22.57616203846344]
[-1.5902792977798532, 15.024982506172115, 22.57616203846344]
[-1.3897793731659984, 15.557117468687968, 22.85593040082511]
[-1.3897793731659984, 15.557117468687968, 22.85593040082511]
[-1.4618953735720321, 15.310165412870642, 22.95359848429781]
[-1.4618953735720321, 15.310165412870642, 22.95359848429781]
[-1.4618953735720321, 15.310165412870642, 22.95359848429781]
[-1.4618953735720321, 15.310165412870642, 22.95359848429781]
[-1.4618953735720321, 15.310165412870642, 22.95359848429781]
[-1.3897793731659984, 15.557117468687968, 22.85593040082511]
[-1.3897793731659984, 15.557117468687968, 22.85593040082511]
[-1.541889720446393, 14.883190438889251, 23.441626507665102]
[-1.541889720446393, 14.883190438889251, 23.441626507665102]
[-1.541889720446393, 14.883190438889251, 23.441626507665102]
[-1.541889720446393, 14.883190438889251, 23.441626507665102]
[-1.541889720446393, 14.883190438889251, 23.441626507665102]
[-1.2047443578828476, 15.359328282307454, 23.835105203420795]
[-1.2047443578828476, 15.359328282307454, 23.835105203420795]
[-1.2047443578828476, 15.359328282307454, 23.835105203420795]
[-1.2047443578828476, 15.359328282307454, 23.835105203420795]
[-1.328198064424644, 15.517898513241791, 22.962541007336863]
[-1.328198064424644, 15.517898513241791, 22.962541007336863]
[-1.328198064424644, 15.517898513241791, 22.962541007336863]
[-1.328198064424644, 15.517898513241791, 22.962541007336863]
[-1.328198064424644, 15.517898513241791, 22.962541007336863]
[-1.3897793731659984, 15.557117468687968, 22.85593040082511]
[-1.3897793731659984, 15.557117468687968, 22.85593040082511]
[-1.3897793731659984, 15.557117468687968, 22.85593040082511]
[-1.3897793731659984, 15.557117468687968, 22.85593040082511]
[-1.3897793731659984, 15.557117468687968, 22.85593040082511]
[-1.3897793731659984, 15.557117468687968, 22.85593040082511]
[-1.3897793731659984, 15.557117468687968, 22.85593040082511]
[-1.3897793731659984, 15.557117468687968, 22.85593040082511]
[-1.3897793731659984, 15.557117468687968, 22.85593040082511]
[-1.3897793731659984, 15.557117468687968, 22.85593040082511]
[-1.3897793731659984, 15.557117468687968, 22.85593040082511]
[-1.3897793731659984, 15.557117468687968, 22.85593040082511]
[-1.3897793731659984, 15.557117468687968, 22.85593040082511]
[-1.3897793731659984, 15.557117468687968, 22.85593040082511]
[-1.3897793731659984, 15.557117468687968, 22.85593040082511]
[-1.3897793731659984, 15.557117468687968, 22.85593040082511]
[-1.3897793731659984, 15.557117468687968, 22.85593040082511]
[-1.3897793731659984, 15.557117468687968, 22.85593040082511]
[-1.3897793731659984, 15.557117468687968, 22.85593040082511]
[-1.3897793731659984, 15.557117468687968, 22.85593040082511]
[-1.3897793731659984, 15.557117468687968, 22.85593040082511]
[-1.3897793731659984, 15.557117468687968, 22.85593040082511]
[-1.3897793731659984, 15.557117468687968, 22.85593040082511]
[-1.3897793731659984, 15.557117468687968, 22.85593040082511]
[-1.3897793731659984, 15.557117468687968, 22.85593040082511]
[-1.3897793731659984, 15.557117468687968, 22.85593040082511]
[-1.3897793731659984, 15.557117468687968, 22.85593040082511]
[-1.3897793731659984, 15.557117468687968, 22.85593040082511]
[-1.3897793731659984, 15.557117468687968, 22.85593040082511]
[-1.3897793731659984, 15.557117468687968, 22.85593040082511]
[-1.3897793731659984, 15.557117468687968, 22.85593040082511]
[-1.3897793731659984, 15.557117468687968, 22.85593040082511]
[-1.3897793731659984, 15.557117468687968, 22.85593040082511]
[-1.3897793731659984, 15.557117468687968, 22.85593040082511]
[-1.3897793731659984, 15.557117468687968, 22.85593040082511]
[-1.3897793731659984, 15.557117468687968, 22.85593040082511]
[-1.3897793731659984, 15.557117468687968, 22.85593040082511]
[-1.3897793731659984, 15.557117468687968, 22.85593040082511]
[-1.3897793731659984, 15.557117468687968, 22.85593040082511]
[-1.3897793731659984, 15.557117468687968, 22.85593040082511]
[-1.3897793731659984, 15.557117468687968, 22.85593040082511]
[-1.3897793731659984, 15.557117468687968, 22.85593040082511]
[-1.3897793731659984, 15.557117468687968, 22.85593040082511]
[-1.3897793731659984, 15.557117468687968, 22.85593040082511]
[-1.3897793731659984, 15.557117468687968, 22.85593040082511]
[-1.3897793731659984, 15.557117468687968, 22.85593040082511]
[-1.3897793731659984, 15.557117468687968, 22.85593040082511]
[-1.3897793731659984, 15.557117468687968, 22.85593040082511]
[-1.3897793731659984, 15.557117468687968, 22.85593040082511]
[-1.3897793731659984, 15.557117468687968, 22.85593040082511]
[-1.3897793731659984, 15.557117468687968, 22.85593040082511]
[-1.3897793731659984, 15.557117468687968, 22.85593040082511]
[-1.3897793731659984, 15.557117468687968, 22.85593040082511]
[-1.3897793731659984, 15.557117468687968, 22.85593040082511]
[-1.3897793731659984, 15.557117468687968, 22.85593040082511]
[-1.3897793731659984, 15.557117468687968, 22.85593040082511]
[-1.3897793731659984, 15.557117468687968, 22.85593040082511]
[-1.3897793731659984, 15.557117468687968, 22.85593040082511]
[-1.3897793731659984, 15.557117468687968, 22.85593040082511]
[-1.3897793731659984, 15.557117468687968, 22.85593040082511]
[-1.3897793731659984, 15.557117468687968, 22.85593040082511]
[-1.3897793731659984, 15.557117468687968, 22.85593040082511]
[-1.3897793731659984, 15.557117468687968, 22.85593040082511]
[-1.3897793731659984, 15.557117468687968, 22.85593040082511]
[-1.3897793731659984, 15.557117468687968, 22.85593040082511]
[-1.3897793731659984, 15.557117468687968, 22.85593040082511]
[-1.3897793731659984, 15.557117468687968, 22.85593040082511]
[-1.3897793731659984, 15.557117468687968, 22.85593040082511]
[-1.3897793731659984, 15.557117468687968, 22.85593040082511]
[-1.3897793731659984, 15.557117468687968, 22.85593040082511]
[-1.3897793731659984, 15.557117468687968, 22.85593040082511]
[-1.3897793731659984, 15.557117468687968, 22.85593040082511]
[-1.3897793731659984, 15.557117468687968, 22.85593040082511]
[-1.3897793731659984, 15.557117468687968, 22.85593040082511]
[-1.3897793731659984, 15.557117468687968, 22.85593040082511]
[-1.3897793731659984, 15.557117468687968, 22.85593040082511]
[-1.3897793731659984, 15.557117468687968, 22.85593040082511]
[-1.3897793731659984, 15.557117468687968, 22.85593040082511]
[-1.3897793731659984, 15.557117468687968, 22.85593040082511]
[-1.3897793731659984, 15.557117468687968, 22.85593040082511]
[-1.3897793731659984, 15.557117468687968, 22.85593040082511]
[-1.3897793731659984, 15.557117468687968, 22.85593040082511]
[-1.3897793731659984, 15.557117468687968, 22.85593040082511]
[-1.3897793731659984, 15.557117468687968, 22.85593040082511]
