   confID        vdw0    sas     sum
NTR01A0001_001  -0.002  -1.816  -1.818
NTR+1A0001_002  -0.004  -1.816  -1.820
LYS01A0001_001   0.769  -6.649  -5.880
LYS+1A0001_002   0.724  -6.649  -5.925
VAL01A0002_001   0.429  -5.084  -4.655
PHE01A0003_001   5.108  -6.106  -0.998
ARG01A0005_001   1.429  -6.922  -5.493
ARG02A0005_002   1.401  -6.922  -5.520
ARG02A0005_003   1.479  -6.922  -5.442
ARG03A0005_004   1.396  -6.922  -5.526
ARG+1A0005_005   1.355  -6.922  -5.567
CYD01A0006_001   0.000  -2.667  -2.667
GLU01A0007_001   1.242  -2.326  -1.084
GLU01A0007_002   1.242  -2.326  -1.084
GLU02A0007_003   1.062  -2.385  -1.322
GLU02A0007_004   1.062  -2.385  -1.322
GLU-1A0007_005   0.963  -2.305  -1.342
LEU01A0008_001   1.553  -4.697  -3.144
ALA01A0009_001   0.000  -1.391  -1.391
ALA01A0010_001   0.000  -2.251  -2.251
ALA01A0011_001   0.000  -2.128  -2.128
MET01A0012_001   0.084  -4.915  -4.830
LYS01A0013_001   0.978  -5.795  -4.816
LYS+1A0013_002   0.939  -5.795  -4.855
ARG01A0014_001   2.262  -7.705  -5.443
ARG02A0014_002   2.224  -7.705  -5.481
ARG03A0014_003   2.225  -7.705  -5.480
ARG+1A0014_004   2.180  -7.705  -5.525
HIS01A0015_001  -0.041  -5.162  -5.203
HIS01A0015_002  -0.231  -4.876  -5.106
HIS02A0015_003  -0.057  -5.162  -5.218
HIS02A0015_004  -0.243  -4.876  -5.119
HIS+1A0015_005  -0.084  -5.162  -5.246
HIS+1A0015_006  -0.270  -4.876  -5.146
LEU01A0017_001   1.859  -4.529  -2.670
ASP01A0018_001   0.152  -1.964  -1.812
ASP01A0018_002   0.152  -1.964  -1.812
ASP02A0018_003   0.244  -1.967  -1.723
ASP02A0018_004   0.244  -1.967  -1.723
ASP-1A0018_005   0.148  -1.908  -1.760
ASN01A0019_001   0.387  -2.559  -2.172
TYR01A0020_001   5.470  -6.426  -0.956
TYR01A0020_002   5.470  -6.426  -0.956
TYR-1A0020_003   5.470  -6.426  -0.956
ARG01A0021_001   2.024  -7.327  -5.304
ARG02A0021_002   2.084  -7.327  -5.244
ARG03A0021_003   1.990  -7.327  -5.338
ARG+1A0021_004   1.949  -7.327  -5.378
TYR01A0023_001   4.897  -6.912  -2.016
TYR-1A0023_002   4.897  -6.912  -2.016
SER01A0024_001   0.000  -2.748  -2.748
SER01A0024_002   0.000  -2.748  -2.748
SER01A0024_003   0.000  -2.676  -2.676
LEU01A0025_001   1.949  -4.770  -2.820
ASN01A0027_001   0.571  -1.369  -0.798
ASN01A0027_002   0.413  -1.280  -0.867
TRP01A0028_001   3.014  -6.694  -3.681
VAL01A0029_001   0.695  -4.042  -3.348
CYD01A0030_001   0.000  -2.050  -2.050
ALA01A0031_001   0.000  -2.073  -2.073
ALA01A0032_001   0.000  -1.692  -1.692
LYS01A0033_001   0.688  -5.576  -4.889
LYS+1A0033_002   0.641  -5.576  -4.936
PHE01A0034_001   5.162  -6.323  -1.161
GLU01A0035_001   2.062  -1.472   0.590
GLU01A0035_002   2.062  -1.472   0.590
GLU02A0035_003   1.629  -1.489   0.140
GLU02A0035_004   1.629  -1.489   0.140
GLU-1A0035_005   1.573  -1.442   0.131
SER01A0036_001   0.000  -1.526  -1.526
ASN01A0037_001   0.441  -2.452  -2.011
ASN01A0037_002   0.214  -2.386  -2.171
PHE01A0038_001   5.518  -5.494   0.023
ASN01A0039_001   0.241  -1.690  -1.449
ASN01A0039_002   0.043  -1.655  -1.612
THR01A0040_001   0.284  -2.592  -2.308
THR01A0040_002   0.284  -2.592  -2.308
THR01A0040_003   0.284  -2.592  -2.308
GLN01A0041_001   0.371  -3.021  -2.651
GLN01A0041_002   0.307  -3.090  -2.784
ALA01A0042_001   0.000  -1.987  -1.987
THR01A0043_001   0.230  -3.866  -3.635
THR01A0043_002   0.230  -3.866  -3.635
ASN01A0044_001   0.767  -2.091  -1.324
ASN01A0044_002   0.415  -2.144  -1.728
ARG01A0045_001   1.024  -7.832  -6.807
ARG02A0045_002   1.095  -7.832  -6.737
ARG03A0045_003   1.003  -7.832  -6.829
ARG+1A0045_004   0.963  -7.832  -6.869
ASN01A0046_001   0.453  -1.417  -0.964
ASN01A0046_002   0.313  -1.597  -1.284
ASN01A0046_003   0.430  -1.652  -1.222
ASN01A0046_004   0.795  -1.376  -0.581
THR01A0047_001   0.139  -4.385  -4.246
ASP01A0048_001   0.072  -1.515  -1.443
ASP01A0048_002   0.338  -1.570  -1.232
ASP01A0048_003   0.072  -1.515  -1.443
ASP01A0048_004   0.338  -1.570  -1.232
ASP02A0048_005   0.142  -1.525  -1.383
ASP02A0048_006   0.255  -1.512  -1.257
ASP02A0048_007   0.142  -1.525  -1.383
ASP02A0048_008   0.255  -1.512  -1.257
ASP-1A0048_009   0.068  -1.450  -1.382
ASP-1A0048_010   0.233  -1.481  -1.247
SER01A0050_001   0.000  -2.022  -2.022
SER01A0050_002   0.000  -2.022  -2.022
SER01A0050_003   0.000  -2.022  -2.022
THR01A0051_001   0.310  -2.543  -2.233
THR01A0051_002   0.310  -2.543  -2.233
THR01A0051_003   0.310  -2.543  -2.233
ASP01A0052_001   0.473  -1.392  -0.919
ASP01A0052_002   0.610  -1.311  -0.700
ASP01A0052_003   0.473  -1.392  -0.919
ASP01A0052_004   0.610  -1.311  -0.700
ASP02A0052_005   0.619  -1.418  -0.799
ASP02A0052_006   0.727  -1.294  -0.568
ASP02A0052_007   0.619  -1.418  -0.799
ASP02A0052_008   0.727  -1.294  -0.568
ASP-1A0052_009   0.451  -1.369  -0.918
ASP-1A0052_010   0.557  -1.243  -0.686
TYR01A0053_001   5.084  -5.807  -0.723
TYR01A0053_002   5.084  -5.807  -0.723
TYR-1A0053_003   5.084  -5.807  -0.723
ILE01A0055_001   1.666  -4.892  -3.226
LEU01A0056_001   1.837  -5.803  -3.965
GLN01A0057_001   0.744  -1.143  -0.399
GLN01A0057_002   0.700  -1.162  -0.462
ILE01A0058_001   1.816  -5.135  -3.319
ASN01A0059_001   0.430  -1.403  -0.973
ASN01A0059_002   0.417  -1.420  -1.004
ASN01A0059_003   0.272  -1.581  -1.309
ASN01A0059_004   0.067  -1.442  -1.375
SER01A0060_001   0.000  -1.623  -1.623
SER01A0060_002   0.000  -1.484  -1.484
SER01A0060_003   0.000  -1.623  -1.623
SER01A0060_004   0.000  -1.623  -1.623
SER01A0060_005   0.000  -1.484  -1.484
SER01A0060_006   0.000  -1.484  -1.484
ARG01A0061_001   1.488  -7.091  -5.602
ARG02A0061_002   1.516  -7.091  -5.574
ARG03A0061_003   1.431  -7.091  -5.660
ARG03A0061_004   1.437  -7.091  -5.653
ARG+1A0061_005   1.391  -7.091  -5.699
TRP01A0062_001   2.749  -8.217  -5.468
TRP01A0063_001   3.119  -6.829  -3.710
CYD01A0064_001   0.000  -1.954  -1.954
ASN01A0065_001   0.458  -2.182  -1.725
ASN01A0065_002   0.186  -2.173  -1.987
ASP01A0066_001   0.173  -0.523  -0.350
ASP01A0066_002   0.502  -0.578  -0.075
ASP01A0066_003   0.169  -0.513  -0.344
ASP01A0066_004   0.173  -0.523  -0.350
ASP01A0066_005   0.502  -0.578  -0.075
ASP01A0066_006   0.169  -0.513  -0.344
ASP02A0066_007   0.274  -0.505  -0.231
ASP02A0066_008   0.409  -0.595  -0.187
ASP02A0066_009   0.095  -0.510  -0.414
ASP02A0066_010   0.274  -0.505  -0.231
ASP02A0066_011   0.409  -0.595  -0.187
ASP02A0066_012   0.095  -0.510  -0.414
ASP-1A0066_013   0.168  -0.457  -0.289
ASP-1A0066_014   0.371  -0.566  -0.195
ASP-1A0066_015   0.089  -0.495  -0.406
ARG01A0068_001   0.361  -7.458  -7.097
ARG02A0068_002   0.320  -7.458  -7.138
ARG02A0068_003   0.362  -7.458  -7.096
ARG03A0068_004   0.317  -7.458  -7.141
ARG03A0068_005   0.326  -7.458  -7.132
ARG+1A0068_006   0.277  -7.458  -7.181
THR01A0069_001   0.294  -2.436  -2.142
THR01A0069_002   0.294  -2.436  -2.142
THR01A0069_003   0.294  -2.436  -2.142
PRO01A0070_001   0.226  -4.461  -4.234
SER01A0072_001   0.000  -2.496  -2.496
SER01A0072_002   0.000  -2.366  -2.366
SER01A0072_003   0.000  -2.496  -2.496
SER01A0072_004   0.000  -2.366  -2.366
ARG01A0073_001   1.895  -7.249  -5.354
ARG02A0073_002   1.853  -7.249  -5.395
ARG03A0073_003   1.848  -7.249  -5.401
ARG+1A0073_004   1.808  -7.249  -5.440
ASN01A0074_001   0.203  -1.424  -1.222
ASN01A0074_002   0.026  -1.171  -1.144
LEU01A0075_001   1.502  -5.542  -4.040
CYD01A0076_001   0.000  -1.895  -1.895
ASN01A0077_001   0.332  -2.936  -2.604
ILE01A0078_001   2.424  -4.779  -2.355
PRO01A0079_001   0.179  -4.267  -4.088
CYD01A0080_001   0.000  -1.574  -1.574
SER01A0081_001   0.000  -2.668  -2.668
ALA01A0082_001   0.000  -2.059  -2.059
LEU01A0083_001   1.902  -4.583  -2.681
LEU01A0084_001   1.767  -5.239  -3.473
SER01A0085_001   0.000  -2.332  -2.332
SER01A0085_002   0.000  -2.332  -2.332
SER01A0086_001   0.000  -2.750  -2.750
SER01A0086_002   0.000  -2.750  -2.750
ASP01A0087_001   0.818  -2.151  -1.333
ASP01A0087_002   0.818  -2.151  -1.333
ASP02A0087_003   1.073  -2.186  -1.113
ASP02A0087_004   1.073  -2.186  -1.113
ASP-1A0087_005   0.798  -2.133  -1.335
ILE01A0088_001   1.607  -5.211  -3.604
THR01A0089_001   0.316  -3.678  -3.361
THR01A0089_002   0.316  -3.678  -3.361
THR01A0089_003   0.316  -3.678  -3.361
ALA01A0090_001   0.000  -2.287  -2.287
SER01A0091_001   0.000  -2.252  -2.252
SER01A0091_002   0.000  -2.176  -2.176
SER01A0091_003   0.000  -2.252  -2.252
SER01A0091_004   0.000  -2.252  -2.252
SER01A0091_005   0.000  -2.115  -2.115
VAL01A0092_001   0.602  -3.602  -3.000
ASN01A0093_001   0.262  -2.236  -1.973
ASN01A0093_002   0.070  -2.121  -2.050
CYD01A0094_001   0.000  -2.279  -2.279
ALA01A0095_001   0.000  -1.686  -1.686
LYS01A0096_001   0.938  -5.868  -4.930
LYS+1A0096_002   0.888  -5.868  -4.980
LYS01A0097_001   1.000  -6.350  -5.350
LYS+1A0097_002   0.954  -6.350  -5.396
ILE01A0098_001   1.556  -4.847  -3.291
VAL01A0099_001   0.449  -4.105  -3.656
SER01A0100_001   0.000  -2.352  -2.352
SER01A0100_002   0.000  -2.352  -2.352
SER01A0100_003   0.000  -2.352  -2.352
ASP01A0101_001   0.095  -1.877  -1.782
ASP01A0101_002   0.095  -1.877  -1.782
ASP02A0101_003   0.173  -1.902  -1.729
ASP02A0101_004   0.173  -1.902  -1.729
ASP-1A0101_005   0.092  -1.873  -1.781
ASN01A0103_001   0.393  -1.576  -1.183
ASN01A0103_002   0.429  -1.675  -1.246
MET01A0105_001   0.405  -4.738  -4.333
ASN01A0106_001   0.336  -2.155  -1.819
ASN01A0106_002   0.612  -2.220  -1.608
ALA01A0107_001   0.000  -2.115  -2.115
TRP01A0108_001   3.153  -7.590  -4.437
VAL01A0109_001   0.654  -5.099  -4.444
ALA01A0110_001   0.000  -1.756  -1.756
TRP01A0111_001   3.073  -7.095  -4.022
ARG01A0112_001   2.125  -7.573  -5.448
ARG02A0112_002   2.108  -7.573  -5.465
ARG03A0112_003   2.051  -7.573  -5.522
ARG03A0112_004   2.057  -7.573  -5.516
ARG+1A0112_005   2.011  -7.573  -5.561
ASN01A0113_001   0.189  -2.338  -2.150
ASN01A0113_002   0.022  -2.327  -2.305
ARG01A0114_001   2.806  -7.403  -4.597
ARG02A0114_002   2.791  -7.403  -4.612
ARG03A0114_003   2.733  -7.403  -4.669
ARG+1A0114_004   2.695  -7.403  -4.708
CYD01A0115_001   0.000  -1.844  -1.844
LYS01A0116_001   2.122  -6.427  -4.305
LYS+1A0116_002   2.071  -6.427  -4.356
THR01A0118_001   0.174  -3.766  -3.592
THR01A0118_002   0.174  -3.766  -3.592
ASP01A0119_001   0.083  -1.707  -1.624
ASP01A0119_002   0.083  -1.707  -1.624
ASP02A0119_003   0.146  -1.803  -1.657
ASP02A0119_004   0.146  -1.803  -1.657
ASP-1A0119_005   0.074  -1.694  -1.620
VAL01A0120_001   0.538  -4.587  -4.049
GLN01A0121_001   0.959  -2.903  -1.944
GLN01A0121_002   0.749  -2.965  -2.215
ALA01A0122_001   0.000  -2.401  -2.401
TRP01A0123_001   2.972  -7.921  -4.949
ILE01A0124_001   2.445  -5.019  -2.574
ARG01A0125_001   2.045  -7.736  -5.690
ARG02A0125_002   2.045  -7.736  -5.691
ARG03A0125_003   1.981  -7.736  -5.754
ARG03A0125_004   1.990  -7.736  -5.746
ARG+1A0125_005   1.942  -7.736  -5.794
CYD01A0127_001   0.000  -2.121  -2.121
ARG01A0128_001   0.317  -8.554  -8.237
ARG02A0128_002   0.431  -8.554  -8.123
ARG03A0128_003   0.424  -8.554  -8.131
ARG+1A0128_004   0.373  -8.554  -8.181
LEU01A0129_001   1.638  -5.002  -3.365
CTR01A0129_001  -0.025  -2.391  -2.416
CTR01A0129_002   0.152  -2.429  -2.278
CTR02A0129_003  -0.025  -2.431  -2.456
CTR02A0129_004   0.167  -2.456  -2.289
CTR-1A0129_005   0.000  -2.362  -2.362
HOH01A1001_001   0.000  -1.391  -1.391
HOH01A1001_002   0.000  -1.391  -1.391
HOH01A1001_003   0.000  -1.391  -1.391
HOHDMA1001_004   0.000   0.000   0.000
HOH01A1002_001   0.000  -1.546  -1.546
HOH01A1002_002   0.000  -1.546  -1.546
HOH01A1002_003   0.000  -1.546  -1.546
HOH01A1002_004   0.000  -1.546  -1.546
HOH01A1002_005   0.000  -1.546  -1.546
HOH01A1002_006   0.000  -1.546  -1.546
HOH01A1002_007   0.000  -1.546  -1.546
HOH01A1002_008   0.000  -1.546  -1.546
HOH01A1002_009   0.000  -1.546  -1.546
HOH01A1002_010   0.000  -1.546  -1.546
HOH01A1002_011   0.000  -1.546  -1.546
HOH01A1002_012   0.000  -1.546  -1.546
HOH01A1002_013   0.000  -1.546  -1.546
HOH01A1002_014   0.000  -1.546  -1.546
HOH01A1002_015   0.000  -1.546  -1.546
HOH01A1002_016   0.000  -1.546  -1.546
HOH01A1002_017   0.000  -1.546  -1.546
HOHDMA1002_018   0.000   0.000   0.000
HOH01A1003_001   0.000  -1.256  -1.256
HOH01A1003_002   0.000  -1.256  -1.256
HOH01A1003_003   0.000  -1.256  -1.256
HOH01A1003_004   0.000  -1.256  -1.256
HOH01A1003_005   0.000  -1.256  -1.256
HOHDMA1003_006   0.000   0.000   0.000
HOH01A1004_001   0.000  -0.831  -0.831
HOH01A1004_002   0.000  -0.831  -0.831
HOH01A1004_003   0.000  -0.831  -0.831
HOH01A1004_004   0.000  -0.831  -0.831
HOH01A1004_005   0.000  -0.831  -0.831
HOH01A1004_006   0.000  -0.831  -0.831
HOHDMA1004_007   0.000   0.000   0.000
HOH01A1007_001   0.000  -1.372  -1.372
HOH01A1007_002   0.000  -1.372  -1.372
HOH01A1007_003   0.000  -1.372  -1.372
HOH01A1007_004   0.000  -1.372  -1.372
HOH01A1007_005   0.000  -1.372  -1.372
HOH01A1007_006   0.000  -1.372  -1.372
HOH01A1007_007   0.000  -1.372  -1.372
HOH01A1007_008   0.000  -1.372  -1.372
HOH01A1007_009   0.000  -1.372  -1.372
HOH01A1007_010   0.000  -1.372  -1.372
HOH01A1007_011   0.000  -1.372  -1.372
HOH01A1007_012   0.000  -1.372  -1.372
HOH01A1007_013   0.000  -1.372  -1.372
HOH01A1007_014   0.000  -1.372  -1.372
HOHDMA1007_015   0.000   0.000   0.000
HOH01A1008_001   0.000  -1.121  -1.121
HOH01A1008_002   0.000  -1.121  -1.121
HOH01A1008_003   0.000  -1.121  -1.121
HOH01A1008_004   0.000  -1.121  -1.121
HOH01A1008_005   0.000  -1.121  -1.121
HOHDMA1008_006   0.000   0.000   0.000
HOH01A1015_001   0.000  -1.217  -1.217
HOH01A1015_002   0.000  -1.217  -1.217
HOH01A1015_003   0.000  -1.217  -1.217
HOH01A1015_004   0.000  -1.217  -1.217
HOH01A1015_005   0.000  -1.217  -1.217
HOH01A1015_006   0.000  -1.217  -1.217
HOH01A1015_007   0.000  -1.217  -1.217
HOH01A1015_008   0.000  -1.217  -1.217
HOH01A1015_009   0.000  -1.217  -1.217
HOH01A1015_010   0.000  -1.217  -1.217
HOH01A1015_011   0.000  -1.217  -1.217
HOH01A1015_012   0.000  -1.217  -1.217
HOH01A1015_013   0.000  -1.217  -1.217
HOH01A1015_014   0.000  -1.217  -1.217
HOH01A1015_015   0.000  -1.217  -1.217
HOHDMA1015_016   0.000   0.000   0.000
HOH01A1016_001   0.000  -1.449  -1.449
HOH01A1016_002   0.000  -1.449  -1.449
HOH01A1016_003   0.000  -1.449  -1.449
HOH01A1016_004   0.000  -1.449  -1.449
HOHDMA1016_005   0.000   0.000   0.000
HOH01A1073_001   0.000  -1.353  -1.353
HOH01A1073_002   0.000  -1.353  -1.353
HOH01A1073_003   0.000  -1.353  -1.353
HOH01A1073_004   0.000  -1.353  -1.353
HOH01A1073_005   0.000  -1.353  -1.353
HOH01A1073_006   0.000  -1.353  -1.353
HOH01A1073_007   0.000  -1.353  -1.353
HOH01A1073_008   0.000  -1.353  -1.353
HOH01A1073_009   0.000  -1.353  -1.353
HOH01A1073_010   0.000  -1.353  -1.353
HOH01A1073_011   0.000  -1.353  -1.353
HOH01A1073_012   0.000  -1.353  -1.353
HOH01A1073_013   0.000  -1.353  -1.353
HOH01A1073_014   0.000  -1.353  -1.353
HOH01A1073_015   0.000  -1.353  -1.353
HOHDMA1073_016   0.000   0.000   0.000
