CONFORMER         crg  vdw0  vdw1  tors  epol  self   occ  Hb     history    ASA
LYS01A0084_001  0.000-10.62  1.15  1.23  0.00 -8.23 0.502  00  01O000M000  1.000
LYS01A0084_002  0.000 -9.88  1.78  4.15  0.00 -3.95 0.502  00  01E00AM000  1.000
LYS01A0084_003  0.000 -9.43  1.33  2.87  0.00 -5.23 0.503  00  01E059M000  1.000
LYS01A0084_004  0.000-11.31  6.38  2.77  0.00 -2.15 0.503  00  01E06DM000  1.000
LYS01A0084_005  0.000 -5.92  1.60  3.87  0.00 -0.45 0.502  00  01E0C8M000  1.000
LYS01A0084_006  0.000 -7.01  2.49  1.48  0.00 -3.05 0.502  00  01E0D6M000  1.000
LYS01A0084_007  0.000-10.03  1.95  4.07  0.00 -4.01 0.502  00  01T00CM000  1.000
LYS01A0084_008  0.000 -8.97  1.23  1.55  0.00 -6.18 0.502  00  01T023M000  1.000
LYS01A0084_009  0.000 -9.17  2.18  3.65  0.00 -3.34 0.502  00  01T063M000  1.000
LYS01A0084_010  0.000 -8.83  1.89  4.04  0.00 -2.91 0.503  00  01T066M000  1.000
LYS01A0084_011  0.000-10.06  4.95  0.94  0.00 -4.17 0.502  00  01T06FM000  1.000
LYS01A0084_012  0.000 -7.94  1.09  3.70  0.00 -3.16 0.503  00  01T078M000  1.000
LYS01A0084_013  0.000 -8.02  1.26  3.51  0.00 -3.24 0.502  00  01T082M000  1.000
LYS01A0084_014  0.000 -7.76  3.55  3.73  0.00 -0.48 0.502  00  01T086M000  1.000
LYS01A0084_015  0.000 -8.03  1.03  1.64  0.00 -5.35 0.502  00  01T0A0M000  1.000
LYS01A0084_016  0.000 -7.67  0.93  1.53  0.00 -5.21 0.502  00  01T0A1M000  1.000
LYS01A0084_017  0.000 -7.94  0.96  3.48  0.00 -3.50 0.502  00  01T0ACM000  1.000
LYS01A0084_018  0.000 -8.10  3.70  1.78  0.00 -2.62 0.503  00  01T0BBM000  1.000
LYS+1A0084_019  1.000-10.66  1.15  1.23  0.00 -8.28 0.502  00  +1O000M000  1.000
LYS+1A0084_020  1.000 -9.95  1.78  4.16  0.00 -4.01 0.502  00  +1E00AM000  1.000
LYS+1A0084_021  1.000-10.07  1.95  4.07  0.00 -4.05 0.502  00  +1E00CM000  1.000
LYS+1A0084_022  1.000 -8.97  1.88  4.05  0.00 -3.04 0.503  00  +1E066M000  1.000
LYS+1A0084_023  1.000-10.12  4.90  0.95  0.00 -4.26 0.502  00  +1E06FM000  1.000
LYS+1A0084_024  1.000 -8.12  1.03  1.66  0.00 -5.43 0.502  00  +1E0A0M000  1.000
LYS+1A0084_025  1.000 -7.77  0.91  1.53  0.00 -5.32 0.502  00  +1E0A1M000  1.000
LYS+1A0084_026  1.000 -9.03  1.23  1.57  0.00 -6.24 0.502  00  +1T023M000  1.000
LYS+1A0084_027  1.000 -9.52  1.36  2.93  0.00 -5.23 0.503  00  +1T059M000  1.000
LYS+1A0084_028  1.000 -9.27  2.17  3.66  0.00 -3.44 0.502  00  +1T063M000  1.000
LYS+1A0084_029  1.000-11.34  6.31  2.85  0.00 -2.19 0.503  00  +1T06DM000  1.000
LYS+1A0084_030  1.000 -8.01  1.08  3.78  0.00 -3.14 0.503  00  +1T078M000  1.000
LYS+1A0084_031  1.000 -7.98  1.26  3.61  0.00 -3.12 0.502  00  +1T082M000  1.000
LYS+1A0084_032  1.000 -7.87  3.54  3.81  0.00 -0.52 0.502  00  +1T086M000  1.000
LYS+1A0084_033  1.000 -7.95  0.97  3.58  0.00 -3.40 0.502  00  +1T0ACM000  1.000
LYS+1A0084_034  1.000 -8.26  3.70  1.79  0.00 -2.78 0.503  00  +1T0BBM000  1.000
LYS+1A0084_035  1.000 -6.02  1.58  3.88  0.00 -0.56 0.502  00  +1T0C8M000  1.000
LYS+1A0084_036  1.000 -7.20  2.53  1.48  0.00 -3.18 0.502  00  +1T0D6M000  1.000
