iConf CONFORMER     FL  occ    crg   Em0  pKa0 ne nH    vdw0    vdw1    tors    epol   dsolv   extra    history
00001 LYS01A0084_001 f 0.00  0.000     0  0.00  0  0 -10.620   1.151   1.233  -0.017  -3.194   0.000 01O000M000t
00002 LYS01A0084_002 f 0.00  0.000     0  0.00  0  0  -9.889   1.782   4.153  -0.018  -2.979   0.000 01E00AM000t
00003 LYS01A0084_003 f 0.00  0.000     0  0.00  0  0  -9.428   1.326   2.873  -0.006  -3.332   0.000 01E059M000t
00004 LYS01A0084_004 f 0.00  0.000     0  0.00  0  0 -11.311   6.371   2.775  -0.042  -3.059   0.000 01E06DM000t
00005 LYS01A0084_005 f 0.00  0.000     0  0.00  0  0  -5.924   1.600   3.869  -0.090  -3.204   0.000 01E0C8M000t
00006 LYS01A0084_006 f 0.00  0.000     0  0.00  0  0  -7.003   2.495   1.477  -0.050  -2.861   0.000 01E0D6M000t
00007 LYS01A0084_007 f 0.00  0.000     0  0.00  0  0 -10.033   1.946   4.067  -0.013  -3.132   0.000 01T00CM000t
00008 LYS01A0084_008 f 0.00  0.000     0  0.00  0  0  -8.966   1.232   1.555  -0.033  -2.965   0.000 01T023M000t
00009 LYS01A0084_009 f 0.00  0.000     0  0.00  0  0  -9.173   2.181   3.649  -0.054  -2.842   0.000 01T063M000t
00010 LYS01A0084_010 f 0.00  0.000     0  0.00  0  0  -8.878   1.881   4.034  -0.025  -3.138   0.000 01T066M000t
00011 LYS01A0084_011 f 0.00  0.000     0  0.00  0  0 -10.061   4.955   0.941  -0.052  -3.107   0.000 01T06FM000t
00012 LYS01A0084_012 f 0.00  0.000     0  0.00  0  0  -7.906   1.087   3.698  -0.040  -3.035   0.000 01T078M000t
00013 LYS01A0084_013 f 0.00  0.000     0  0.00  0  0  -8.006   1.261   3.511  -0.025  -2.993   0.000 01T082M000t
00014 LYS01A0084_014 f 0.00  0.000     0  0.00  0  0  -7.754   3.551   3.736  -0.021  -3.382   0.000 01T086M000t
00015 LYS01A0084_015 f 0.00  0.000     0  0.00  0  0  -8.031   1.031   1.643  -0.012  -3.608   0.000 01T0A0M000t
00016 LYS01A0084_016 f 0.00  0.000     0  0.00  0  0  -7.676   0.936   1.526  -0.044  -2.914   0.000 01T0A1M000t
00017 LYS01A0084_017 f 0.00  0.000     0  0.00  0  0  -7.998   0.959   3.475  -0.015  -3.069   0.000 01T0ACM000t
00018 LYS01A0084_018 f 0.00  0.000     0  0.00  0  0  -8.174   3.701   1.779  -0.025  -3.515   0.000 01T0BBM000t
00019 LYS+1A0084_019 f 0.00  1.000     0 10.40  0  1 -10.668   1.151   1.233   0.069 -41.241   0.000 +1O000M000t
00020 LYS+1A0084_020 f 0.00  1.000     0 10.40  0  1  -9.955   1.785   4.162   0.005 -41.302   0.000 +1E00AM000t
00021 LYS+1A0084_021 f 0.00  1.000     0 10.40  0  1 -10.063   1.948   4.071   0.069 -41.120   0.000 +1E00CM000t
00022 LYS+1A0084_022 f 0.00  1.000     0 10.40  0  1  -8.913   1.879   4.046   0.048 -40.907   0.000 +1E066M000t
00023 LYS+1A0084_023 f 0.00  1.000     0 10.40  0  1 -10.119   4.897   0.953   0.151 -40.382   0.000 +1E06FM000t
00024 LYS+1A0084_024 f 0.00  1.000     0 10.40  0  1  -8.120   1.034   1.654   0.112 -40.953   0.000 +1E0A0M000t
00025 LYS+1A0084_025 f 0.00  1.000     0 10.40  0  1  -7.762   0.911   1.534   0.153 -40.205   0.000 +1E0A1M000t
00026 LYS+1A0084_026 f 0.00  1.000     0 10.40  0  1  -9.043   1.229   1.566   0.102 -41.046   0.000 +1T023M000t
00027 LYS+1A0084_027 f 0.00  1.000     0 10.40  0  1  -9.532   1.365   2.929   0.018 -41.163   0.000 +1T059M000t
00028 LYS+1A0084_028 f 0.00  1.000     0 10.40  0  1  -9.270   2.164   3.660   0.090 -40.562   0.000 +1T063M000t
00029 LYS+1A0084_029 f 0.00  1.000     0 10.40  0  1 -11.341   6.309   2.843   0.199 -41.438   0.000 +1T06DM000t
00030 LYS+1A0084_030 f 0.00  1.000     0 10.40  0  1  -8.004   1.079   3.781   0.088 -41.662   0.000 +1T078M000t
00031 LYS+1A0084_031 f 0.00  1.000     0 10.40  0  1  -7.986   1.256   3.607   0.083 -41.001   0.000 +1T082M000t
00032 LYS+1A0084_032 f 0.00  1.000     0 10.40  0  1  -7.871   3.541   3.812   0.083 -40.743   0.000 +1T086M000t
00033 LYS+1A0084_033 f 0.00  1.000     0 10.40  0  1  -7.939   0.966   3.577   0.068 -40.986   0.000 +1T0ACM000t
00034 LYS+1A0084_034 f 0.00  1.000     0 10.40  0  1  -8.263   3.701   1.787   0.107 -41.021   0.000 +1T0BBM000t
00035 LYS+1A0084_035 f 0.00  1.000     0 10.40  0  1  -6.031   1.574   3.880   0.286 -40.295   0.000 +1T0C8M000t
00036 LYS+1A0084_036 f 0.00  1.000     0 10.40  0  1  -7.161   2.532   1.485   0.101 -40.835   0.000 +1T0D6M000t
