   confID        vdw0    sas     sum
LYS01A0084_001   1.544 -12.164 -10.620
LYS01A0084_002   2.439 -12.328  -9.889
LYS01A0084_003   2.839 -12.266  -9.428
LYS01A0084_004   1.442 -12.753 -11.311
LYS01A0084_005   6.032 -11.956  -5.924
LYS01A0084_006   4.965 -11.969  -7.003
LYS01A0084_007   2.440 -12.473 -10.033
LYS01A0084_008   3.246 -12.212  -8.966
LYS01A0084_009   2.763 -11.936  -9.173
LYS01A0084_010   3.177 -12.055  -8.878
LYS01A0084_011   2.593 -12.654 -10.061
LYS01A0084_012   4.143 -12.049  -7.906
LYS01A0084_013   4.058 -12.064  -8.006
LYS01A0084_014   4.147 -11.901  -7.754
LYS01A0084_015   4.137 -12.168  -8.031
LYS01A0084_016   4.586 -12.262  -7.676
LYS01A0084_017   4.021 -12.019  -7.998
LYS01A0084_018   3.827 -12.001  -8.174
LYS+1A0084_019   1.496 -12.164 -10.668
LYS+1A0084_020   2.411 -12.366  -9.955
LYS+1A0084_021   2.409 -12.473 -10.063
LYS+1A0084_022   3.091 -12.004  -8.913
LYS+1A0084_023   2.573 -12.693 -10.119
LYS+1A0084_024   4.048 -12.168  -8.120
LYS+1A0084_025   4.501 -12.262  -7.762
LYS+1A0084_026   3.169 -12.212  -9.043
LYS+1A0084_027   2.819 -12.350  -9.532
LYS+1A0084_028   2.756 -12.027  -9.270
LYS+1A0084_029   1.412 -12.753 -11.341
LYS+1A0084_030   4.096 -12.100  -8.004
LYS+1A0084_031   4.026 -12.013  -7.986
LYS+1A0084_032   4.094 -11.965  -7.871
LYS+1A0084_033   4.016 -11.955  -7.939
LYS+1A0084_034   3.738 -12.001  -8.263
LYS+1A0084_035   6.005 -12.036  -6.031
LYS+1A0084_036   4.911 -12.072  -7.161
