iConf CONFORMER     FL  occ    crg   Em0  pKa0 ne nH    vdw0    vdw1    tors    epol   dsolv   extra    history
00001 LYS01A0053_001 f 0.00  0.000     0  0.00  0  0 -11.320   0.445   1.213  -0.019  -3.090   0.000 01O000M000t
00002 LYS01A0053_002 f 0.00  0.000     0  0.00  0  0 -11.093   4.927   1.033  -0.001  -3.034   0.000 01E004M000t
00003 LYS01A0053_003 f 0.00  0.000     0  0.00  0  0  -2.803   0.241   0.928  -0.031  -3.228   0.000 01E015M000t
00004 LYS01A0053_004 f 0.00  0.000     0  0.00  0  0 -10.610   0.404   1.506  -0.017  -3.361   0.000 01E017M000t
00005 LYS01A0053_005 f 0.00  0.000     0  0.00  0  0  -9.137   2.695   3.558  -0.125  -3.145   0.000 01E038M000t
00006 LYS01A0053_006 f 0.00  0.000     0  0.00  0  0 -10.252   4.512   3.365  -0.046  -2.816   0.000 01E075M000t
00007 LYS01A0053_007 f 0.00  0.000     0  0.00  0  0  -9.802   1.950   5.832  -0.020  -2.953   0.000 01E07AM000t
00008 LYS01A0053_008 f 0.00  0.000     0  0.00  0  0 -10.720   2.567   1.166  -0.050  -3.037   0.000 01E080M000t
00009 LYS01A0053_009 f 0.00  0.000     0  0.00  0  0  -7.700   0.302   3.223  -0.028  -2.937   0.000 01E08BM000t
00010 LYS01A0053_010 f 0.00  0.000     0  0.00  0  0  -9.253   4.419   4.012  -0.010  -3.092   0.000 01E0B3M000t
00011 LYS01A0053_011 f 0.00  0.000     0  0.00  0  0  -8.980   4.410   3.968  -0.007  -2.907   0.000 01E0BEM000t
00012 LYS01A0053_012 f 0.00  0.000     0  0.00  0  0  -4.702   0.523   2.418  -0.046  -3.315   0.000 01E0D3M000t
00013 LYS01A0053_013 f 0.00  0.000     0  0.00  0  0  -4.416   0.682   2.339  -0.166  -2.671   0.000 01E0D4M000t
00014 LYS01A0053_014 f 0.00  0.000     0  0.00  0  0  -9.142   3.173   3.511  -0.142  -3.071   0.000 01E0EAM000t
00015 LYS01A0053_015 f 0.00  0.000     0  0.00  0  0 -10.415   0.609   1.604  -0.031  -3.361   0.000 01T006M000t
00016 LYS01A0053_016 f 0.00  0.000     0  0.00  0  0 -10.353   0.400   1.672  -0.022  -3.162   0.000 01T013M000t
00017 LYS01A0053_017 f 0.00  0.000     0  0.00  0  0  -9.976   4.489   3.829  -0.025  -3.247   0.000 01T027M000t
00018 LYS01A0053_018 f 0.00  0.000     0  0.00  0  0  -7.377   0.232   1.086  -0.031  -2.970   0.000 01T08CM000t
00019 LYS01A0053_019 f 0.00  0.000     0  0.00  0  0  -7.618   0.501   3.935  -0.034  -3.172   0.000 01T0C3M000t
00020 LYS01A0053_020 f 0.00  0.000     0  0.00  0  0  -4.805   0.684   2.284  -0.044  -3.080   0.000 01T0DBM000t
00021 LYS+1A0053_021 f 0.00  1.000     0 10.40  0  1 -11.371   0.444   1.213   0.074 -41.444   0.000 +1O000M000t
00022 LYS+1A0053_022 f 0.00  1.000     0 10.40  0  1 -11.142   4.944   1.040   0.005 -41.250   0.000 +1E004M000t
00023 LYS+1A0053_023 f 0.00  1.000     0 10.40  0  1 -10.633   0.405   1.507   0.068 -41.418   0.000 +1E017M000t
00024 LYS+1A0053_024 f 0.00  1.000     0 10.40  0  1  -9.128   2.687   3.559   0.506 -40.917   0.000 +1E038M000t
00025 LYS+1A0053_025 f 0.00  1.000     0 10.40  0  1  -9.529   1.955   5.945   0.119 -41.057   0.000 +1E07AM000t
00026 LYS+1A0053_026 f 0.00  1.000     0 10.40  0  1  -7.766   0.499   3.968   0.118 -41.579   0.000 +1E0C3M000t
00027 LYS+1A0053_027 f 0.00  1.000     0 10.40  0  1  -4.551   0.659   2.339   0.699 -39.314   0.000 +1E0D4M000t
00028 LYS+1A0053_028 f 0.00  1.000     0 10.40  0  1 -10.465   0.607   1.603   0.084 -41.066   0.000 +1T006M000t
00029 LYS+1A0053_029 f 0.00  1.000     0 10.40  0  1 -10.557   0.397   1.681   0.088 -41.248   0.000 +1T013M000t
00030 LYS+1A0053_030 f 0.00  1.000     0 10.40  0  1  -2.953   0.241   0.929   0.125 -41.648   0.000 +1T015M000t
00031 LYS+1A0053_031 f 0.00  1.000     0 10.40  0  1  -9.969   4.513   3.844   0.099 -41.082   0.000 +1T027M000t
00032 LYS+1A0053_032 f 0.00  1.000     0 10.40  0  1 -10.199   4.512   3.378   0.192 -40.694   0.000 +1T075M000t
00033 LYS+1A0053_033 f 0.00  1.000     0 10.40  0  1 -10.626   2.558   1.175   0.223 -40.298   0.000 +1T080M000t
00034 LYS+1A0053_034 f 0.00  1.000     0 10.40  0  1  -7.654   0.298   3.247   0.130 -41.050   0.000 +1T08BM000t
00035 LYS+1A0053_035 f 0.00  1.000     0 10.40  0  1  -7.368   0.229   1.095   0.211 -40.690   0.000 +1T08CM000t
00036 LYS+1A0053_036 f 0.00  1.000     0 10.40  0  1  -9.347   4.484   4.050   0.019 -41.336   0.000 +1T0B3M000t
00037 LYS+1A0053_037 f 0.00  1.000     0 10.40  0  1  -9.060   4.448   4.031  -0.019 -40.995   0.000 +1T0BEM000t
00038 LYS+1A0053_038 f 0.00  1.000     0 10.40  0  1  -4.697   0.525   2.424   0.224 -40.930   0.000 +1T0D3M000t
00039 LYS+1A0053_039 f 0.00  1.000     0 10.40  0  1  -4.897   0.683   2.289   0.118 -40.651   0.000 +1T0DBM000t
00040 LYS+1A0053_040 f 0.00  1.000     0 10.40  0  1  -9.080   3.129   3.516   0.375 -41.301   0.000 +1T0EAM000t
