CONFORMER         crg  vdw0  vdw1  tors  epol  self   occ  Hb     history    ASA
LYS01A0053_001  0.000-11.32  0.39  1.21  0.00 -9.72 0.502  00  01O000M000  1.000
LYS01A0053_002  0.000-11.10  4.88  1.03  0.00 -5.19 0.502  00  01E004M000  1.000
LYS01A0053_003  0.000 -2.82  0.19  0.93  0.00 -1.70 0.502  00  01E015M000  1.000
LYS01A0053_004  0.000-10.61  0.35  1.51  0.00 -8.76 0.502  00  01E017M000  1.000
LYS01A0053_005  0.000 -9.13  2.69  3.56  0.00 -2.88 0.502  00  01E038M000  1.000
LYS01A0053_006  0.000-10.25  4.52  3.37  0.00 -2.37 0.501  00  01E075M000  1.000
LYS01A0053_007  0.000 -9.80  1.95  5.83  0.00 -2.02 0.502  00  01E07AM000  1.000
LYS01A0053_008  0.000-10.72  2.51  1.17  0.00 -7.04 0.502  00  01E080M000  1.000
LYS01A0053_009  0.000 -7.70  0.25  3.22  0.00 -4.23 0.503  00  01E08BM000  1.000
LYS01A0053_010  0.000 -9.21  4.37  4.01  0.00 -0.82 0.503  00  01E0B3M000  1.000
LYS01A0053_011  0.000 -8.98  4.35  3.97  0.00 -0.67 0.502  00  01E0BEM000  1.000
LYS01A0053_012  0.000 -4.71  0.52  2.42  0.00 -1.77 0.502  00  01E0D3M000  1.000
LYS01A0053_013  0.000 -4.42  0.68  2.34  0.00 -1.40 0.501  00  01E0D4M000  1.000
LYS01A0053_014  0.000 -9.13  3.17  3.51  0.00 -2.46 0.502  00  01E0EAM000  1.000
LYS01A0053_015  0.000-10.42  0.61  1.60  0.00 -8.21 0.502  00  01T006M000  1.000
LYS01A0053_016  0.000-10.40  0.34  1.67  0.00 -8.39 0.502  00  01T013M000  1.000
LYS01A0053_017  0.000 -9.98  4.44  3.83  0.00 -1.71 0.503  00  01T027M000  1.000
LYS01A0053_018  0.000 -7.38  0.18  1.08  0.00 -6.12 0.502  00  01T08CM000  1.000
LYS01A0053_019  0.000 -7.62  0.50  3.93  0.00 -3.18 0.502  00  01T0C3M000  1.000
LYS01A0053_020  0.000 -4.84  0.68  2.28  0.00 -1.88 0.501  00  01T0DBM000  1.000
LYS+1A0053_021  1.000-11.37  0.39  1.21  0.00 -9.77 0.502  00  +1O000M000  1.000
LYS+1A0053_022  1.000-11.09  4.89  1.04  0.00 -5.16 0.502  00  +1E004M000  1.000
LYS+1A0053_023  1.000-10.64  0.35  1.51  0.00 -8.78 0.502  00  +1E017M000  1.000
LYS+1A0053_024  1.000 -9.13  2.69  3.56  0.00 -2.89 0.502  00  +1E038M000  1.000
LYS+1A0053_025  1.000 -9.52  1.95  5.95  0.00 -1.63 0.502  00  +1E07AM000  1.000
LYS+1A0053_026  1.000 -7.84  0.50  3.96  0.00 -3.38 0.502  00  +1E0C3M000  1.000
LYS+1A0053_027  1.000 -4.53  0.66  2.34  0.00 -1.53 0.501  00  +1E0D4M000  1.000
LYS+1A0053_028  1.000-10.47  0.61  1.60  0.00 -8.26 0.502  00  +1T006M000  1.000
LYS+1A0053_029  1.000-10.56  0.34  1.68  0.00 -8.53 0.502  00  +1T013M000  1.000
LYS+1A0053_030  1.000 -2.95  0.19  0.93  0.00 -1.84 0.502  00  +1T015M000  1.000
LYS+1A0053_031  1.000 -9.90  4.46  3.84  0.00 -1.60 0.503  00  +1T027M000  1.000
LYS+1A0053_032  1.000-10.19  4.51  3.38  0.00 -2.31 0.501  00  +1T075M000  1.000
LYS+1A0053_033  1.000-10.63  2.51  1.17  0.00 -6.95 0.502  00  +1T080M000  1.000
LYS+1A0053_034  1.000 -7.66  0.24  3.25  0.00 -4.17 0.503  00  +1T08BM000  1.000
LYS+1A0053_035  1.000 -7.37  0.17  1.09  0.00 -6.10 0.502  00  +1T08CM000  1.000
LYS+1A0053_036  1.000 -9.35  4.43  4.05  0.00 -0.87 0.503  00  +1T0B3M000  1.000
LYS+1A0053_037  1.000 -9.02  4.39  4.03  0.00 -0.59 0.502  00  +1T0BEM000  1.000
LYS+1A0053_038  1.000 -4.69  0.52  2.42  0.00 -1.75 0.502  00  +1T0D3M000  1.000
LYS+1A0053_039  1.000 -4.90  0.68  2.29  0.00 -1.93 0.501  00  +1T0DBM000  1.000
LYS+1A0053_040  1.000 -9.08  3.13  3.52  0.00 -2.44 0.502  00  +1T0EAM000  1.000
