   confID        vdw0    sas     sum
LYS01A0053_001   1.146 -12.466 -11.320
LYS01A0053_002   1.190 -12.283 -11.093
LYS01A0053_003   9.316 -12.118  -2.803
LYS01A0053_004   2.169 -12.779 -10.610
LYS01A0053_005   3.461 -12.598  -9.137
LYS01A0053_006   2.316 -12.568 -10.252
LYS01A0053_007   2.559 -12.361  -9.802
LYS01A0053_008   1.728 -12.448 -10.720
LYS01A0053_009   4.653 -12.354  -7.700
LYS01A0053_010   2.995 -12.247  -9.253
LYS01A0053_011   2.991 -11.971  -8.980
LYS01A0053_012   7.250 -11.952  -4.702
LYS01A0053_013   7.725 -12.141  -4.416
LYS01A0053_014   3.362 -12.504  -9.142
LYS01A0053_015   1.964 -12.379 -10.415
LYS01A0053_016   2.171 -12.524 -10.353
LYS01A0053_017   2.287 -12.263  -9.976
LYS01A0053_018   4.573 -11.950  -7.377
LYS01A0053_019   4.063 -11.681  -7.618
LYS01A0053_020   7.232 -12.037  -4.805
LYS+1A0053_021   1.096 -12.466 -11.371
LYS+1A0053_022   1.141 -12.283 -11.142
LYS+1A0053_023   2.117 -12.750 -10.633
LYS+1A0053_024   3.471 -12.598  -9.128
LYS+1A0053_025   2.491 -12.019  -9.529
LYS+1A0053_026   4.034 -11.800  -7.766
LYS+1A0053_027   7.628 -12.179  -4.551
LYS+1A0053_028   1.914 -12.379 -10.465
LYS+1A0053_029   2.115 -12.672 -10.557
LYS+1A0053_030   9.217 -12.170  -2.953
LYS+1A0053_031   2.230 -12.199  -9.969
LYS+1A0053_032   2.301 -12.500 -10.199
LYS+1A0053_033   1.648 -12.275 -10.626
LYS+1A0053_034   4.712 -12.366  -7.654
LYS+1A0053_035   4.530 -11.898  -7.368
LYS+1A0053_036   2.952 -12.299  -9.347
LYS+1A0053_037   2.962 -12.022  -9.060
LYS+1A0053_038   7.191 -11.888  -4.697
LYS+1A0053_039   7.139 -12.037  -4.897
LYS+1A0053_040   3.321 -12.400  -9.080
