iConf CONFORMER     FL  occ    crg   Em0  pKa0 ne nH    vdw0    vdw1    tors    epol   dsolv   extra    history
00001 LYS01A0133_001 f 0.00  0.000     0  0.00  0  0  -8.781   0.145   1.241  -0.027  -3.327   0.000 01O000M000t
00002 LYS01A0133_002 f 0.00  0.000     0  0.00  0  0 -11.255   0.417   1.476  -0.028  -2.869   0.000 01E021M000t
00003 LYS01A0133_003 f 0.00  0.000     0  0.00  0  0 -12.315   3.044   1.023  -0.054  -2.963   0.000 01E04BM000t
00004 LYS01A0133_004 f 0.00  0.000     0  0.00  0  0  -9.147   0.158   4.280  -0.020  -3.483   0.000 01E097M000t
00005 LYS01A0133_005 f 0.00  0.000     0  0.00  0  0  -9.788  -0.028   1.580  -0.061  -2.818   0.000 01E099M000t
00006 LYS01A0133_006 f 0.00  0.000     0  0.00  0  0 -10.188   0.930   4.130  -0.019  -2.966   0.000 01E106M000t
00007 LYS01A0133_007 f 0.00  0.000     0  0.00  0  0 -10.559   1.188   7.025  -0.048  -3.286   0.000 01E10FM000t
00008 LYS01A0133_008 f 0.00  0.000     0  0.00  0  0 -10.334   1.298   7.045  -0.016  -3.673   0.000 01E112M000t
00009 LYS01A0133_009 f 0.00  0.000     0  0.00  0  0 -10.330   0.114   4.153  -0.023  -2.970   0.000 01E12FM000t
00010 LYS01A0133_010 f 0.00  0.000     0  0.00  0  0 -10.407   0.682   1.494  -0.035  -2.878   0.000 01E176M000t
00011 LYS01A0133_011 f 0.00  0.000     0  0.00  0  0 -10.430   0.841   1.037  -0.022  -3.580   0.000 01E179M000t
00012 LYS01A0133_012 f 0.00  0.000     0  0.00  0  0 -11.450   0.809   1.368  -0.014  -3.271   0.000 01T01AM000t
00013 LYS01A0133_013 f 0.00  0.000     0  0.00  0  0 -11.310   0.057   1.747  -0.049  -3.103   0.000 01T029M000t
00014 LYS01A0133_014 f 0.00  0.000     0  0.00  0  0  -8.942   0.650   3.700  -0.035  -3.399   0.000 01T076M000t
00015 LYS01A0133_015 f 0.00  0.000     0  0.00  0  0  -9.899   0.704   4.281  -0.022  -3.247   0.000 01T0B6M000t
00016 LYS01A0133_016 f 0.00  0.000     0  0.00  0  0  -7.307   0.437   3.532  -0.042  -3.586   0.000 01T0DDM000t
00017 LYS01A0133_017 f 0.00  0.000     0  0.00  0  0 -10.755   0.030   1.533  -0.063  -3.075   0.000 01T0E3M000t
00018 LYS01A0133_018 f 0.00  0.000     0  0.00  0  0 -10.407   0.040   4.457  -0.075  -2.937   0.000 01T0ECM000t
00019 LYS01A0133_019 f 0.00  0.000     0  0.00  0  0  -9.292   1.276   4.615  -0.021  -3.095   0.000 01T114M000t
00020 LYS01A0133_020 f 0.00  0.000     0  0.00  0  0 -10.868   0.759   4.038  -0.037  -2.890   0.000 01T126M000t
00021 LYS+1A0133_021 f 0.00  1.000     0 10.40  0  1  -8.831   0.144   1.241   0.117 -41.284   0.000 +1O000M000t
00022 LYS+1A0133_022 f 0.00  1.000     0 10.40  0  1 -11.499   0.809   1.370   0.071 -41.202   0.000 +1E01AM000t
00023 LYS+1A0133_023 f 0.00  1.000     0 10.40  0  1  -9.210   0.153   4.332   0.061 -41.760   0.000 +1E097M000t
00024 LYS+1A0133_024 f 0.00  1.000     0 10.40  0  1  -9.658   0.689   4.335   0.135 -41.337   0.000 +1E0B6M000t
00025 LYS+1A0133_025 f 0.00  1.000     0 10.40  0  1 -10.273   0.926   4.133   0.098 -40.548   0.000 +1E106M000t
00026 LYS+1A0133_026 f 0.00  1.000     0 10.40  0  1  -9.506   1.274   4.621   0.073 -41.286   0.000 +1E114M000t
00027 LYS+1A0133_027 f 0.00  1.000     0 10.40  0  1 -10.496   0.678   1.496   0.135 -41.097   0.000 +1E176M000t
00028 LYS+1A0133_028 f 0.00  1.000     0 10.40  0  1 -11.254   0.424   1.476   0.125 -41.412   0.000 +1T021M000t
00029 LYS+1A0133_029 f 0.00  1.000     0 10.40  0  1 -11.299   0.052   1.754   0.165 -41.682   0.000 +1T029M000t
00030 LYS+1A0133_030 f 0.00  1.000     0 10.40  0  1 -12.296   3.128   1.028   0.160 -41.367   0.000 +1T04BM000t
00031 LYS+1A0133_031 f 0.00  1.000     0 10.40  0  1  -8.922   0.650   3.752   0.146 -41.075   0.000 +1T076M000t
00032 LYS+1A0133_032 f 0.00  1.000     0 10.40  0  1  -9.901  -0.029   1.583   0.139 -40.310   0.000 +1T099M000t
00033 LYS+1A0133_033 f 0.00  1.000     0 10.40  0  1  -7.410   0.421   3.560   0.174 -41.173   0.000 +1T0DDM000t
00034 LYS+1A0133_034 f 0.00  1.000     0 10.40  0  1 -10.798   0.026   1.537   0.153 -40.987   0.000 +1T0E3M000t
00035 LYS+1A0133_035 f 0.00  1.000     0 10.40  0  1 -10.471   0.025   4.471   0.233 -41.092   0.000 +1T0ECM000t
00036 LYS+1A0133_036 f 0.00  1.000     0 10.40  0  1 -10.474   1.189   7.030   0.015 -40.711   0.000 +1T10FM000t
00037 LYS+1A0133_037 f 0.00  1.000     0 10.40  0  1 -10.669   1.293   7.058   0.054 -41.211   0.000 +1T112M000t
00038 LYS+1A0133_038 f 0.00  1.000     0 10.40  0  1 -10.947   0.757   4.041   0.069 -40.663   0.000 +1T126M000t
00039 LYS+1A0133_039 f 0.00  1.000     0 10.40  0  1 -10.375   0.111   4.168   0.074 -40.804   0.000 +1T12FM000t
00040 LYS+1A0133_040 f 0.00  1.000     0 10.40  0  1 -10.484   0.827   1.043   0.130 -41.749   0.000 +1T179M000t
