CONFORMER         crg  vdw0  vdw1  tors  epol  self   occ  Hb     history    ASA
LYS01A0133_001  0.000 -8.78  0.14  1.24  0.00 -7.40 0.502  00  01O000M000  1.000
LYS01A0133_002  0.000-11.26  0.42  1.47  0.00 -9.37 0.501  00  01E021M000  1.000
LYS01A0133_003  0.000-12.32  3.04  1.02  0.00 -8.25 0.501  00  01E04BM000  1.000
LYS01A0133_004  0.000 -9.14  0.16  4.28  0.00 -4.71 0.502  00  01E097M000  1.000
LYS01A0133_005  0.000 -9.86 -0.03  1.58  0.00 -8.30 0.502  00  01E099M000  1.000
LYS01A0133_006  0.000-10.19  0.93  4.13  0.00 -5.13 0.501  00  01E106M000  1.000
LYS01A0133_007  0.000-10.56  1.19  7.02  0.00 -2.34 0.502  00  01E10FM000  1.000
LYS01A0133_008  0.000-10.34  1.30  7.04  0.00 -1.99 0.501  00  01E112M000  1.000
LYS01A0133_009  0.000-10.33  0.12  4.15  0.00 -6.07 0.501  00  01E12FM000  1.000
LYS01A0133_010  0.000-10.41  0.68  1.49  0.00 -8.23 0.501  00  01E176M000  1.000
LYS01A0133_011  0.000-10.43  0.84  1.04  0.00 -8.55 0.501  00  01E179M000  1.000
LYS01A0133_012  0.000-11.45  0.81  1.37  0.00 -9.28 0.501  00  01T01AM000  1.000
LYS01A0133_013  0.000-11.31  0.06  1.75  0.00 -9.50 0.501  00  01T029M000  1.000
LYS01A0133_014  0.000 -8.94  0.65  3.70  0.00 -4.59 0.501  00  01T076M000  1.000
LYS01A0133_015  0.000 -9.90  0.70  4.28  0.00 -4.91 0.501  00  01T0B6M000  1.000
LYS01A0133_016  0.000 -7.31  0.44  3.53  0.00 -3.34 0.501  00  01T0DDM000  1.000
LYS01A0133_017  0.000-10.75  0.03  1.53  0.00 -9.19 0.501  00  01T0E3M000  1.000
LYS01A0133_018  0.000-10.41  0.04  4.46  0.00 -5.91 0.501  00  01T0ECM000  1.000
LYS01A0133_019  0.000 -9.28  1.28  4.61  0.00 -3.38 0.501  00  01T114M000  1.000
LYS01A0133_020  0.000-10.81  0.76  4.04  0.00 -6.01 0.501  00  01T126M000  1.000
LYS+1A0133_021  1.000 -8.83  0.14  1.24  0.00 -7.45 0.502  00  +1O000M000  1.000
LYS+1A0133_022  1.000-11.50  0.81  1.37  0.00 -9.32 0.501  00  +1E01AM000  1.000
LYS+1A0133_023  1.000 -9.20  0.15  4.33  0.00 -4.72 0.502  00  +1E097M000  1.000
LYS+1A0133_024  1.000 -9.66  0.69  4.33  0.00 -4.64 0.501  00  +1E0B6M000  1.000
LYS+1A0133_025  1.000-10.27  0.93  4.13  0.00 -5.21 0.501  00  +1E106M000  1.000
LYS+1A0133_026  1.000 -9.51  1.28  4.62  0.00 -3.62 0.501  00  +1E114M000  1.000
LYS+1A0133_027  1.000-10.50  0.68  1.49  0.00 -8.32 0.501  00  +1E176M000  1.000
LYS+1A0133_028  1.000-11.26  0.42  1.48  0.00 -9.36 0.501  00  +1T021M000  1.000
LYS+1A0133_029  1.000-11.30  0.05  1.75  0.00 -9.49 0.501  00  +1T029M000  1.000
LYS+1A0133_030  1.000-12.30  3.13  1.03  0.00 -8.14 0.501  00  +1T04BM000  1.000
LYS+1A0133_031  1.000 -8.92  0.65  3.75  0.00 -4.52 0.501  00  +1T076M000  1.000
LYS+1A0133_032  1.000 -9.82 -0.03  1.58  0.00 -8.27 0.502  00  +1T099M000  1.000
LYS+1A0133_033  1.000 -7.41  0.42  3.56  0.00 -3.42 0.501  00  +1T0DDM000  1.000
LYS+1A0133_034  1.000-10.80  0.02  1.54  0.00 -9.24 0.501  00  +1T0E3M000  1.000
LYS+1A0133_035  1.000-10.48  0.03  4.47  0.00 -5.98 0.501  00  +1T0ECM000  1.000
LYS+1A0133_036  1.000-10.47  1.19  7.03  0.00 -2.25 0.502  00  +1T10FM000  1.000
LYS+1A0133_037  1.000-10.67  1.29  7.06  0.00 -2.32 0.501  00  +1T112M000  1.000
LYS+1A0133_038  1.000-10.94  0.76  4.04  0.00 -6.14 0.501  00  +1T126M000  1.000
LYS+1A0133_039  1.000-10.38  0.11  4.17  0.00 -6.10 0.501  00  +1T12FM000  1.000
LYS+1A0133_040  1.000-10.48  0.82  1.04  0.00 -8.61 0.501  00  +1T179M000  1.000
