   confID        vdw0    sas     sum
LYS01A0133_001   3.280 -12.061  -8.781
LYS01A0133_002   1.179 -12.434 -11.255
LYS01A0133_003   0.612 -12.927 -12.315
LYS01A0133_004   3.226 -12.373  -9.147
LYS01A0133_005   2.390 -12.178  -9.788
LYS01A0133_006   2.116 -12.303 -10.188
LYS01A0133_007   2.076 -12.634 -10.559
LYS01A0133_008   2.151 -12.486 -10.334
LYS01A0133_009   1.964 -12.294 -10.330
LYS01A0133_010   2.134 -12.541 -10.407
LYS01A0133_011   2.324 -12.754 -10.430
LYS01A0133_012   1.254 -12.705 -11.450
LYS01A0133_013   1.256 -12.566 -11.310
LYS01A0133_014   3.473 -12.415  -8.942
LYS01A0133_015   3.259 -13.159  -9.899
LYS01A0133_016   4.748 -12.055  -7.307
LYS01A0133_017   1.661 -12.416 -10.755
LYS01A0133_018   2.034 -12.441 -10.407
LYS01A0133_019   2.924 -12.217  -9.292
LYS01A0133_020   1.464 -12.332 -10.868
LYS+1A0133_021   3.229 -12.061  -8.831
LYS+1A0133_022   1.205 -12.705 -11.499
LYS+1A0133_023   3.215 -12.425  -9.210
LYS+1A0133_024   3.246 -12.905  -9.658
LYS+1A0133_025   2.030 -12.303 -10.273
LYS+1A0133_026   2.878 -12.384  -9.506
LYS+1A0133_027   2.045 -12.541 -10.496
LYS+1A0133_028   1.129 -12.383 -11.254
LYS+1A0133_029   1.216 -12.514 -11.299
LYS+1A0133_030   0.563 -12.859 -12.296
LYS+1A0133_031   3.387 -12.309  -8.922
LYS+1A0133_032   2.345 -12.246  -9.901
LYS+1A0133_033   4.761 -12.171  -7.410
LYS+1A0133_034   1.566 -12.365 -10.798
LYS+1A0133_035   1.970 -12.441 -10.471
LYS+1A0133_036   2.029 -12.502 -10.474
LYS+1A0133_037   2.090 -12.759 -10.669
LYS+1A0133_038   1.360 -12.307 -10.947
LYS+1A0133_039   1.915 -12.290 -10.375
LYS+1A0133_040   2.321 -12.805 -10.484
