iConf CONFORMER     FL  occ    crg   Em0  pKa0 ne nH    vdw0    vdw1    tors    epol   dsolv   extra    history
00001 LYS01A0116_001 f 0.00  0.000     0  0.00  0  0 -12.046   0.742   3.590  -0.018  -3.139   0.000 01O000M000t
00002 LYS01A0116_002 f 0.00  0.000     0  0.00  0  0 -11.857   0.640   2.644  -0.022  -3.366   0.000 01E017M000t
00003 LYS01A0116_003 f 0.00  0.000     0  0.00  0  0 -11.140   0.213   2.460  -0.023  -3.436   0.000 01E029M000t
00004 LYS01A0116_004 f 0.00  0.000     0  0.00  0  0  -9.600   0.245   1.724  -0.053  -2.985   0.000 01E0DCM000t
00005 LYS01A0116_005 f 0.00  0.000     0  0.00  0  0 -11.419  -0.204   2.149  -0.043  -3.010   0.000 01E103M000t
00006 LYS01A0116_006 f 0.00  0.000     0  0.00  0  0 -11.640   6.885   3.470  -0.031  -3.022   0.000 01E173M000t
00007 LYS01A0116_007 f 0.00  0.000     0  0.00  0  0 -12.900   0.345   3.040  -0.030  -3.261   0.000 01E1DFM000t
00008 LYS01A0116_008 f 0.00  0.000     0  0.00  0  0 -11.982   3.346   3.397  -0.043  -3.074   0.000 01T0B8M000t
00009 LYS01A0116_009 f 0.00  0.000     0  0.00  0  0  -9.433   0.308   2.130  -0.015  -3.128   0.000 01T0DBM000t
00010 LYS01A0116_010 f 0.00  0.000     0  0.00  0  0 -10.950   1.669   2.388  -0.031  -3.091   0.000 01T0E0M000t
00011 LYS01A0116_011 f 0.00  0.000     0  0.00  0  0  -8.685   0.354   2.599  -0.067  -3.260   0.000 01T149M000t
00012 LYS01A0116_012 f 0.00  0.000     0  0.00  0  0 -11.371   7.014   3.456  -0.057  -3.010   0.000 01T16BM000t
00013 LYS01A0116_013 f 0.00  0.000     0  0.00  0  0 -11.861   0.045   3.594  -0.028  -3.247   0.000 01T181M000t
00014 LYS01A0116_014 f 0.00  0.000     0  0.00  0  0 -12.053   2.788   2.343  -0.055  -3.216   0.000 01T189M000t
00015 LYS01A0116_015 f 0.00  0.000     0  0.00  0  0 -12.554   3.751   2.230  -0.029  -2.897   0.000 01T1DAM000t
00016 LYS01A0116_016 f 0.00  0.000     0  0.00  0  0 -12.143   3.514   2.994  -0.038  -2.929   0.000 01T1E5M000t
00017 LYS01A0116_017 f 0.00  0.000     0  0.00  0  0 -12.118   0.517   3.486  -0.018  -3.134   0.000 01T1EBM000t
00018 LYS01A0116_018 f 0.00  0.000     0  0.00  0  0 -11.924   0.274   4.333  -0.090  -3.238   0.000 01T1F2M000t
00019 LYS01A0116_019 f 0.00  0.000     0  0.00  0  0 -10.140   0.262   3.525  -0.024  -3.207   0.000 01T1F6M000t
00020 LYS01A0116_020 f 0.00  0.000     0  0.00  0  0 -11.988   6.014   2.683  -0.198  -2.866   0.000 01T22FM000t
00021 LYS+1A0116_021 f 0.00  1.000     0 10.40  0  1 -12.091   0.741   3.590   0.089 -41.940   0.000 +1O000M000t
00022 LYS+1A0116_022 f 0.00  1.000     0 10.40  0  1 -11.278   0.217   2.538   0.099 -41.178   0.000 +1E029M000t
00023 LYS+1A0116_023 f 0.00  1.000     0 10.40  0  1 -10.905   1.658   2.433   0.156 -40.582   0.000 +1E0E0M000t
00024 LYS+1A0116_024 f 0.00  1.000     0 10.40  0  1 -11.435  -0.208   2.214   0.147 -41.814   0.000 +1E103M000t
00025 LYS+1A0116_025 f 0.00  1.000     0 10.40  0  1 -11.528   6.863   3.499   0.122 -41.263   0.000 +1E173M000t
00026 LYS+1A0116_026 f 0.00  1.000     0 10.40  0  1 -12.441   3.866   2.269   0.144 -41.219   0.000 +1E1DAM000t
00027 LYS+1A0116_027 f 0.00  1.000     0 10.40  0  1 -12.206   3.510   3.027   0.142 -40.670   0.000 +1E1E5M000t
00028 LYS+1A0116_028 f 0.00  1.000     0 10.40  0  1 -12.123   0.519   3.522   0.070 -41.283   0.000 +1E1EBM000t
00029 LYS+1A0116_029 f 0.00  1.000     0 10.40  0  1 -12.028   0.267   4.388   0.384 -41.240   0.000 +1E1F2M000t
00030 LYS+1A0116_030 f 0.00  1.000     0 10.40  0  1  -9.897   0.259   3.597   0.147 -41.641   0.000 +1E1F6M000t
00031 LYS+1A0116_031 f 0.00  1.000     0 10.40  0  1 -11.896   0.636   2.705   0.092 -41.265   0.000 +1T017M000t
00032 LYS+1A0116_032 f 0.00  1.000     0 10.40  0  1 -11.945   3.370   3.480   0.144 -40.963   0.000 +1T0B8M000t
00033 LYS+1A0116_033 f 0.00  1.000     0 10.40  0  1  -9.612   0.310   2.172   0.231 -40.095   0.000 +1T0DBM000t
00034 LYS+1A0116_034 f 0.00  1.000     0 10.40  0  1  -9.553   0.236   1.759   0.225 -40.140   0.000 +1T0DCM000t
00035 LYS+1A0116_035 f 0.00  1.000     0 10.40  0  1  -8.512   0.342   2.640   0.218 -39.559   0.000 +1T149M000t
00036 LYS+1A0116_036 f 0.00  1.000     0 10.40  0  1 -11.405   7.044   3.500   0.250 -40.626   0.000 +1T16BM000t
00037 LYS+1A0116_037 f 0.00  1.000     0 10.40  0  1 -11.806   0.048   3.649   0.117 -41.573   0.000 +1T181M000t
00038 LYS+1A0116_038 f 0.00  1.000     0 10.40  0  1 -12.134   2.836   2.363   0.048 -40.644   0.000 +1T189M000t
00039 LYS+1A0116_039 f 0.00  1.000     0 10.40  0  1 -13.041   0.335   3.089   0.113 -41.984   0.000 +1T1DFM000t
00040 LYS+1A0116_040 f 0.00  1.000     0 10.40  0  1 -12.043   6.094   2.736   0.728 -40.620   0.000 +1T22FM000t
