CONFORMER         crg  vdw0  vdw1  tors  epol  self   occ  Hb     history    ASA
LYS01A0116_001  0.000-12.05  0.69  3.59  0.00 -7.77 0.501  00  01O000M000  1.000
LYS01A0116_002  0.000-11.86  0.59  2.65  0.00 -8.62 0.501  00  01E017M000  1.000
LYS01A0116_003  0.000-11.14  0.12  2.46  0.00 -8.56 0.501  00  01E029M000  1.000
LYS01A0116_004  0.000 -9.60  0.20  1.72  0.00 -7.68 0.501  00  01E0DCM000  1.000
LYS01A0116_005  0.000-11.48 -0.32  2.15  0.00 -9.66 0.501  00  01E103M000  1.000
LYS01A0116_006  0.000-11.64  6.75  3.47  0.00 -1.42 0.500  00  01E173M000  1.000
LYS01A0116_007  0.000-12.90  0.30  3.04  0.00 -9.56 0.501  00  01E1DFM000  1.000
LYS01A0116_008  0.000-11.98  3.30  3.40  0.00 -5.28 0.501  00  01T0B8M000  1.000
LYS01A0116_009  0.000 -9.44  0.26  2.13  0.00 -7.06 0.501  00  01T0DBM000  1.000
LYS01A0116_010  0.000-10.96  1.55  2.38  0.00 -7.02 0.501  00  01T0E0M000  1.000
LYS01A0116_011  0.000 -8.67  0.30  2.60  0.00 -5.78 0.501  00  01T149M000  1.000
LYS01A0116_012  0.000-11.37  6.88  3.46  0.00 -1.04 0.502  00  01T16BM000  1.000
LYS01A0116_013  0.000-11.90 -0.08  3.59  0.00 -8.38 0.501  00  01T181M000  1.000
LYS01A0116_014  0.000-12.05  2.71  2.34  0.00 -7.00 0.501  00  01T189M000  1.000
LYS01A0116_015  0.000-12.55  3.70  2.23  0.00 -6.62 0.501  00  01T1DAM000  1.000
LYS01A0116_016  0.000-12.14  3.48  2.99  0.00 -5.67 0.501  00  01T1E5M000  1.000
LYS01A0116_017  0.000-12.12  0.42  3.49  0.00 -8.21 0.501  00  01T1EBM000  1.000
LYS01A0116_018  0.000-11.92  0.17  4.33  0.00 -7.42 0.501  00  01T1F2M000  1.000
LYS01A0116_019  0.000-10.14  0.16  3.52  0.00 -6.45 0.501  00  01T1F6M000  1.000
LYS01A0116_020  0.000-11.99  6.02  2.68  0.00 -3.29 0.501  00  01T22FM000  1.000
LYS+1A0116_021  1.000-12.09  0.69  3.59  0.00 -7.81 0.501  00  +1O000M000  1.000
LYS+1A0116_022  1.000-11.27  0.12  2.54  0.00 -8.62 0.501  00  +1E029M000  1.000
LYS+1A0116_023  1.000-10.91  1.54  2.43  0.00 -6.94 0.501  00  +1E0E0M000  1.000
LYS+1A0116_024  1.000-11.43 -0.33  2.21  0.00 -9.55 0.501  00  +1E103M000  1.000
LYS+1A0116_025  1.000-11.53  6.75  3.50  0.00 -1.27 0.500  00  +1E173M000  1.000
LYS+1A0116_026  1.000-12.44  3.82  2.27  0.00 -6.35 0.501  00  +1E1DAM000  1.000
LYS+1A0116_027  1.000-12.20  3.47  3.03  0.00 -5.71 0.501  00  +1E1E5M000  1.000
LYS+1A0116_028  1.000-12.12  0.42  3.52  0.00 -8.18 0.501  00  +1E1EBM000  1.000
LYS+1A0116_029  1.000-12.03  0.17  4.39  0.00 -7.47 0.501  00  +1E1F2M000  1.000
LYS+1A0116_030  1.000 -9.97  0.16  3.59  0.00 -6.22 0.501  00  +1E1F6M000  1.000
LYS+1A0116_031  1.000-11.89  0.59  2.70  0.00 -8.60 0.501  00  +1T017M000  1.000
LYS+1A0116_032  1.000-11.94  3.33  3.48  0.00 -5.14 0.501  00  +1T0B8M000  1.000
LYS+1A0116_033  1.000 -9.68  0.26  2.17  0.00 -7.25 0.501  00  +1T0DBM000  1.000
LYS+1A0116_034  1.000 -9.54  0.18  1.76  0.00 -7.60 0.501  00  +1T0DCM000  1.000
LYS+1A0116_035  1.000 -8.51  0.29  2.64  0.00 -5.58 0.501  00  +1T149M000  1.000
LYS+1A0116_036  1.000-11.34  6.91  3.50  0.00 -0.93 0.502  00  +1T16BM000  1.000
LYS+1A0116_037  1.000-11.80 -0.07  3.65  0.00 -8.23 0.501  00  +1T181M000  1.000
LYS+1A0116_038  1.000-12.13  2.77  2.36  0.00 -7.00 0.501  00  +1T189M000  1.000
LYS+1A0116_039  1.000-13.04  0.29  3.08  0.00 -9.67 0.501  00  +1T1DFM000  1.000
LYS+1A0116_040  1.000-12.04  6.08  2.74  0.00 -3.22 0.501  00  +1T22FM000  1.000
