   confID        vdw0    sas     sum
LYS01A0116_001   0.919 -12.965 -12.046
LYS01A0116_002   0.808 -12.666 -11.857
LYS01A0116_003   1.342 -12.482 -11.140
LYS01A0116_004   2.511 -12.111  -9.600
LYS01A0116_005   0.777 -12.197 -11.419
LYS01A0116_006   0.926 -12.567 -11.640
LYS01A0116_007   0.167 -13.068 -12.900
LYS01A0116_008   0.903 -12.885 -11.982
LYS01A0116_009   2.694 -12.127  -9.433
LYS01A0116_010   1.887 -12.837 -10.950
LYS01A0116_011   3.011 -11.696  -8.685
LYS01A0116_012   0.945 -12.316 -11.371
LYS01A0116_013   0.679 -12.540 -11.861
LYS01A0116_014   0.521 -12.574 -12.053
LYS01A0116_015   0.447 -13.002 -12.554
LYS01A0116_016   0.762 -12.905 -12.143
LYS01A0116_017   0.925 -13.043 -12.118
LYS01A0116_018   0.671 -12.595 -11.924
LYS01A0116_019   2.889 -13.029 -10.140
LYS01A0116_020   0.579 -12.567 -11.988
LYS+1A0116_021   0.874 -12.965 -12.091
LYS+1A0116_022   1.217 -12.495 -11.278
LYS+1A0116_023   1.896 -12.802 -10.905
LYS+1A0116_024   0.720 -12.155 -11.435
LYS+1A0116_025   0.855 -12.383 -11.528
LYS+1A0116_026   0.377 -12.818 -12.441
LYS+1A0116_027   0.699 -12.905 -12.206
LYS+1A0116_028   0.852 -12.975 -12.123
LYS+1A0116_029   0.631 -12.659 -12.028
LYS+1A0116_030   2.971 -12.868  -9.897
LYS+1A0116_031   0.774 -12.669 -11.896
LYS+1A0116_032   0.824 -12.769 -11.945
LYS+1A0116_033   2.499 -12.111  -9.612
LYS+1A0116_034   2.529 -12.082  -9.553
LYS+1A0116_035   3.039 -11.551  -8.512
LYS+1A0116_036   0.872 -12.278 -11.405
LYS+1A0116_037   0.641 -12.447 -11.806
LYS+1A0116_038   0.449 -12.583 -12.134
LYS+1A0116_039   0.133 -13.174 -13.041
LYS+1A0116_040   0.511 -12.554 -12.043
