CONFORMER         crg  vdw0  vdw1  tors  epol  self   occ  Hb     history    ASA
LYS01A0016_001  0.000-10.21  1.09  2.73  0.00 -6.40 0.502  00  01O000M000  1.000
LYS01A0016_002  0.000-10.11  3.11  2.06  0.00 -4.94 0.501  00  01E002M000  1.000
LYS01A0016_003  0.000-11.95  3.41  1.33  0.00 -7.22 0.502  00  01E077M000  1.000
LYS01A0016_004  0.000 -6.38  0.53  1.24  0.00 -4.62 0.502  00  01E0A2M000  1.000
LYS01A0016_005  0.000-10.52  1.63  4.01  0.00 -4.87 0.502  00  01E0C3M000  1.000
LYS01A0016_006  0.000 -7.76  1.39  3.53  0.00 -2.84 0.502  00  01E0C8M000  1.000
LYS01A0016_007  0.000 -9.80  1.67  5.06  0.00 -3.06 0.502  00  01E0CCM000  1.000
LYS01A0016_008  0.000-10.67  2.78  2.00  0.00 -5.89 0.503  00  01E0E9M000  1.000
LYS01A0016_009  0.000 -7.60  2.38  1.84  0.00 -3.39 0.502  00  01E0FAM000  1.000
LYS01A0016_010  0.000 -4.84  0.72  2.55  0.00 -1.56 0.502  00  01T01DM000  1.000
LYS01A0016_011  0.000-10.04  2.54  1.87  0.00 -5.63 0.502  00  01T036M000  1.000
LYS01A0016_012  0.000-11.95  2.61  1.31  0.00 -8.03 0.502  00  01T055M000  1.000
LYS01A0016_013  0.000-10.21  1.92  3.91  0.00 -4.38 0.503  00  01T066M000  1.000
LYS01A0016_014  0.000-10.81  5.87  4.02  0.00 -0.92 0.502  00  01T07EM000  1.000
LYS01A0016_015  0.000 -7.20  2.90  2.31  0.00 -1.99 0.502  00  01T097M000  1.000
LYS01A0016_016  0.000-10.49  1.37  3.94  0.00 -5.19 0.502  00  01T0C7M000  1.000
LYS01A0016_017  0.000 -9.45  3.10  1.54  0.00 -4.81 0.501  00  01T0F0M000  1.000
LYS01A0016_018  0.000-10.44  2.69  2.29  0.00 -5.46 0.502  00  01T102M000  1.000
LYS+1A0016_019  1.000-10.28  1.08  2.73  0.00 -6.47 0.502  00  +1O000M000  1.000
LYS+1A0016_020  1.000-10.32  3.13  2.12  0.00 -5.06 0.501  00  +1E002M000  1.000
LYS+1A0016_021  1.000 -4.92  0.70  2.58  0.00 -1.63 0.502  00  +1E01DM000  1.000
LYS+1A0016_022  1.000-11.97  3.44  1.35  0.00 -7.18 0.502  00  +1E077M000  1.000
LYS+1A0016_023  1.000-11.04  5.92  4.09  0.00 -1.03 0.502  00  +1E07EM000  1.000
LYS+1A0016_024  1.000-10.62  2.78  2.04  0.00 -5.80 0.503  00  +1E0E9M000  1.000
LYS+1A0016_025  1.000 -9.47  3.10  1.61  0.00 -4.77 0.501  00  +1E0F0M000  1.000
LYS+1A0016_026  1.000 -7.62  2.39  1.87  0.00 -3.36 0.502  00  +1E0FAM000  1.000
LYS+1A0016_027  1.000-10.14  2.53  1.91  0.00 -5.70 0.502  00  +1T036M000  1.000
LYS+1A0016_028  1.000-12.03  2.61  1.32  0.00 -8.10 0.502  00  +1T055M000  1.000
LYS+1A0016_029  1.000-10.17  1.92  3.98  0.00 -4.27 0.503  00  +1T066M000  1.000
LYS+1A0016_030  1.000 -7.14  2.94  2.37  0.00 -1.83 0.502  00  +1T097M000  1.000
LYS+1A0016_031  1.000 -6.39  0.52  1.25  0.00 -4.62 0.502  00  +1T0A2M000  1.000
LYS+1A0016_032  1.000-10.30  1.65  4.11  0.00 -4.54 0.502  00  +1T0C3M000  1.000
LYS+1A0016_033  1.000-10.57  1.37  3.98  0.00 -5.22 0.502  00  +1T0C7M000  1.000
LYS+1A0016_034  1.000 -7.66  1.38  3.56  0.00 -2.72 0.502  00  +1T0C8M000  1.000
LYS+1A0016_035  1.000 -9.92  1.68  5.14  0.00 -3.10 0.502  00  +1T0CCM000  1.000
LYS+1A0016_036  1.000-10.49  2.68  2.32  0.00 -5.48 0.502  00  +1T102M000  1.000
