iConf CONFORMER     FL  occ    crg   Em0  pKa0 ne nH    vdw0    vdw1    tors    epol   dsolv   extra    history
00001 LYS01A0016_001 f 0.00  0.000     0  0.00  0  0 -10.211   1.085   2.728  -0.033  -3.587   0.000 01O000M000t
00002 LYS01A0016_002 f 0.00  0.000     0  0.00  0  0 -10.112   3.106   2.061  -0.045  -2.842   0.000 01E002M000t
00003 LYS01A0016_003 f 0.00  0.000     0  0.00  0  0 -11.954   3.411   1.325  -0.030  -3.404   0.000 01E077M000t
00004 LYS01A0016_004 f 0.00  0.000     0  0.00  0  0  -6.383   0.531   1.236  -0.024  -2.891   0.000 01E0A2M000t
00005 LYS01A0016_005 f 0.00  0.000     0  0.00  0  0 -10.517   1.637   4.014  -0.013  -3.224   0.000 01E0C3M000t
00006 LYS01A0016_006 f 0.00  0.000     0  0.00  0  0  -7.755   1.386   3.532   0.048  -2.704   0.000 01E0C8M000t
00007 LYS01A0016_007 f 0.00  0.000     0  0.00  0  0  -9.790   1.671   5.065  -0.015  -3.483   0.000 01E0CCM000t
00008 LYS01A0016_008 f 0.00  0.000     0  0.00  0  0 -10.668   2.781   2.002  -0.008  -3.281   0.000 01E0E9M000t
00009 LYS01A0016_009 f 0.00  0.000     0  0.00  0  0  -7.600   2.375   1.839  -0.047  -3.370   0.000 01E0FAM000t
00010 LYS01A0016_010 f 0.00  0.000     0  0.00  0  0  -4.791   0.717   2.550  -0.118  -2.763   0.000 01T01DM000t
00011 LYS01A0016_011 f 0.00  0.000     0  0.00  0  0 -10.038   2.543   1.866  -0.126  -2.909   0.000 01T036M000t
00012 LYS01A0016_012 f 0.00  0.000     0  0.00  0  0 -11.898   2.617   1.309  -0.040  -3.028   0.000 01T055M000t
00013 LYS01A0016_013 f 0.00  0.000     0  0.00  0  0 -10.159   1.919   3.912  -0.042  -2.882   0.000 01T066M000t
00014 LYS01A0016_014 f 0.00  0.000     0  0.00  0  0 -10.811   5.877   4.023  -0.015  -3.274   0.000 01T07EM000t
00015 LYS01A0016_015 f 0.00  0.000     0  0.00  0  0  -7.199   2.909   2.313  -0.020  -3.323   0.000 01T097M000t
00016 LYS01A0016_016 f 0.00  0.000     0  0.00  0  0 -10.492   1.369   3.933  -0.015  -3.232   0.000 01T0C7M000t
00017 LYS01A0016_017 f 0.00  0.000     0  0.00  0  0  -9.500   3.098   1.542  -0.025  -3.128   0.000 01T0F0M000t
00018 LYS01A0016_018 f 0.00  0.000     0  0.00  0  0 -10.439   2.683   2.293  -0.028  -3.016   0.000 01T102M000t
00019 LYS+1A0016_019 f 0.00  1.000     0 10.40  0  1 -10.281   1.082   2.728   0.153 -41.712   0.000 +1O000M000t
00020 LYS+1A0016_020 f 0.00  1.000     0 10.40  0  1 -10.315   3.137   2.118   0.155 -40.469   0.000 +1E002M000t
00021 LYS+1A0016_021 f 0.00  1.000     0 10.40  0  1  -4.902   0.703   2.583   0.138 -39.993   0.000 +1E01DM000t
00022 LYS+1A0016_022 f 0.00  1.000     0 10.40  0  1 -11.969   3.444   1.344   0.150 -41.137   0.000 +1E077M000t
00023 LYS+1A0016_023 f 0.00  1.000     0 10.40  0  1 -11.036   5.928   4.085   0.062 -42.128   0.000 +1E07EM000t
00024 LYS+1A0016_024 f 0.00  1.000     0 10.40  0  1 -10.615   2.777   2.042   0.027 -41.466   0.000 +1E0E9M000t
00025 LYS+1A0016_025 f 0.00  1.000     0 10.40  0  1  -9.469   3.096   1.610   0.070 -41.014   0.000 +1E0F0M000t
00026 LYS+1A0016_026 f 0.00  1.000     0 10.40  0  1  -7.617   2.386   1.872   0.082 -40.279   0.000 +1E0FAM000t
00027 LYS+1A0016_027 f 0.00  1.000     0 10.40  0  1 -10.176   2.528   1.911   0.395 -40.917   0.000 +1T036M000t
00028 LYS+1A0016_028 f 0.00  1.000     0 10.40  0  1 -11.981   2.611   1.319   0.176 -42.011   0.000 +1T055M000t
00029 LYS+1A0016_029 f 0.00  1.000     0 10.40  0  1 -10.163   1.925   3.979   0.135 -40.482   0.000 +1T066M000t
00030 LYS+1A0016_030 f 0.00  1.000     0 10.40  0  1  -7.140   2.943   2.369  -0.025 -41.102   0.000 +1T097M000t
00031 LYS+1A0016_031 f 0.00  1.000     0 10.40  0  1  -6.311   0.518   1.250   0.262 -40.373   0.000 +1T0A2M000t
00032 LYS+1A0016_032 f 0.00  1.000     0 10.40  0  1 -10.356   1.658   4.112   0.057 -41.224   0.000 +1T0C3M000t
00033 LYS+1A0016_033 f 0.00  1.000     0 10.40  0  1 -10.572   1.369   3.977   0.102 -40.717   0.000 +1T0C7M000t
00034 LYS+1A0016_034 f 0.00  1.000     0 10.40  0  1  -7.661   1.383   3.563   0.260 -39.576   0.000 +1T0C8M000t
00035 LYS+1A0016_035 f 0.00  1.000     0 10.40  0  1  -9.920   1.675   5.144   0.067 -41.416   0.000 +1T0CCM000t
00036 LYS+1A0016_036 f 0.00  1.000     0 10.40  0  1 -10.495   2.685   2.319   0.112 -40.845   0.000 +1T102M000t
