   confID        vdw0    sas     sum
LYS01A0016_001   1.947 -12.158 -10.211
LYS01A0016_002   2.059 -12.171 -10.112
LYS01A0016_003   0.690 -12.643 -11.954
LYS01A0016_004   5.303 -11.686  -6.383
LYS01A0016_005   2.097 -12.614 -10.517
LYS01A0016_006   4.324 -12.079  -7.755
LYS01A0016_007   2.364 -12.154  -9.790
LYS01A0016_008   2.139 -12.807 -10.668
LYS01A0016_009   3.758 -11.358  -7.600
LYS01A0016_010   6.827 -11.618  -4.791
LYS01A0016_011   2.168 -12.206 -10.038
LYS01A0016_012   0.674 -12.572 -11.898
LYS01A0016_013   2.373 -12.532 -10.159
LYS01A0016_014   1.114 -11.925 -10.811
LYS01A0016_015   4.839 -12.038  -7.199
LYS01A0016_016   1.768 -12.261 -10.492
LYS01A0016_017   2.390 -11.890  -9.500
LYS01A0016_018   2.063 -12.502 -10.439
LYS+1A0016_019   1.877 -12.158 -10.281
LYS+1A0016_020   1.959 -12.274 -10.315
LYS+1A0016_021   6.780 -11.682  -4.902
LYS+1A0016_022   0.646 -12.614 -11.969
LYS+1A0016_023   1.073 -12.109 -11.036
LYS+1A0016_024   2.118 -12.733 -10.615
LYS+1A0016_025   2.472 -11.941  -9.469
LYS+1A0016_026   3.727 -11.345  -7.617
LYS+1A0016_027   2.069 -12.245 -10.176
LYS+1A0016_028   0.630 -12.611 -11.981
LYS+1A0016_029   2.381 -12.545 -10.163
LYS+1A0016_030   4.965 -12.106  -7.140
LYS+1A0016_031   5.310 -11.622  -6.311
LYS+1A0016_032   2.087 -12.443 -10.356
LYS+1A0016_033   1.689 -12.261 -10.572
LYS+1A0016_034   4.312 -11.973  -7.661
LYS+1A0016_035   2.336 -12.257  -9.920
LYS+1A0016_036   2.007 -12.502 -10.495
