iConf CONFORMER     FL  occ    crg   Em0  pKa0 ne nH    vdw0    vdw1    tors    epol   dsolv   extra    history
00001 GLU01A0052_001 f 0.00  0.000     0  0.00  0  0  -3.756   1.135   3.493   0.151  -7.382   0.000 01O000M000t
00002 GLU01A0052_002 f 0.00  0.000     0  0.00  0  0  -3.390   0.806   3.273   0.279  -7.702   0.000 01E001M000t
00003 GLU01A0052_003 f 0.00  0.000     0  0.00  0  0  -3.928   0.486   6.468   0.214  -7.859   0.000 01E015M000t
00004 GLU01A0052_004 f 0.00  0.000     0  0.00  0  0  -3.651   1.135   0.773   0.084  -5.244   0.000 01O000M000t
00005 GLU01A0052_005 f 0.00  0.000     0  0.00  0  0  -3.668   2.148   0.618   0.093  -5.427   0.000 01E005M000t
00006 GLU01A0052_006 f 0.00  0.000     0  0.00  0  0  -4.538   1.410   1.080   0.108  -5.188   0.000 01E011M000t
00007 GLU01A0052_007 f 0.00  0.000     0  0.00  0  0  -3.872   0.497   3.713   0.170  -5.487   0.000 01E015M000t
00008 GLU01A0052_008 f 0.00  0.000     0  0.00  0  0  -3.935   0.504   3.280   0.349  -7.337   0.000 01T004M000t
00009 GLU01A0052_009 f 0.00  0.000     0  0.00  0  0  -4.190   1.009   3.830   0.157  -7.218   0.000 01T009M000t
00010 GLU01A0052_010 f 0.00  0.000     0  0.00  0  0  -3.490   0.253   3.241   0.280  -7.435   0.000 01T002M000t
00011 GLU01A0052_011 f 0.00  0.000     0  0.00  0  0  -3.665   2.148   3.335   0.202  -7.809   0.000 01T005M000t
00012 GLU01A0052_012 f 0.00  0.000     0  0.00  0  0  -3.916   2.051   3.376   1.153  -7.345   0.000 01T006M000t
00013 GLU01A0052_013 f 0.00  0.000     0  0.00  0  0  -4.029   0.733   5.782   0.705  -7.433   0.000 01T007M000t
00014 GLU01A0052_014 f 0.00  0.000     0  0.00  0  0  -4.205   0.915   3.793   0.191  -8.402   0.000 01T00BM000t
00015 GLU01A0052_015 f 0.00  0.000     0  0.00  0  0  -3.343   0.927   5.403   0.209  -7.206   0.000 01T00EM000t
00016 GLU01A0052_016 f 0.00  0.000     0  0.00  0  0  -4.539   1.409   3.788   0.822  -7.042   0.000 01T011M000t
00017 GLU01A0052_017 f 0.00  0.000     0  0.00  0  0  -3.761   0.377   6.441   0.788  -6.999   0.000 01T012M000t
00018 GLU01A0052_018 f 0.00  0.000     0  0.00  0  0  -3.895   1.109   3.057   0.763  -7.430   0.000 01T013M000t
00019 GLU01A0052_019 f 0.00  0.000     0  0.00  0  0  -4.372   0.765   6.234   0.275  -7.320   0.000 01T016M000t
00020 GLU01A0052_020 f 0.00  0.000     0  0.00  0  0  -4.047   2.015   0.666   0.619  -5.007   0.000 01T006M000t
00021 GLU01A0052_021 f 0.00  0.000     0  0.00  0  0  -3.529   0.253   0.521   0.142  -5.014   0.000 01T002M000t
00022 GLU01A0052_022 f 0.00  0.000     0  0.00  0  0  -4.016   0.733   3.062   0.200  -5.763   0.000 01T007M000t
00023 GLU01A0052_023 f 0.00  0.000     0  0.00  0  0  -4.205   0.915   1.073   0.129  -5.544   0.000 01T00BM000t
00024 GLU01A0052_024 f 0.00  0.000     0  0.00  0  0  -3.306   0.927   2.683   0.092  -5.103   0.000 01T00EM000t
00025 GLU01A0052_025 f 0.00  0.000     0  0.00  0  0  -3.773   0.377   3.721   0.195  -4.986   0.000 01T012M000t
00026 GLU01A0052_026 f 0.00  0.000     0  0.00  0  0  -3.895   1.109   0.337   0.288  -5.679   0.000 01T013M000t
00027 GLU01A0052_027 f 0.00  0.000     0  0.00  0  0  -4.372   0.765   3.514   0.180  -5.030   0.000 01T016M000t
00028 GLU02A0052_028 f 0.00  0.000     0  0.00  0  0  -3.802   1.142   3.493   0.113  -7.702   0.000 02O000M000t
00029 GLU02A0052_029 f 0.00  0.000     0  0.00  0  0  -3.990   1.772   3.387   0.630  -7.800   0.000 02E006M000t
00030 GLU02A0052_030 f 0.00  0.000     0  0.00  0  0  -4.170   0.706   5.831   0.175  -7.853   0.000 02E007M000t
00031 GLU02A0052_031 f 0.00  0.000     0  0.00  0  0  -3.925   0.490   6.540   0.330  -7.880   0.000 02E015M000t
00032 GLU02A0052_032 f 0.00  0.000     0  0.00  0  0  -3.765   1.142   0.773   0.086  -5.110   0.000 02O000M000t
00033 GLU02A0052_033 f 0.00  0.000     0  0.00  0  0  -3.920   0.968   2.994   0.091  -5.275   0.000 02E003M000t
00034 GLU02A0052_034 f 0.00  0.000     0  0.00  0  0  -4.017   1.962   0.606   0.060  -5.013   0.000 02E005M000t
00035 GLU02A0052_035 f 0.00  0.000     0  0.00  0  0  -3.690   0.414   3.728   0.193  -5.301   0.000 02E012M000t
00036 GLU02A0052_036 f 0.00  0.000     0  0.00  0  0  -3.997   1.129   0.321   0.267  -5.424   0.000 02E013M000t
00037 GLU02A0052_037 f 0.00  0.000     0  0.00  0  0  -3.993   1.821   3.351   0.097  -7.487   0.000 02T005M000t
00038 GLU02A0052_038 f 0.00  0.000     0  0.00  0  0  -4.103   0.998   3.845   0.104  -8.195   0.000 02T009M000t
00039 GLU02A0052_039 f 0.00  0.000     0  0.00  0  0  -4.457   1.021   3.844   0.093  -7.673   0.000 02T011M000t
00040 GLU02A0052_040 f 0.00  0.000     0  0.00  0  0  -4.039   1.092   3.039   0.294  -7.891   0.000 02T013M000t
00041 GLU02A0052_041 f 0.00  0.000     0  0.00  0  0  -3.608   0.259   3.243   0.192  -8.172   0.000 02T002M000t
00042 GLU02A0052_042 f 0.00  0.000     0  0.00  0  0  -3.920   0.970   5.712   0.132  -7.864   0.000 02T003M000t
00043 GLU02A0052_043 f 0.00  0.000     0  0.00  0  0  -4.183   0.506   3.255   0.193  -7.487   0.000 02T004M000t
00044 GLU02A0052_044 f 0.00  0.000     0  0.00  0  0  -4.190   0.916   3.752   0.172  -7.952   0.000 02T00BM000t
00045 GLU02A0052_045 f 0.00  0.000     0  0.00  0  0  -3.689   0.416   6.447   0.217  -7.710   0.000 02T012M000t
00046 GLU02A0052_046 f 0.00  0.000     0  0.00  0  0  -4.409   0.763   6.191   0.254  -7.389   0.000 02T016M000t
00047 GLU02A0052_047 f 0.00  0.000     0  0.00  0  0  -3.919   1.772   0.664   0.483  -5.840   0.000 02T006M000t
00048 GLU02A0052_048 f 0.00  0.000     0  0.00  0  0  -4.457   1.021   1.124   0.052  -4.990   0.000 02T011M000t
00049 GLU02A0052_049 f 0.00  0.000     0  0.00  0  0  -3.660   0.259   0.523   0.137  -5.696   0.000 02T002M000t
00050 GLU02A0052_050 f 0.00  0.000     0  0.00  0  0  -4.165   0.729   3.072   0.122  -5.448   0.000 02T007M000t
00051 GLU02A0052_051 f 0.00  0.000     0  0.00  0  0  -4.255   0.916   1.032   0.123  -5.053   0.000 02T00BM000t
00052 GLU02A0052_052 f 0.00  0.000     0  0.00  0  0  -3.834   0.478   3.671   0.176  -5.419   0.000 02T015M000t
00053 GLU02A0052_053 f 0.00  0.000     0  0.00  0  0  -4.409   0.763   3.471   0.158  -5.850   0.000 02T016M000t
00054 GLU-1A0052_054 f 0.00 -1.000     0  4.75  0 -1  -3.776   1.152   0.773  -0.121 -42.238   0.000 -1O000M000t
00055 GLU-1A0052_055 f 0.00 -1.000     0  4.75  0 -1  -3.617   0.276   0.517  -0.191 -42.197   0.000 -1E002M000t
00056 GLU-1A0052_056 f 0.00 -1.000     0  4.75  0 -1  -3.888   1.958   0.606   0.114 -41.479   0.000 -1E005M000t
00057 GLU-1A0052_057 f 0.00 -1.000     0  4.75  0 -1  -3.992   1.934   0.639  -1.494 -41.850   0.000 -1E006M000t
00058 GLU-1A0052_058 f 0.00 -1.000     0  4.75  0 -1  -4.132   0.736   3.056  -0.590 -42.114   0.000 -1E007M000t
00059 GLU-1A0052_059 f 0.00 -1.000     0  4.75  0 -1  -3.387   0.843   0.367  -0.153 -42.211   0.000 -1E00AM000t
00060 GLU-1A0052_060 f 0.00 -1.000     0  4.75  0 -1  -3.527   0.938   2.675  -0.152 -42.180   0.000 -1E00EM000t
00061 GLU-1A0052_061 f 0.00 -1.000     0  4.75  0 -1  -4.461   1.154   1.054  -0.473 -41.802   0.000 -1E011M000t
00062 GLU-1A0052_062 f 0.00 -1.000     0  4.75  0 -1  -3.774   0.430   3.721  -0.348 -42.100   0.000 -1E012M000t
00063 GLU-1A0052_063 f 0.00 -1.000     0  4.75  0 -1  -3.922   1.049   0.313  -0.667 -42.390   0.000 -1E013M000t
00064 GLU-1A0052_064 f 0.00 -1.000     0  4.75  0 -1  -3.864   0.512   3.676  -0.253 -42.373   0.000 -1E015M000t
00065 GLU-1A0052_065 f 0.00 -1.000     0  4.75  0 -1  -4.397   0.753   3.499  -0.387 -41.678   0.000 -1E016M000t
