CONFORMER         crg  vdw0  vdw1  tors  epol  self   occ  Hb     history    ASA
GLU01A0052_001  0.000 -3.75  1.04  3.49  0.00  0.78 0.523  00  01O000M000  1.023
GLU01A0052_002  0.000 -3.39  0.76  3.27  0.00  0.64 0.525  00  01E001M000  1.000
GLU01A0052_003  0.000 -3.93  0.42  6.47  0.00  2.96 0.520  00  01E015M000  1.051
GLU01A0052_004  0.000 -3.65  1.04  0.77  0.00 -1.84 0.523  00  01O000M000  1.000
GLU01A0052_005  0.000 -3.67  2.15  0.62  0.00 -0.90 0.522  00  01E005M000  1.003
GLU01A0052_006  0.000 -4.54  1.36  1.08  0.00 -2.10 0.521  00  01E011M000  1.010
GLU01A0052_007  0.000 -3.87  0.43  3.71  0.00  0.27 0.520  00  01E015M000  1.053
GLU01A0052_008  0.000 -3.94  0.45  3.28  0.00 -0.21 0.521  00  01T004M000  1.010
GLU01A0052_009  0.000 -4.19  0.91  3.83  0.00  0.55 0.524  00  01T009M000  1.008
GLU01A0052_010  0.000 -3.49  0.14  3.24  0.00 -0.11 0.523  00  01T002M000  1.020
GLU01A0052_011  0.000 -3.67  2.15  3.34  0.00  1.82 0.522  00  01T005M000  1.003
GLU01A0052_012  0.000 -3.92  1.98  3.37  0.00  1.44 0.524  00  01T006M000  1.046
GLU01A0052_013  0.000 -4.03  0.73  5.78  0.00  2.49 0.518  00  01T007M000  1.073
GLU01A0052_014  0.000 -4.20  0.87  3.79  0.00  0.46 0.521  00  01T00BM000  1.031
GLU01A0052_015  0.000 -3.34  0.88  5.40  0.00  2.94 0.522  00  01T00EM000  1.031
GLU01A0052_016  0.000 -4.54  1.36  3.79  0.00  0.61 0.521  00  01T011M000  1.010
GLU01A0052_017  0.000 -3.76  0.31  6.44  0.00  2.99 0.522  00  01T012M000  1.030
GLU01A0052_018  0.000 -3.89  1.04  3.06  0.00  0.20 0.521  00  01T013M000  1.059
GLU01A0052_019  0.000 -4.37  0.76  6.23  0.00  2.62 0.522  00  01T016M000  1.005
GLU01A0052_020  0.000 -4.05  1.95  0.67  0.00 -1.43 0.524  00  01T006M000  1.037
GLU01A0052_021  0.000 -3.53  0.14  0.52  0.00 -2.87 0.523  00  01T002M000  1.028
GLU01A0052_022  0.000 -4.01  0.73  3.06  0.00 -0.22 0.518  00  01T007M000  1.070
GLU01A0052_023  0.000 -4.20  0.87  1.07  0.00 -2.26 0.521  00  01T00BM000  1.031
GLU01A0052_024  0.000 -3.31  0.88  2.68  0.00  0.26 0.522  00  01T00EM000  1.023
GLU01A0052_025  0.000 -3.78  0.31  3.72  0.00  0.26 0.522  00  01T012M000  1.033
GLU01A0052_026  0.000 -3.89  1.04  0.34  0.00 -2.52 0.521  00  01T013M000  1.059
GLU01A0052_027  0.000 -4.37  0.76  3.51  0.00 -0.10 0.522  00  01T016M000  1.005
GLU02A0052_028  0.000 -3.80  1.05  3.49  0.00  0.74 0.523  00  02O000M000  1.008
GLU02A0052_029  0.000 -3.99  1.70  3.39  0.00  1.09 0.524  00  02E006M000  1.053
GLU02A0052_030  0.000 -4.17  0.71  5.83  0.00  2.37 0.518  00  02E007M000  1.059
GLU02A0052_031  0.000 -3.92  0.42  6.54  0.00  3.04 0.520  00  02E015M000  1.030
GLU02A0052_032  0.000 -3.76  1.05  0.77  0.00 -1.94 0.523  00  02O000M000  1.000
GLU02A0052_033  0.000 -3.92  0.92  2.99  0.00 -0.00 0.520  00  02E003M000  1.022
GLU02A0052_034  0.000 -4.02  1.96  0.61  0.00 -1.45 0.522  00  02E005M000  1.013
GLU02A0052_035  0.000 -3.69  0.34  3.73  0.00  0.39 0.522  00  02E012M000  1.000
GLU02A0052_036  0.000 -4.00  1.06  0.32  0.00 -2.61 0.521  00  02E013M000  1.045
GLU02A0052_037  0.000 -4.00  1.82  3.35  0.00  1.17 0.522  00  02T005M000  1.000
GLU02A0052_038  0.000 -4.10  0.90  3.84  0.00  0.64 0.524  00  02T009M000  1.000
GLU02A0052_039  0.000 -4.45  0.97  3.84  0.00  0.36 0.521  00  02T011M000  1.019
GLU02A0052_040  0.000 -4.04  1.03  3.04  0.00  0.03 0.521  00  02T013M000  1.052
GLU02A0052_041  0.000 -3.61  0.15  3.24  0.00 -0.22 0.523  00  02T002M000  1.003
GLU02A0052_042  0.000 -3.92  0.92  5.71  0.00  2.72 0.520  00  02T003M000  1.022
GLU02A0052_043  0.000 -4.19  0.46  3.25  0.00 -0.47 0.521  00  02T004M000  1.037
GLU02A0052_044  0.000 -4.19  0.87  3.75  0.00  0.43 0.521  00  02T00BM000  1.023
GLU02A0052_045  0.000 -3.69  0.35  6.45  0.00  3.11 0.522  00  02T012M000  1.000
GLU02A0052_046  0.000 -4.41  0.77  6.19  0.00  2.55 0.522  00  02T016M000  1.011
GLU02A0052_047  0.000 -3.92  1.70  0.66  0.00 -1.56 0.524  00  02T006M000  1.038
GLU02A0052_048  0.000 -4.45  0.97  1.12  0.00 -2.36 0.521  00  02T011M000  1.019
GLU02A0052_049  0.000 -3.66  0.15  0.52  0.00 -2.99 0.523  00  02T002M000  1.014
GLU02A0052_050  0.000 -4.16  0.73  3.07  0.00 -0.37 0.518  00  02T007M000  1.059
GLU02A0052_051  0.000 -4.25  0.87  1.03  0.00 -2.36 0.521  00  02T00BM000  1.037
GLU02A0052_052  0.000 -3.83  0.41  3.67  0.00  0.25 0.520  00  02T015M000  1.030
GLU02A0052_053  0.000 -4.41  0.77  3.47  0.00 -0.17 0.522  00  02T016M000  1.011
GLU-1A0052_054 -1.000 -3.78  1.06  0.77  0.00 -1.94 0.523  00  -1O000M000  1.008
GLU-1A0052_055 -1.000 -3.62  0.16  0.52  0.00 -2.94 0.523  00  -1E002M000  1.015
GLU-1A0052_056 -1.000 -3.89  1.96  0.61  0.00 -1.32 0.522  00  -1E005M000  1.000
GLU-1A0052_057 -1.000 -3.99  1.87  0.64  0.00 -1.48 0.524  00  -1E006M000  1.046
GLU-1A0052_058 -1.000 -4.13  0.74  3.06  0.00 -0.34 0.518  00  -1E007M000  1.052
GLU-1A0052_059 -1.000 -3.39  0.80  0.37  0.00 -2.22 0.521  00  -1E00AM000  1.016
GLU-1A0052_060 -1.000 -3.49  0.89  2.67  0.00  0.07 0.522  00  -1E00EM000  1.028
GLU-1A0052_061 -1.000 -4.46  1.11  1.05  0.00 -2.30 0.521  00  -1E011M000  1.011
GLU-1A0052_062 -1.000 -3.77  0.36  3.72  0.00  0.31 0.522  00  -1E012M000  1.023
GLU-1A0052_063 -1.000 -3.92  0.98  0.31  0.00 -2.63 0.521  00  -1E013M000  1.037
GLU-1A0052_064 -1.000 -3.86  0.44  3.68  0.00  0.26 0.520  00  -1E015M000  1.030
GLU-1A0052_065 -1.000 -4.40  0.75  3.50  0.00 -0.15 0.522  00  -1E016M000  1.008
