   confID        vdw0    sas     sum
GLU01A0052_001   0.964  -4.720  -3.756
GLU01A0052_002   1.069  -4.460  -3.390
GLU01A0052_003   0.979  -4.907  -3.928
GLU01A0052_004   0.964  -4.615  -3.651
GLU01A0052_005   0.955  -4.623  -3.668
GLU01A0052_006   0.426  -4.964  -4.538
GLU01A0052_007   1.031  -4.903  -3.872
GLU01A0052_008   0.884  -4.819  -3.935
GLU01A0052_009   0.475  -4.665  -4.190
GLU01A0052_010   1.166  -4.657  -3.490
GLU01A0052_011   0.958  -4.623  -3.665
GLU01A0052_012   0.961  -4.877  -3.916
GLU01A0052_013   1.061  -5.089  -4.029
GLU01A0052_014   0.502  -4.706  -4.205
GLU01A0052_015   1.357  -4.700  -3.343
GLU01A0052_016   0.424  -4.964  -4.539
GLU01A0052_017   0.987  -4.747  -3.761
GLU01A0052_018   1.109  -5.004  -3.895
GLU01A0052_019   0.512  -4.883  -4.372
GLU01A0052_020   0.916  -4.963  -4.047
GLU01A0052_021   1.166  -4.695  -3.529
GLU01A0052_022   1.061  -5.076  -4.016
GLU01A0052_023   0.502  -4.706  -4.205
GLU01A0052_024   1.357  -4.664  -3.306
GLU01A0052_025   0.987  -4.760  -3.773
GLU01A0052_026   1.109  -5.004  -3.895
GLU01A0052_027   0.512  -4.883  -4.372
GLU02A0052_028   0.851  -4.652  -3.802
GLU02A0052_029   0.831  -4.821  -3.990
GLU02A0052_030   0.878  -5.049  -4.170
GLU02A0052_031   0.948  -4.873  -3.925
GLU02A0052_032   0.851  -4.616  -3.765
GLU02A0052_033   0.846  -4.766  -3.920
GLU02A0052_034   0.823  -4.840  -4.017
GLU02A0052_035   0.952  -4.642  -3.690
GLU02A0052_036   0.947  -4.944  -3.997
GLU02A0052_037   0.819  -4.812  -3.993
GLU02A0052_038   0.486  -4.589  -4.103
GLU02A0052_039   0.448  -4.905  -4.457
GLU02A0052_040   0.939  -4.978  -4.039
GLU02A0052_041   0.960  -4.569  -3.608
GLU02A0052_042   0.845  -4.766  -3.920
GLU02A0052_043   0.813  -4.996  -4.183
GLU02A0052_044   0.534  -4.724  -4.190
GLU02A0052_045   0.953  -4.642  -3.689
GLU02A0052_046   0.534  -4.943  -4.409
GLU02A0052_047   0.833  -4.752  -3.919
GLU02A0052_048   0.448  -4.905  -4.457
GLU02A0052_049   0.960  -4.620  -3.660
GLU02A0052_050   0.883  -5.049  -4.165
GLU02A0052_051   0.534  -4.788  -4.255
GLU02A0052_052   1.052  -4.885  -3.834
GLU02A0052_053   0.534  -4.943  -4.409
GLU-1A0052_054   0.745  -4.521  -3.776
GLU-1A0052_055   0.853  -4.470  -3.617
GLU-1A0052_056   0.723  -4.610  -3.888
GLU-1A0052_057   0.731  -4.722  -3.992
GLU-1A0052_058   0.784  -4.916  -4.132
GLU-1A0052_059   0.992  -4.379  -3.387
GLU-1A0052_060   1.029  -4.556  -3.527
GLU-1A0052_061   0.339  -4.800  -4.461
GLU-1A0052_062   0.824  -4.598  -3.774
GLU-1A0052_063   0.860  -4.782  -3.922
GLU-1A0052_064   0.877  -4.740  -3.864
GLU-1A0052_065   0.398  -4.795  -4.397
