iConf CONFORMER     FL  occ    crg   Em0  pKa0 ne nH    vdw0    vdw1    tors    epol   dsolv   extra    history
00001 ARG01A0105_001 f 0.00  0.000     0  0.00  0  0 -13.126   0.768   0.587  -0.726  -9.125   0.000 01O000M000t
00002 ARG01A0105_002 f 0.00  0.000     0  0.00  0  0 -12.897   3.899   3.125   0.050 -10.298   0.000 01E00DM000t
00003 ARG01A0105_003 f 0.00  0.000     0  0.00  0  0 -10.363   0.603   3.821   0.038  -9.535   0.000 01E032M000t
00004 ARG01A0105_004 f 0.00  0.000     0  0.00  0  0 -12.158   0.571   3.079   0.070  -9.159   0.000 01E03BM000t
00005 ARG01A0105_005 f 0.00  0.000     0  0.00  0  0 -11.640   0.554   1.109  -0.078  -8.546   0.000 01E03FM000t
00006 ARG01A0105_006 f 0.00  0.000     0  0.00  0  0 -12.149   0.524   3.242   0.394  -9.313   0.000 01E07DM000t
00007 ARG01A0105_007 f 0.00  0.000     0  0.00  0  0 -11.865   1.011   1.440  -0.034 -10.075   0.000 01E090M000t
00008 ARG01A0105_008 f 0.00  0.000     0  0.00  0  0 -12.305   0.468   0.532  -0.015  -9.324   0.000 01E0E8M000t
00009 ARG01A0105_009 f 0.00  0.000     0  0.00  0  0 -11.807   3.909   5.885   0.038 -10.634   0.000 01E114M000t
00010 ARG01A0105_010 f 0.00  0.000     0  0.00  0  0 -10.655   0.389   1.095  -0.466  -8.877   0.000 01E11AM000t
00011 ARG01A0105_011 f 0.00  0.000     0  0.00  0  0 -10.268   0.800   3.794   0.181  -9.037   0.000 01T01DM000t
00012 ARG01A0105_012 f 0.00  0.000     0  0.00  0  0 -12.317   0.478   3.055   0.058  -9.695   0.000 01T02FM000t
00013 ARG01A0105_013 f 0.00  0.000     0  0.00  0  0 -13.627   0.726   0.519   0.093  -9.960   0.000 01T04CM000t
00014 ARG01A0105_014 f 0.00  0.000     0  0.00  0  0 -12.597   0.479   3.264   0.313  -9.190   0.000 01T07CM000t
00015 ARG01A0105_015 f 0.00  0.000     0  0.00  0  0 -12.961   1.805   3.375  -0.021  -9.526   0.000 01T087M000t
00016 ARG01A0105_016 f 0.00  0.000     0  0.00  0  0 -12.567   1.452   5.955   0.140  -9.886   0.000 01T0D7M000t
00017 ARG01A0105_017 f 0.00  0.000     0  0.00  0  0 -12.831   1.102   6.006   0.082  -9.353   0.000 01T0D8M000t
00018 ARG01A0105_018 f 0.00  0.000     0  0.00  0  0  -6.769   0.590   2.764  -0.050  -8.690   0.000 01T129M000t
00019 ARG01A0105_019 f 0.00  0.000     0  0.00  0  0 -12.259   0.856   0.520   0.038  -9.611   0.000 01T12AM000t
00020 ARG01A0105_020 f 0.00  0.000     0  0.00  0  0 -12.178   1.081   1.426   0.039  -9.982   0.000 01T134M000t
00021 ARG02A0105_021 f 0.00  0.000     0  0.00  0  0 -13.140   0.777   0.587  -0.553  -8.407   0.000 02O000M000t
00022 ARG02A0105_022 f 0.00  0.000     0  0.00  0  0 -13.637   0.592   0.459   0.078  -9.654   0.000 02E04CM000t
00023 ARG02A0105_023 f 0.00  0.000     0  0.00  0  0 -11.731   0.590   1.091   0.134  -8.694   0.000 02E090M000t
00024 ARG02A0105_024 f 0.00  0.000     0  0.00  0  0 -10.392   0.679   3.739   0.017  -9.349   0.000 02E032M000t
00025 ARG02A0105_025 f 0.00  0.000     0  0.00  0  0 -12.858   1.508   5.928   0.169  -9.575   0.000 02E0D7M000t
00026 ARG02A0105_026 f 0.00  0.000     0  0.00  0  0 -12.825   1.203   5.939   0.156  -9.182   0.000 02E0D8M000t
00027 ARG02A0105_027 f 0.00  0.000     0  0.00  0  0  -6.778   0.590   2.757  -0.053  -8.373   0.000 02E129M000t
00028 ARG02A0105_028 f 0.00  0.000     0  0.00  0  0 -10.337   0.748   3.798   0.154  -7.384   0.000 02T01DM000t
00029 ARG02A0105_029 f 0.00  0.000     0  0.00  0  0 -12.157   0.566   3.069   0.094  -8.010   0.000 02T03BM000t
00030 ARG02A0105_030 f 0.00  0.000     0  0.00  0  0 -12.762   1.476   3.284   0.106  -8.442   0.000 02T087M000t
00031 ARG02A0105_031 f 0.00  0.000     0  0.00  0  0 -12.200   0.446   0.453   0.005  -8.204   0.000 02T0E8M000t
00032 ARG02A0105_032 f 0.00  0.000     0  0.00  0  0 -11.822   3.908   5.882   0.039  -8.372   0.000 02T114M000t
00033 ARG02A0105_033 f 0.00  0.000     0  0.00  0  0 -12.187   0.460   2.986   0.021  -9.021   0.000 02T02FM000t
00034 ARG02A0105_034 f 0.00  0.000     0  0.00  0  0 -11.641   0.540   1.107  -0.022  -8.436   0.000 02T03FM000t
00035 ARG02A0105_035 f 0.00  0.000     0  0.00  0  0 -12.725   0.408   3.180  -0.515  -9.398   0.000 02T07CM000t
00036 ARG02A0105_036 f 0.00  0.000     0  0.00  0  0 -10.648   0.330   1.087  -0.540  -8.431   0.000 02T11AM000t
00037 ARG02A0105_037 f 0.00  0.000     0  0.00  0  0 -12.203   0.841   0.470   0.068  -9.528   0.000 02T12AM000t
00038 ARG02A0105_038 f 0.00  0.000     0  0.00  0  0 -12.825   3.904   3.123   0.024  -9.185   0.000 02T00DM000t
00039 ARG02A0105_039 f 0.00  0.000     0  0.00  0  0 -12.129   0.434   3.241  -0.123  -8.989   0.000 02T07DM000t
00040 ARG02A0105_040 f 0.00  0.000     0  0.00  0  0 -11.533   0.944   1.078   0.059  -9.599   0.000 02T134M000t
00041 ARG03A0105_041 f 0.00  0.000     0  0.00  0  0  -6.776   0.575   2.753  -0.038  -7.818   0.000 03E129M000t
00042 ARG03A0105_042 f 0.00  0.000     0  0.00  0  0 -13.144   0.766   0.587  -0.716  -8.319   0.000 03O000M000t
00043 ARG03A0105_043 f 0.00  0.000     0  0.00  0  0 -10.307   0.758   3.797   0.156  -7.824   0.000 03E01DM000t
00044 ARG03A0105_044 f 0.00  0.000     0  0.00  0  0 -12.222   0.562   3.073   0.044  -7.975   0.000 03E03BM000t
00045 ARG03A0105_045 f 0.00  0.000     0  0.00  0  0 -13.686   0.588   0.460   0.083  -9.160   0.000 03E04CM000t
00046 ARG03A0105_046 f 0.00  0.000     0  0.00  0  0 -11.798   0.588   1.089   0.113  -9.166   0.000 03E090M000t
00047 ARG03A0105_047 f 0.00  0.000     0  0.00  0  0 -11.581   0.944   1.075   0.070  -8.691   0.000 03T134M000t
00048 ARG03A0105_048 f 0.00  0.000     0  0.00  0  0 -12.526   0.456   2.977   0.045  -8.371   0.000 03T02FM000t
00049 ARG03A0105_049 f 0.00  0.000     0  0.00  0  0 -12.345   0.448   0.447   0.005  -8.417   0.000 03T0E8M000t
00050 ARG03A0105_050 f 0.00  0.000     0  0.00  0  0 -12.334   0.844   0.473   0.072  -8.393   0.000 03T12AM000t
00051 ARG03A0105_051 f 0.00  0.000     0  0.00  0  0 -12.921   3.897   3.125   0.051  -8.953   0.000 03T00DM000t
00052 ARG03A0105_052 f 0.00  0.000     0  0.00  0  0 -10.534   0.683   3.742   0.028  -8.786   0.000 03T032M000t
00053 ARG03A0105_053 f 0.00  0.000     0  0.00  0  0 -12.826   0.415   3.175  -0.538  -8.523   0.000 03T07CM000t
00054 ARG03A0105_054 f 0.00  0.000     0  0.00  0  0 -12.790   1.466   3.287   0.081  -8.843   0.000 03T087M000t
00055 ARG03A0105_055 f 0.00  0.000     0  0.00  0  0 -12.796   1.516   5.922   0.160  -8.744   0.000 03T0D7M000t
00056 ARG03A0105_056 f 0.00  0.000     0  0.00  0  0 -11.714   3.914   5.876   0.030  -8.554   0.000 03T114M000t
00057 ARG03A0105_057 f 0.00  0.000     0  0.00  0  0 -10.746   0.360   1.085  -0.368  -7.720   0.000 03T11AM000t
00058 ARG03A0105_058 f 0.00  0.000     0  0.00  0  0 -11.678   0.538   1.108  -0.014  -7.908   0.000 03T03FM000t
00059 ARG03A0105_059 f 0.00  0.000     0  0.00  0  0 -12.261   0.426   3.242  -0.022  -9.070   0.000 03T07DM000t
00060 ARG03A0105_060 f 0.00  0.000     0  0.00  0  0 -12.819   1.190   5.934   0.092  -8.831   0.000 03T0D8M000t
00061 ARG+1A0105_061 f 0.00  1.000     0 12.50  0  1 -13.187   0.765   0.587  -0.716 -33.413   0.000 +1O000M000t
00062 ARG+1A0105_062 f 0.00  1.000     0 12.50  0  1 -10.344   0.750   3.798   0.362 -33.718   0.000 +1E01DM000t
00063 ARG+1A0105_063 f 0.00  1.000     0 12.50  0  1 -12.498   0.461   2.995   0.144 -34.388   0.000 +1E02FM000t
00064 ARG+1A0105_064 f 0.00  1.000     0 12.50  0  1 -12.327   0.562   3.074   0.265 -33.660   0.000 +1E03BM000t
00065 ARG+1A0105_065 f 0.00  1.000     0 12.50  0  1 -11.725   0.529   1.109   0.376 -33.915   0.000 +1E03FM000t
00066 ARG+1A0105_066 f 0.00  1.000     0 12.50  0  1 -13.727   0.588   0.463   0.161 -34.673   0.000 +1E04CM000t
00067 ARG+1A0105_067 f 0.00  1.000     0 12.50  0  1 -12.239   0.442   3.242  -0.361 -33.143   0.000 +1E07DM000t
00068 ARG+1A0105_068 f 0.00  1.000     0 12.50  0  1 -11.938   0.585   1.093   0.424 -34.476   0.000 +1E090M000t
00069 ARG+1A0105_069 f 0.00  1.000     0 12.50  0  1 -12.319   0.448   0.455   0.176 -34.019   0.000 +1E0E8M000t
00070 ARG+1A0105_070 f 0.00  1.000     0 12.50  0  1 -12.252   0.841   0.473   0.288 -34.396   0.000 +1E12AM000t
00071 ARG+1A0105_071 f 0.00  1.000     0 12.50  0  1 -12.958   3.898   3.125   0.160 -34.530   0.000 +1T00DM000t
00072 ARG+1A0105_072 f 0.00  1.000     0 12.50  0  1 -10.520   0.685   3.747   0.160 -34.756   0.000 +1T032M000t
00073 ARG+1A0105_073 f 0.00  1.000     0 12.50  0  1 -12.873   0.404   3.177  -0.803 -32.978   0.000 +1T07CM000t
00074 ARG+1A0105_074 f 0.00  1.000     0 12.50  0  1 -12.772   1.470   3.287   0.534 -33.879   0.000 +1T087M000t
00075 ARG+1A0105_075 f 0.00  1.000     0 12.50  0  1 -12.776   1.517   5.928   0.378 -34.286   0.000 +1T0D7M000t
00076 ARG+1A0105_076 f 0.00  1.000     0 12.50  0  1 -12.863   1.190   5.937   0.275 -33.547   0.000 +1T0D8M000t
00077 ARG+1A0105_077 f 0.00  1.000     0 12.50  0  1 -11.872   3.911   5.884   0.154 -34.623   0.000 +1T114M000t
00078 ARG+1A0105_078 f 0.00  1.000     0 12.50  0  1 -10.760   0.333   1.089   0.482 -33.752   0.000 +1T11AM000t
00079 ARG+1A0105_079 f 0.00  1.000     0 12.50  0  1  -6.839   0.584   2.759   0.223 -34.046   0.000 +1T129M000t
00080 ARG+1A0105_080 f 0.00  1.000     0 12.50  0  1 -11.705   0.947   1.084   0.245 -34.244   0.000 +1T134M000t
