CONFORMER         crg  vdw0  vdw1  tors  epol  self   occ  Hb     history    ASA
ARG01A0105_001  0.000-13.12  0.70  0.59  0.00-11.83 0.501  00  01O000M000  1.000
ARG01A0105_002  0.000-12.90  3.84  3.12  0.00 -5.93 0.501  00  01E00DM000  1.000
ARG01A0105_003  0.000-10.37  0.56  3.82  0.00 -5.99 0.502  00  01E032M000  1.000
ARG01A0105_004  0.000-12.16  0.52  3.08  0.00 -8.57 0.502  00  01E03BM000  1.000
ARG01A0105_005  0.000-11.64  0.55  1.11  0.00 -9.98 0.502  00  01E03FM000  1.000
ARG01A0105_006  0.000-12.15  0.46  3.24  0.00 -8.45 0.502  00  01E07DM000  1.000
ARG01A0105_007  0.000-11.86  0.95  1.44  0.00 -9.47 0.502  00  01E090M000  1.000
ARG01A0105_008  0.000-12.30  0.37  0.53  0.00-11.41 0.502  00  01E0E8M000  1.000
ARG01A0105_009  0.000-11.81  3.86  5.88  0.00 -2.06 0.502  00  01E114M000  1.000
ARG01A0105_010  0.000-10.66  0.39  1.09  0.00 -9.17 0.502  00  01E11AM000  1.000
ARG01A0105_011  0.000-10.26  0.73  3.79  0.00 -5.73 0.502  00  01T01DM000  1.000
ARG01A0105_012  0.000-12.32  0.38  3.05  0.00 -8.89 0.502  00  01T02FM000  1.000
ARG01A0105_013  0.000-13.62  0.60  0.52  0.00-12.50 0.501  00  01T04CM000  1.000
ARG01A0105_014  0.000-12.60  0.41  3.26  0.00 -8.92 0.501  00  01T07CM000  1.000
ARG01A0105_015  0.000-12.96  1.81  3.38  0.00 -7.78 0.501  00  01T087M000  1.000
ARG01A0105_016  0.000-12.57  1.45  5.96  0.00 -5.16 0.501  00  01T0D7M000  1.000
ARG01A0105_017  0.000-12.83  1.11  6.00  0.00 -5.72 0.502  00  01T0D8M000  1.000
ARG01A0105_018  0.000 -6.78  0.54  2.76  0.00 -3.48 0.501  00  01T129M000  1.000
ARG01A0105_019  0.000-12.26  0.80  0.52  0.00-10.94 0.502  00  01T12AM000  1.000
ARG01A0105_020  0.000-12.18  1.08  1.42  0.00 -9.68 0.501  00  01T134M000  1.000
ARG02A0105_021  0.000-13.14  0.71  0.59  0.00-11.84 0.501  00  02O000M000  1.000
ARG02A0105_022  0.000-13.64  0.47  0.46  0.00-12.71 0.501  00  02E04CM000  1.000
ARG02A0105_023  0.000-11.74  0.52  1.09  0.00-10.12 0.502  00  02E090M000  1.000
ARG02A0105_024  0.000-10.38  0.63  3.74  0.00 -6.02 0.502  00  02E032M000  1.000
ARG02A0105_025  0.000-12.86  1.51  5.93  0.00 -5.42 0.501  00  02E0D7M000  1.000
ARG02A0105_026  0.000-12.76  1.20  5.94  0.00 -5.62 0.502  00  02E0D8M000  1.000
ARG02A0105_027  0.000 -6.79  0.54  2.76  0.00 -3.50 0.501  00  02E129M000  1.000
ARG02A0105_028  0.000-10.34  0.69  3.80  0.00 -5.86 0.502  00  02T01DM000  1.000
ARG02A0105_029  0.000-12.16  0.51  3.07  0.00 -8.58 0.502  00  02T03BM000  1.000
ARG02A0105_030  0.000-12.76  1.48  3.28  0.00 -8.00 0.501  00  02T087M000  1.000
ARG02A0105_031  0.000-12.20  0.34  0.45  0.00-11.40 0.502  00  02T0E8M000  1.000
ARG02A0105_032  0.000-11.82  3.86  5.88  0.00 -2.08 0.502  00  02T114M000  1.000
ARG02A0105_033  0.000-12.18  0.36  2.99  0.00 -8.84 0.502  00  02T02FM000  1.000
ARG02A0105_034  0.000-11.59  0.54  1.11  0.00 -9.94 0.502  00  02T03FM000  1.000
ARG02A0105_035  0.000-12.73  0.34  3.18  0.00 -9.21 0.501  00  02T07CM000  1.000
ARG02A0105_036  0.000-10.65  0.33  1.09  0.00 -9.23 0.502  00  02T11AM000  1.000
ARG02A0105_037  0.000-12.19  0.79  0.47  0.00-10.93 0.502  00  02T12AM000  1.000
ARG02A0105_038  0.000-12.82  3.85  3.12  0.00 -5.85 0.501  00  02T00DM000  1.000
ARG02A0105_039  0.000-12.13  0.37  3.24  0.00 -8.52 0.502  00  02T07DM000  1.000
ARG02A0105_040  0.000-11.53  0.94  1.08  0.00 -9.51 0.501  00  02T134M000  1.000
ARG03A0105_041  0.000 -6.77  0.52  2.75  0.00 -3.49 0.501  00  03E129M000  1.000
ARG03A0105_042  0.000-13.14  0.70  0.59  0.00-11.85 0.501  00  03O000M000  1.000
ARG03A0105_043  0.000-10.31  0.69  3.80  0.00 -5.82 0.502  00  03E01DM000  1.000
ARG03A0105_044  0.000-12.22  0.51  3.07  0.00 -8.64 0.502  00  03E03BM000  1.000
ARG03A0105_045  0.000-13.69  0.47  0.46  0.00-12.76 0.501  00  03E04CM000  1.000
ARG03A0105_046  0.000-11.80  0.52  1.09  0.00-10.19 0.502  00  03E090M000  1.000
ARG03A0105_047  0.000-11.58  0.94  1.07  0.00 -9.56 0.501  00  03T134M000  1.000
ARG03A0105_048  0.000-12.53  0.35  2.98  0.00 -9.20 0.502  00  03T02FM000  1.000
ARG03A0105_049  0.000-12.35  0.35  0.45  0.00-11.55 0.502  00  03T0E8M000  1.000
ARG03A0105_050  0.000-12.34  0.79  0.47  0.00-11.08 0.502  00  03T12AM000  1.000
ARG03A0105_051  0.000-12.92  3.84  3.12  0.00 -5.95 0.501  00  03T00DM000  1.000
ARG03A0105_052  0.000-10.53  0.64  3.74  0.00 -6.15 0.502  00  03T032M000  1.000
ARG03A0105_053  0.000-12.83  0.35  3.18  0.00 -9.31 0.501  00  03T07CM000  1.000
ARG03A0105_054  0.000-12.79  1.47  3.29  0.00 -8.04 0.501  00  03T087M000  1.000
ARG03A0105_055  0.000-12.79  1.52  5.92  0.00 -5.36 0.501  00  03T0D7M000  1.000
ARG03A0105_056  0.000-11.72  3.86  5.88  0.00 -1.98 0.502  00  03T114M000  1.000
ARG03A0105_057  0.000-10.74  0.36  1.09  0.00 -9.30 0.502  00  03T11AM000  1.000
ARG03A0105_058  0.000-11.68  0.54  1.11  0.00-10.03 0.502  00  03T03FM000  1.000
ARG03A0105_059  0.000-12.26  0.36  3.24  0.00 -8.66 0.502  00  03T07DM000  1.000
ARG03A0105_060  0.000-12.82  1.19  5.93  0.00 -5.69 0.502  00  03T0D8M000  1.000
ARG+1A0105_061  1.000-13.19  0.70  0.59  0.00-11.90 0.501  00  +1O000M000  1.000
ARG+1A0105_062  1.000-10.34  0.69  3.80  0.00 -5.86 0.502  00  +1E01DM000  1.000
ARG+1A0105_063  1.000-12.49  0.36  2.99  0.00 -9.14 0.502  00  +1E02FM000  1.000
ARG+1A0105_064  1.000-12.27  0.51  3.07  0.00 -8.68 0.502  00  +1E03BM000  1.000
ARG+1A0105_065  1.000-11.73  0.53  1.11  0.00-10.09 0.502  00  +1E03FM000  1.000
ARG+1A0105_066  1.000-13.73  0.47  0.46  0.00-12.79 0.501  00  +1E04CM000  1.000
ARG+1A0105_067  1.000-12.24  0.37  3.24  0.00 -8.63 0.502  00  +1E07DM000  1.000
ARG+1A0105_068  1.000-11.94  0.52  1.09  0.00-10.32 0.502  00  +1E090M000  1.000
ARG+1A0105_069  1.000-12.31  0.35  0.46  0.00-11.51 0.502  00  +1E0E8M000  1.000
ARG+1A0105_070  1.000-12.25  0.79  0.47  0.00-10.99 0.502  00  +1E12AM000  1.000
ARG+1A0105_071  1.000-12.96  3.85  3.12  0.00 -5.99 0.501  00  +1T00DM000  1.000
ARG+1A0105_072  1.000-10.51  0.64  3.75  0.00 -6.12 0.502  00  +1T032M000  1.000
ARG+1A0105_073  1.000-12.87  0.34  3.18  0.00 -9.36 0.501  00  +1T07CM000  1.000
ARG+1A0105_074  1.000-12.77  1.48  3.29  0.00 -8.01 0.501  00  +1T087M000  1.000
ARG+1A0105_075  1.000-12.77  1.52  5.93  0.00 -5.33 0.501  00  +1T0D7M000  1.000
ARG+1A0105_076  1.000-12.86  1.19  5.94  0.00 -5.74 0.502  00  +1T0D8M000  1.000
ARG+1A0105_077  1.000-11.87  3.86  5.88  0.00 -2.13 0.502  00  +1T114M000  1.000
ARG+1A0105_078  1.000-10.76  0.33  1.09  0.00 -9.34 0.502  00  +1T11AM000  1.000
ARG+1A0105_079  1.000 -6.83  0.53  2.76  0.00 -3.54 0.501  00  +1T129M000  1.000
ARG+1A0105_080  1.000-11.71  0.95  1.08  0.00 -9.68 0.501  00  +1T134M000  1.000
