   confID        vdw0    sas     sum
ARG01A0105_001   1.215 -14.341 -13.126
ARG01A0105_002   1.295 -14.192 -12.897
ARG01A0105_003   3.572 -13.935 -10.363
ARG01A0105_004   2.264 -14.423 -12.158
ARG01A0105_005   2.395 -14.036 -11.640
ARG01A0105_006   2.199 -14.349 -12.149
ARG01A0105_007   2.444 -14.309 -11.865
ARG01A0105_008   2.293 -14.598 -12.305
ARG01A0105_009   2.022 -13.829 -11.807
ARG01A0105_010   3.143 -13.798 -10.655
ARG01A0105_011   3.298 -13.565 -10.268
ARG01A0105_012   1.949 -14.267 -12.317
ARG01A0105_013   0.997 -14.624 -13.627
ARG01A0105_014   1.880 -14.477 -12.597
ARG01A0105_015   2.004 -14.965 -12.961
ARG01A0105_016   2.089 -14.656 -12.567
ARG01A0105_017   1.851 -14.683 -12.831
ARG01A0105_018   6.840 -13.609  -6.769
ARG01A0105_019   2.185 -14.444 -12.259
ARG01A0105_020   2.347 -14.525 -12.178
ARG02A0105_021   1.201 -14.341 -13.140
ARG02A0105_022   1.038 -14.675 -13.637
ARG02A0105_023   2.677 -14.408 -11.731
ARG02A0105_024   3.576 -13.967 -10.392
ARG02A0105_025   2.213 -15.071 -12.858
ARG02A0105_026   1.829 -14.654 -12.825
ARG02A0105_027   6.831 -13.609  -6.778
ARG02A0105_028   3.292 -13.630 -10.337
ARG02A0105_029   2.266 -14.423 -12.157
ARG02A0105_030   1.953 -14.715 -12.762
ARG02A0105_031   2.353 -14.553 -12.200
ARG02A0105_032   2.007 -13.829 -11.822
ARG02A0105_033   2.019 -14.206 -12.187
ARG02A0105_034   2.443 -14.084 -11.641
ARG02A0105_035   1.849 -14.574 -12.725
ARG02A0105_036   3.102 -13.750 -10.648
ARG02A0105_037   2.122 -14.325 -12.203
ARG02A0105_038   1.367 -14.192 -12.825
ARG02A0105_039   2.219 -14.349 -12.129
ARG02A0105_040   2.851 -14.384 -11.533
ARG03A0105_041   6.769 -13.545  -6.776
ARG03A0105_042   1.197 -14.341 -13.144
ARG03A0105_043   3.259 -13.565 -10.307
ARG03A0105_044   2.269 -14.490 -12.222
ARG03A0105_045   1.050 -14.736 -13.686
ARG03A0105_046   2.675 -14.473 -11.798
ARG03A0105_047   2.806 -14.387 -11.581
ARG03A0105_048   1.911 -14.437 -12.526
ARG03A0105_049   2.307 -14.653 -12.345
ARG03A0105_050   2.058 -14.392 -12.334
ARG03A0105_051   1.271 -14.192 -12.921
ARG03A0105_052   3.481 -14.016 -10.534
ARG03A0105_053   1.796 -14.622 -12.826
ARG03A0105_054   1.937 -14.728 -12.790
ARG03A0105_055   2.146 -14.942 -12.796
ARG03A0105_056   2.000 -13.714 -11.714
ARG03A0105_057   3.004 -13.750 -10.746
ARG03A0105_058   2.358 -14.036 -11.678
ARG03A0105_059   2.152 -14.413 -12.261
ARG03A0105_060   1.771 -14.590 -12.819
ARG+1A0105_061   1.154 -14.341 -13.187
ARG+1A0105_062   3.221 -13.565 -10.344
ARG+1A0105_063   1.875 -14.373 -12.498
ARG+1A0105_064   2.215 -14.542 -12.327
ARG+1A0105_065   2.311 -14.036 -11.725
ARG+1A0105_066   1.009 -14.736 -13.727
ARG+1A0105_067   2.109 -14.349 -12.239
ARG+1A0105_068   2.663 -14.601 -11.938
ARG+1A0105_069   2.299 -14.617 -12.319
ARG+1A0105_070   2.009 -14.261 -12.252
ARG+1A0105_071   1.234 -14.192 -12.958
ARG+1A0105_072   3.431 -13.951 -10.520
ARG+1A0105_073   1.749 -14.622 -12.873
ARG+1A0105_074   1.891 -14.663 -12.772
ARG+1A0105_075   2.102 -14.878 -12.776
ARG+1A0105_076   1.727 -14.590 -12.863
ARG+1A0105_077   1.958 -13.829 -11.872
ARG+1A0105_078   2.990 -13.750 -10.760
ARG+1A0105_079   6.706 -13.545  -6.839
ARG+1A0105_080   2.794 -14.499 -11.705
