iConf CONFORMER     FL  occ    crg   Em0  pKa0 ne nH    vdw0    vdw1    tors    epol   dsolv   extra    history
00001 ARG01A0087_001 f 0.00  0.000     0  0.00  0  0 -11.514   0.188   0.484   0.018 -10.088   0.000 01O000M000t
00002 ARG01A0087_002 f 0.00  0.000     0  0.00  0  0 -12.337   0.996   6.088   0.032 -10.164   0.000 01E023M000t
00003 ARG01A0087_003 f 0.00  0.000     0  0.00  0  0 -10.115   1.028   0.451  -0.007 -10.131   0.000 01E085M000t
00004 ARG01A0087_004 f 0.00  0.000     0  0.00  0  0  -8.027  -0.246   1.061  -0.202  -8.940   0.000 01E0AEM000t
00005 ARG01A0087_005 f 0.00  0.000     0  0.00  0  0 -12.122   1.742   3.300  -0.120  -9.630   0.000 01E0B9M000t
00006 ARG01A0087_006 f 0.00  0.000     0  0.00  0  0 -11.587   0.077   1.074   0.192  -9.434   0.000 01E0E6M000t
00007 ARG01A0087_007 f 0.00  0.000     0  0.00  0  0 -11.863   1.201   3.317   0.020  -9.702   0.000 01E0F5M000t
00008 ARG01A0087_008 f 0.00  0.000     0  0.00  0  0 -11.967   2.114   3.276   0.315  -9.919   0.000 01E10BM000t
00009 ARG01A0087_009 f 0.00  0.000     0  0.00  0  0 -12.111   3.152   6.029   0.058  -9.850   0.000 01T017M000t
00010 ARG01A0087_010 f 0.00  0.000     0  0.00  0  0 -13.480   1.055   3.184   0.044 -10.139   0.000 01T024M000t
00011 ARG01A0087_011 f 0.00  0.000     0  0.00  0  0 -11.983   1.142   0.504   0.093  -9.395   0.000 01T03DM000t
00012 ARG01A0087_012 f 0.00  0.000     0  0.00  0  0 -10.387   0.971   0.432  -0.029  -9.498   0.000 01T054M000t
00013 ARG01A0087_013 f 0.00  0.000     0  0.00  0  0 -10.757   4.416   3.187  -0.022  -9.826   0.000 01T057M000t
00014 ARG01A0087_014 f 0.00  0.000     0  0.00  0  0 -10.782   1.880   3.263  -0.119  -9.395   0.000 01T06CM000t
00015 ARG01A0087_015 f 0.00  0.000     0  0.00  0  0 -11.050   0.290   3.226   0.052  -9.561   0.000 01T079M000t
00016 ARG01A0087_016 f 0.00  0.000     0  0.00  0  0 -10.996   3.001   3.193   0.021  -9.769   0.000 01T081M000t
00017 ARG01A0087_017 f 0.00  0.000     0  0.00  0  0  -8.468   0.722   0.410  -0.031  -9.453   0.000 01T084M000t
00018 ARG01A0087_018 f 0.00  0.000     0  0.00  0  0  -8.620   0.671   3.186  -0.040 -10.096   0.000 01T0A2M000t
00019 ARG01A0087_019 f 0.00  0.000     0  0.00  0  0  -8.529   0.060   3.885  -0.015 -10.099   0.000 01T0E5M000t
00020 ARG01A0087_020 f 0.00  0.000     0  0.00  0  0 -10.672   1.583   3.821   0.101 -10.331   0.000 01T106M000t
00021 ARG02A0087_021 f 0.00  0.000     0  0.00  0  0 -11.532   0.173   0.484   0.026  -9.410   0.000 02O000M000t
00022 ARG02A0087_022 f 0.00  0.000     0  0.00  0  0 -12.451   0.981   5.871   0.061  -9.260   0.000 02E023M000t
00023 ARG02A0087_023 f 0.00  0.000     0  0.00  0  0 -13.301   1.050   3.175   0.064  -9.166   0.000 02E024M000t
00024 ARG02A0087_024 f 0.00  0.000     0  0.00  0  0 -10.141   0.963   0.405   0.054  -9.250   0.000 02E085M000t
00025 ARG02A0087_025 f 0.00  0.000     0  0.00  0  0 -12.041   1.880   3.274  -0.433  -8.645   0.000 02E0B9M000t
00026 ARG02A0087_026 f 0.00  0.000     0  0.00  0  0 -11.964   1.118   0.501   0.145  -8.678   0.000 02T03DM000t
00027 ARG02A0087_027 f 0.00  0.000     0  0.00  0  0 -10.256   0.935   0.422   0.028  -8.521   0.000 02T054M000t
00028 ARG02A0087_028 f 0.00  0.000     0  0.00  0  0 -10.924   4.411   3.180   0.006  -8.276   0.000 02T057M000t
00029 ARG02A0087_029 f 0.00  0.000     0  0.00  0  0  -8.824   0.672   3.187  -0.065  -8.127   0.000 02T0A2M000t
00030 ARG02A0087_030 f 0.00  0.000     0  0.00  0  0  -8.609  -0.053   3.850   0.289  -8.338   0.000 02T0E5M000t
00031 ARG02A0087_031 f 0.00  0.000     0  0.00  0  0 -12.017   3.102   5.880   0.019  -9.540   0.000 02T017M000t
00032 ARG02A0087_032 f 0.00  0.000     0  0.00  0  0 -11.073   2.056   3.248   0.309  -9.014   0.000 02T06CM000t
00033 ARG02A0087_033 f 0.00  0.000     0  0.00  0  0 -11.079   3.013   3.190   0.055  -9.437   0.000 02T081M000t
00034 ARG02A0087_034 f 0.00  0.000     0  0.00  0  0  -8.703   0.735   0.410   0.001  -8.742   0.000 02T084M000t
00035 ARG02A0087_035 f 0.00  0.000     0  0.00  0  0  -8.302  -0.231   1.060  -0.261  -8.423   0.000 02T0AEM000t
00036 ARG02A0087_036 f 0.00  0.000     0  0.00  0  0 -12.054   2.120   3.260   0.268  -8.891   0.000 02T10BM000t
00037 ARG02A0087_037 f 0.00  0.000     0  0.00  0  0 -10.952   0.279   3.212   0.030  -8.956   0.000 02T079M000t
00038 ARG02A0087_038 f 0.00  0.000     0  0.00  0  0 -11.649   0.114   1.056   0.112  -9.157   0.000 02T0E6M000t
00039 ARG02A0087_039 f 0.00  0.000     0  0.00  0  0 -12.345   1.290   3.300   0.257  -8.877   0.000 02T0F5M000t
00040 ARG02A0087_040 f 0.00  0.000     0  0.00  0  0 -10.776   1.582   3.817   0.085  -8.883   0.000 02T106M000t
00041 ARG03A0087_041 f 0.00  0.000     0  0.00  0  0 -11.594   0.173   0.484   0.033  -8.720   0.000 03O000M000t
00042 ARG03A0087_042 f 0.00  0.000     0  0.00  0  0  -8.658   0.665   3.185  -0.064  -8.132   0.000 03E0A2M000t
00043 ARG03A0087_043 f 0.00  0.000     0  0.00  0  0 -12.041   2.047   3.273  -0.200  -7.665   0.000 03E0B9M000t
00044 ARG03A0087_044 f 0.00  0.000     0  0.00  0  0  -8.233  -0.248   1.060  -0.223  -7.929   0.000 03E0AEM000t
00045 ARG03A0087_045 f 0.00  0.000     0  0.00  0  0 -11.976   2.119   3.260   0.294  -9.314   0.000 03E10BM000t
00046 ARG03A0087_046 f 0.00  0.000     0  0.00  0  0  -8.634  -0.062   3.855   0.288  -8.458   0.000 03T0E5M000t
00047 ARG03A0087_047 f 0.00  0.000     0  0.00  0  0 -10.286   0.930   0.422   0.018  -8.739   0.000 03T054M000t
00048 ARG03A0087_048 f 0.00  0.000     0  0.00  0  0 -10.790   4.411   3.177  -0.003  -8.850   0.000 03T057M000t
00049 ARG03A0087_049 f 0.00  0.000     0  0.00  0  0 -11.067   2.079   3.246   0.300  -8.805   0.000 03T06CM000t
00050 ARG03A0087_050 f 0.00  0.000     0  0.00  0  0 -12.314   0.985   5.909   0.048  -9.330   0.000 03T023M000t
00051 ARG03A0087_051 f 0.00  0.000     0  0.00  0  0  -8.550   0.719   0.409  -0.035  -8.536   0.000 03T084M000t
00052 ARG03A0087_052 f 0.00  0.000     0  0.00  0  0 -10.596   1.578   3.818   0.106  -9.120   0.000 03T106M000t
00053 ARG03A0087_053 f 0.00  0.000     0  0.00  0  0 -12.200   3.110   5.901   0.047  -8.696   0.000 03T017M000t
00054 ARG03A0087_054 f 0.00  0.000     0  0.00  0  0 -13.562   1.050   3.176   0.060  -9.226   0.000 03T024M000t
00055 ARG03A0087_055 f 0.00  0.000     0  0.00  0  0 -11.985   1.125   0.501   0.120  -8.960   0.000 03T03DM000t
00056 ARG03A0087_056 f 0.00  0.000     0  0.00  0  0 -11.197   0.280   3.213   0.040  -8.521   0.000 03T079M000t
00057 ARG03A0087_057 f 0.00  0.000     0  0.00  0  0 -10.930   3.000   3.190   0.021  -8.523   0.000 03T081M000t
00058 ARG03A0087_058 f 0.00  0.000     0  0.00  0  0 -10.190   0.959   0.406   0.030  -8.608   0.000 03T085M000t
00059 ARG03A0087_059 f 0.00  0.000     0  0.00  0  0 -11.705   0.094   1.056   0.154  -8.493   0.000 03T0E6M000t
00060 ARG03A0087_060 f 0.00  0.000     0  0.00  0  0 -12.343   1.233   3.304   0.287  -8.813   0.000 03T0F5M000t
00061 ARG+1A0087_061 f 0.00  1.000     0 12.50  0  1 -11.633   0.172   0.484   0.140 -33.893   0.000 +1O000M000t
00062 ARG+1A0087_062 f 0.00  1.000     0 12.50  0  1 -12.283   3.106   5.909   0.057 -34.225   0.000 +1E017M000t
00063 ARG+1A0087_063 f 0.00  1.000     0 12.50  0  1 -12.097   1.119   0.502   0.743 -34.262   0.000 +1E03DM000t
00064 ARG+1A0087_064 f 0.00  1.000     0 12.50  0  1 -10.838   4.409   3.178   0.252 -34.643   0.000 +1E057M000t
00065 ARG+1A0087_065 f 0.00  1.000     0 12.50  0  1 -11.183   2.067   3.248   1.240 -33.792   0.000 +1E06CM000t
00066 ARG+1A0087_066 f 0.00  1.000     0 12.50  0  1 -11.071   2.998   3.190   0.068 -34.859   0.000 +1E081M000t
00067 ARG+1A0087_067 f 0.00  1.000     0 12.50  0  1 -10.226   0.960   0.406   0.169 -34.918   0.000 +1E085M000t
00068 ARG+1A0087_068 f 0.00  1.000     0 12.50  0  1  -8.722   0.667   3.186   0.190 -34.526   0.000 +1E0A2M000t
00069 ARG+1A0087_069 f 0.00  1.000     0 12.50  0  1  -8.155  -0.256   1.060   0.293 -34.575   0.000 +1E0AEM000t
00070 ARG+1A0087_070 f 0.00  1.000     0 12.50  0  1 -12.156   1.978   3.273   0.508 -33.778   0.000 +1E0B9M000t
00071 ARG+1A0087_071 f 0.00  1.000     0 12.50  0  1  -8.561  -0.060   3.853   0.779 -34.070   0.000 +1E0E5M000t
00072 ARG+1A0087_072 f 0.00  1.000     0 12.50  0  1 -12.248   1.230   3.304   1.113 -33.709   0.000 +1E0F5M000t
00073 ARG+1A0087_073 f 0.00  1.000     0 12.50  0  1 -11.993   2.124   3.263   0.643 -34.338   0.000 +1E10BM000t
00074 ARG+1A0087_074 f 0.00  1.000     0 12.50  0  1 -12.665   0.989   5.901   0.197 -34.677   0.000 +1T023M000t
00075 ARG+1A0087_075 f 0.00  1.000     0 12.50  0  1 -13.412   1.047   3.175   0.186 -34.349   0.000 +1T024M000t
00076 ARG+1A0087_076 f 0.00  1.000     0 12.50  0  1 -10.249   0.932   0.423   0.177 -34.517   0.000 +1T054M000t
00077 ARG+1A0087_077 f 0.00  1.000     0 12.50  0  1 -11.299   0.278   3.214   0.125 -34.466   0.000 +1T079M000t
00078 ARG+1A0087_078 f 0.00  1.000     0 12.50  0  1  -8.562   0.720   0.410   0.125 -34.625   0.000 +1T084M000t
00079 ARG+1A0087_079 f 0.00  1.000     0 12.50  0  1 -11.884   0.100   1.055   0.479 -33.881   0.000 +1T0E6M000t
00080 ARG+1A0087_080 f 0.00  1.000     0 12.50  0  1 -10.668   1.578   3.820   0.302 -34.498   0.000 +1T106M000t
