CONFORMER         crg  vdw0  vdw1  tors  epol  self   occ  Hb     history    ASA
ARG01A0087_001  0.000-11.52  0.19  0.48  0.00-10.85 0.502  00  01O000M000  1.000
ARG01A0087_002  0.000-12.34  1.00  6.08  0.00 -5.25 0.502  00  01E023M000  1.000
ARG01A0087_003  0.000-10.11  1.03  0.45  0.00 -8.63 0.502  00  01E085M000  1.000
ARG01A0087_004  0.000 -8.01 -0.25  1.06  0.00 -7.20 0.501  00  01E0AEM000  1.000
ARG01A0087_005  0.000-12.12  1.75  3.30  0.00 -7.07 0.502  00  01E0B9M000  1.000
ARG01A0087_006  0.000-11.58  0.08  1.07  0.00-10.43 0.502  00  01E0E6M000  1.000
ARG01A0087_007  0.000-11.92  1.20  3.32  0.00 -7.40 0.501  00  01E0F5M000  1.000
ARG01A0087_008  0.000-11.97  2.11  3.28  0.00 -6.58 0.501  00  01E10BM000  1.000
ARG01A0087_009  0.000-12.11  3.15  6.03  0.00 -2.93 0.502  00  01T017M000  1.000
ARG01A0087_010  0.000-13.48  1.06  3.18  0.00 -9.24 0.502  00  01T024M000  1.000
ARG01A0087_011  0.000-12.05  1.14  0.50  0.00-10.41 0.501  00  01T03DM000  1.000
ARG01A0087_012  0.000-10.38  0.97  0.43  0.00 -8.98 0.502  00  01T054M000  1.000
ARG01A0087_013  0.000-10.76  4.42  3.19  0.00 -3.16 0.502  00  01T057M000  1.000
ARG01A0087_014  0.000-10.80  1.88  3.26  0.00 -5.65 0.501  00  01T06CM000  1.000
ARG01A0087_015  0.000-11.05  0.29  3.23  0.00 -7.53 0.502  00  01T079M000  1.000
ARG01A0087_016  0.000-10.99  3.00  3.19  0.00 -4.80 0.502  00  01T081M000  1.000
ARG01A0087_017  0.000 -8.47  0.72  0.41  0.00 -7.33 0.501  00  01T084M000  1.000
ARG01A0087_018  0.000 -8.61  0.67  3.19  0.00 -4.75 0.502  00  01T0A2M000  1.000
ARG01A0087_019  0.000 -8.52  0.06  3.89  0.00 -4.58 0.502  00  01T0E5M000  1.000
ARG01A0087_020  0.000-10.68  1.58  3.82  0.00 -5.27 0.502  00  01T106M000  1.000
ARG02A0087_021  0.000-11.54  0.17  0.48  0.00-10.88 0.502  00  02O000M000  1.000
ARG02A0087_022  0.000-12.50  0.98  5.87  0.00 -5.65 0.502  00  02E023M000  1.000
ARG02A0087_023  0.000-13.30  1.05  3.17  0.00 -9.08 0.502  00  02E024M000  1.000
ARG02A0087_024  0.000-10.09  0.97  0.40  0.00 -8.72 0.502  00  02E085M000  1.000
ARG02A0087_025  0.000-12.04  1.88  3.27  0.00 -6.89 0.502  00  02E0B9M000  1.000
ARG02A0087_026  0.000-11.97  1.12  0.50  0.00-10.35 0.501  00  02T03DM000  1.000
ARG02A0087_027  0.000-10.25  0.93  0.42  0.00 -8.90 0.502  00  02T054M000  1.000
ARG02A0087_028  0.000-10.93  4.42  3.18  0.00 -3.33 0.502  00  02T057M000  1.000
ARG02A0087_029  0.000 -8.81  0.67  3.19  0.00 -4.96 0.502  00  02T0A2M000  1.000
ARG02A0087_030  0.000 -8.62 -0.05  3.85  0.00 -4.82 0.502  00  02T0E5M000  1.000
ARG02A0087_031  0.000-12.02  3.10  5.88  0.00 -3.03 0.502  00  02T017M000  1.000
ARG02A0087_032  0.000-11.07  2.06  3.25  0.00 -5.77 0.501  00  02T06CM000  1.000
ARG02A0087_033  0.000-11.07  3.01  3.19  0.00 -4.87 0.502  00  02T081M000  1.000
ARG02A0087_034  0.000 -8.69  0.73  0.41  0.00 -7.55 0.501  00  02T084M000  1.000
ARG02A0087_035  0.000 -8.31 -0.23  1.06  0.00 -7.48 0.501  00  02T0AEM000  1.000
ARG02A0087_036  0.000-12.05  2.12  3.26  0.00 -6.67 0.501  00  02T10BM000  1.000
ARG02A0087_037  0.000-10.96  0.28  3.21  0.00 -7.46 0.502  00  02T079M000  1.000
ARG02A0087_038  0.000-11.65  0.11  1.06  0.00-10.48 0.502  00  02T0E6M000  1.000
ARG02A0087_039  0.000-12.35  1.29  3.30  0.00 -7.76 0.501  00  02T0F5M000  1.000
ARG02A0087_040  0.000-10.78  1.58  3.82  0.00 -5.38 0.502  00  02T106M000  1.000
ARG03A0087_041  0.000-11.60  0.17  0.48  0.00-10.94 0.502  00  03O000M000  1.000
ARG03A0087_042  0.000 -8.67  0.67  3.19  0.00 -4.82 0.502  00  03E0A2M000  1.000
ARG03A0087_043  0.000-12.11  2.05  3.27  0.00 -6.78 0.502  00  03E0B9M000  1.000
ARG03A0087_044  0.000 -8.23 -0.25  1.06  0.00 -7.42 0.501  00  03E0AEM000  1.000
ARG03A0087_045  0.000-11.98  2.12  3.26  0.00 -6.60 0.501  00  03E10BM000  1.000
ARG03A0087_046  0.000 -8.63 -0.06  3.85  0.00 -4.84 0.502  00  03T0E5M000  1.000
ARG03A0087_047  0.000-10.28  0.93  0.42  0.00 -8.93 0.502  00  03T054M000  1.000
ARG03A0087_048  0.000-10.80  4.41  3.18  0.00 -3.21 0.502  00  03T057M000  1.000
ARG03A0087_049  0.000-11.06  2.08  3.25  0.00 -5.74 0.501  00  03T06CM000  1.000
ARG03A0087_050  0.000-12.31  0.99  5.91  0.00 -5.41 0.502  00  03T023M000  1.000
ARG03A0087_051  0.000 -8.55  0.72  0.41  0.00 -7.42 0.501  00  03T084M000  1.000
ARG03A0087_052  0.000-10.60  1.58  3.82  0.00 -5.21 0.502  00  03T106M000  1.000
ARG03A0087_053  0.000-12.20  3.11  5.90  0.00 -3.19 0.502  00  03T017M000  1.000
ARG03A0087_054  0.000-13.56  1.05  3.18  0.00 -9.33 0.502  00  03T024M000  1.000
ARG03A0087_055  0.000-11.98  1.13  0.50  0.00-10.36 0.501  00  03T03DM000  1.000
ARG03A0087_056  0.000-11.13  0.28  3.21  0.00 -7.64 0.502  00  03T079M000  1.000
ARG03A0087_057  0.000-10.94  3.00  3.19  0.00 -4.75 0.502  00  03T081M000  1.000
ARG03A0087_058  0.000-10.26  0.96  0.41  0.00 -8.90 0.502  00  03T085M000  1.000
ARG03A0087_059  0.000-11.71  0.10  1.06  0.00-10.55 0.502  00  03T0E6M000  1.000
ARG03A0087_060  0.000-12.35  1.23  3.30  0.00 -7.81 0.501  00  03T0F5M000  1.000
ARG+1A0087_061  1.000-11.64  0.17  0.48  0.00-10.98 0.502  00  +1O000M000  1.000
ARG+1A0087_062  1.000-12.29  3.10  5.91  0.00 -3.27 0.502  00  +1E017M000  1.000
ARG+1A0087_063  1.000-12.10  1.12  0.50  0.00-10.48 0.501  00  +1E03DM000  1.000
ARG+1A0087_064  1.000-10.83  4.41  3.18  0.00 -3.25 0.502  00  +1E057M000  1.000
ARG+1A0087_065  1.000-11.18  2.07  3.25  0.00 -5.86 0.501  00  +1E06CM000  1.000
ARG+1A0087_066  1.000-11.02  2.99  3.19  0.00 -4.84 0.502  00  +1E081M000  1.000
ARG+1A0087_067  1.000-10.23  0.96  0.41  0.00 -8.86 0.502  00  +1E085M000  1.000
ARG+1A0087_068  1.000 -8.71  0.67  3.19  0.00 -4.85 0.502  00  +1E0A2M000  1.000
ARG+1A0087_069  1.000 -8.16 -0.26  1.06  0.00 -7.36 0.501  00  +1E0AEM000  1.000
ARG+1A0087_070  1.000-12.16  1.99  3.27  0.00 -6.89 0.502  00  +1E0B9M000  1.000
ARG+1A0087_071  1.000 -8.57 -0.06  3.85  0.00 -4.77 0.502  00  +1E0E5M000  1.000
ARG+1A0087_072  1.000-12.26  1.23  3.30  0.00 -7.72 0.501  00  +1E0F5M000  1.000
ARG+1A0087_073  1.000-11.99  2.12  3.26  0.00 -6.60 0.501  00  +1E10BM000  1.000
ARG+1A0087_074  1.000-12.66  0.99  5.90  0.00 -5.77 0.502  00  +1T023M000  1.000
ARG+1A0087_075  1.000-13.41  1.05  3.18  0.00 -9.19 0.502  00  +1T024M000  1.000
ARG+1A0087_076  1.000-10.26  0.93  0.42  0.00 -8.90 0.502  00  +1T054M000  1.000
ARG+1A0087_077  1.000-11.30  0.28  3.21  0.00 -7.81 0.502  00  +1T079M000  1.000
ARG+1A0087_078  1.000 -8.58  0.72  0.41  0.00 -7.45 0.501  00  +1T084M000  1.000
ARG+1A0087_079  1.000-11.81  0.10  1.06  0.00-10.66 0.502  00  +1T0E6M000  1.000
ARG+1A0087_080  1.000-10.73  1.58  3.82  0.00 -5.33 0.502  00  +1T106M000  1.000
