   confID        vdw0    sas     sum
ARG01A0087_001   2.825 -14.339 -11.514
ARG01A0087_002   2.404 -14.741 -12.337
ARG01A0087_003   3.853 -13.968 -10.115
ARG01A0087_004   5.606 -13.633  -8.027
ARG01A0087_005   3.019 -15.141 -12.122
ARG01A0087_006   2.750 -14.338 -11.587
ARG01A0087_007   3.193 -15.056 -11.863
ARG01A0087_008   2.338 -14.306 -11.967
ARG01A0087_009   2.452 -14.564 -12.111
ARG01A0087_010   1.197 -14.677 -13.480
ARG01A0087_011   2.670 -14.653 -11.983
ARG01A0087_012   3.655 -14.042 -10.387
ARG01A0087_013   3.341 -14.098 -10.757
ARG01A0087_014   3.657 -14.439 -10.782
ARG01A0087_015   3.354 -14.404 -11.050
ARG01A0087_016   2.762 -13.758 -10.996
ARG01A0087_017   5.109 -13.577  -8.468
ARG01A0087_018   5.169 -13.789  -8.620
ARG01A0087_019   6.140 -14.669  -8.529
ARG01A0087_020   3.440 -14.112 -10.672
ARG02A0087_021   2.806 -14.339 -11.532
ARG02A0087_022   2.469 -14.921 -12.451
ARG02A0087_023   1.235 -14.536 -13.301
ARG02A0087_024   3.834 -13.975 -10.141
ARG02A0087_025   3.049 -15.089 -12.041
ARG02A0087_026   2.621 -14.585 -11.964
ARG02A0087_027   3.563 -13.819 -10.256
ARG02A0087_028   3.290 -14.214 -10.924
ARG02A0087_029   4.965 -13.789  -8.824
ARG02A0087_030   6.079 -14.688  -8.609
ARG02A0087_031   2.499 -14.516 -12.017
ARG02A0087_032   3.375 -14.448 -11.073
ARG02A0087_033   2.679 -13.758 -11.079
ARG02A0087_034   4.874 -13.577  -8.703
ARG02A0087_035   5.459 -13.761  -8.302
ARG02A0087_036   2.294 -14.348 -12.054
ARG02A0087_037   3.371 -14.323 -10.952
ARG02A0087_038   2.749 -14.399 -11.649
ARG02A0087_039   3.171 -15.515 -12.345
ARG02A0087_040   3.336 -14.112 -10.776
ARG03A0087_041   2.744 -14.339 -11.594
ARG03A0087_042   5.131 -13.789  -8.658
ARG03A0087_043   2.968 -15.009 -12.041
ARG03A0087_044   5.528 -13.761  -8.233
ARG03A0087_045   2.329 -14.306 -11.976
ARG03A0087_046   6.057 -14.692  -8.634
ARG03A0087_047   3.533 -13.819 -10.286
ARG03A0087_048   3.295 -14.085 -10.790
ARG03A0087_049   3.313 -14.380 -11.067
ARG03A0087_050   2.430 -14.744 -12.314
ARG03A0087_051   5.027 -13.577  -8.550
ARG03A0087_052   3.397 -13.993 -10.596
ARG03A0087_053   2.451 -14.651 -12.200
ARG03A0087_054   1.167 -14.729 -13.562
ARG03A0087_055   2.601 -14.585 -11.985
ARG03A0087_056   3.306 -14.503 -11.197
ARG03A0087_057   2.715 -13.646 -10.930
ARG03A0087_058   3.797 -13.988 -10.190
ARG03A0087_059   2.694 -14.399 -11.705
ARG03A0087_060   3.124 -15.467 -12.343
ARG+1A0087_061   2.705 -14.339 -11.633
ARG+1A0087_062   2.416 -14.699 -12.283
ARG+1A0087_063   2.556 -14.653 -12.097
ARG+1A0087_064   3.247 -14.085 -10.838
ARG+1A0087_065   3.266 -14.448 -11.183
ARG+1A0087_066   2.687 -13.758 -11.071
ARG+1A0087_067   3.761 -13.988 -10.226
ARG+1A0087_068   5.067 -13.789  -8.722
ARG+1A0087_069   5.542 -13.697  -8.155
ARG+1A0087_070   2.936 -15.093 -12.156
ARG+1A0087_071   6.015 -14.576  -8.561
ARG+1A0087_072   3.084 -15.332 -12.248
ARG+1A0087_073   2.312 -14.306 -11.993
ARG+1A0087_074   2.384 -15.049 -12.665
ARG+1A0087_075   1.124 -14.536 -13.412
ARG+1A0087_076   3.503 -13.751 -10.249
ARG+1A0087_077   3.272 -14.571 -11.299
ARG+1A0087_078   5.015 -13.577  -8.562
ARG+1A0087_079   2.646 -14.530 -11.884
ARG+1A0087_080   3.326 -13.993 -10.668
