CONFORMER         crg  vdw0  vdw1  tors  epol  self   occ  Hb     history    ASA
LYS01A0078_001  0.000-11.94  1.54  2.46  0.00 -7.94 0.502  00  01O000M000  1.000
LYS01A0078_002  0.000-10.89  1.38  2.23  0.00 -7.28 0.502  00  01E00EM000  1.000
LYS01A0078_003  0.000-10.70  1.45  2.11  0.00 -7.14 0.503  00  01E039M000  1.000
LYS01A0078_004  0.000-11.94  3.00  3.37  0.00 -5.57 0.502  00  01E04CM000  1.000
LYS01A0078_005  0.000-10.20  1.21  2.48  0.00 -6.51 0.503  00  01E058M000  1.000
LYS01A0078_006  0.000 -7.59  1.69  3.79  0.00 -2.11 0.502  00  01E073M000  1.000
LYS01A0078_007  0.000 -6.87  0.60  1.59  0.00 -4.67 0.503  00  01E086M000  1.000
LYS01A0078_008  0.000-10.31  1.24  5.46  0.00 -3.61 0.503  00  01E0B2M000  1.000
LYS01A0078_009  0.000-12.49  3.61  1.91  0.00 -6.97 0.503  00  01T005M000  1.000
LYS01A0078_010  0.000-11.09  1.84  3.00  0.00 -6.25 0.503  00  01T016M000  1.000
LYS01A0078_011  0.000-10.12  2.99  3.28  0.00 -3.85 0.502  00  01T033M000  1.000
LYS01A0078_012  0.000-10.74  5.33  2.04  0.00 -3.37 0.503  00  01T03CM000  1.000
LYS01A0078_013  0.000-11.49  1.13  2.98  0.00 -7.38 0.503  00  01T041M000  1.000
LYS01A0078_014  0.000-11.01  0.91  1.58  0.00 -8.52 0.502  00  01T043M000  1.000
LYS01A0078_015  0.000 -7.69  1.09  2.63  0.00 -3.97 0.502  00  01T064M000  1.000
LYS01A0078_016  0.000 -9.13  1.19  4.87  0.00 -3.08 0.503  00  01T098M000  1.000
LYS01A0078_017  0.000-10.08  1.21  5.06  0.00 -3.81 0.502  00  01T0BCM000  1.000
LYS01A0078_018  0.000-10.23  1.39  4.70  0.00 -4.14 0.502  00  01T0BFM000  1.000
LYS01A0078_019  0.000 -8.94  1.95  5.97  0.00 -1.02 0.502  00  01T0C0M000  1.000
LYS01A0078_020  0.000-10.15  0.99  3.78  0.00 -5.38 0.502  00  01T0C9M000  1.000
LYS+1A0078_021  1.000-11.98  1.54  2.46  0.00 -7.99 0.502  00  +1O000M000  1.000
LYS+1A0078_022  1.000-11.15  1.84  3.01  0.00 -6.30 0.503  00  +1E016M000  1.000
LYS+1A0078_023  1.000-11.91  3.02  3.50  0.00 -5.38 0.502  00  +1E04CM000  1.000
LYS+1A0078_024  1.000-10.20  1.20  2.50  0.00 -6.50 0.503  00  +1E058M000  1.000
LYS+1A0078_025  1.000 -9.07  1.19  4.98  0.00 -2.91 0.503  00  +1E098M000  1.000
LYS+1A0078_026  1.000-10.48  1.24  5.53  0.00 -3.71 0.503  00  +1E0B2M000  1.000
LYS+1A0078_027  1.000-12.35  3.66  1.91  0.00 -6.77 0.503  00  +1T005M000  1.000
LYS+1A0078_028  1.000-10.96  1.39  2.27  0.00 -7.30 0.502  00  +1T00EM000  1.000
LYS+1A0078_029  1.000-10.01  3.03  3.30  0.00 -3.69 0.502  00  +1T033M000  1.000
LYS+1A0078_030  1.000-10.85  1.45  2.12  0.00 -7.28 0.503  00  +1T039M000  1.000
LYS+1A0078_031  1.000-10.88  5.36  2.05  0.00 -3.48 0.503  00  +1T03CM000  1.000
LYS+1A0078_032  1.000-11.54  1.13  3.03  0.00 -7.38 0.503  00  +1T041M000  1.000
LYS+1A0078_033  1.000-10.91  0.91  1.59  0.00 -8.41 0.502  00  +1T043M000  1.000
LYS+1A0078_034  1.000 -7.70  1.05  2.67  0.00 -3.98 0.502  00  +1T064M000  1.000
LYS+1A0078_035  1.000 -7.62  1.65  3.78  0.00 -2.20 0.502  00  +1T073M000  1.000
LYS+1A0078_036  1.000 -6.98  0.58  1.60  0.00 -4.80 0.503  00  +1T086M000  1.000
LYS+1A0078_037  1.000-10.22  1.19  5.14  0.00 -3.88 0.502  00  +1T0BCM000  1.000
LYS+1A0078_038  1.000-10.06  1.38  4.81  0.00 -3.88 0.502  00  +1T0BFM000  1.000
LYS+1A0078_039  1.000 -9.01  1.95  6.04  0.00 -1.02 0.502  00  +1T0C0M000  1.000
LYS+1A0078_040  1.000-10.23  0.99  3.79  0.00 -5.45 0.502  00  +1T0C9M000  1.000
