iConf CONFORMER     FL  occ    crg   Em0  pKa0 ne nH    vdw0    vdw1    tors    epol   dsolv   extra    history
00001 LYS01A0078_001 f 0.00  0.000     0  0.00  0  0 -11.937   1.537   2.460  -0.015  -3.248   0.000 01O000M000t
00002 LYS01A0078_002 f 0.00  0.000     0  0.00  0  0 -10.886   1.432   2.226  -0.018  -3.593   0.000 01E00EM000t
00003 LYS01A0078_003 f 0.00  0.000     0  0.00  0  0 -10.703   1.495   2.114  -0.023  -3.143   0.000 01E039M000t
00004 LYS01A0078_004 f 0.00  0.000     0  0.00  0  0 -11.875   3.051   3.368  -0.057  -3.273   0.000 01E04CM000t
00005 LYS01A0078_005 f 0.00  0.000     0  0.00  0  0 -10.203   1.265   2.479  -0.015  -3.050   0.000 01E058M000t
00006 LYS01A0078_006 f 0.00  0.000     0  0.00  0  0  -7.585   1.699   3.788  -0.060  -2.819   0.000 01E073M000t
00007 LYS01A0078_007 f 0.00  0.000     0  0.00  0  0  -6.879   0.706   1.593  -0.095  -2.806   0.000 01E086M000t
00008 LYS01A0078_008 f 0.00  0.000     0  0.00  0  0 -10.357   1.295   5.460  -0.015  -3.412   0.000 01E0B2M000t
00009 LYS01A0078_009 f 0.00  0.000     0  0.00  0  0 -12.486   3.608   1.910  -0.044  -3.331   0.000 01T005M000t
00010 LYS01A0078_010 f 0.00  0.000     0  0.00  0  0 -11.129   1.849   3.003  -0.018  -3.196   0.000 01T016M000t
00011 LYS01A0078_011 f 0.00  0.000     0  0.00  0  0 -10.123   2.996   3.283  -0.008  -3.055   0.000 01T033M000t
00012 LYS01A0078_012 f 0.00  0.000     0  0.00  0  0 -10.741   5.326   2.038  -0.015  -3.407   0.000 01T03CM000t
00013 LYS01A0078_013 f 0.00  0.000     0  0.00  0  0 -11.491   1.235   2.981  -0.014  -3.009   0.000 01T041M000t
00014 LYS01A0078_014 f 0.00  0.000     0  0.00  0  0 -11.004   1.018   1.578  -0.019  -3.179   0.000 01T043M000t
00015 LYS01A0078_015 f 0.00  0.000     0  0.00  0  0  -7.683   1.140   2.629  -0.358  -2.941   0.000 01T064M000t
00016 LYS01A0078_016 f 0.00  0.000     0  0.00  0  0  -9.134   1.192   4.867  -0.024  -3.472   0.000 01T098M000t
00017 LYS01A0078_017 f 0.00  0.000     0  0.00  0  0 -10.081   1.265   5.056  -0.003  -3.203   0.000 01T0BCM000t
00018 LYS01A0078_018 f 0.00  0.000     0  0.00  0  0 -10.237   1.446   4.698  -0.011  -3.169   0.000 01T0BFM000t
00019 LYS01A0078_019 f 0.00  0.000     0  0.00  0  0  -8.941   1.954   5.968  -0.006  -3.332   0.000 01T0C0M000t
00020 LYS01A0078_020 f 0.00  0.000     0  0.00  0  0 -10.154   0.990   3.780  -0.041  -3.275   0.000 01T0C9M000t
00021 LYS+1A0078_021 f 0.00  1.000     0 10.40  0  1 -11.982   1.536   2.460   0.080 -41.192   0.000 +1O000M000t
00022 LYS+1A0078_022 f 0.00  1.000     0 10.40  0  1 -11.151   1.848   3.006   0.084 -41.149   0.000 +1E016M000t
00023 LYS+1A0078_023 f 0.00  1.000     0 10.40  0  1 -11.908   3.078   3.502   0.168 -40.967   0.000 +1E04CM000t
00024 LYS+1A0078_024 f 0.00  1.000     0 10.40  0  1 -10.206   1.254   2.502   0.026 -40.626   0.000 +1E058M000t
00025 LYS+1A0078_025 f 0.00  1.000     0 10.40  0  1  -9.080   1.192   4.979   0.094 -40.935   0.000 +1E098M000t
00026 LYS+1A0078_026 f 0.00  1.000     0 10.40  0  1 -10.474   1.296   5.524   0.027 -41.509   0.000 +1E0B2M000t
00027 LYS+1A0078_027 f 0.00  1.000     0 10.40  0  1 -12.348   3.667   1.912   0.183 -41.446   0.000 +1T005M000t
00028 LYS+1A0078_028 f 0.00  1.000     0 10.40  0  1 -10.958   1.442   2.264   0.090 -41.182   0.000 +1T00EM000t
00029 LYS+1A0078_029 f 0.00  1.000     0 10.40  0  1 -10.018   3.027   3.298   0.010 -41.290   0.000 +1T033M000t
00030 LYS+1A0078_030 f 0.00  1.000     0 10.40  0  1 -10.849   1.496   2.121   0.064 -41.052   0.000 +1T039M000t
00031 LYS+1A0078_031 f 0.00  1.000     0 10.40  0  1 -10.888   5.367   2.050   0.089 -40.660   0.000 +1T03CM000t
00032 LYS+1A0078_032 f 0.00  1.000     0 10.40  0  1 -11.538   1.239   3.025   0.033 -41.342   0.000 +1T041M000t
00033 LYS+1A0078_033 f 0.00  1.000     0 10.40  0  1 -10.911   1.013   1.592   0.097 -40.781   0.000 +1T043M000t
00034 LYS+1A0078_034 f 0.00  1.000     0 10.40  0  1  -7.715   1.110   2.669   1.206 -40.294   0.000 +1T064M000t
00035 LYS+1A0078_035 f 0.00  1.000     0 10.40  0  1  -7.615   1.652   3.779   0.221 -40.625   0.000 +1T073M000t
00036 LYS+1A0078_036 f 0.00  1.000     0 10.40  0  1  -6.982   0.686   1.597   0.122 -39.941   0.000 +1T086M000t
00037 LYS+1A0078_037 f 0.00  1.000     0 10.40  0  1 -10.212   1.249   5.141  -0.008 -41.449   0.000 +1T0BCM000t
00038 LYS+1A0078_038 f 0.00  1.000     0 10.40  0  1 -10.109   1.429   4.806  -0.014 -41.216   0.000 +1T0BFM000t
00039 LYS+1A0078_039 f 0.00  1.000     0 10.40  0  1  -9.014   1.961   6.043  -0.021 -41.199   0.000 +1T0C0M000t
00040 LYS+1A0078_040 f 0.00  1.000     0 10.40  0  1 -10.231   0.992   3.791   0.056 -41.171   0.000 +1T0C9M000t
