   confID        vdw0    sas     sum
LYS01A0078_001   0.896 -12.833 -11.937
LYS01A0078_002   1.371 -12.257 -10.886
LYS01A0078_003   1.625 -12.329 -10.703
LYS01A0078_004   0.892 -12.766 -11.875
LYS01A0078_005   1.885 -12.088 -10.203
LYS01A0078_006   4.475 -12.060  -7.585
LYS01A0078_007   4.968 -11.847  -6.879
LYS01A0078_008   2.405 -12.762 -10.357
LYS01A0078_009   0.479 -12.965 -12.486
LYS01A0078_010   1.401 -12.530 -11.129
LYS01A0078_011   2.272 -12.395 -10.123
LYS01A0078_012   1.578 -12.319 -10.741
LYS01A0078_013   0.952 -12.443 -11.491
LYS01A0078_014   1.724 -12.728 -11.004
LYS01A0078_015   4.660 -12.343  -7.683
LYS01A0078_016   3.217 -12.351  -9.134
LYS01A0078_017   2.359 -12.440 -10.081
LYS01A0078_018   2.255 -12.492 -10.237
LYS01A0078_019   3.283 -12.224  -8.941
LYS01A0078_020   2.271 -12.425 -10.154
LYS+1A0078_021   0.851 -12.833 -11.982
LYS+1A0078_022   1.327 -12.479 -11.151
LYS+1A0078_023   0.829 -12.737 -11.908
LYS+1A0078_024   1.865 -12.071 -10.206
LYS+1A0078_025   3.206 -12.286  -9.080
LYS+1A0078_026   2.394 -12.868 -10.474
LYS+1A0078_027   0.434 -12.781 -12.348
LYS+1A0078_028   1.299 -12.257 -10.958
LYS+1A0078_029   2.287 -12.305 -10.018
LYS+1A0078_030   1.548 -12.396 -10.849
LYS+1A0078_031   1.499 -12.386 -10.888
LYS+1A0078_032   0.919 -12.456 -11.538
LYS+1A0078_033   1.685 -12.596 -10.911
LYS+1A0078_034   4.683 -12.398  -7.715
LYS+1A0078_035   4.445 -12.060  -7.615
LYS+1A0078_036   4.933 -11.915  -6.982
LYS+1A0078_037   2.344 -12.556 -10.212
LYS+1A0078_038   2.242 -12.350 -10.109
LYS+1A0078_039   3.278 -12.292  -9.014
LYS+1A0078_040   2.194 -12.425 -10.231
