iConf CONFORMER     FL  occ    crg   Em0  pKa0 ne nH    vdw0    vdw1    tors    epol   dsolv   extra    history
00001 TYR01A0027_001 f 0.00  0.000     0  0.00  0  0 -10.584  -0.360   0.396   0.247  -6.116   0.000 01O000M000t
00002 TYR01A0027_002 f 0.00  0.000     0  0.00  0  0 -10.716   0.477   2.377   0.499  -5.843   0.000 01E001M000t
00003 TYR01A0027_003 f 0.00  0.000     0  0.00  0  0 -11.547   0.168   0.355   0.607  -5.858   0.000 01E007M000t
00004 TYR01A0027_004 f 0.00  0.000     0  0.00  0  0 -10.711  -0.005   0.374   0.601  -5.615   0.000 01T002M000t
00005 TYR01A0027_005 f 0.00  0.000     0  0.00  0  0 -10.020   0.849   2.366   0.551  -5.855   0.000 01T006M000t
00006 TYR01A0027_006 f 0.00  0.000     0  0.00  0  0 -10.499   3.194   0.397   0.609  -5.622   0.000 01T004M000t
00007 TYR01A0027_007 f 0.00  0.000     0  0.00  0  0 -10.329   2.157   2.372   0.551  -5.986   0.000 01T003M000t
00008 TYR01A0027_008 f 0.00  0.000     0  0.00  0  0 -10.661   3.482   2.376   0.598  -6.170   0.000 01T005M000t
00009 TYR01A0027_009 f 0.00  0.000     0  0.00  0  0 -10.830   2.748   2.371   0.545  -5.896   0.000 01T009M000t
00010 TYR01A0027_010 f 0.00  0.000     0  0.00  0  0 -11.225   3.633   0.278   0.681  -6.130   0.000 01T008M000t
00011 TYR-1A0027_011 f 0.00 -1.000     0 10.20  0 -1 -10.584  -0.360   0.396  -0.220 -41.122   0.000 -1O000M000t
00012 TYR-1A0027_012 f 0.00 -1.000     0 10.20  0 -1 -10.593   0.000   0.369   0.375 -41.474   0.000 -1E002M000t
00013 TYR-1A0027_013 f 0.00 -1.000     0 10.20  0 -1 -10.569   2.171   2.366   0.405 -40.544   0.000 -1E003M000t
00014 TYR-1A0027_014 f 0.00 -1.000     0 10.20  0 -1 -10.449   3.524   2.369   0.296 -40.752   0.000 -1E005M000t
00015 TYR-1A0027_015 f 0.00 -1.000     0 10.20  0 -1 -10.121   0.856   2.358   0.206 -41.225   0.000 -1E006M000t
00016 TYR-1A0027_016 f 0.00 -1.000     0 10.20  0 -1 -10.923   2.795   2.362   0.246 -40.754   0.000 -1E009M000t
00017 TYR-1A0027_017 f 0.00 -1.000     0 10.20  0 -1 -10.816   0.474   2.370   0.170 -41.069   0.000 -1T001M000t
00018 TYR-1A0027_018 f 0.00 -1.000     0 10.20  0 -1 -10.588   3.129   0.397   0.685 -41.603   0.000 -1T004M000t
00019 TYR-1A0027_019 f 0.00 -1.000     0 10.20  0 -1 -11.543   0.138   0.348   0.343 -41.296   0.000 -1T007M000t
00020 TYR-1A0027_020 f 0.00 -1.000     0 10.20  0 -1 -11.230   3.628   0.278   0.432 -41.551   0.000 -1T008M000t
