iConf CONFORMER     FL  occ    crg   Em0  pKa0 ne nH    vdw0    vdw1    tors    epol   dsolv   extra    history
00001 LYS01A0127_001 f 0.00  0.000     0  0.00  0  0 -11.562   0.486   1.021  -0.031  -3.020   0.000 01O000M000t
00002 LYS01A0127_002 f 0.00  0.000     0  0.00  0  0 -10.534   0.121   1.677  -0.045  -2.895   0.000 01E01DM000t
00003 LYS01A0127_003 f 0.00  0.000     0  0.00  0  0 -12.171   1.009   1.524  -0.031  -3.195   0.000 01E087M000t
00004 LYS01A0127_004 f 0.00  0.000     0  0.00  0  0 -11.084   0.134   4.219  -0.015  -3.375   0.000 01E0C1M000t
00005 LYS01A0127_005 f 0.00  0.000     0  0.00  0  0  -8.820   0.044   0.818  -0.029  -3.218   0.000 01E0C9M000t
00006 LYS01A0127_006 f 0.00  0.000     0  0.00  0  0  -9.123   1.736   4.746  -0.024  -3.047   0.000 01E0ECM000t
00007 LYS01A0127_007 f 0.00  0.000     0  0.00  0  0 -11.358   0.930   4.427  -0.056  -3.429   0.000 01E11AM000t
00008 LYS01A0127_008 f 0.00  0.000     0  0.00  0  0 -11.344   1.027   1.475  -0.041  -3.276   0.000 01E143M000t
00009 LYS01A0127_009 f 0.00  0.000     0  0.00  0  0 -12.270   1.342   0.943  -0.061  -3.448   0.000 01T00CM000t
00010 LYS01A0127_010 f 0.00  0.000     0  0.00  0  0  -9.645   1.688   4.693  -0.015  -3.236   0.000 01T024M000t
00011 LYS01A0127_011 f 0.00  0.000     0  0.00  0  0 -10.700   0.957   1.671  -0.034  -3.154   0.000 01T03EM000t
00012 LYS01A0127_012 f 0.00  0.000     0  0.00  0  0 -11.500   1.756   6.939  -0.012  -3.045   0.000 01T05CM000t
00013 LYS01A0127_013 f 0.00  0.000     0  0.00  0  0  -9.676   0.194   4.871  -0.024  -3.020   0.000 01T0B1M000t
00014 LYS01A0127_014 f 0.00  0.000     0  0.00  0  0 -11.486   0.921   6.707  -0.015  -3.177   0.000 01T0F1M000t
00015 LYS01A0127_015 f 0.00  0.000     0  0.00  0  0 -12.089   0.884   3.655  -0.018  -3.158   0.000 01T0F3M000t
00016 LYS01A0127_016 f 0.00  0.000     0  0.00  0  0 -10.885   1.571   7.070  -0.040  -2.987   0.000 01T100M000t
00017 LYS01A0127_017 f 0.00  0.000     0  0.00  0  0 -11.400   1.623   4.259  -0.023  -3.327   0.000 01T101M000t
00018 LYS01A0127_018 f 0.00  0.000     0  0.00  0  0 -10.927   0.400   3.649  -0.021  -3.105   0.000 01T12DM000t
00019 LYS01A0127_019 f 0.00  0.000     0  0.00  0  0 -10.026   0.866   1.503  -0.072  -3.007   0.000 01T15FM000t
00020 LYS01A0127_020 f 0.00  0.000     0  0.00  0  0  -8.645   3.486   3.384  -0.032  -3.255   0.000 01T18BM000t
00021 LYS+1A0127_021 f 0.00  1.000     0 10.40  0  1 -11.623   0.484   1.021   0.099 -40.995   0.000 +1O000M000t
00022 LYS+1A0127_022 f 0.00  1.000     0 10.40  0  1 -12.318   1.340   0.945   0.258 -40.645   0.000 +1E00CM000t
00023 LYS+1A0127_023 f 0.00  1.000     0 10.40  0  1 -10.567   0.114   1.686   0.164 -40.598   0.000 +1E01DM000t
00024 LYS+1A0127_024 f 0.00  1.000     0 10.40  0  1  -9.773   1.689   4.695   0.068 -41.242   0.000 +1E024M000t
00025 LYS+1A0127_025 f 0.00  1.000     0 10.40  0  1 -10.833   0.957   1.678   0.138 -40.622   0.000 +1E03EM000t
00026 LYS+1A0127_026 f 0.00  1.000     0 10.40  0  1 -12.213   1.015   1.526   0.110 -41.595   0.000 +1E087M000t
00027 LYS+1A0127_027 f 0.00  1.000     0 10.40  0  1  -9.684   0.192   4.880   0.081 -41.305   0.000 +1E0B1M000t
00028 LYS+1A0127_028 f 0.00  1.000     0 10.40  0  1  -8.963   0.043   0.818   0.138 -41.109   0.000 +1E0C9M000t
00029 LYS+1A0127_029 f 0.00  1.000     0 10.40  0  1  -9.197   1.731   4.747   0.062 -41.452   0.000 +1E0ECM000t
00030 LYS+1A0127_030 f 0.00  1.000     0 10.40  0  1 -11.531   0.920   6.708   0.052 -41.275   0.000 +1E0F1M000t
00031 LYS+1A0127_031 f 0.00  1.000     0 10.40  0  1 -12.187   0.884   3.657   0.092 -41.157   0.000 +1E0F3M000t
00032 LYS+1A0127_032 f 0.00  1.000     0 10.40  0  1 -10.967   1.566   7.076   0.124 -40.781   0.000 +1E100M000t
00033 LYS+1A0127_033 f 0.00  1.000     0 10.40  0  1 -10.862   0.403   3.658   0.081 -41.216   0.000 +1E12DM000t
00034 LYS+1A0127_034 f 0.00  1.000     0 10.40  0  1 -11.421   1.024   1.481   0.101 -40.962   0.000 +1E143M000t
00035 LYS+1A0127_035 f 0.00  1.000     0 10.40  0  1  -8.650   3.487   3.385   0.147 -41.168   0.000 +1E18BM000t
00036 LYS+1A0127_036 f 0.00  1.000     0 10.40  0  1 -11.492   1.757   6.942   0.073 -42.073   0.000 +1T05CM000t
00037 LYS+1A0127_037 f 0.00  1.000     0 10.40  0  1 -11.201   0.134   4.230   0.075 -41.344   0.000 +1T0C1M000t
00038 LYS+1A0127_038 f 0.00  1.000     0 10.40  0  1 -11.453   1.622   4.264   0.082 -41.315   0.000 +1T101M000t
00039 LYS+1A0127_039 f 0.00  1.000     0 10.40  0  1 -11.277   0.920   4.428   0.245 -41.175   0.000 +1T11AM000t
00040 LYS+1A0127_040 f 0.00  1.000     0 10.40  0  1 -10.049   0.858   1.503   0.204 -40.780   0.000 +1T15FM000t
