CONFORMER         crg  vdw0  vdw1  tors  epol  self   occ  Hb     history    ASA
LYS01A0127_001  0.000-11.56  0.42  1.02  0.00-10.12 0.501  00  01O000M000  1.000
LYS01A0127_002  0.000-10.54  0.06  1.68  0.00 -8.80 0.501  00  01E01DM000  1.000
LYS01A0127_003  0.000-12.17  1.01  1.52  0.00 -9.64 0.501  00  01E087M000  1.000
LYS01A0127_004  0.000-11.09  0.02  4.22  0.00 -6.85 0.501  00  01E0C1M000  1.000
LYS01A0127_005  0.000 -8.83 -0.07  0.82  0.00 -8.08 0.501  00  01E0C9M000  1.000
LYS01A0127_006  0.000 -9.11  1.74  4.75  0.00 -2.63 0.502  00  01E0ECM000  1.000
LYS01A0127_007  0.000-11.36  0.88  4.43  0.00 -6.05 0.501  00  01E11AM000  1.000
LYS01A0127_008  0.000-11.35  0.98  1.48  0.00 -8.89 0.501  00  01E143M000  1.000
LYS01A0127_009  0.000-12.27  1.29  0.94  0.00-10.03 0.502  00  01T00CM000  1.000
LYS01A0127_010  0.000 -9.64  1.69  4.69  0.00 -3.25 0.501  00  01T024M000  1.000
LYS01A0127_011  0.000-10.70  0.96  1.67  0.00 -8.07 0.502  00  01T03EM000  1.000
LYS01A0127_012  0.000-11.50  1.76  6.94  0.00 -2.80 0.502  00  01T05CM000  1.000
LYS01A0127_013  0.000 -9.64  0.13  4.87  0.00 -4.64 0.502  00  01T0B1M000  1.000
LYS01A0127_014  0.000-11.49  0.87  6.70  0.00 -3.91 0.501  00  01T0F1M000  1.000
LYS01A0127_015  0.000-12.09  0.83  3.65  0.00 -7.60 0.502  00  01T0F3M000  1.000
LYS01A0127_016  0.000-10.89  1.57  7.07  0.00 -2.24 0.501  00  01T100M000  1.000
LYS01A0127_017  0.000-11.40  1.62  4.26  0.00 -5.52 0.501  00  01T101M000  1.000
LYS01A0127_018  0.000-10.93  0.30  3.65  0.00 -6.98 0.501  00  01T12DM000  1.000
LYS01A0127_019  0.000-10.02  0.86  1.50  0.00 -7.66 0.501  00  01T15FM000  1.000
LYS01A0127_020  0.000 -8.65  3.44  3.38  0.00 -1.83 0.502  00  01T18BM000  1.000
LYS+1A0127_021  1.000-11.63  0.42  1.02  0.00-10.19 0.501  00  +1O000M000  1.000
LYS+1A0127_022  1.000-12.32  1.29  0.94  0.00-10.08 0.502  00  +1E00CM000  1.000
LYS+1A0127_023  1.000-10.57  0.05  1.68  0.00 -8.83 0.501  00  +1E01DM000  1.000
LYS+1A0127_024  1.000 -9.77  1.69  4.70  0.00 -3.38 0.501  00  +1E024M000  1.000
LYS+1A0127_025  1.000-10.83  0.96  1.68  0.00 -8.19 0.502  00  +1E03EM000  1.000
LYS+1A0127_026  1.000-12.21  1.02  1.53  0.00 -9.67 0.501  00  +1E087M000  1.000
LYS+1A0127_027  1.000 -9.69  0.13  4.88  0.00 -4.68 0.502  00  +1E0B1M000  1.000
LYS+1A0127_028  1.000 -8.87 -0.07  0.82  0.00 -8.13 0.501  00  +1E0C9M000  1.000
LYS+1A0127_029  1.000 -9.20  1.74  4.75  0.00 -2.71 0.502  00  +1E0ECM000  1.000
LYS+1A0127_030  1.000-11.53  0.87  6.71  0.00 -3.96 0.501  00  +1E0F1M000  1.000
LYS+1A0127_031  1.000-12.19  0.83  3.66  0.00 -7.70 0.502  00  +1E0F3M000  1.000
LYS+1A0127_032  1.000-10.96  1.57  7.08  0.00 -2.32 0.501  00  +1E100M000  1.000
LYS+1A0127_033  1.000-10.86  0.30  3.66  0.00 -6.90 0.501  00  +1E12DM000  1.000
LYS+1A0127_034  1.000-11.47  0.98  1.48  0.00 -9.01 0.501  00  +1E143M000  1.000
LYS+1A0127_035  1.000 -8.65  3.44  3.38  0.00 -1.83 0.502  00  +1E18BM000  1.000
LYS+1A0127_036  1.000-11.50  1.76  6.94  0.00 -2.79 0.502  00  +1T05CM000  1.000
LYS+1A0127_037  1.000-11.20  0.02  4.23  0.00 -6.95 0.501  00  +1T0C1M000  1.000
LYS+1A0127_038  1.000-11.45  1.63  4.26  0.00 -5.56 0.501  00  +1T101M000  1.000
LYS+1A0127_039  1.000-11.34  0.87  4.43  0.00 -6.04 0.501  00  +1T11AM000  1.000
LYS+1A0127_040  1.000-10.05  0.86  1.50  0.00 -7.70 0.501  00  +1T15FM000  1.000
