   confID        vdw0    sas     sum
LYS01A0127_001   0.963 -12.525 -11.562
LYS01A0127_002   1.492 -12.026 -10.534
LYS01A0127_003   0.752 -12.923 -12.171
LYS01A0127_004   1.520 -12.605 -11.084
LYS01A0127_005   3.421 -12.241  -8.820
LYS01A0127_006   3.186 -12.309  -9.123
LYS01A0127_007   1.365 -12.724 -11.358
LYS01A0127_008   1.409 -12.754 -11.344
LYS01A0127_009   0.761 -13.031 -12.270
LYS01A0127_010   2.980 -12.625  -9.645
LYS01A0127_011   1.497 -12.197 -10.700
LYS01A0127_012   1.198 -12.698 -11.500
LYS01A0127_013   3.087 -12.763  -9.676
LYS01A0127_014   1.483 -12.969 -11.486
LYS01A0127_015   0.448 -12.537 -12.089
LYS01A0127_016   1.295 -12.180 -10.885
LYS01A0127_017   0.934 -12.334 -11.400
LYS01A0127_018   1.645 -12.572 -10.927
LYS01A0127_019   2.229 -12.255 -10.026
LYS01A0127_020   3.264 -11.909  -8.645
LYS+1A0127_021   0.902 -12.525 -11.623
LYS+1A0127_022   0.712 -13.031 -12.318
LYS+1A0127_023   1.431 -11.997 -10.567
LYS+1A0127_024   2.920 -12.693  -9.773
LYS+1A0127_025   1.428 -12.261 -10.833
LYS+1A0127_026   0.710 -12.923 -12.213
LYS+1A0127_027   3.040 -12.724  -9.684
LYS+1A0127_028   3.381 -12.344  -8.963
LYS+1A0127_029   3.112 -12.309  -9.197
LYS+1A0127_030   1.438 -12.969 -11.531
LYS+1A0127_031   0.401 -12.588 -12.187
LYS+1A0127_032   1.213 -12.180 -10.967
LYS+1A0127_033   1.579 -12.440 -10.862
LYS+1A0127_034   1.333 -12.754 -11.421
LYS+1A0127_035   3.207 -11.858  -8.650
LYS+1A0127_036   1.154 -12.647 -11.492
LYS+1A0127_037   1.468 -12.669 -11.201
LYS+1A0127_038   0.884 -12.337 -11.453
LYS+1A0127_039   1.315 -12.592 -11.277
LYS+1A0127_040   2.154 -12.204 -10.049
