iConf CONFORMER     FL  occ    crg   Em0  pKa0 ne nH    vdw0    vdw1    tors    epol   dsolv   extra    history
00001 MET01A0026_001 f 0.00  0.000     0  0.00  0  0 -10.992   1.468   2.392   0.119  -0.133   0.000 01O000M000t
00002 MET01A0026_002 f 0.00  0.000     0  0.00  0  0 -11.178   1.191   2.272   0.071  -0.131   0.000 01R001M000t
00003 MET01A0026_003 f 0.00  0.000     0  0.00  0  0 -10.949   1.681   4.553   0.053  -0.130   0.000 01R007M000t
00004 MET01A0026_004 f 0.00  0.000     0  0.00  0  0 -10.939   1.452   4.551   0.099  -0.130   0.000 01R009M000t
00005 MET01A0026_005 f 0.00  0.000     0  0.00  0  0 -11.375   6.488   2.044  -0.075  -0.130   0.000 01R00AM000t
00006 MET01A0026_006 f 0.00  0.000     0  0.00  0  0 -11.292   1.335   3.047   0.125  -0.129   0.000 01R00BM000t
00007 MET01A0026_007 f 0.00  0.000     0  0.00  0  0 -11.863   1.500   2.391   0.115  -0.130   0.000 01R00CM000t
00008 MET01A0026_008 f 0.00  0.000     0  0.00  0  0 -11.108   3.918   2.801   0.070  -0.126   0.000 01R011M000t
00009 MET01A0026_009 f 0.00  0.000     0  0.00  0  0 -10.687   6.199   1.771   0.014  -0.126   0.000 01R014M000t
00010 MET01A0026_010 f 0.00  0.000     0  0.00  0  0 -10.588   2.940   4.841   0.138  -0.129   0.000 01R017M000t
00011 MET01A0026_011 f 0.00  0.000     0  0.00  0  0 -11.254   1.982   3.874   0.061  -0.131   0.000 01R018M000t
00012 MET01A0026_012 f 0.00  0.000     0  0.00  0  0 -11.804   1.842   2.392   0.073  -0.130   0.000 01R01DM000t
00013 MET01A0026_013 f 0.00  0.000     0  0.00  0  0 -11.375   1.739   5.206   0.054  -0.129   0.000 01R024M000t
00014 MET01A0026_014 f 0.00  0.000     0  0.00  0  0 -11.571   1.433   2.926   0.007  -0.127   0.000 01R029M000t
00015 MET01A0026_015 f 0.00  0.000     0  0.00  0  0 -11.072   1.989   4.428   0.075  -0.134   0.000 01T004M000t
00016 MET01A0026_016 f 0.00  0.000     0  0.00  0  0 -11.497   5.299   1.997  -0.002  -0.116   0.000 01T015M000t
00017 MET01A0026_017 f 0.00  0.000     0  0.00  0  0 -11.166   2.285   4.861   0.060  -0.125   0.000 01T019M000t
00018 MET01A0026_018 f 0.00  0.000     0  0.00  0  0 -11.018   1.936   4.667   0.119  -0.128   0.000 01T021M000t
00019 MET01A0026_019 f 0.00  0.000     0  0.00  0  0 -12.189   1.902   1.644   0.018  -0.123   0.000 01T025M000t
00020 MET01A0026_020 f 0.00  0.000     0  0.00  0  0 -11.924   4.026   2.631   0.001  -0.128   0.000 01T026M000t
