CONFORMER         crg  vdw0  vdw1  tors  epol  self   occ  Hb     history    ASA
MET01A0026_001  0.000-10.99  1.39  2.39  0.00 -7.21 0.510  00  01O000M000  1.000
MET01A0026_002  0.000-11.18  1.11  2.27  0.00 -7.79 0.510  00  01R001M000  1.000
MET01A0026_003  0.000-10.95  1.68  4.55  0.00 -4.71 0.512  00  01R007M000  1.000
MET01A0026_004  0.000-10.99  1.45  4.55  0.00 -4.98 0.511  00  01R009M000  1.000
MET01A0026_005  0.000-11.38  6.49  2.04  0.00 -2.85 0.509  00  01R00AM000  1.000
MET01A0026_006  0.000-11.32  1.26  3.05  0.00 -7.01 0.510  00  01R00BM000  1.000
MET01A0026_007  0.000-11.82  1.42  2.39  0.00 -8.00 0.512  00  01R00CM000  1.000
MET01A0026_008  0.000-11.11  3.85  2.80  0.00 -4.46 0.511  00  01R011M000  1.000
MET01A0026_009  0.000-10.73  6.12  1.78  0.00 -2.84 0.512  00  01R014M000  1.000
MET01A0026_010  0.000-10.59  2.94  4.84  0.00 -2.81 0.511  00  01R017M000  1.000
MET01A0026_011  0.000-11.25  1.99  3.87  0.00 -5.40 0.511  00  01R018M000  1.000
MET01A0026_012  0.000-11.80  1.84  2.39  0.00 -7.57 0.512  00  01R01DM000  1.000
MET01A0026_013  0.000-11.37  1.74  5.21  0.00 -4.43 0.511  00  01R024M000  1.000
MET01A0026_014  0.000-11.57  1.43  2.93  0.00 -7.21 0.510  00  01R029M000  1.000
MET01A0026_015  0.000-11.07  1.99  4.43  0.00 -4.66 0.510  00  01T004M000  1.000
MET01A0026_016  0.000-11.55  5.21  2.00  0.00 -4.33 0.510  00  01T015M000  1.000
MET01A0026_017  0.000-11.17  2.29  4.86  0.00 -4.01 0.510  00  01T019M000  1.000
MET01A0026_018  0.000-11.02  1.94  4.66  0.00 -4.42 0.511  00  01T021M000  1.000
MET01A0026_019  0.000-12.19  1.90  1.64  0.00 -8.64 0.509  00  01T025M000  1.000
MET01A0026_020  0.000-11.92  4.02  2.63  0.00 -5.27 0.510  00  01T026M000  1.000
