   confID        vdw0    sas     sum
MET01A0026_001   0.321 -11.313 -10.992
MET01A0026_002   0.319 -11.496 -11.178
MET01A0026_003   0.552 -11.501 -10.949
MET01A0026_004   0.577 -11.516 -10.939
MET01A0026_005   0.301 -11.676 -11.375
MET01A0026_006   0.377 -11.669 -11.292
MET01A0026_007   0.276 -12.139 -11.863
MET01A0026_008   0.374 -11.482 -11.108
MET01A0026_009   0.424 -11.111 -10.687
MET01A0026_010   0.758 -11.347 -10.588
MET01A0026_011   0.437 -11.691 -11.254
MET01A0026_012   0.258 -12.062 -11.804
MET01A0026_013   0.722 -12.097 -11.375
MET01A0026_014   0.435 -12.006 -11.571
MET01A0026_015   0.549 -11.620 -11.072
MET01A0026_016   0.279 -11.775 -11.497
MET01A0026_017   0.637 -11.803 -11.166
MET01A0026_018   0.723 -11.741 -11.018
MET01A0026_019   0.202 -12.391 -12.189
MET01A0026_020   0.350 -12.274 -11.924
