CONFORMER         crg  vdw0  vdw1  tors  epol  self   occ  Hb     history    ASA
LYS01A0097_001  0.000-11.78  0.86  2.32  0.00 -8.60 0.501  00  01O000M000  1.000
LYS01A0097_002  0.000-10.11  1.52  1.48  0.00 -7.11 0.501  00  01E018M000  1.000
LYS01A0097_003  0.000-10.90  2.12  4.54  0.00 -4.23 0.502  00  01E019M000  1.000
LYS01A0097_004  0.000-10.36  1.50  1.85  0.00 -7.00 0.502  00  01E049M000  1.000
LYS01A0097_005  0.000-10.90  2.61  4.67  0.00 -3.62 0.502  00  01E06AM000  1.000
LYS01A0097_006  0.000-10.21  1.44  1.95  0.00 -6.82 0.502  00  01E0A1M000  1.000
LYS01A0097_007  0.000-10.42  1.41  1.95  0.00 -7.05 0.501  00  01E0AEM000  1.000
LYS01A0097_008  0.000 -9.03  1.51  2.42  0.00 -5.11 0.502  00  01E0D2M000  1.000
LYS01A0097_009  0.000-10.17  1.61  2.40  0.00 -6.15 0.502  00  01E0D4M000  1.000
LYS01A0097_010  0.000-10.29  0.82  2.20  0.00 -7.27 0.502  00  01E108M000  1.000
LYS01A0097_011  0.000-10.81  1.86  4.65  0.00 -4.30 0.501  00  01E11DM000  1.000
LYS01A0097_012  0.000-10.96  3.57  5.02  0.00 -2.36 0.502  00  01E127M000  1.000
LYS01A0097_013  0.000-11.86  1.01  1.40  0.00 -9.46 0.502  00  01T035M000  1.000
LYS01A0097_014  0.000-11.82  1.42  1.39  0.00 -9.02 0.502  00  01T041M000  1.000
LYS01A0097_015  0.000-11.84  1.63  1.53  0.00 -8.68 0.502  00  01T042M000  1.000
LYS01A0097_016  0.000-11.45  3.70  1.77  0.00 -5.98 0.501  00  01T097M000  1.000
LYS01A0097_017  0.000-10.38  0.98  2.25  0.00 -7.15 0.501  00  01T0CEM000  1.000
LYS01A0097_018  0.000-10.99  2.14  2.16  0.00 -6.70 0.501  00  01T101M000  1.000
LYS01A0097_019  0.000-10.99  2.36  4.70  0.00 -3.94 0.501  00  01T125M000  1.000
LYS01A0097_020  0.000-10.41  2.56  4.63  0.00 -3.22 0.501  00  01T13AM000  1.000
LYS+1A0097_021  1.000-11.84  0.86  2.32  0.00 -8.66 0.501  00  +1O000M000  1.000
LYS+1A0097_022  1.000-10.00  1.49  1.54  0.00 -6.98 0.501  00  +1E018M000  1.000
LYS+1A0097_023  1.000-10.94  2.12  4.59  0.00 -4.23 0.502  00  +1E019M000  1.000
LYS+1A0097_024  1.000-11.86  1.65  1.61  0.00 -8.59 0.502  00  +1E042M000  1.000
LYS+1A0097_025  1.000-10.45  1.48  1.91  0.00 -7.05 0.502  00  +1E049M000  1.000
LYS+1A0097_026  1.000-10.92  2.61  4.71  0.00 -3.60 0.502  00  +1E06AM000  1.000
LYS+1A0097_027  1.000-10.40  1.44  2.03  0.00 -6.94 0.502  00  +1E0A1M000  1.000
LYS+1A0097_028  1.000-10.38  1.39  2.06  0.00 -6.93 0.501  00  +1E0AEM000  1.000
LYS+1A0097_029  1.000 -9.03  1.51  2.49  0.00 -5.03 0.502  00  +1E0D2M000  1.000
LYS+1A0097_030  1.000-10.24  0.80  2.29  0.00 -7.15 0.502  00  +1E108M000  1.000
LYS+1A0097_031  1.000-11.15  2.35  4.72  0.00 -4.08 0.501  00  +1E125M000  1.000
LYS+1A0097_032  1.000-11.90  1.02  1.44  0.00 -9.45 0.502  00  +1T035M000  1.000
LYS+1A0097_033  1.000-11.95  1.40  1.42  0.00 -9.12 0.502  00  +1T041M000  1.000
LYS+1A0097_034  1.000-11.54  3.70  1.82  0.00 -6.02 0.501  00  +1T097M000  1.000
LYS+1A0097_035  1.000-10.40  0.98  2.29  0.00 -7.13 0.501  00  +1T0CEM000  1.000
LYS+1A0097_036  1.000-10.13  1.62  2.43  0.00 -6.09 0.502  00  +1T0D4M000  1.000
LYS+1A0097_037  1.000-10.94  2.13  2.23  0.00 -6.58 0.501  00  +1T101M000  1.000
LYS+1A0097_038  1.000-10.86  1.82  4.68  0.00 -4.37 0.501  00  +1T11DM000  1.000
LYS+1A0097_039  1.000-10.93  3.38  5.12  0.00 -2.43 0.502  00  +1T127M000  1.000
LYS+1A0097_040  1.000-10.53  2.54  4.70  0.00 -3.29 0.501  00  +1T13AM000  1.000
