iConf CONFORMER     FL  occ    crg   Em0  pKa0 ne nH    vdw0    vdw1    tors    epol   dsolv   extra    history
00001 LYS01A0097_001 f 0.00  0.000     0  0.00  0  0 -11.774   0.857   2.318  -0.008  -3.098   0.000 01O000M000t
00002 LYS01A0097_002 f 0.00  0.000     0  0.00  0  0 -10.109   1.522   1.479  -0.032  -3.253   0.000 01E018M000t
00003 LYS01A0097_003 f 0.00  0.000     0  0.00  0  0 -10.896   2.122   4.542  -0.013  -3.425   0.000 01E019M000t
00004 LYS01A0097_004 f 0.00  0.000     0  0.00  0  0 -10.357   1.493   1.854  -0.021  -3.284   0.000 01E049M000t
00005 LYS01A0097_005 f 0.00  0.000     0  0.00  0  0 -10.888   2.608   4.670  -0.021  -3.108   0.000 01E06AM000t
00006 LYS01A0097_006 f 0.00  0.000     0  0.00  0  0 -10.214   1.443   1.952  -0.037  -2.972   0.000 01E0A1M000t
00007 LYS01A0097_007 f 0.00  0.000     0  0.00  0  0 -10.427   1.416   1.957  -0.036  -3.240   0.000 01E0AEM000t
00008 LYS01A0097_008 f 0.00  0.000     0  0.00  0  0  -9.072   1.510   2.417  -0.030  -3.296   0.000 01E0D2M000t
00009 LYS01A0097_009 f 0.00  0.000     0  0.00  0  0 -10.179   1.617   2.402  -0.018  -3.102   0.000 01E0D4M000t
00010 LYS01A0097_010 f 0.00  0.000     0  0.00  0  0 -10.298   0.825   2.198  -0.079  -2.888   0.000 01E108M000t
00011 LYS01A0097_011 f 0.00  0.000     0  0.00  0  0 -10.804   1.853   4.649  -0.309  -2.684   0.000 01E11DM000t
00012 LYS01A0097_012 f 0.00  0.000     0  0.00  0  0 -10.955   3.578   5.023  -0.157  -2.539   0.000 01E127M000t
00013 LYS01A0097_013 f 0.00  0.000     0  0.00  0  0 -11.864   1.007   1.401  -0.008  -3.278   0.000 01T035M000t
00014 LYS01A0097_014 f 0.00  0.000     0  0.00  0  0 -11.822   1.414   1.387  -0.018  -3.075   0.000 01T041M000t
00015 LYS01A0097_015 f 0.00  0.000     0  0.00  0  0 -11.845   1.634   1.530  -0.015  -3.632   0.000 01T042M000t
00016 LYS01A0097_016 f 0.00  0.000     0  0.00  0  0 -11.447   3.706   1.773  -0.003  -2.937   0.000 01T097M000t
00017 LYS01A0097_017 f 0.00  0.000     0  0.00  0  0 -10.379   0.981   2.246  -0.067  -3.490   0.000 01T0CEM000t
00018 LYS01A0097_018 f 0.00  0.000     0  0.00  0  0 -10.993   2.130   2.163  -0.055  -2.780   0.000 01T101M000t
00019 LYS01A0097_019 f 0.00  0.000     0  0.00  0  0 -11.062   2.363   4.697  -0.033  -3.145   0.000 01T125M000t
00020 LYS01A0097_020 f 0.00  0.000     0  0.00  0  0 -10.417   2.558   4.629  -0.034  -3.406   0.000 01T13AM000t
00021 LYS+1A0097_021 f 0.00  1.000     0 10.40  0  1 -11.834   0.855   2.318   0.078 -41.020   0.000 +1O000M000t
00022 LYS+1A0097_022 f 0.00  1.000     0 10.40  0  1 -10.003   1.489   1.536   0.110 -40.492   0.000 +1E018M000t
00023 LYS+1A0097_023 f 0.00  1.000     0 10.40  0  1 -10.931   2.118   4.592   0.095 -40.658   0.000 +1E019M000t
00024 LYS+1A0097_024 f 0.00  1.000     0 10.40  0  1 -11.788   1.655   1.609   0.075 -41.853   0.000 +1E042M000t
00025 LYS+1A0097_025 f 0.00  1.000     0 10.40  0  1 -10.441   1.482   1.915   0.069 -41.111   0.000 +1E049M000t
00026 LYS+1A0097_026 f 0.00  1.000     0 10.40  0  1 -10.953   2.602   4.711   0.121 -41.427   0.000 +1E06AM000t
00027 LYS+1A0097_027 f 0.00  1.000     0 10.40  0  1 -10.348   1.433   2.037   0.122 -41.124   0.000 +1E0A1M000t
00028 LYS+1A0097_028 f 0.00  1.000     0 10.40  0  1 -10.383   1.396   2.053   0.119 -41.165   0.000 +1E0AEM000t
00029 LYS+1A0097_029 f 0.00  1.000     0 10.40  0  1  -9.038   1.512   2.490   0.132 -41.309   0.000 +1E0D2M000t
00030 LYS+1A0097_030 f 0.00  1.000     0 10.40  0  1 -10.239   0.801   2.291   0.264 -40.381   0.000 +1E108M000t
00031 LYS+1A0097_031 f 0.00  1.000     0 10.40  0  1 -11.153   2.349   4.720   0.166 -41.253   0.000 +1E125M000t
00032 LYS+1A0097_032 f 0.00  1.000     0 10.40  0  1 -11.902   1.018   1.436   0.043 -41.382   0.000 +1T035M000t
00033 LYS+1A0097_033 f 0.00  1.000     0 10.40  0  1 -11.949   1.403   1.423   0.053 -41.272   0.000 +1T041M000t
00034 LYS+1A0097_034 f 0.00  1.000     0 10.40  0  1 -11.538   3.704   1.820  -0.008 -41.109   0.000 +1T097M000t
00035 LYS+1A0097_035 f 0.00  1.000     0 10.40  0  1 -10.397   0.975   2.297   0.239 -40.834   0.000 +1T0CEM000t
00036 LYS+1A0097_036 f 0.00  1.000     0 10.40  0  1 -10.121   1.618   2.427   0.100 -41.937   0.000 +1T0D4M000t
00037 LYS+1A0097_037 f 0.00  1.000     0 10.40  0  1 -10.937   2.138   2.231   0.262 -40.385   0.000 +1T101M000t
00038 LYS+1A0097_038 f 0.00  1.000     0 10.40  0  1 -10.862   1.820   4.676   0.990 -40.536   0.000 +1T11DM000t
00039 LYS+1A0097_039 f 0.00  1.000     0 10.40  0  1 -10.925   3.382   5.119   0.885 -39.351   0.000 +1T127M000t
00040 LYS+1A0097_040 f 0.00  1.000     0 10.40  0  1 -10.525   2.544   4.695   0.095 -40.569   0.000 +1T13AM000t
