   confID        vdw0    sas     sum
LYS01A0097_001   1.027 -12.801 -11.774
LYS01A0097_002   2.200 -12.310 -10.109
LYS01A0097_003   1.831 -12.727 -10.896
LYS01A0097_004   2.290 -12.647 -10.357
LYS01A0097_005   1.877 -12.766 -10.888
LYS01A0097_006   1.770 -11.984 -10.214
LYS01A0097_007   2.075 -12.502 -10.427
LYS01A0097_008   3.379 -12.451  -9.072
LYS01A0097_009   2.789 -12.968 -10.179
LYS01A0097_010   1.961 -12.258 -10.298
LYS01A0097_011   1.583 -12.388 -10.804
LYS01A0097_012   1.691 -12.646 -10.955
LYS01A0097_013   0.756 -12.620 -11.864
LYS01A0097_014   0.753 -12.575 -11.822
LYS01A0097_015   0.635 -12.479 -11.845
LYS01A0097_016   0.820 -12.267 -11.447
LYS01A0097_017   2.425 -12.805 -10.379
LYS01A0097_018   1.285 -12.277 -10.993
LYS01A0097_019   1.709 -12.772 -11.062
LYS01A0097_020   1.805 -12.222 -10.417
LYS+1A0097_021   0.967 -12.801 -11.834
LYS+1A0097_022   2.191 -12.194 -10.003
LYS+1A0097_023   1.796 -12.727 -10.931
LYS+1A0097_024   0.601 -12.389 -11.788
LYS+1A0097_025   2.202 -12.643 -10.441
LYS+1A0097_026   1.851 -12.804 -10.953
LYS+1A0097_027   1.739 -12.087 -10.348
LYS+1A0097_028   2.080 -12.463 -10.383
LYS+1A0097_029   3.294 -12.332  -9.038
LYS+1A0097_030   1.952 -12.191 -10.239
LYS+1A0097_031   1.683 -12.836 -11.153
LYS+1A0097_032   0.718 -12.620 -11.902
LYS+1A0097_033   0.717 -12.665 -11.949
LYS+1A0097_034   0.758 -12.296 -11.538
LYS+1A0097_035   2.359 -12.756 -10.397
LYS+1A0097_036   2.756 -12.878 -10.121
LYS+1A0097_037   1.157 -12.094 -10.937
LYS+1A0097_038   1.529 -12.391 -10.862
LYS+1A0097_039   1.659 -12.585 -10.925
LYS+1A0097_040   1.765 -12.290 -10.525
