VDW_RAD  PDD01 HAD1   1.91
VDW_EPS  PDD01 HAD1   0.11
VDW_RAD  PDD01 HAD2   1.91
VDW_EPS  PDD01 HAD2   0.11
VDW_RAD  PDD01 HBD1   1.91
VDW_EPS  PDD01 HBD1   0.11
VDW_RAD  PDD01 HBD2   1.91
VDW_EPS  PDD01 HBD2   0.11
VDW_RAD  PDD02 HAD1   1.91
VDW_EPS  PDD02 HAD1   0.11
VDW_RAD  PDD02 HAD2   1.91
VDW_EPS  PDD02 HAD2   0.11
VDW_RAD  PDD02 HBD1   1.91
VDW_EPS  PDD02 HBD1   0.11
VDW_RAD  PDD02 HBD2   1.91
VDW_EPS  PDD02 HBD2   0.11
VDW_RAD  PDD-1 HAD1   1.91
VDW_EPS  PDD-1 HAD1   0.11
VDW_RAD  PDD-1 HAD2   1.91
VDW_EPS  PDD-1 HAD2   0.11
VDW_RAD  PDD-1 HBD1   1.91
VDW_EPS  PDD-1 HBD1   0.11
VDW_RAD  PDD-1 HBD2   1.91
VDW_EPS  PDD-1 HBD2   0.11
   Error! get_connect12(): connectivity of atom " CAD PDD A0105" is not complete:

          get_connect12(): atom  C3D of residue i-2 is not found 

   Error! get_connect12(): connectivity of atom " CAD PDD A0105" is not complete:

          get_connect12(): atom  C3D of residue i-2 is not found 

   Error! get_connect12(): connectivity of atom " CAD PDD A0105" is not complete:

          get_connect12(): atom  C3D of residue i-2 is not found 

   Error! get_connect12(): connectivity of atom " CAD PDD A0105" is not complete:

          get_connect12(): atom  C3D of residue i-2 is not found 

   Error! get_connect12(): connectivity of atom " CAD PDD A0105" is not complete:

          get_connect12(): atom  C3D of residue i-2 is not found 

