CONFORMER         crg  vdw0  vdw1  tors  epol  self   occ  Hb     history    ASA
LYS01A0134_001  0.000 -4.06 -0.03  4.12  0.00  0.03 0.501  00  01O000M000  1.000
LYS01A0134_002  0.000 -8.62  0.55  3.43  0.00 -4.63 0.501  00  01E005M000  1.000
LYS01A0134_003  0.000-11.17  0.20  3.46  0.00 -7.51 0.501  00  01E077M000  1.000
LYS01A0134_004  0.000-11.33  0.53  3.63  0.00 -7.17 0.501  00  01E092M000  1.000
LYS01A0134_005  0.000-11.68  1.56  3.18  0.00 -6.94 0.501  00  01E0C9M000  1.000
LYS01A0134_006  0.000-11.12  3.15  3.15  0.00 -4.82 0.501  00  01E0D5M000  1.000
LYS01A0134_007  0.000-11.85  0.66  4.82  0.00 -6.36 0.501  00  01E142M000  1.000
LYS01A0134_008  0.000-11.98  0.86  2.39  0.00 -8.73 0.501  00  01E153M000  1.000
LYS01A0134_009  0.000-11.34  3.26  4.10  0.00 -3.98 0.502  00  01E1FAM000  1.000
LYS01A0134_010  0.000-12.00  3.69  3.14  0.00 -5.18 0.501  00  01E205M000  1.000
LYS01A0134_011  0.000-10.71  2.53  5.17  0.00 -3.02 0.501  00  01T015M000  1.000
LYS01A0134_012  0.000-11.57  0.09  2.51  0.00 -8.96 0.501  00  01T07FM000  1.000
LYS01A0134_013  0.000-10.60  3.00  3.70  0.00 -3.91 0.501  00  01T0B0M000  1.000
LYS01A0134_014  0.000-10.16  3.11  3.18  0.00 -3.88 0.501  00  01T0D9M000  1.000
LYS01A0134_015  0.000-10.87 -0.05  2.65  0.00 -8.27 0.502  00  01T0F5M000  1.000
LYS01A0134_016  0.000-10.74  0.71  4.06  0.00 -5.98 0.501  00  01T1C0M000  1.000
LYS01A0134_017  0.000-11.36  2.87  4.89  0.00 -3.60 0.501  00  01T1F3M000  1.000
LYS01A0134_018  0.000-10.43  2.76  3.74  0.00 -3.93 0.501  00  01T1F5M000  1.000
LYS01A0134_019  0.000-10.16  3.47  3.49  0.00 -3.21 0.501  00  01T1F9M000  1.000
LYS01A0134_020  0.000-10.93  3.11  4.08  0.00 -3.74 0.501  00  01T1FCM000  1.000
LYS+1A0134_021  1.000 -4.14 -0.04  4.12  0.00 -0.06 0.501  00  +1O000M000  1.000
LYS+1A0134_022  1.000 -8.78  0.56  3.56  0.00 -4.67 0.501  00  +1E005M000  1.000
LYS+1A0134_023  1.000-11.07  0.21  3.55  0.00 -7.31 0.501  00  +1E077M000  1.000
LYS+1A0134_024  1.000-11.73  0.09  2.55  0.00 -9.09 0.501  00  +1E07FM000  1.000
LYS+1A0134_025  1.000-11.33  0.53  3.65  0.00 -7.15 0.501  00  +1E092M000  1.000
LYS+1A0134_026  1.000-11.55  1.55  3.23  0.00 -6.77 0.501  00  +1E0C9M000  1.000
LYS+1A0134_027  1.000-10.94  0.70  4.13  0.00 -6.10 0.501  00  +1E1C0M000  1.000
LYS+1A0134_028  1.000-10.18  3.43  3.51  0.00 -3.24 0.501  00  +1E1F9M000  1.000
LYS+1A0134_029  1.000-11.04  3.11  4.11  0.00 -3.82 0.501  00  +1E1FCM000  1.000
LYS+1A0134_030  1.000-10.93  2.48  5.25  0.00 -3.20 0.501  00  +1T015M000  1.000
LYS+1A0134_031  1.000-10.56  3.00  3.73  0.00 -3.83 0.501  00  +1T0B0M000  1.000
LYS+1A0134_032  1.000-11.03  3.19  3.17  0.00 -4.68 0.501  00  +1T0D5M000  1.000
LYS+1A0134_033  1.000 -9.96  3.19  3.23  0.00 -3.54 0.501  00  +1T0D9M000  1.000
LYS+1A0134_034  1.000-10.73 -0.04  2.68  0.00 -8.09 0.502  00  +1T0F5M000  1.000
LYS+1A0134_035  1.000-11.78  0.65  4.91  0.00 -6.21 0.501  00  +1T142M000  1.000
LYS+1A0134_036  1.000-12.01  0.86  2.43  0.00 -8.73 0.501  00  +1T153M000  1.000
LYS+1A0134_037  1.000-11.38  2.85  4.96  0.00 -3.57 0.501  00  +1T1F3M000  1.000
LYS+1A0134_038  1.000-10.50  2.74  3.75  0.00 -4.01 0.501  00  +1T1F5M000  1.000
LYS+1A0134_039  1.000-11.24  3.27  4.11  0.00 -3.86 0.502  00  +1T1FAM000  1.000
LYS+1A0134_040  1.000-11.96  3.68  3.14  0.00 -5.14 0.501  00  +1T205M000  1.000
