iConf CONFORMER     FL  occ    crg   Em0  pKa0 ne nH    vdw0    vdw1    tors    epol   dsolv   extra    history
00001 LYS01A0134_001 f 0.00  0.000     0  0.00  0  0  -4.053  -0.033   4.119  -0.050  -3.421   0.000 01O000M000t
00002 LYS01A0134_002 f 0.00  0.000     0  0.00  0  0  -8.624   0.556   3.435  -0.060  -2.869   0.000 01E005M000t
00003 LYS01A0134_003 f 0.00  0.000     0  0.00  0  0 -11.174   0.202   3.467  -0.010  -3.292   0.000 01E077M000t
00004 LYS01A0134_004 f 0.00  0.000     0  0.00  0  0 -11.335   0.531   3.635  -0.021  -3.535   0.000 01E092M000t
00005 LYS01A0134_005 f 0.00  0.000     0  0.00  0  0 -11.674   1.555   3.186  -0.045  -3.368   0.000 01E0C9M000t
00006 LYS01A0134_006 f 0.00  0.000     0  0.00  0  0 -11.121   3.154   3.149  -0.017  -3.154   0.000 01E0D5M000t
00007 LYS01A0134_007 f 0.00  0.000     0  0.00  0  0 -11.846   0.661   4.822  -0.028  -3.015   0.000 01E142M000t
00008 LYS01A0134_008 f 0.00  0.000     0  0.00  0  0 -11.984   0.859   2.392  -0.015  -3.075   0.000 01E153M000t
00009 LYS01A0134_009 f 0.00  0.000     0  0.00  0  0 -11.347   3.271   4.098  -0.057  -3.387   0.000 01E1FAM000t
00010 LYS01A0134_010 f 0.00  0.000     0  0.00  0  0 -12.002   3.684   3.138  -0.029  -3.551   0.000 01E205M000t
00011 LYS01A0134_011 f 0.00  0.000     0  0.00  0  0 -10.708   2.522   5.159  -0.096  -2.801   0.000 01T015M000t
00012 LYS01A0134_012 f 0.00  0.000     0  0.00  0  0 -11.563   0.091   2.514  -0.018  -3.003   0.000 01T07FM000t
00013 LYS01A0134_013 f 0.00  0.000     0  0.00  0  0 -10.608   3.003   3.697  -0.016  -3.257   0.000 01T0B0M000t
00014 LYS01A0134_014 f 0.00  0.000     0  0.00  0  0 -10.162   3.113   3.176  -0.069  -2.799   0.000 01T0D9M000t
00015 LYS01A0134_015 f 0.00  0.000     0  0.00  0  0 -10.869  -0.049   2.652  -0.051  -2.821   0.000 01T0F5M000t
00016 LYS01A0134_016 f 0.00  0.000     0  0.00  0  0 -10.747   0.709   4.058  -0.018  -3.039   0.000 01T1C0M000t
00017 LYS01A0134_017 f 0.00  0.000     0  0.00  0  0 -11.358   2.867   4.891  -0.142  -3.086   0.000 01T1F3M000t
00018 LYS01A0134_018 f 0.00  0.000     0  0.00  0  0 -10.375   2.758   3.738  -0.168  -2.821   0.000 01T1F5M000t
00019 LYS01A0134_019 f 0.00  0.000     0  0.00  0  0 -10.152   3.468   3.487  -0.066  -2.995   0.000 01T1F9M000t
00020 LYS01A0134_020 f 0.00  0.000     0  0.00  0  0 -10.981   3.113   4.081  -0.060  -3.233   0.000 01T1FCM000t
00021 LYS+1A0134_021 f 0.00  1.000     0 10.40  0  1  -4.133  -0.038   4.119   0.192 -40.618   0.000 +1O000M000t
00022 LYS+1A0134_022 f 0.00  1.000     0 10.40  0  1  -8.789   0.558   3.554   0.192 -40.448   0.000 +1E005M000t
00023 LYS+1A0134_023 f 0.00  1.000     0 10.40  0  1 -11.066   0.207   3.546   0.060 -41.133   0.000 +1E077M000t
00024 LYS+1A0134_024 f 0.00  1.000     0 10.40  0  1 -11.733   0.095   2.549   0.092 -41.069   0.000 +1E07FM000t
00025 LYS+1A0134_025 f 0.00  1.000     0 10.40  0  1 -11.332   0.530   3.654   0.113 -41.038   0.000 +1E092M000t
00026 LYS+1A0134_026 f 0.00  1.000     0 10.40  0  1 -11.550   1.549   3.234   0.190 -40.998   0.000 +1E0C9M000t
00027 LYS+1A0134_027 f 0.00  1.000     0 10.40  0  1 -10.946   0.705   4.130   0.087 -41.381   0.000 +1E1C0M000t
00028 LYS+1A0134_028 f 0.00  1.000     0 10.40  0  1 -10.180   3.433   3.507   0.183 -41.516   0.000 +1E1F9M000t
00029 LYS+1A0134_029 f 0.00  1.000     0 10.40  0  1 -11.036   3.112   4.106   0.174 -41.323   0.000 +1E1FCM000t
00030 LYS+1A0134_030 f 0.00  1.000     0 10.40  0  1 -10.985   2.481   5.252   0.271 -40.539   0.000 +1T015M000t
00031 LYS+1A0134_031 f 0.00  1.000     0 10.40  0  1 -10.564   2.997   3.730   0.093 -40.607   0.000 +1T0B0M000t
00032 LYS+1A0134_032 f 0.00  1.000     0 10.40  0  1 -11.040   3.185   3.167   0.061 -41.151   0.000 +1T0D5M000t
00033 LYS+1A0134_033 f 0.00  1.000     0 10.40  0  1 -10.010   3.186   3.235   0.059 -40.579   0.000 +1T0D9M000t
00034 LYS+1A0134_034 f 0.00  1.000     0 10.40  0  1 -10.727  -0.045   2.685   0.086 -40.914   0.000 +1T0F5M000t
00035 LYS+1A0134_035 f 0.00  1.000     0 10.40  0  1 -11.776   0.656   4.916   0.163 -40.919   0.000 +1T142M000t
00036 LYS+1A0134_036 f 0.00  1.000     0 10.40  0  1 -12.016   0.862   2.425   0.077 -41.528   0.000 +1T153M000t
00037 LYS+1A0134_037 f 0.00  1.000     0 10.40  0  1 -11.377   2.849   4.958   0.445 -40.859   0.000 +1T1F3M000t
00038 LYS+1A0134_038 f 0.00  1.000     0 10.40  0  1 -10.453   2.747   3.749   0.390 -40.745   0.000 +1T1F5M000t
00039 LYS+1A0134_039 f 0.00  1.000     0 10.40  0  1 -11.240   3.271   4.110   0.202 -41.594   0.000 +1T1FAM000t
00040 LYS+1A0134_040 f 0.00  1.000     0 10.40  0  1 -11.962   3.679   3.147   0.051 -41.086   0.000 +1T205M000t
