   confID        vdw0    sas     sum
LYS01A0134_001   7.938 -11.991  -4.053
LYS01A0134_002   3.329 -11.953  -8.624
LYS01A0134_003   1.418 -12.592 -11.174
LYS01A0134_004   1.469 -12.804 -11.335
LYS01A0134_005   1.197 -12.871 -11.674
LYS01A0134_006   1.242 -12.363 -11.121
LYS01A0134_007   0.891 -12.737 -11.846
LYS01A0134_008   0.872 -12.855 -11.984
LYS01A0134_009   1.186 -12.533 -11.347
LYS01A0134_010   0.599 -12.601 -12.002
LYS01A0134_011   1.428 -12.136 -10.708
LYS01A0134_012   1.177 -12.740 -11.563
LYS01A0134_013   1.910 -12.518 -10.608
LYS01A0134_014   1.964 -12.126 -10.162
LYS01A0134_015   1.823 -12.692 -10.869
LYS01A0134_016   1.851 -12.598 -10.747
LYS01A0134_017   1.282 -12.641 -11.358
LYS01A0134_018   1.893 -12.268 -10.375
LYS01A0134_019   2.064 -12.216 -10.152
LYS01A0134_020   1.386 -12.367 -10.981
LYS+1A0134_021   7.857 -11.991  -4.133
LYS+1A0134_022   3.019 -11.808  -8.789
LYS+1A0134_023   1.410 -12.476 -11.066
LYS+1A0134_024   1.123 -12.856 -11.733
LYS+1A0134_025   1.408 -12.739 -11.332
LYS+1A0134_026   1.167 -12.717 -11.550
LYS+1A0134_027   1.810 -12.756 -10.946
LYS+1A0134_028   2.036 -12.216 -10.180
LYS+1A0134_029   1.332 -12.367 -11.036
LYS+1A0134_030   1.389 -12.375 -10.985
LYS+1A0134_031   1.835 -12.399 -10.564
LYS+1A0134_032   1.219 -12.260 -11.040
LYS+1A0134_033   1.985 -11.994 -10.010
LYS+1A0134_034   1.760 -12.487 -10.727
LYS+1A0134_035   0.857 -12.634 -11.776
LYS+1A0134_036   0.840 -12.855 -12.016
LYS+1A0134_037   1.264 -12.641 -11.377
LYS+1A0134_038   1.815 -12.268 -10.453
LYS+1A0134_039   1.136 -12.376 -11.240
LYS+1A0134_040   0.566 -12.527 -11.962
