iConf CONFORMER     FL  occ    crg   Em0  pKa0 ne nH    vdw0    vdw1    tors    epol   dsolv   extra    history
00001 LYS01A0028_001 f 0.00  0.000     0  0.00  0  0 -11.251   1.154   2.668  -0.009  -3.474   0.000 01O000M000t
00002 LYS01A0028_002 f 0.00  0.000     0  0.00  0  0  -9.819   1.193   2.045  -0.018  -3.550   0.000 01E006M000t
00003 LYS01A0028_003 f 0.00  0.000     0  0.00  0  0  -9.818   0.965   2.189  -0.014  -3.154   0.000 01E00DM000t
00004 LYS01A0028_004 f 0.00  0.000     0  0.00  0  0  -5.499   0.838   2.195  -0.029  -3.194   0.000 01E019M000t
00005 LYS01A0028_005 f 0.00  0.000     0  0.00  0  0  -9.623   1.443   1.728  -0.010  -3.157   0.000 01E049M000t
00006 LYS01A0028_006 f 0.00  0.000     0  0.00  0  0 -10.021   1.063   1.869  -0.012  -3.146   0.000 01E065M000t
00007 LYS01A0028_007 f 0.00  0.000     0  0.00  0  0  -9.719   1.456   2.395   0.006  -3.424   0.000 01E06BM000t
00008 LYS01A0028_008 f 0.00  0.000     0  0.00  0  0 -11.489   4.018   4.419  -0.016  -3.122   0.000 01T00AM000t
00009 LYS01A0028_009 f 0.00  0.000     0  0.00  0  0 -10.166   1.692   2.351  -0.016  -3.421   0.000 01T01AM000t
00010 LYS01A0028_010 f 0.00  0.000     0  0.00  0  0  -9.144   1.563   2.612  -0.009  -3.089   0.000 01T01FM000t
00011 LYS01A0028_011 f 0.00  0.000     0  0.00  0  0  -8.298   1.104   1.984  -0.016  -2.907   0.000 01T039M000t
00012 LYS01A0028_012 f 0.00  0.000     0  0.00  0  0 -10.333   3.725   4.381  -0.010  -3.073   0.000 01T04FM000t
00013 LYS01A0028_013 f 0.00  0.000     0  0.00  0  0 -10.289   4.002   4.391  -0.010  -3.130   0.000 01T057M000t
00014 LYS01A0028_014 f 0.00  0.000     0  0.00  0  0  -9.662   0.964   1.588  -0.022  -3.054   0.000 01T05DM000t
00015 LYS01A0028_015 f 0.00  0.000     0  0.00  0  0  -9.850   3.380   4.690  -0.013  -3.243   0.000 01T07DM000t
00016 LYS01A0028_016 f 0.00  0.000     0  0.00  0  0  -9.086   2.961   4.907  -0.041  -3.175   0.000 01T07FM000t
00017 LYS01A0028_017 f 0.00  0.000     0  0.00  0  0  -8.045   1.266   1.650  -0.035  -3.151   0.000 01T0A0M000t
00018 LYS+1A0028_018 f 0.00  1.000     0 10.40  0  1 -11.295   1.153   2.668   0.035 -41.014   0.000 +1O000M000t
00019 LYS+1A0028_019 f 0.00  1.000     0 10.40  0  1  -9.181   1.541   2.694   0.060 -41.530   0.000 +1E01FM000t
00020 LYS+1A0028_020 f 0.00  1.000     0 10.40  0  1  -9.844   1.454   1.786  -0.007 -40.689   0.000 +1E049M000t
00021 LYS+1A0028_021 f 0.00  1.000     0 10.40  0  1 -10.065   1.059   1.905   0.014 -41.611   0.000 +1E065M000t
00022 LYS+1A0028_022 f 0.00  1.000     0 10.40  0  1  -9.089   2.949   4.974  -0.054 -40.803   0.000 +1E07FM000t
00023 LYS+1A0028_023 f 0.00  1.000     0 10.40  0  1  -9.781   1.194   2.073   0.080 -41.156   0.000 +1T006M000t
00024 LYS+1A0028_024 f 0.00  1.000     0 10.40  0  1  -9.898   0.958   2.256   0.018 -41.001   0.000 +1T00DM000t
00025 LYS+1A0028_025 f 0.00  1.000     0 10.40  0  1  -5.633   0.833   2.223   0.144 -41.413   0.000 +1T019M000t
00026 LYS+1A0028_026 f 0.00  1.000     0 10.40  0  1 -10.370   1.723   2.443   0.060 -41.122   0.000 +1T01AM000t
00027 LYS+1A0028_027 f 0.00  1.000     0 10.40  0  1  -8.433   1.101   2.078   0.081 -41.119   0.000 +1T039M000t
00028 LYS+1A0028_028 f 0.00  1.000     0 10.40  0  1 -10.414   3.725   4.395  -0.020 -41.503   0.000 +1T04FM000t
00029 LYS+1A0028_029 f 0.00  1.000     0 10.40  0  1 -12.184   5.501   3.829   0.050 -41.495   0.000 +1T052M000t
00030 LYS+1A0028_030 f 0.00  1.000     0 10.40  0  1 -10.230   3.989   4.398   0.048 -41.165   0.000 +1T057M000t
00031 LYS+1A0028_031 f 0.00  1.000     0 10.40  0  1  -9.858   0.957   1.608   0.062 -40.783   0.000 +1T05DM000t
00032 LYS+1A0028_032 f 0.00  1.000     0 10.40  0  1  -9.585   1.470   2.474  -0.040 -41.313   0.000 +1T06BM000t
00033 LYS+1A0028_033 f 0.00  1.000     0 10.40  0  1  -9.959   3.383   4.752   0.087 -40.920   0.000 +1T07DM000t
00034 LYS+1A0028_034 f 0.00  1.000     0 10.40  0  1  -8.161   1.265   1.680   0.002 -40.229   0.000 +1T0A0M000t
