CONFORMER         crg  vdw0  vdw1  tors  epol  self   occ  Hb     history    ASA
LYS01A0028_001  0.000-11.25  1.05  2.67  0.00 -7.53 0.503  00  01O000M000  1.000
LYS01A0028_002  0.000 -9.82  1.15  2.05  0.00 -6.63 0.502  00  01E006M000  1.000
LYS01A0028_003  0.000 -9.81  0.86  2.19  0.00 -6.76 0.503  00  01E00DM000  1.000
LYS01A0028_004  0.000 -5.49  0.79  2.19  0.00 -2.51 0.503  00  01E019M000  1.000
LYS01A0028_005  0.000 -9.62  1.44  1.73  0.00 -6.45 0.502  00  01E049M000  1.000
LYS01A0028_006  0.000-10.07  0.96  1.87  0.00 -7.24 0.503  00  01E065M000  1.000
LYS01A0028_007  0.000 -9.72  1.40  2.40  0.00 -5.93 0.503  00  01E06BM000  1.000
LYS01A0028_008  0.000-11.49  4.02  4.42  0.00 -3.05 0.503  00  01T00AM000  1.000
LYS01A0028_009  0.000-10.16  1.64  2.35  0.00 -6.17 0.503  00  01T01AM000  1.000
LYS01A0028_010  0.000 -9.15  1.56  2.61  0.00 -4.97 0.502  00  01T01FM000  1.000
LYS01A0028_011  0.000 -8.30  1.06  1.99  0.00 -5.25 0.502  00  01T039M000  1.000
LYS01A0028_012  0.000-10.33  3.71  4.38  0.00 -2.24 0.502  00  01T04FM000  1.000
LYS01A0028_013  0.000-10.32  3.99  4.39  0.00 -1.93 0.502  00  01T057M000  1.000
LYS01A0028_014  0.000 -9.66  0.86  1.59  0.00 -7.21 0.504  00  01T05DM000  1.000
LYS01A0028_015  0.000 -9.85  3.33  4.69  0.00 -1.83 0.503  00  01T07DM000  1.000
LYS01A0028_016  0.000 -9.09  2.90  4.91  0.00 -1.27 0.503  00  01T07FM000  1.000
LYS01A0028_017  0.000 -8.05  1.26  1.65  0.00 -5.14 0.502  00  01T0A0M000  1.000
LYS+1A0028_018  1.000-11.30  1.05  2.67  0.00 -7.58 0.503  00  +1O000M000  1.000
LYS+1A0028_019  1.000 -9.17  1.54  2.69  0.00 -4.93 0.502  00  +1E01FM000  1.000
LYS+1A0028_020  1.000 -9.89  1.45  1.79  0.00 -6.66 0.502  00  +1E049M000  1.000
LYS+1A0028_021  1.000-10.07  0.96  1.91  0.00 -7.20 0.503  00  +1E065M000  1.000
LYS+1A0028_022  1.000 -9.09  2.89  4.97  0.00 -1.23 0.503  00  +1E07FM000  1.000
LYS+1A0028_023  1.000 -9.78  1.14  2.07  0.00 -6.56 0.502  00  +1T006M000  1.000
LYS+1A0028_024  1.000 -9.84  0.86  2.26  0.00 -6.73 0.503  00  +1T00DM000  1.000
LYS+1A0028_025  1.000 -5.65  0.78  2.22  0.00 -2.64 0.503  00  +1T019M000  1.000
LYS+1A0028_026  1.000-10.31  1.68  2.44  0.00 -6.19 0.503  00  +1T01AM000  1.000
LYS+1A0028_027  1.000 -8.38  1.05  2.07  0.00 -5.26 0.502  00  +1T039M000  1.000
LYS+1A0028_028  1.000-10.42  3.73  4.40  0.00 -2.30 0.502  00  +1T04FM000  1.000
LYS+1A0028_029  1.000-12.18  5.50  3.83  0.00 -2.86 0.504  00  +1T052M000  1.000
LYS+1A0028_030  1.000-10.20  3.99  4.40  0.00 -1.81 0.502  00  +1T057M000  1.000
LYS+1A0028_031  1.000 -9.86  0.85  1.61  0.00 -7.40 0.504  00  +1T05DM000  1.000
LYS+1A0028_032  1.000 -9.53  1.42  2.47  0.00 -5.64 0.503  00  +1T06BM000  1.000
LYS+1A0028_033  1.000 -9.96  3.34  4.75  0.00 -1.88 0.503  00  +1T07DM000  1.000
LYS+1A0028_034  1.000 -8.17  1.26  1.68  0.00 -5.23 0.502  00  +1T0A0M000  1.000
