   confID        vdw0    sas     sum
LYS01A0028_001   1.208 -12.459 -11.251
LYS01A0028_002   2.434 -12.253  -9.819
LYS01A0028_003   2.465 -12.283  -9.818
LYS01A0028_004   6.990 -12.488  -5.499
LYS01A0028_005   2.283 -11.907  -9.623
LYS01A0028_006   2.303 -12.324 -10.021
LYS01A0028_007   2.605 -12.325  -9.719
LYS01A0028_008   0.922 -12.411 -11.489
LYS01A0028_009   2.400 -12.566 -10.166
LYS01A0028_010   2.900 -12.045  -9.144
LYS01A0028_011   3.928 -12.226  -8.298
LYS01A0028_012   2.149 -12.482 -10.333
LYS01A0028_013   2.183 -12.472 -10.289
LYS01A0028_014   2.480 -12.142  -9.662
LYS01A0028_015   2.227 -12.077  -9.850
LYS01A0028_016   2.767 -11.853  -9.086
LYS01A0028_017   3.730 -11.776  -8.045
LYS+1A0028_018   1.164 -12.459 -11.295
LYS+1A0028_019   2.864 -12.045  -9.181
LYS+1A0028_020   2.208 -12.052  -9.844
LYS+1A0028_021   2.259 -12.324 -10.065
LYS+1A0028_022   2.713 -11.802  -9.089
LYS+1A0028_023   2.366 -12.147  -9.781
LYS+1A0028_024   2.504 -12.402  -9.898
LYS+1A0028_025   6.855 -12.488  -5.633
LYS+1A0028_026   2.370 -12.740 -10.370
LYS+1A0028_027   3.844 -12.277  -8.433
LYS+1A0028_028   2.120 -12.534 -10.414
LYS+1A0028_029   0.552 -12.736 -12.184
LYS+1A0028_030   2.161 -12.392 -10.230
LYS+1A0028_031   2.386 -12.245  -9.858
LYS+1A0028_032   2.559 -12.144  -9.585
LYS+1A0028_033   2.140 -12.100  -9.959
LYS+1A0028_034   3.683 -11.843  -8.161
