CONFORMER         crg  vdw0  vdw1  tors  epol  self   occ  Hb     history    ASA
GLU01A0043_001  0.000 -3.78  0.20  3.47  0.00 -0.11 0.513  00  01O000M000  1.018
GLU01A0043_002  0.000 -2.67  0.37  5.30  0.00  3.00 0.514  00  01E009M000  1.000
GLU01A0043_003  0.000 -3.05  0.19  5.31  0.00  2.45 0.515  00  01E00CM000  1.040
GLU01A0043_004  0.000 -3.37  0.29  3.11  0.00  0.03 0.513  00  01E017M000  1.041
GLU01A0043_005  0.000 -3.94  0.33  6.29  0.00  2.68 0.513  00  01E019M000  1.000
GLU01A0043_006  0.000 -4.61 -0.05  3.98  0.00 -0.68 0.513  00  01E01EM000  1.087
GLU01A0043_007  0.000 -4.16  0.13  6.29  0.00  2.26 0.516  00  01E01FM000  1.030
GLU01A0043_008  0.000 -3.83  0.20  0.75  0.00 -2.88 0.513  00  01O000M000  1.028
GLU01A0043_009  0.000 -3.91 -0.02  3.56  0.00 -0.36 0.516  00  01E012M000  1.000
GLU01A0043_010  0.000 -3.76  0.41  3.27  0.00 -0.07 0.515  00  01T002M000  1.025
GLU01A0043_011  0.000 -2.92  0.25  5.35  0.00  2.68 0.515  00  01T007M000  1.014
GLU01A0043_012  0.000 -2.99  0.28  5.35  0.00  2.64 0.516  00  01T006M000  1.031
GLU01A0043_013  0.000 -3.40 -0.06  3.25  0.00 -0.22 0.517  00  01T00BM000  1.007
GLU01A0043_014  0.000 -4.53  1.15  6.65  0.00  3.27 0.515  00  01T011M000  1.007
GLU01A0043_015  0.000 -3.91 -0.01  6.28  0.00  2.36 0.516  00  01T012M000  1.000
GLU01A0043_016  0.000 -4.40  0.01  6.28  0.00  1.88 0.514  00  01T016M000  1.097
GLU01A0043_017  0.000 -4.44 -0.27  3.75  0.00 -0.96 0.513  00  01T01BM000  1.008
GLU01A0043_018  0.000 -3.96  0.14  6.29  0.00  2.47 0.514  00  01T01CM000  1.005
GLU01A0043_019  0.000 -4.90  0.65  6.51  0.00  2.26 0.516  00  01T020M000  1.096
GLU01A0043_020  0.000 -4.44 -0.27  1.07  0.00 -3.63 0.513  00  01T01BM000  1.008
GLU01A0043_021  0.000 -4.61 -0.05  1.24  0.00 -3.42 0.513  00  01T01EM000  1.087
GLU01A0043_022  0.000 -3.73  0.49  0.53  0.00 -2.71 0.515  00  01T002M000  1.024
GLU01A0043_023  0.000 -2.99  0.28  2.63  0.00 -0.08 0.516  00  01T006M000  1.031
GLU01A0043_024  0.000 -3.05  0.18  2.65  0.00 -0.22 0.515  00  01T00CM000  1.040
GLU01A0043_025  0.000 -4.58  1.15  3.93  0.00  0.50 0.515  00  01T011M000  1.018
GLU01A0043_026  0.000 -4.40  0.01  3.56  0.00 -0.84 0.514  00  01T016M000  1.097
GLU01A0043_027  0.000 -4.30  0.35  1.23  0.00 -2.72 0.513  00  01T018M000  1.021
GLU01A0043_028  0.000 -3.93  0.33  3.56  0.00 -0.05 0.513  00  01T019M000  1.000
GLU01A0043_029  0.000 -3.96  0.14  3.57  0.00 -0.25 0.514  00  01T01CM000  1.005
GLU01A0043_030  0.000 -4.90  0.65  3.79  0.00 -0.46 0.516  00  01T020M000  1.096
GLU02A0043_031  0.000 -4.04  0.19  3.47  0.00 -0.38 0.513  00  02O000M000  1.021
GLU02A0043_032  0.000 -4.12  0.12  6.33  0.00  2.33 0.514  00  02E01CM000  1.011
GLU02A0043_033  0.000 -4.14  0.15  6.29  0.00  2.29 0.516  00  02E01FM000  1.022
GLU02A0043_034  0.000 -4.08  0.19  0.75  0.00 -3.14 0.513  00  02O000M000  1.029
GLU02A0043_035  0.000 -3.03  0.13  2.65  0.00 -0.26 0.515  00  02E007M000  1.022
GLU02A0043_036  0.000 -3.10  0.18  2.66  0.00 -0.25 0.515  00  02E00CM000  1.056
GLU02A0043_037  0.000 -4.51  1.06  3.88  0.00  0.43 0.515  00  02E011M000  1.007
GLU02A0043_038  0.000 -4.47 -0.27  0.99  0.00 -3.74 0.513  00  02E01BM000  1.016
GLU02A0043_039  0.000 -3.98  0.12  3.56  0.00 -0.30 0.514  00  02E01CM000  1.005
GLU02A0043_040  0.000 -3.21  0.20  5.27  0.00  2.26 0.515  00  02T007M000  1.017
GLU02A0043_041  0.000 -3.13  0.37  5.30  0.00  2.54 0.514  00  02T009M000  1.000
GLU02A0043_042  0.000 -4.08 -0.00  6.32  0.00  2.23 0.516  00  02T012M000  1.000
GLU02A0043_043  0.000 -4.45  0.00  6.30  0.00  1.85 0.514  00  02T016M000  1.111
GLU02A0043_044  0.000 -4.67 -0.05  3.98  0.00 -0.74 0.513  00  02T01EM000  1.112
GLU02A0043_045  0.000 -3.82  0.29  3.26  0.00 -0.27 0.515  00  02T002M000  1.014
GLU02A0043_046  0.000 -3.26  0.29  5.35  0.00  2.38 0.516  00  02T006M000  1.064
GLU02A0043_047  0.000 -3.93 -0.06  3.26  0.00 -0.72 0.517  00  02T00BM000  1.030
GLU02A0043_048  0.000 -3.09  0.18  5.36  0.00  2.45 0.515  00  02T00CM000  1.056
GLU02A0043_049  0.000 -4.51  1.06  6.59  0.00  3.14 0.515  00  02T011M000  1.007
GLU02A0043_050  0.000 -3.68  0.30  3.12  0.00 -0.25 0.513  00  02T017M000  1.029
GLU02A0043_051  0.000 -3.87  0.34  6.29  0.00  2.76 0.513  00  02T019M000  1.000
GLU02A0043_052  0.000 -4.41 -0.27  3.68  0.00 -1.00 0.513  00  02T01BM000  1.003
GLU02A0043_053  0.000 -4.81  0.65  6.46  0.00  2.30 0.516  00  02T020M000  1.086
GLU02A0043_054  0.000 -3.89  0.28  0.54  0.00 -3.06 0.515  00  02T002M000  1.028
GLU02A0043_055  0.000 -4.67 -0.05  1.26  0.00 -3.46 0.513  00  02T01EM000  1.112
GLU02A0043_056  0.000 -3.26  0.29  2.63  0.00 -0.34 0.516  00  02T006M000  1.064
GLU02A0043_057  0.000 -3.99 -0.01  3.54  0.00 -0.45 0.516  00  02T012M000  1.000
GLU02A0043_058  0.000 -3.68  0.30  0.40  0.00 -2.97 0.513  00  02T017M000  1.029
GLU02A0043_059  0.000 -3.87  0.34  3.57  0.00  0.04 0.513  00  02T019M000  1.000
GLU02A0043_060  0.000 -4.85  0.65  3.74  0.00 -0.46 0.516  00  02T020M000  1.094
GLU-1A0043_061 -1.000 -3.97  0.21  0.75  0.00 -3.01 0.513  00  -1O000M000  1.014
GLU-1A0043_062 -1.000 -3.91  0.37  0.52  0.00 -3.01 0.515  00  -1E002M000  1.025
GLU-1A0043_063 -1.000 -3.34  0.20  2.47  0.00 -0.66 0.516  00  -1E006M000  1.026
GLU-1A0043_064 -1.000 -3.80 -0.05  0.51  0.00 -3.33 0.517  00  -1E00BM000  1.007
GLU-1A0043_065 -1.000 -4.39  1.14  3.85  0.00  0.60 0.515  00  -1E011M000  1.000
GLU-1A0043_066 -1.000 -3.95 -0.04  3.47  0.00 -0.52 0.516  00  -1E012M000  1.000
GLU-1A0043_067 -1.000 -4.41 -0.01  3.49  0.00 -0.93 0.514  00  -1E016M000  1.110
GLU-1A0043_068 -1.000 -4.39  0.33  1.17  0.00 -2.89 0.513  00  -1E018M000  1.013
GLU-1A0043_069 -1.000 -3.88  0.35  3.48  0.00 -0.06 0.513  00  -1E019M000  1.000
GLU-1A0043_070 -1.000 -4.37 -0.26  1.00  0.00 -3.63 0.513  00  -1E01BM000  1.003
GLU-1A0043_071 -1.000 -4.04  0.13  3.49  0.00 -0.42 0.514  00  -1E01CM000  1.003
GLU-1A0043_072 -1.000 -4.09  0.16  3.50  0.00 -0.43 0.516  00  -1E01FM000  1.023
GLU-1A0043_073 -1.000 -4.84  0.64  3.76  0.00 -0.45 0.516  00  -1E020M000  1.082
