iConf CONFORMER     FL  occ    crg   Em0  pKa0 ne nH    vdw0    vdw1    tors    epol   dsolv   extra    history
00001 GLU01A0043_001 f 0.00  0.000     0  0.00  0  0  -3.792   0.250   3.467   0.304  -7.186   0.000 01O000M000t
00002 GLU01A0043_002 f 0.00  0.000     0  0.00  0  0  -2.663   0.367   5.304   0.170  -7.129   0.000 01E009M000t
00003 GLU01A0043_003 f 0.00  0.000     0  0.00  0  0  -3.054   0.194   5.312   0.282  -7.235   0.000 01E00CM000t
00004 GLU01A0043_004 f 0.00  0.000     0  0.00  0  0  -3.370   0.334   3.113   0.204  -6.848   0.000 01E017M000t
00005 GLU01A0043_005 f 0.00  0.000     0  0.00  0  0  -3.947   0.330   6.294   0.086  -7.013   0.000 01E019M000t
00006 GLU01A0043_006 f 0.00  0.000     0  0.00  0  0  -4.611  -0.004   3.979   0.191  -7.646   0.000 01E01EM000t
00007 GLU01A0043_007 f 0.00  0.000     0  0.00  0  0  -4.158   0.130   6.294   0.565  -6.913   0.000 01E01FM000t
00008 GLU01A0043_008 f 0.00  0.000     0  0.00  0  0  -3.844   0.250   0.747   0.140  -5.092   0.000 01O000M000t
00009 GLU01A0043_009 f 0.00  0.000     0  0.00  0  0  -3.910   0.031   3.563   0.070  -5.151   0.000 01E012M000t
00010 GLU01A0043_010 f 0.00  0.000     0  0.00  0  0  -3.754   0.418   3.268   0.936  -7.038   0.000 01T002M000t
00011 GLU01A0043_011 f 0.00  0.000     0  0.00  0  0  -2.916   0.256   5.345   1.784  -6.236   0.000 01T007M000t
00012 GLU01A0043_012 f 0.00  0.000     0  0.00  0  0  -2.994   0.328   5.351   0.162  -7.187   0.000 01T006M000t
00013 GLU01A0043_013 f 0.00  0.000     0  0.00  0  0  -3.403  -0.018   3.248   0.237  -7.387   0.000 01T00BM000t
00014 GLU01A0043_014 f 0.00  0.000     0  0.00  0  0  -4.529   1.152   6.651   0.663  -6.827   0.000 01T011M000t
00015 GLU01A0043_015 f 0.00  0.000     0  0.00  0  0  -3.907   0.030   6.278   0.106  -7.149   0.000 01T012M000t
00016 GLU01A0043_016 f 0.00  0.000     0  0.00  0  0  -4.398   0.006   6.279   0.280  -6.960   0.000 01T016M000t
00017 GLU01A0043_017 f 0.00  0.000     0  0.00  0  0  -4.423  -0.270   3.753   0.386  -7.462   0.000 01T01BM000t
00018 GLU01A0043_018 f 0.00  0.000     0  0.00  0  0  -3.959   0.134   6.291   0.218  -7.542   0.000 01T01CM000t
00019 GLU01A0043_019 f 0.00  0.000     0  0.00  0  0  -4.894   0.651   6.507   0.255  -7.425   0.000 01T020M000t
00020 GLU01A0043_020 f 0.00  0.000     0  0.00  0  0  -4.435  -0.262   1.066   0.287  -5.125   0.000 01T01BM000t
00021 GLU01A0043_021 f 0.00  0.000     0  0.00  0  0  -4.612  -0.004   1.240   0.129  -5.186   0.000 01T01EM000t
00022 GLU01A0043_022 f 0.00  0.000     0  0.00  0  0  -3.732   0.493   0.532   0.587  -5.022   0.000 01T002M000t
00023 GLU01A0043_023 f 0.00  0.000     0  0.00  0  0  -2.994   0.328   2.631   0.077  -5.250   0.000 01T006M000t
00024 GLU01A0043_024 f 0.00  0.000     0  0.00  0  0  -3.048   0.180   2.649   0.159  -5.083   0.000 01T00CM000t
00025 GLU01A0043_025 f 0.00  0.000     0  0.00  0  0  -4.580   1.152   3.931   0.130  -5.230   0.000 01T011M000t
00026 GLU01A0043_026 f 0.00  0.000     0  0.00  0  0  -4.398   0.006   3.559   0.224  -4.968   0.000 01T016M000t
00027 GLU01A0043_027 f 0.00  0.000     0  0.00  0  0  -4.297   0.397   1.228   0.084  -5.343   0.000 01T018M000t
00028 GLU01A0043_028 f 0.00  0.000     0  0.00  0  0  -3.934   0.331   3.557   0.077  -5.142   0.000 01T019M000t
00029 GLU01A0043_029 f 0.00  0.000     0  0.00  0  0  -3.959   0.134   3.571   0.155  -5.209   0.000 01T01CM000t
00030 GLU01A0043_030 f 0.00  0.000     0  0.00  0  0  -4.894   0.651   3.787   0.160  -5.150   0.000 01T020M000t
00031 GLU02A0043_031 f 0.00  0.000     0  0.00  0  0  -4.057   0.239   3.467   0.171  -7.501   0.000 02O000M000t
00032 GLU02A0043_032 f 0.00  0.000     0  0.00  0  0  -4.118   0.119   6.333   0.303  -7.464   0.000 02E01CM000t
00033 GLU02A0043_033 f 0.00  0.000     0  0.00  0  0  -4.143   0.146   6.291   0.202  -7.908   0.000 02E01FM000t
00034 GLU02A0043_034 f 0.00  0.000     0  0.00  0  0  -4.095   0.239   0.747   0.115  -5.034   0.000 02O000M000t
00035 GLU02A0043_035 f 0.00  0.000     0  0.00  0  0  -3.031   0.132   2.646  -0.081  -4.880   0.000 02E007M000t
00036 GLU02A0043_036 f 0.00  0.000     0  0.00  0  0  -3.101   0.182   2.660   0.167  -4.931   0.000 02E00CM000t
00037 GLU02A0043_037 f 0.00  0.000     0  0.00  0  0  -4.513   1.062   3.878   0.092  -5.111   0.000 02E011M000t
00038 GLU02A0043_038 f 0.00  0.000     0  0.00  0  0  -4.472  -0.267   0.995   0.294  -5.075   0.000 02E01BM000t
00039 GLU02A0043_039 f 0.00  0.000     0  0.00  0  0  -3.980   0.121   3.559   0.167  -5.072   0.000 02E01CM000t
00040 GLU02A0043_040 f 0.00  0.000     0  0.00  0  0  -3.207   0.194   5.275  -0.096  -7.405   0.000 02T007M000t
00041 GLU02A0043_041 f 0.00  0.000     0  0.00  0  0  -3.133   0.368   5.303   0.035  -7.777   0.000 02T009M000t
00042 GLU02A0043_042 f 0.00  0.000     0  0.00  0  0  -4.083   0.049   6.317   0.469  -7.179   0.000 02T012M000t
00043 GLU02A0043_043 f 0.00  0.000     0  0.00  0  0  -4.411   0.003   6.300   0.240  -7.393   0.000 02T016M000t
00044 GLU02A0043_044 f 0.00  0.000     0  0.00  0  0  -4.667   0.000   3.979   0.184  -7.457   0.000 02T01EM000t
00045 GLU02A0043_045 f 0.00  0.000     0  0.00  0  0  -3.821   0.294   3.259   0.578  -7.615   0.000 02T002M000t
00046 GLU02A0043_046 f 0.00  0.000     0  0.00  0  0  -3.259   0.339   5.349   0.093  -7.752   0.000 02T006M000t
00047 GLU02A0043_047 f 0.00  0.000     0  0.00  0  0  -3.922  -0.012   3.260   0.151  -7.492   0.000 02T00BM000t
00048 GLU02A0043_048 f 0.00  0.000     0  0.00  0  0  -3.094   0.179   5.364   0.234  -7.907   0.000 02T00CM000t
00049 GLU02A0043_049 f 0.00  0.000     0  0.00  0  0  -4.513   1.066   6.588   0.105  -7.632   0.000 02T011M000t
00050 GLU02A0043_050 f 0.00  0.000     0  0.00  0  0  -3.680   0.351   3.124   0.066  -7.726   0.000 02T017M000t
00051 GLU02A0043_051 f 0.00  0.000     0  0.00  0  0  -3.873   0.345   6.287   0.107  -7.758   0.000 02T019M000t
00052 GLU02A0043_052 f 0.00  0.000     0  0.00  0  0  -4.407  -0.266   3.678   0.612  -7.265   0.000 02T01BM000t
00053 GLU02A0043_053 f 0.00  0.000     0  0.00  0  0  -4.812   0.660   6.454   0.240  -7.474   0.000 02T020M000t
00054 GLU02A0043_054 f 0.00  0.000     0  0.00  0  0  -3.889   0.283   0.543   0.505  -4.922   0.000 02T002M000t
00055 GLU02A0043_055 f 0.00  0.000     0  0.00  0  0  -4.667   0.000   1.259   0.130  -5.095   0.000 02T01EM000t
00056 GLU02A0043_056 f 0.00  0.000     0  0.00  0  0  -3.259   0.339   2.629   0.065  -5.185   0.000 02T006M000t
00057 GLU02A0043_057 f 0.00  0.000     0  0.00  0  0  -3.992   0.040   3.544   0.090  -5.221   0.000 02T012M000t
00058 GLU02A0043_058 f 0.00  0.000     0  0.00  0  0  -3.680   0.351   0.404   0.071  -5.159   0.000 02T017M000t
00059 GLU02A0043_059 f 0.00  0.000     0  0.00  0  0  -3.873   0.345   3.567   0.074  -5.293   0.000 02T019M000t
00060 GLU02A0043_060 f 0.00  0.000     0  0.00  0  0  -4.851   0.660   3.734   0.147  -4.989   0.000 02T020M000t
00061 GLU-1A0043_061 f 0.00 -1.000     0  4.75  0 -1  -3.988   0.262   0.747  -0.311 -41.687   0.000 -1O000M000t
00062 GLU-1A0043_062 f 0.00 -1.000     0  4.75  0 -1  -3.905   0.376   0.524  -1.050 -41.336   0.000 -1E002M000t
00063 GLU-1A0043_063 f 0.00 -1.000     0  4.75  0 -1  -3.339   0.297   2.474  -0.150 -41.954   0.000 -1E006M000t
00064 GLU-1A0043_064 f 0.00 -1.000     0  4.75  0 -1  -3.800   0.000   0.515  -0.174 -42.039   0.000 -1E00BM000t
00065 GLU-1A0043_065 f 0.00 -1.000     0  4.75  0 -1  -4.387   1.143   3.848  -0.509 -41.598   0.000 -1E011M000t
00066 GLU-1A0043_066 f 0.00 -1.000     0  4.75  0 -1  -3.950   0.007   3.474  -0.207 -41.785   0.000 -1E012M000t
00067 GLU-1A0043_067 f 0.00 -1.000     0  4.75  0 -1  -4.407  -0.015   3.486  -0.250 -41.636   0.000 -1E016M000t
00068 GLU-1A0043_068 f 0.00 -1.000     0  4.75  0 -1  -4.391   0.378   1.166  -0.112 -42.107   0.000 -1E018M000t
00069 GLU-1A0043_069 f 0.00 -1.000     0  4.75  0 -1  -3.883   0.353   3.476  -0.070 -42.061   0.000 -1E019M000t
00070 GLU-1A0043_070 f 0.00 -1.000     0  4.75  0 -1  -4.388  -0.258   1.000  -0.593 -41.541   0.000 -1E01BM000t
00071 GLU-1A0043_071 f 0.00 -1.000     0  4.75  0 -1  -4.040   0.133   3.489  -0.235 -42.054   0.000 -1E01CM000t
00072 GLU-1A0043_072 f 0.00 -1.000     0  4.75  0 -1  -4.084   0.160   3.497  -0.262 -42.026   0.000 -1E01FM000t
00073 GLU-1A0043_073 f 0.00 -1.000     0  4.75  0 -1  -4.844   0.639   3.759  -0.385 -41.516   0.000 -1E020M000t
