   confID        vdw0    sas     sum
GLU01A0043_001   1.159  -4.951  -3.792
GLU01A0043_002   1.806  -4.469  -2.663
GLU01A0043_003   1.797  -4.851  -3.054
GLU01A0043_004   1.290  -4.660  -3.370
GLU01A0043_005   0.694  -4.641  -3.947
GLU01A0043_006   0.398  -5.008  -4.611
GLU01A0043_007   0.697  -4.856  -4.158
GLU01A0043_008   1.159  -5.002  -3.844
GLU01A0043_009   0.752  -4.662  -3.910
GLU01A0043_010   1.032  -4.786  -3.754
GLU01A0043_011   1.758  -4.674  -2.916
GLU01A0043_012   1.812  -4.806  -2.994
GLU01A0043_013   1.278  -4.681  -3.403
GLU01A0043_014   0.405  -4.934  -4.529
GLU01A0043_015   0.755  -4.662  -3.907
GLU01A0043_016   0.760  -5.157  -4.398
GLU01A0043_017   0.441  -4.865  -4.423
GLU01A0043_018   0.755  -4.714  -3.959
GLU01A0043_019   0.443  -5.337  -4.894
GLU01A0043_020   0.429  -4.865  -4.435
GLU01A0043_021   0.396  -5.008  -4.612
GLU01A0043_022   1.123  -4.855  -3.732
GLU01A0043_023   1.812  -4.806  -2.994
GLU01A0043_024   1.803  -4.851  -3.048
GLU01A0043_025   0.405  -4.985  -4.580
GLU01A0043_026   0.760  -5.157  -4.398
GLU01A0043_027   0.413  -4.710  -4.297
GLU01A0043_028   0.725  -4.659  -3.934
GLU01A0043_029   0.755  -4.714  -3.959
GLU01A0043_030   0.443  -5.337  -4.894
GLU02A0043_031   0.970  -5.027  -4.057
GLU02A0043_032   0.702  -4.820  -4.118
GLU02A0043_033   0.672  -4.815  -4.143
GLU02A0043_034   0.970  -5.065  -4.095
GLU02A0043_035   1.643  -4.674  -3.031
GLU02A0043_036   1.659  -4.760  -3.101
GLU02A0043_037   0.411  -4.924  -4.513
GLU02A0043_038   0.457  -4.929  -4.472
GLU02A0043_039   0.733  -4.713  -3.980
GLU02A0043_040   1.457  -4.664  -3.207
GLU02A0043_041   1.503  -4.636  -3.133
GLU02A0043_042   0.703  -4.786  -4.083
GLU02A0043_043   0.700  -5.111  -4.411
GLU02A0043_044   0.386  -5.053  -4.667
GLU02A0043_045   0.893  -4.714  -3.821
GLU02A0043_046   1.672  -4.931  -3.259
GLU02A0043_047   1.002  -4.924  -3.922
GLU02A0043_048   1.666  -4.760  -3.094
GLU02A0043_049   0.411  -4.924  -4.513
GLU02A0043_050   1.047  -4.728  -3.680
GLU02A0043_051   0.686  -4.558  -3.873
GLU02A0043_052   0.457  -4.865  -4.407
GLU02A0043_053   0.449  -5.261  -4.812
GLU02A0043_054   0.890  -4.778  -3.889
GLU02A0043_055   0.386  -5.053  -4.667
GLU02A0043_056   1.672  -4.931  -3.259
GLU02A0043_057   0.732  -4.724  -3.992
GLU02A0043_058   1.047  -4.728  -3.680
GLU02A0043_059   0.686  -4.558  -3.873
GLU02A0043_060   0.449  -5.300  -4.851
GLU-1A0043_061   0.881  -4.869  -3.988
GLU-1A0043_062   0.804  -4.709  -3.905
GLU-1A0043_063   1.467  -4.805  -3.339
GLU-1A0043_064   0.903  -4.702  -3.800
GLU-1A0043_065   0.305  -4.692  -4.387
GLU-1A0043_066   0.605  -4.555  -3.950
GLU-1A0043_067   0.604  -5.010  -4.407
GLU-1A0043_068   0.303  -4.693  -4.391
GLU-1A0043_069   0.574  -4.456  -3.883
GLU-1A0043_070   0.334  -4.722  -4.388
GLU-1A0043_071   0.602  -4.641  -4.040
GLU-1A0043_072   0.578  -4.663  -4.084
GLU-1A0043_073   0.330  -5.174  -4.844
