iConf CONFORMER     FL  occ    crg   Em0  pKa0 ne nH    vdw0    vdw1    tors    epol   dsolv   extra    history
00001 GLN01A0080_001 f 0.00  0.000     0  0.00  0  0  -0.192   1.301   1.581   0.167  -7.214   0.000 01O000M000t
00002 GLN01A0080_002 f 0.00  0.000     0  0.00  0  0  -2.367   1.322   1.582   0.020  -7.899   0.000 01R001M000t
00003 GLN01A0080_003 f 0.00  0.000     0  0.00  0  0  -3.288   0.885   1.478   0.115  -7.327   0.000 01E002M000t
00004 GLN01A0080_004 f 0.00  0.000     0  0.00  0  0  -4.294   0.927   1.874   0.135  -7.314   0.000 01E005M000t
00005 GLN01A0080_005 f 0.00  0.000     0  0.00  0  0  -3.983   0.114   1.792   0.065  -7.359   0.000 01E013M000t
00006 GLN01A0080_006 f 0.00  0.000     0  0.00  0  0  -3.563   1.089   1.474   0.098  -7.496   0.000 01E015M000t
00007 GLN01A0080_007 f 0.00  0.000     0  0.00  0  0  -4.091   1.185   1.241  -0.156  -7.206   0.000 01E026M000t
00008 GLN01A0080_008 f 0.00  0.000     0  0.00  0  0  -4.723  -0.379   2.047   0.308  -7.116   0.000 01E027M000t
00009 GLN01A0080_009 f 0.00  0.000     0  0.00  0  0  -4.217   3.411   1.444   0.526  -6.826   0.000 01E034M000t
00010 GLN01A0080_010 f 0.00  0.000     0  0.00  0  0  -3.204   0.082   1.768   0.090  -7.396   0.000 01T010M000t
00011 GLN01A0080_011 f 0.00  0.000     0  0.00  0  0  -4.214   1.210   1.553   0.059  -7.513   0.000 01T018M000t
00012 GLN01A0080_012 f 0.00  0.000     0  0.00  0  0  -4.036   0.781   1.708   0.035  -7.547   0.000 01T01CM000t
00013 GLN01A0080_013 f 0.00  0.000     0  0.00  0  0  -3.622   0.392   1.079   0.313  -7.310   0.000 01T028M000t
00014 GLN01A0080_014 f 0.00  0.000     0  0.00  0  0  -4.700   0.711   1.926   0.011  -7.805   0.000 01T029M000t
00015 GLN01A0080_015 f 0.00  0.000     0  0.00  0  0  -3.472  -0.096   3.620   0.141  -7.475   0.000 01T02CM000t
00016 GLN01A0080_016 f 0.00  0.000     0  0.00  0  0  -4.170  -0.204   3.955   0.228  -7.441   0.000 01T02DM000t
00017 GLN01A0080_017 f 0.00  0.000     0  0.00  0  0  -3.870   0.036   2.233  -0.104  -7.413   0.000 01T02FM000t
00018 GLN01A0080_018 f 0.00  0.000     0  0.00  0  0  -4.530   0.702   2.533  -0.259  -7.240   0.000 01T033M000t
00019 GLN01A0080_019 f 0.00  0.000     0  0.00  0  0  -4.880   0.427   1.834   0.261  -7.226   0.000 01T035M000t
