CONFORMER         crg  vdw0  vdw1  tors  epol  self   occ  Hb     history    ASA
GLN01A0080_001  0.000 -0.20  1.30  1.58  0.00  2.68 0.000  00  01O000M000  1.028
GLN01A0080_002  0.000 -2.37  1.32  1.58  0.00  0.53 0.508  00  01R001M000  1.016
GLN01A0080_003  0.000 -3.29  0.88  1.48  0.00 -0.93 0.509  00  01E002M000  1.000
GLN01A0080_004  0.000 -4.28  0.92  1.87  0.00 -1.48 0.508  00  01E005M000  1.053
GLN01A0080_005  0.000 -3.98  0.11  1.79  0.00 -2.08 0.508  00  01E013M000  1.003
GLN01A0080_006  0.000 -3.56  1.09  1.47  0.00 -1.01 0.508  00  01E015M000  1.011
GLN01A0080_007  0.000 -4.09  1.19  1.24  0.00 -1.66 0.508  00  01E026M000  1.047
GLN01A0080_008  0.000 -4.72 -0.38  2.05  0.00 -3.06 0.507  00  01E027M000  1.044
GLN01A0080_009  0.000 -4.22  3.41  1.45  0.00  0.64 0.508  00  01E034M000  1.030
GLN01A0080_010  0.000 -3.20  0.08  1.76  0.00 -1.36 0.508  00  01T010M000  1.018
GLN01A0080_011  0.000 -4.21  1.21  1.55  0.00 -1.45 0.508  00  01T018M000  1.008
GLN01A0080_012  0.000 -4.04  0.78  1.71  0.00 -1.55 0.508  00  01T01CM000  1.067
GLN01A0080_013  0.000 -3.62  0.39  1.08  0.00 -2.15 0.507  00  01T028M000  1.020
GLN01A0080_014  0.000 -4.70  0.71  1.92  0.00 -2.06 0.510  00  01T029M000  1.015
GLN01A0080_015  0.000 -3.47 -0.10  3.62  0.00  0.05 0.509  00  01T02CM000  1.003
GLN01A0080_016  0.000 -4.17 -0.20  3.95  0.00 -0.42 0.509  00  01T02DM000  1.018
GLN01A0080_017  0.000 -3.87  0.04  2.23  0.00 -1.60 0.509  00  01T02FM000  1.000
GLN01A0080_018  0.000 -4.53  0.70  2.53  0.00 -1.29 0.508  00  01T033M000  1.013
GLN01A0080_019  0.000 -4.88  0.42  1.83  0.00 -2.63 0.508  00  01T035M000  1.083
