   confID        vdw0    sas     sum
GLN01A0080_001   4.735  -4.927  -0.192
GLN01A0080_002   2.588  -4.955  -2.367
GLN01A0080_003   1.394  -4.682  -3.288
GLN01A0080_004   0.798  -5.092  -4.294
GLN01A0080_005   0.845  -4.828  -3.983
GLN01A0080_006   1.390  -4.954  -3.563
GLN01A0080_007   1.123  -5.214  -4.091
GLN01A0080_008   0.538  -5.262  -4.723
GLN01A0080_009   0.896  -5.113  -4.217
GLN01A0080_010   1.688  -4.892  -3.204
GLN01A0080_011   0.770  -4.984  -4.214
GLN01A0080_012   1.099  -5.135  -4.036
GLN01A0080_013   1.577  -5.199  -3.622
GLN01A0080_014   0.400  -5.100  -4.700
GLN01A0080_015   1.548  -5.020  -3.472
GLN01A0080_016   0.849  -5.018  -4.170
GLN01A0080_017   1.151  -5.021  -3.870
GLN01A0080_018   0.705  -5.236  -4.530
GLN01A0080_019   0.553  -5.433  -4.880
