CONFORMER         crg  vdw0  vdw1  tors  epol  self   occ  Hb     history    ASA
GLU01A0075_001  0.000 -3.74  0.92  3.63  0.00  0.81 0.554  00  01O000M000  1.000
GLU01A0075_002  0.000 -3.80  0.80  3.46  0.00  0.46 0.556  00  01E002M000  1.008
GLU01A0075_003  0.000 -2.21  0.90  2.92  0.00  1.61 0.556  00  01E005M000  1.054
GLU01A0075_004  0.000 -3.74  0.92  0.91  0.00 -1.91 0.554  00  01O000M000  1.000
GLU01A0075_005  0.000 -3.55  1.16  3.41  0.00  1.02 0.556  00  01T001M000  1.008
GLU01A0075_006  0.000 -4.28  3.20  3.67  0.00  2.59 0.555  00  01T003M000  1.000
GLU01A0075_007  0.000 -3.34  1.01  3.17  0.00  0.84 0.554  00  01T006M000  1.036
GLU01A0075_008  0.000 -3.52  1.07  3.21  0.00  0.76 0.557  00  01T008M000  1.005
GLU01A0075_009  0.000 -3.88  0.80  0.72  0.00 -2.36 0.556  00  01T002M000  1.025
GLU01A0075_010  0.000 -4.24  3.23  0.95  0.00 -0.07 0.555  00  01T003M000  1.000
GLU01A0075_011  0.000 -3.84  1.03  0.50  0.00 -2.30 0.557  00  01T008M000  1.021
GLU01A0075_012  0.000 -3.34  1.01  0.45  0.00 -1.88 0.554  00  01T006M000  1.036
GLU02A0075_013  0.000 -3.88  0.93  3.63  0.00  0.67 0.554  00  02O000M000  1.000
GLU02A0075_014  0.000 -3.82  0.81  3.50  0.00  0.49 0.556  00  02E002M000  1.008
GLU02A0075_015  0.000 -4.37  2.78  3.66  0.00  2.07 0.555  00  02E003M000  1.000
GLU02A0075_016  0.000 -1.48  0.89  2.92  0.00  2.33 0.556  00  02E005M000  1.074
GLU02A0075_017  0.000 -3.88  0.93  0.91  0.00 -2.05 0.554  00  02O000M000  1.000
GLU02A0075_018  0.000 -3.07  1.00  3.17  0.00  1.10 0.554  00  02T006M000  1.029
GLU02A0075_019  0.000 -3.32  1.09  3.19  0.00  0.96 0.557  00  02T008M000  1.011
GLU02A0075_020  0.000 -4.37  2.79  0.94  0.00 -0.65 0.555  00  02T003M000  1.000
GLU02A0075_021  0.000 -3.18  1.00  0.49  0.00 -1.69 0.554  00  02T006M000  1.029
GLU02A0075_022  0.000 -3.75  0.81  0.63  0.00 -2.32 0.556  00  02T002M000  1.025
GLU-1A0075_023 -1.000 -4.00  0.94  0.91  0.00 -2.15 0.554  00  -1O000M000  1.000
GLU-1A0075_024 -1.000 -3.75  0.82  0.67  0.00 -2.26 0.556  00  -1E002M000  1.009
GLU-1A0075_025 -1.000 -4.42  2.94  0.91  0.00 -0.57 0.555  00  -1E003M000  1.000
GLU-1A0075_026 -1.000 -3.41  1.01  0.46  0.00 -1.93 0.554  00  -1E006M000  1.028
