iConf CONFORMER     FL  occ    crg   Em0  pKa0 ne nH    vdw0    vdw1    tors    epol   dsolv   extra    history
00001 GLU01A0075_001 f 0.00  0.000     0  0.00  0  0  -3.740   0.921   3.629   0.124  -7.432   0.000 01O000M000t
00002 GLU01A0075_002 f 0.00  0.000     0  0.00  0  0  -3.806   0.803   3.464   0.447  -7.203   0.000 01E002M000t
00003 GLU01A0075_003 f 0.00  0.000     0  0.00  0  0  -2.214   0.900   2.922   0.148  -7.769   0.000 01E005M000t
00004 GLU01A0075_004 f 0.00  0.000     0  0.00  0  0  -3.740   0.921   0.909   0.120  -5.257   0.000 01O000M000t
00005 GLU01A0075_005 f 0.00  0.000     0  0.00  0  0  -3.543   1.158   3.410   0.148  -7.238   0.000 01T001M000t
00006 GLU01A0075_006 f 0.00  0.000     0  0.00  0  0  -4.297   3.202   3.674   0.688  -6.329   0.000 01T003M000t
00007 GLU01A0075_007 f 0.00  0.000     0  0.00  0  0  -3.305   1.012   3.171   0.099  -7.680   0.000 01T006M000t
00008 GLU01A0075_008 f 0.00  0.000     0  0.00  0  0  -3.518   1.072   3.209   0.192  -7.606   0.000 01T008M000t
00009 GLU01A0075_009 f 0.00  0.000     0  0.00  0  0  -3.882   0.803   0.720   0.318  -5.186   0.000 01T002M000t
00010 GLU01A0075_010 f 0.00  0.000     0  0.00  0  0  -4.241   3.226   0.948   0.082  -5.119   0.000 01T003M000t
00011 GLU01A0075_011 f 0.00  0.000     0  0.00  0  0  -3.836   1.036   0.504   0.125  -5.045   0.000 01T008M000t
00012 GLU01A0075_012 f 0.00  0.000     0  0.00  0  0  -3.305   1.012   0.451   0.089  -5.079   0.000 01T006M000t
00013 GLU02A0075_013 f 0.00  0.000     0  0.00  0  0  -3.885   0.929   3.629   0.207  -7.681   0.000 02O000M000t
00014 GLU02A0075_014 f 0.00  0.000     0  0.00  0  0  -3.826   0.810   3.500   0.568  -7.337   0.000 02E002M000t
00015 GLU02A0075_015 f 0.00  0.000     0  0.00  0  0  -4.371   2.784   3.659   0.051  -7.402   0.000 02E003M000t
00016 GLU02A0075_016 f 0.00  0.000     0  0.00  0  0  -1.487   0.888   2.922   0.242  -6.801   0.000 02E005M000t
00017 GLU02A0075_017 f 0.00  0.000     0  0.00  0  0  -3.885   0.929   0.909   0.150  -5.064   0.000 02O000M000t
00018 GLU02A0075_018 f 0.00  0.000     0  0.00  0  0  -3.073   1.002   3.174   0.117  -7.161   0.000 02T006M000t
00019 GLU02A0075_019 f 0.00  0.000     0  0.00  0  0  -3.336   1.090   3.190   0.345  -7.208   0.000 02T008M000t
00020 GLU02A0075_020 f 0.00  0.000     0  0.00  0  0  -4.371   2.784   0.937   0.045  -4.903   0.000 02T003M000t
00021 GLU02A0075_021 f 0.00  0.000     0  0.00  0  0  -3.177   1.003   0.486   0.067  -5.152   0.000 02T006M000t
00022 GLU02A0075_022 f 0.00  0.000     0  0.00  0  0  -3.752   0.806   0.632   0.315  -5.160   0.000 02T002M000t
00023 GLU-1A0075_023 f 0.00 -1.000     0  4.75  0 -1  -4.001   0.940   0.909  -0.082 -42.091   0.000 -1O000M000t
00024 GLU-1A0075_024 f 0.00 -1.000     0  4.75  0 -1  -3.748   0.826   0.668  -0.551 -41.532   0.000 -1E002M000t
00025 GLU-1A0075_025 f 0.00 -1.000     0  4.75  0 -1  -4.423   2.943   0.915  -0.442 -41.490   0.000 -1E003M000t
00026 GLU-1A0075_026 f 0.00 -1.000     0  4.75  0 -1  -3.408   1.016   0.459  -0.066 -41.971   0.000 -1E006M000t
