   confID        vdw0    sas     sum
GLU01A0075_001   0.757  -4.497  -3.740
GLU01A0075_002   0.904  -4.710  -3.806
GLU01A0075_003   2.634  -4.848  -2.214
GLU01A0075_004   0.757  -4.497  -3.740
GLU01A0075_005   1.023  -4.567  -3.543
GLU01A0075_006   0.572  -4.869  -4.297
GLU01A0075_007   1.436  -4.742  -3.305
GLU01A0075_008   1.340  -4.859  -3.518
GLU01A0075_009   0.905  -4.787  -3.882
GLU01A0075_010   0.579  -4.820  -4.241
GLU01A0075_011   1.133  -4.969  -3.836
GLU01A0075_012   1.436  -4.742  -3.305
GLU02A0075_013   0.755  -4.639  -3.885
GLU02A0075_014   0.839  -4.665  -3.826
GLU02A0075_015   0.622  -4.993  -4.371
GLU02A0075_016   3.357  -4.844  -1.487
GLU02A0075_017   0.755  -4.639  -3.885
GLU02A0075_018   1.662  -4.736  -3.073
GLU02A0075_019   1.453  -4.788  -3.336
GLU02A0075_020   0.622  -4.993  -4.371
GLU02A0075_021   1.559  -4.736  -3.177
GLU02A0075_022   0.956  -4.708  -3.752
GLU-1A0075_023   0.611  -4.612  -4.001
GLU-1A0075_024   0.776  -4.525  -3.748
GLU-1A0075_025   0.488  -4.911  -4.423
GLU-1A0075_026   1.260  -4.668  -3.408
