iConf CONFORMER     FL  occ    crg   Em0  pKa0 ne nH    vdw0    vdw1    tors    epol   dsolv   extra    history
00001 HIS01A0121_001 f 0.00  0.000     0  0.00  0  0 -11.613   0.950   0.020   0.562  -7.459   0.000 01O000M000t
00002 HIS01A0121_002 f 0.00  0.000     0  0.00  0  0 -12.004   1.000   0.020   0.690  -8.155   0.000 01R001M000t
00003 HIS01A0121_003 f 0.00  0.000     0  0.00  0  0 -11.560   2.118   0.013   0.625  -7.414   0.000 01E003M000t
00004 HIS01A0121_004 f 0.00  0.000     0  0.00  0  0 -11.920   2.757   0.013   0.281  -8.037   0.000 01E005M000t
00005 HIS01A0121_005 f 0.00  0.000     0  0.00  0  0 -12.431   1.886   0.003   0.819  -7.714   0.000 01E008M000t
00006 HIS01A0121_006 f 0.00  0.000     0  0.00  0  0 -11.500   1.536   0.012   0.662  -7.531   0.000 01E00FM000t
00007 HIS01A0121_007 f 0.00  0.000     0  0.00  0  0 -11.898   4.691   0.010   0.869  -7.361   0.000 01E012M000t
00008 HIS01A0121_008 f 0.00  0.000     0  0.00  0  0 -11.963   3.984   2.710   0.446  -7.358   0.000 01E014M000t
00009 HIS01A0121_009 f 0.00  0.000     0  0.00  0  0 -12.079   3.121   2.745   0.735  -7.675   0.000 01E017M000t
00010 HIS01A0121_010 f 0.00  0.000     0  0.00  0  0 -11.490   1.796   2.775   0.737  -7.540   0.000 01E018M000t
00011 HIS01A0121_011 f 0.00  0.000     0  0.00  0  0 -11.219   2.030   2.774   0.635  -7.298   0.000 01T004M000t
00012 HIS01A0121_012 f 0.00  0.000     0  0.00  0  0 -12.102   1.304   0.019   0.375  -7.213   0.000 01T006M000t
00013 HIS01A0121_013 f 0.00  0.000     0  0.00  0  0 -11.653   0.939   0.018   0.748  -7.748   0.000 01T009M000t
00014 HIS01A0121_014 f 0.00  0.000     0  0.00  0  0 -11.428   4.313   2.774   0.637  -7.360   0.000 01T00AM000t
00015 HIS01A0121_015 f 0.00  0.000     0  0.00  0  0 -11.474   3.845   2.775   0.619  -7.450   0.000 01T00CM000t
00016 HIS01A0121_016 f 0.00  0.000     0  0.00  0  0 -11.485   4.437   0.011   1.076  -7.299   0.000 01T013M000t
00017 HIS01A0121_017 f 0.00  0.000     0  0.00  0  0 -11.659   1.878   2.775   0.545  -7.556   0.000 01T015M000t
00018 HIS02A0121_018 f 0.00  0.000     0  0.00  0  0 -11.628   0.909   0.020   0.440  -8.251   0.000 02O000M000t
00019 HIS02A0121_019 f 0.00  0.000     0  0.00  0  0 -12.018   0.994   0.020   0.436  -8.017   0.000 02R001M000t
00020 HIS02A0121_020 f 0.00  0.000     0  0.00  0  0 -11.286   1.943   2.772   0.327  -7.527   0.000 02E004M000t
00021 HIS02A0121_021 f 0.00  0.000     0  0.00  0  0 -11.997   2.632   0.013   0.828  -7.768   0.000 02E005M000t
00022 HIS02A0121_022 f 0.00  0.000     0  0.00  0  0 -12.053   1.268   0.018   0.624  -7.763   0.000 02E006M000t
00023 HIS02A0121_023 f 0.00  0.000     0  0.00  0  0 -12.450   1.881   0.003   0.652  -8.143   0.000 02E008M000t
00024 HIS02A0121_024 f 0.00  0.000     0  0.00  0  0 -11.627   0.931   0.017   0.470  -8.040   0.000 02E009M000t
00025 HIS02A0121_025 f 0.00  0.000     0  0.00  0  0 -11.989   4.971   2.777   0.662  -7.966   0.000 02E00BM000t
00026 HIS02A0121_026 f 0.00  0.000     0  0.00  0  0 -11.453   1.504   0.010   0.361  -7.794   0.000 02E00FM000t
00027 HIS02A0121_027 f 0.00  0.000     0  0.00  0  0 -11.451   4.454   0.010   0.925  -7.653   0.000 02E013M000t
00028 HIS02A0121_028 f 0.00  0.000     0  0.00  0  0 -12.089   3.932   2.711   0.544  -7.910   0.000 02E014M000t
00029 HIS02A0121_029 f 0.00  0.000     0  0.00  0  0 -11.595   2.075   0.011   0.316  -7.605   0.000 02T003M000t
00030 HIS02A0121_030 f 0.00  0.000     0  0.00  0  0 -11.446   3.837   2.774   0.429  -7.941   0.000 02T00CM000t
00031 HIS02A0121_031 f 0.00  0.000     0  0.00  0  0 -12.011   4.639   0.010   0.817  -7.523   0.000 02T012M000t
00032 HIS02A0121_032 f 0.00  0.000     0  0.00  0  0 -11.541   1.840   2.774   0.453  -7.803   0.000 02T015M000t
00033 HIS02A0121_033 f 0.00  0.000     0  0.00  0  0 -12.181   3.173   2.753   0.546  -7.892   0.000 02T017M000t
00034 HIS02A0121_034 f 0.00  0.000     0  0.00  0  0 -11.510   1.773   2.774   0.487  -7.882   0.000 02T018M000t
00035 HIS+1A0121_035 f 0.00  1.000     0  6.98  0  1 -11.655   0.907   0.020   0.911 -33.935   0.000 +1O000M000t
00036 HIS+1A0121_036 f 0.00  1.000     0  6.98  0  1 -12.044   0.991   0.020   0.997 -34.205   0.000 +1R001M000t
00037 HIS+1A0121_037 f 0.00  1.000     0  6.98  0  1 -12.091   2.629   0.014   1.408 -33.167   0.000 +1E005M000t
00038 HIS+1A0121_038 f 0.00  1.000     0  6.98  0  1 -12.477   1.876   0.004   1.201 -33.885   0.000 +1E008M000t
00039 HIS+1A0121_039 f 0.00  1.000     0  6.98  0  1 -11.500   1.843   2.774   0.834 -33.742   0.000 +1E015M000t
00040 HIS+1A0121_040 f 0.00  1.000     0  6.98  0  1 -11.673   2.102   0.012   0.620 -33.177   0.000 +1T003M000t
00041 HIS+1A0121_041 f 0.00  1.000     0  6.98  0  1 -11.261   1.955   2.773   0.740 -33.569   0.000 +1T004M000t
00042 HIS+1A0121_042 f 0.00  1.000     0  6.98  0  1 -12.215   1.268   0.019   1.213 -33.950   0.000 +1T006M000t
00043 HIS+1A0121_043 f 0.00  1.000     0  6.98  0  1 -11.699   0.923   0.018   1.059 -33.970   0.000 +1T009M000t
00044 HIS+1A0121_044 f 0.00  1.000     0  6.98  0  1 -11.666   4.962   2.778   1.159 -34.062   0.000 +1T00BM000t
00045 HIS+1A0121_045 f 0.00  1.000     0  6.98  0  1 -11.473   3.839   2.775   0.775 -33.877   0.000 +1T00CM000t
00046 HIS+1A0121_046 f 0.00  1.000     0  6.98  0  1 -11.570   1.487   0.012   0.793 -33.792   0.000 +1T00FM000t
00047 HIS+1A0121_047 f 0.00  1.000     0  6.98  0  1 -11.921   4.713   0.011   0.417 -34.342   0.000 +1T012M000t
00048 HIS+1A0121_048 f 0.00  1.000     0  6.98  0  1 -11.475   4.524   0.012   0.580 -34.414   0.000 +1T013M000t
00049 HIS+1A0121_049 f 0.00  1.000     0  6.98  0  1 -11.934   3.939   2.711   0.952 -33.989   0.000 +1T014M000t
00050 HIS+1A0121_050 f 0.00  1.000     0  6.98  0  1 -12.208   3.169   2.753   0.994 -34.140   0.000 +1T017M000t
00051 HIS+1A0121_051 f 0.00  1.000     0  6.98  0  1 -11.537   1.775   2.775   0.793 -33.850   0.000 +1T018M000t
