CONFORMER         crg  vdw0  vdw1  tors  epol  self   occ  Hb     history    ASA
HIS01A0121_001  0.000-11.61  0.91  0.02  0.00-10.69 0.523  00  01O000M000  1.000
HIS01A0121_002  0.000-12.00  0.96  0.02  0.00-11.03 0.520  00  01R001M000  1.000
HIS01A0121_003  0.000-11.56  2.12  0.01  0.00 -9.43 0.521  00  01E003M000  1.000
HIS01A0121_004  0.000-11.92  2.66  0.01  0.00 -9.25 0.520  00  01E005M000  1.000
HIS01A0121_005  0.000-12.43  1.78  0.00  0.00-10.65 0.520  00  01E008M000  1.000
HIS01A0121_006  0.000-11.50  1.54  0.01  0.00 -9.95 0.520  00  01E00FM000  1.000
HIS01A0121_007  0.000-11.90  4.64  0.01  0.00 -7.25 0.520  00  01E012M000  1.000
HIS01A0121_008  0.000-11.96  3.94  2.71  0.00 -5.32 0.521  00  01E014M000  1.000
HIS01A0121_009  0.000-12.08  3.05  2.74  0.00 -6.28 0.519  00  01E017M000  1.000
HIS01A0121_010  0.000-11.49  1.79  2.77  0.00 -6.92 0.520  00  01E018M000  1.000
HIS01A0121_011  0.000-11.22  2.03  2.77  0.00 -6.42 0.518  00  01T004M000  1.000
HIS01A0121_012  0.000-12.10  1.26  0.02  0.00-10.82 0.519  00  01T006M000  1.000
HIS01A0121_013  0.000-11.65  0.90  0.02  0.00-10.74 0.518  00  01T009M000  1.000
HIS01A0121_014  0.000-11.43  4.31  2.77  0.00 -4.35 0.520  00  01T00AM000  1.000
HIS01A0121_015  0.000-11.47  3.84  2.77  0.00 -4.85 0.519  00  01T00CM000  1.000
HIS01A0121_016  0.000-11.49  4.38  0.01  0.00 -7.10 0.519  00  01T013M000  1.000
HIS01A0121_017  0.000-11.66  1.88  2.77  0.00 -7.01 0.521  00  01T015M000  1.000
HIS02A0121_018  0.000-11.63  0.87  0.02  0.00-10.74 0.523  00  02O000M000  1.000
HIS02A0121_019  0.000-12.02  0.95  0.02  0.00-11.05 0.520  00  02R001M000  1.000
HIS02A0121_020  0.000-11.29  1.94  2.77  0.00 -6.57 0.518  00  02E004M000  1.000
HIS02A0121_021  0.000-12.00  2.54  0.01  0.00 -9.44 0.520  00  02E005M000  1.000
HIS02A0121_022  0.000-12.12  1.23  0.02  0.00-10.88 0.519  00  02E006M000  1.000
HIS02A0121_023  0.000-12.45  1.77  0.00  0.00-10.68 0.520  00  02E008M000  1.000
HIS02A0121_024  0.000-11.67  0.89  0.02  0.00-10.77 0.518  00  02E009M000  1.000
HIS02A0121_025  0.000-11.99  4.96  2.78  0.00 -4.25 0.522  00  02E00BM000  1.000
HIS02A0121_026  0.000-11.45  1.50  0.01  0.00 -9.94 0.520  00  02E00FM000  1.000
HIS02A0121_027  0.000-11.40  4.39  0.01  0.00 -7.00 0.519  00  02E013M000  1.000
HIS02A0121_028  0.000-12.09  3.88  2.71  0.00 -5.50 0.521  00  02E014M000  1.000
HIS02A0121_029  0.000-11.59  2.08  0.01  0.00 -9.51 0.521  00  02T003M000  1.000
HIS02A0121_030  0.000-11.45  3.83  2.77  0.00 -4.84 0.519  00  02T00CM000  1.000
HIS02A0121_031  0.000-11.96  4.57  0.01  0.00 -7.38 0.520  00  02T012M000  1.000
HIS02A0121_032  0.000-11.54  1.84  2.77  0.00 -6.92 0.521  00  02T015M000  1.000
HIS02A0121_033  0.000-12.18  3.11  2.75  0.00 -6.32 0.519  00  02T017M000  1.000
HIS02A0121_034  0.000-11.51  1.78  2.77  0.00 -6.96 0.520  00  02T018M000  1.000
HIS+1A0121_035  1.000-11.66  0.86  0.02  0.00-10.77 0.523  00  +1O000M000  1.000
HIS+1A0121_036  1.000-12.04  0.95  0.02  0.00-11.08 0.520  00  +1R001M000  1.000
HIS+1A0121_037  1.000-12.23  2.54  0.01  0.00 -9.68 0.520  00  +1E005M000  1.000
HIS+1A0121_038  1.000-12.48  1.77  0.00  0.00-10.70 0.520  00  +1E008M000  1.000
HIS+1A0121_039  1.000-11.50  1.84  2.77  0.00 -6.88 0.521  00  +1E015M000  1.000
HIS+1A0121_040  1.000-11.67  2.10  0.01  0.00 -9.56 0.521  00  +1T003M000  1.000
HIS+1A0121_041  1.000-11.26  1.95  2.77  0.00 -6.54 0.518  00  +1T004M000  1.000
HIS+1A0121_042  1.000-12.21  1.22  0.02  0.00-10.98 0.519  00  +1T006M000  1.000
HIS+1A0121_043  1.000-11.70  0.88  0.02  0.00-10.80 0.518  00  +1T009M000  1.000
HIS+1A0121_044  1.000-11.67  4.97  2.78  0.00 -3.92 0.522  00  +1T00BM000  1.000
HIS+1A0121_045  1.000-11.47  3.84  2.78  0.00 -4.86 0.519  00  +1T00CM000  1.000
HIS+1A0121_046  1.000-11.52  1.48  0.01  0.00-10.02 0.520  00  +1T00FM000  1.000
HIS+1A0121_047  1.000-11.99  4.65  0.01  0.00 -7.33 0.520  00  +1T012M000  1.000
HIS+1A0121_048  1.000-11.47  4.47  0.01  0.00 -7.00 0.519  00  +1T013M000  1.000
HIS+1A0121_049  1.000-11.93  3.88  2.71  0.00 -5.34 0.521  00  +1T014M000  1.000
HIS+1A0121_050  1.000-12.21  3.11  2.75  0.00 -6.35 0.519  00  +1T017M000  1.000
HIS+1A0121_051  1.000-11.54  1.78  2.77  0.00 -6.99 0.520  00  +1T018M000  1.000
