   confID        vdw0    sas     sum
HIS01A0121_001  -0.243 -11.370 -11.613
HIS01A0121_002  -0.218 -11.786 -12.004
HIS01A0121_003  -0.232 -11.328 -11.560
HIS01A0121_004  -0.345 -11.574 -11.920
HIS01A0121_005  -0.269 -12.162 -12.431
HIS01A0121_006  -0.115 -11.385 -11.500
HIS01A0121_007  -0.209 -11.689 -11.898
HIS01A0121_008  -0.345 -11.618 -11.963
HIS01A0121_009  -0.269 -11.809 -12.079
HIS01A0121_010  -0.096 -11.394 -11.490
HIS01A0121_011  -0.242 -10.977 -11.219
HIS01A0121_012  -0.202 -11.900 -12.102
HIS01A0121_013  -0.096 -11.558 -11.653
HIS01A0121_014  -0.195 -11.233 -11.428
HIS01A0121_015  -0.094 -11.380 -11.474
HIS01A0121_016  -0.094 -11.390 -11.485
HIS01A0121_017  -0.206 -11.453 -11.659
HIS02A0121_018  -0.258 -11.370 -11.628
HIS02A0121_019  -0.232 -11.786 -12.018
HIS02A0121_020  -0.257 -11.029 -11.286
HIS02A0121_021  -0.358 -11.638 -11.997
HIS02A0121_022  -0.221 -11.832 -12.053
HIS02A0121_023  -0.288 -12.162 -12.450
HIS02A0121_024  -0.117 -11.511 -11.627
HIS02A0121_025  -0.133 -11.856 -11.989
HIS02A0121_026  -0.135 -11.318 -11.453
HIS02A0121_027  -0.116 -11.336 -11.451
HIS02A0121_028  -0.359 -11.731 -12.089
HIS02A0121_029  -0.251 -11.344 -11.595
HIS02A0121_030  -0.114 -11.331 -11.446
HIS02A0121_031  -0.227 -11.785 -12.011
HIS02A0121_032  -0.223 -11.318 -11.541
HIS02A0121_033  -0.290 -11.891 -12.181
HIS02A0121_034  -0.115 -11.394 -11.510
HIS+1A0121_035  -0.285 -11.370 -11.655
HIS+1A0121_036  -0.258 -11.786 -12.044
HIS+1A0121_037  -0.385 -11.706 -12.091
HIS+1A0121_038  -0.315 -12.162 -12.477
HIS+1A0121_039  -0.250 -11.250 -11.500
HIS+1A0121_040  -0.277 -11.396 -11.673
HIS+1A0121_041  -0.283 -10.977 -11.261
HIS+1A0121_042  -0.247 -11.968 -12.215
HIS+1A0121_043  -0.141 -11.558 -11.699
HIS+1A0121_044  -0.160 -11.506 -11.666
HIS+1A0121_045  -0.140 -11.333 -11.473
HIS+1A0121_046  -0.162 -11.409 -11.570
HIS+1A0121_047  -0.252 -11.668 -11.921
HIS+1A0121_048  -0.142 -11.333 -11.475
HIS+1A0121_049  -0.386 -11.548 -11.934
HIS+1A0121_050  -0.317 -11.891 -12.208
HIS+1A0121_051  -0.143 -11.394 -11.537
