iConf CONFORMER     FL  occ    crg   Em0  pKa0 ne nH    vdw0    vdw1    tors    epol   dsolv   extra    history
00001 LYS01A0064_001 f 0.00  0.000     0  0.00  0  0 -11.131   1.076   3.280  -0.019  -3.516   0.000 01O000M000t
00002 LYS01A0064_002 f 0.00  0.000     0  0.00  0  0 -10.332   0.522   6.052  -0.023  -3.016   0.000 01O001M000t
00003 LYS01A0064_003 f 0.00  0.000     0  0.00  0  0 -11.667   6.889   3.672  -0.014  -3.330   0.000 01E004M000t
00004 LYS01A0064_004 f 0.00  0.000     0  0.00  0  0 -10.336   0.923   3.197  -0.023  -3.032   0.000 01E018M000t
00005 LYS01A0064_005 f 0.00  0.000     0  0.00  0  0 -10.015   5.307   4.665  -0.028  -3.050   0.000 01E021M000t
00006 LYS01A0064_006 f 0.00  0.000     0  0.00  0  0 -10.746   0.591   2.544  -0.046  -3.676   0.000 01E024M000t
00007 LYS01A0064_007 f 0.00  0.000     0  0.00  0  0  -9.826   0.772   4.192  -0.046  -3.916   0.000 01E0FDM000t
00008 LYS01A0064_008 f 0.00  0.000     0  0.00  0  0 -11.181   0.559   3.741  -0.053  -2.981   0.000 01E105M000t
00009 LYS01A0064_009 f 0.00  0.000     0  0.00  0  0 -11.217   0.387   2.070  -0.013  -3.102   0.000 01T00CM000t
00010 LYS01A0064_010 f 0.00  0.000     0  0.00  0  0 -10.738   4.696   3.795  -0.019  -3.057   0.000 01T022M000t
00011 LYS01A0064_011 f 0.00  0.000     0  0.00  0  0 -10.295   0.769   2.087  -0.025  -2.951   0.000 01T025M000t
00012 LYS01A0064_012 f 0.00  0.000     0  0.00  0  0 -10.188   3.062   3.088  -0.025  -3.428   0.000 01T044M000t
00013 LYS01A0064_013 f 0.00  0.000     0  0.00  0  0 -11.388   0.817   2.232  -0.016  -2.873   0.000 01T05FM000t
00014 LYS01A0064_014 f 0.00  0.000     0  0.00  0  0 -12.465   4.598   1.355  -0.070  -3.285   0.000 01T086M000t
00015 LYS01A0064_015 f 0.00  0.000     0  0.00  0  0 -10.273   0.581   2.435  -0.029  -3.454   0.000 01T09FM000t
00016 LYS01A0064_016 f 0.00  0.000     0  0.00  0  0  -8.414   0.529   1.749  -0.012  -2.756   0.000 01T0ABM000t
00017 LYS01A0064_017 f 0.00  0.000     0  0.00  0  0  -8.301   0.501   4.224  -0.016  -3.146   0.000 01T0B4M000t
00018 LYS01A0064_018 f 0.00  0.000     0  0.00  0  0  -9.681   0.118   1.840  -0.030  -3.019   0.000 01T0BCM000t
00019 LYS01A0064_019 f 0.00  0.000     0  0.00  0  0 -10.863   0.715   1.937  -0.020  -3.458   0.000 01T0D9M000t
00020 LYS+1A0064_020 f 0.00  1.000     0 10.40  0  1 -11.180   1.075   3.280   0.056 -41.206   0.000 +1O000M000t
00021 LYS+1A0064_021 f 0.00  1.000     0 10.40  0  1 -10.389   0.519   6.052   0.133 -41.182   0.000 +1O001M000t
00022 LYS+1A0064_022 f 0.00  1.000     0 10.40  0  1 -11.708   6.911   3.730   0.074 -42.021   0.000 +1E004M000t
00023 LYS+1A0064_023 f 0.00  1.000     0 10.40  0  1 -11.350   0.389   2.109   0.052 -41.321   0.000 +1E00CM000t
00024 LYS+1A0064_024 f 0.00  1.000     0 10.40  0  1 -12.639   5.670   2.113   0.206 -41.204   0.000 +1E00EM000t
00025 LYS+1A0064_025 f 0.00  1.000     0 10.40  0  1 -10.348   0.930   3.290   0.088 -41.640   0.000 +1E018M000t
00026 LYS+1A0064_026 f 0.00  1.000     0 10.40  0  1  -9.863   5.340   4.752   0.131 -41.070   0.000 +1E021M000t
00027 LYS+1A0064_027 f 0.00  1.000     0 10.40  0  1 -10.770   0.588   2.621   0.165 -41.871   0.000 +1E024M000t
00028 LYS+1A0064_028 f 0.00  1.000     0 10.40  0  1  -8.528   0.528   1.790   0.250 -40.050   0.000 +1E0ABM000t
00029 LYS+1A0064_029 f 0.00  1.000     0 10.40  0  1  -8.482   0.502   4.293   0.229 -40.101   0.000 +1E0B4M000t
00030 LYS+1A0064_030 f 0.00  1.000     0 10.40  0  1  -9.974   0.757   4.214   0.140 -40.898   0.000 +1E0FDM000t
00031 LYS+1A0064_031 f 0.00  1.000     0 10.40  0  1 -11.306   0.552   3.757   0.243 -41.339   0.000 +1E105M000t
00032 LYS+1A0064_032 f 0.00  1.000     0 10.40  0  1 -10.769   4.758   3.882   0.095 -41.301   0.000 +1T022M000t
00033 LYS+1A0064_033 f 0.00  1.000     0 10.40  0  1 -10.242   0.768   2.194   0.118 -41.442   0.000 +1T025M000t
00034 LYS+1A0064_034 f 0.00  1.000     0 10.40  0  1 -10.156   3.026   3.157   0.112 -41.387   0.000 +1T044M000t
00035 LYS+1A0064_035 f 0.00  1.000     0 10.40  0  1 -11.405   0.816   2.294   0.100 -41.060   0.000 +1T05FM000t
00036 LYS+1A0064_036 f 0.00  1.000     0 10.40  0  1 -10.377   0.566   2.482   0.052 -41.005   0.000 +1T09FM000t
00037 LYS+1A0064_037 f 0.00  1.000     0 10.40  0  1  -9.676   0.112   1.835   0.159 -40.848   0.000 +1T0BCM000t
00038 LYS+1A0064_038 f 0.00  1.000     0 10.40  0  1 -11.013   0.713   1.947   0.085 -41.132   0.000 +1T0D9M000t
