CONFORMER         crg  vdw0  vdw1  tors  epol  self   occ  Hb     history    ASA
LYS01A0064_001  0.000-11.13  1.08  3.28  0.00 -6.78 0.502  00  01O000M000  1.000
LYS01A0064_002  0.000-10.33  0.52  6.05  0.00 -3.76 0.501  00  01O001M000  1.000
LYS01A0064_003  0.000-11.67  6.91  3.67  0.00 -1.09 0.502  00  01E004M000  1.000
LYS01A0064_004  0.000-10.34  0.92  3.20  0.00 -6.21 0.502  00  01E018M000  1.000
LYS01A0064_005  0.000 -9.98  5.31  4.67  0.00 -0.00 0.501  00  01E021M000  1.000
LYS01A0064_006  0.000-10.78  0.59  2.54  0.00 -7.65 0.501  00  01E024M000  1.000
LYS01A0064_007  0.000 -9.76  0.77  4.19  0.00 -4.80 0.501  00  01E0FDM000  1.000
LYS01A0064_008  0.000-11.18  0.55  3.74  0.00 -6.89 0.502  00  01E105M000  1.000
LYS01A0064_009  0.000-11.22  0.39  2.07  0.00 -8.76 0.501  00  01T00CM000  1.000
LYS01A0064_010  0.000-10.74  4.69  3.79  0.00 -2.25 0.501  00  01T022M000  1.000
LYS01A0064_011  0.000-10.29  0.77  2.09  0.00 -7.44 0.502  00  01T025M000  1.000
LYS01A0064_012  0.000-10.19  3.06  3.09  0.00 -4.05 0.501  00  01T044M000  1.000
LYS01A0064_013  0.000-11.39  0.82  2.23  0.00 -8.34 0.502  00  01T05FM000  1.000
LYS01A0064_014  0.000-12.46  4.60  1.36  0.00 -6.51 0.502  00  01T086M000  1.000
LYS01A0064_015  0.000-10.27  0.58  2.44  0.00 -7.25 0.501  00  01T09FM000  1.000
LYS01A0064_016  0.000 -8.41  0.53  1.75  0.00 -6.13 0.501  00  01T0ABM000  1.000
LYS01A0064_017  0.000 -8.30  0.50  4.22  0.00 -3.57 0.502  00  01T0B4M000  1.000
LYS01A0064_018  0.000 -9.68  0.12  1.84  0.00 -7.73 0.501  00  01T0BCM000  1.000
LYS01A0064_019  0.000-10.86  0.71  1.94  0.00 -8.22 0.501  00  01T0D9M000  1.000
LYS+1A0064_020  1.000-11.18  1.08  3.28  0.00 -6.83 0.502  00  +1O000M000  1.000
LYS+1A0064_021  1.000-10.39  0.52  6.05  0.00 -3.82 0.501  00  +1O001M000  1.000
LYS+1A0064_022  1.000-11.71  6.92  3.73  0.00 -1.06 0.502  00  +1E004M000  1.000
LYS+1A0064_023  1.000-11.35  0.39  2.11  0.00 -8.85 0.501  00  +1E00CM000  1.000
LYS+1A0064_024  1.000-12.64  5.66  2.11  0.00 -4.86 0.503  00  +1E00EM000  1.000
LYS+1A0064_025  1.000-10.35  0.93  3.29  0.00 -6.13 0.502  00  +1E018M000  1.000
LYS+1A0064_026  1.000 -9.86  5.33  4.75  0.00  0.22 0.501  00  +1E021M000  1.000
LYS+1A0064_027  1.000-10.77  0.59  2.62  0.00 -7.56 0.501  00  +1E024M000  1.000
LYS+1A0064_028  1.000 -8.49  0.53  1.79  0.00 -6.17 0.501  00  +1E0ABM000  1.000
LYS+1A0064_029  1.000 -8.48  0.50  4.29  0.00 -3.69 0.502  00  +1E0B4M000  1.000
LYS+1A0064_030  1.000 -9.98  0.75  4.21  0.00 -5.01 0.501  00  +1E0FDM000  1.000
LYS+1A0064_031  1.000-11.30  0.55  3.76  0.00 -6.99 0.502  00  +1E105M000  1.000
LYS+1A0064_032  1.000-10.77  4.76  3.88  0.00 -2.13 0.501  00  +1T022M000  1.000
LYS+1A0064_033  1.000-10.30  0.77  2.20  0.00 -7.34 0.502  00  +1T025M000  1.000
LYS+1A0064_034  1.000-10.16  3.03  3.16  0.00 -3.97 0.501  00  +1T044M000  1.000
LYS+1A0064_035  1.000-11.41  0.81  2.29  0.00 -8.30 0.502  00  +1T05FM000  1.000
LYS+1A0064_036  1.000-10.38  0.57  2.48  0.00 -7.33 0.501  00  +1T09FM000  1.000
LYS+1A0064_037  1.000 -9.75  0.11  1.84  0.00 -7.80 0.501  00  +1T0BCM000  1.000
LYS+1A0064_038  1.000-11.01  0.71  1.95  0.00 -8.35 0.501  00  +1T0D9M000  1.000
