   confID        vdw0    sas     sum
LYS01A0064_001   1.197 -12.328 -11.131
LYS01A0064_002   1.919 -12.251 -10.332
LYS01A0064_003   1.028 -12.695 -11.667
LYS01A0064_004   2.362 -12.698 -10.336
LYS01A0064_005   2.271 -12.286 -10.015
LYS01A0064_006   1.630 -12.376 -10.746
LYS01A0064_007   2.287 -12.113  -9.826
LYS01A0064_008   1.520 -12.701 -11.181
LYS01A0064_009   1.504 -12.720 -11.217
LYS01A0064_010   1.731 -12.469 -10.738
LYS01A0064_011   2.091 -12.386 -10.295
LYS01A0064_012   1.735 -11.922 -10.188
LYS01A0064_013   1.256 -12.644 -11.388
LYS01A0064_014   0.603 -13.068 -12.465
LYS01A0064_015   2.191 -12.464 -10.273
LYS01A0064_016   3.369 -11.783  -8.414
LYS01A0064_017   3.478 -11.779  -8.301
LYS01A0064_018   2.439 -12.120  -9.681
LYS01A0064_019   1.829 -12.692 -10.863
LYS+1A0064_020   1.147 -12.328 -11.180
LYS+1A0064_021   1.862 -12.251 -10.389
LYS+1A0064_022   0.987 -12.695 -11.708
LYS+1A0064_023   1.438 -12.788 -11.350
LYS+1A0064_024   0.699 -13.338 -12.639
LYS+1A0064_025   2.350 -12.698 -10.348
LYS+1A0064_026   2.290 -12.154  -9.863
LYS+1A0064_027   1.632 -12.402 -10.770
LYS+1A0064_028   3.332 -11.860  -8.528
LYS+1A0064_029   3.271 -11.753  -8.482
LYS+1A0064_030   2.175 -12.149  -9.974
LYS+1A0064_031   1.463 -12.769 -11.306
LYS+1A0064_032   1.632 -12.402 -10.769
LYS+1A0064_033   1.973 -12.215 -10.242
LYS+1A0064_034   1.702 -11.858 -10.156
LYS+1A0064_035   1.187 -12.592 -11.405
LYS+1A0064_036   2.126 -12.502 -10.377
LYS+1A0064_037   2.325 -12.001  -9.676
LYS+1A0064_038   1.769 -12.782 -11.013
