iConf CONFORMER     FL  occ    crg   Em0  pKa0 ne nH    vdw0    vdw1    tors    epol   dsolv   extra    history
00001 LYS01A0009_001 f 0.00  0.000     0  0.00  0  0 -10.576   0.880   1.549  -0.013  -3.217   0.000 01O000M000t
00002 LYS01A0009_002 f 0.00  0.000     0  0.00  0  0  -9.667   5.780   1.957  -0.042  -3.637   0.000 01E00AM000t
00003 LYS01A0009_003 f 0.00  0.000     0  0.00  0  0 -10.320   2.022   3.470  -0.061  -3.260   0.000 01E00CM000t
00004 LYS01A0009_004 f 0.00  0.000     0  0.00  0  0  -8.482   1.485   1.121  -0.047  -2.951   0.000 01E037M000t
00005 LYS01A0009_005 f 0.00  0.000     0  0.00  0  0  -9.806   1.324   3.997  -0.026  -3.051   0.000 01E041M000t
00006 LYS01A0009_006 f 0.00  0.000     0  0.00  0  0  -9.180   1.666   3.773  -0.037  -3.080   0.000 01E045M000t
00007 LYS01A0009_007 f 0.00  0.000     0  0.00  0  0  -6.604   0.694   1.863  -0.013  -2.904   0.000 01E058M000t
00008 LYS01A0009_008 f 0.00  0.000     0  0.00  0  0  -6.773   1.451   3.953  -0.210  -2.773   0.000 01E091M000t
00009 LYS01A0009_009 f 0.00  0.000     0  0.00  0  0  -9.014   4.303   3.715  -0.116  -2.822   0.000 01E093M000t
00010 LYS01A0009_010 f 0.00  0.000     0  0.00  0  0  -9.630   6.427   1.968   0.037  -3.397   0.000 01T008M000t
00011 LYS01A0009_011 f 0.00  0.000     0  0.00  0  0  -9.295   2.025   3.768  -0.024  -3.526   0.000 01T00BM000t
00012 LYS01A0009_012 f 0.00  0.000     0  0.00  0  0  -9.744   1.436   3.473  -0.022  -3.075   0.000 01T017M000t
00013 LYS01A0009_013 f 0.00  0.000     0  0.00  0  0  -6.376   1.630   4.151  -0.048  -3.375   0.000 01T02AM000t
00014 LYS01A0009_014 f 0.00  0.000     0  0.00  0  0  -9.150   0.996   3.514  -0.011  -3.556   0.000 01T02DM000t
00015 LYS01A0009_015 f 0.00  0.000     0  0.00  0  0  -9.619   1.895   5.433  -0.068  -2.986   0.000 01T04FM000t
00016 LYS01A0009_016 f 0.00  0.000     0  0.00  0  0  -8.053   1.951   3.866  -0.030  -3.182   0.000 01T054M000t
00017 LYS01A0009_017 f 0.00  0.000     0  0.00  0  0  -8.022   0.854   1.427  -0.031  -2.867   0.000 01T05CM000t
00018 LYS01A0009_018 f 0.00  0.000     0  0.00  0  0  -6.979   0.621   4.364  -0.036  -2.852   0.000 01T080M000t
00019 LYS01A0009_019 f 0.00  0.000     0  0.00  0  0  -7.768   2.052   1.851  -0.025  -2.782   0.000 01T089M000t
00020 LYS+1A0009_020 f 0.00  1.000     0 10.40  0  1 -10.626   0.879   1.549   0.057 -41.062   0.000 +1O000M000t
00021 LYS+1A0009_021 f 0.00  1.000     0 10.40  0  1  -9.790   5.885   1.975   0.178 -41.470   0.000 +1E00AM000t
00022 LYS+1A0009_022 f 0.00  1.000     0 10.40  0  1  -9.411   2.035   3.784   0.091 -41.151   0.000 +1E00BM000t
00023 LYS+1A0009_023 f 0.00  1.000     0 10.40  0  1  -9.182   3.141   3.619  -0.035 -41.277   0.000 +1E034M000t
00024 LYS+1A0009_024 f 0.00  1.000     0 10.40  0  1  -8.446   1.492   1.131   0.181 -40.692   0.000 +1E037M000t
00025 LYS+1A0009_025 f 0.00  1.000     0 10.40  0  1  -9.238   1.650   3.811   0.128 -41.306   0.000 +1E045M000t
00026 LYS+1A0009_026 f 0.00  1.000     0 10.40  0  1  -8.198   0.840   1.454   0.139 -40.869   0.000 +1E05CM000t
00027 LYS+1A0009_027 f 0.00  1.000     0 10.40  0  1  -7.210   0.620   4.416   0.395 -40.501   0.000 +1E080M000t
00028 LYS+1A0009_028 f 0.00  1.000     0 10.40  0  1  -7.748   2.004   1.860   0.463 -39.657   0.000 +1E089M000t
00029 LYS+1A0009_029 f 0.00  1.000     0 10.40  0  1 -10.473   2.018   3.488   0.217 -41.212   0.000 +1T00CM000t
00030 LYS+1A0009_030 f 0.00  1.000     0 10.40  0  1  -9.721   1.443   3.489   0.095 -41.162   0.000 +1T017M000t
00031 LYS+1A0009_031 f 0.00  1.000     0 10.40  0  1  -6.297   1.631   4.163   0.214 -42.040   0.000 +1T02AM000t
00032 LYS+1A0009_032 f 0.00  1.000     0 10.40  0  1  -9.317   0.997   3.533   0.076 -41.346   0.000 +1T02DM000t
00033 LYS+1A0009_033 f 0.00  1.000     0 10.40  0  1  -9.839   1.334   4.035   0.143 -41.725   0.000 +1T041M000t
00034 LYS+1A0009_034 f 0.00  1.000     0 10.40  0  1  -9.603   1.890   5.474   0.260 -41.552   0.000 +1T04FM000t
00035 LYS+1A0009_035 f 0.00  1.000     0 10.40  0  1  -8.159   1.949   3.871   0.141 -40.652   0.000 +1T054M000t
00036 LYS+1A0009_036 f 0.00  1.000     0 10.40  0  1  -6.409   0.686   1.870   0.152 -40.305   0.000 +1T058M000t
00037 LYS+1A0009_037 f 0.00  1.000     0 10.40  0  1  -6.825   1.449   3.963   0.593 -40.234   0.000 +1T091M000t
00038 LYS+1A0009_038 f 0.00  1.000     0 10.40  0  1  -9.044   4.281   3.722   0.356 -40.478   0.000 +1T093M000t
