CONFORMER         crg  vdw0  vdw1  tors  epol  self   occ  Hb     history    ASA
LYS01A0009_001  0.000-10.51  0.78  1.55  0.00 -8.18 0.503  00  01O000M000  1.000
LYS01A0009_002  0.000 -9.67  5.77  1.96  0.00 -1.94 0.504  00  01E00AM000  1.000
LYS01A0009_003  0.000-10.32  2.02  3.47  0.00 -4.83 0.504  00  01E00CM000  1.000
LYS01A0009_004  0.000 -8.48  1.43  1.12  0.00 -5.93 0.502  00  01E037M000  1.000
LYS01A0009_005  0.000 -9.81  1.27  3.99  0.00 -4.54 0.504  00  01E041M000  1.000
LYS01A0009_006  0.000 -9.18  1.61  3.77  0.00 -3.80 0.503  00  01E045M000  1.000
LYS01A0009_007  0.000 -6.61  0.59  1.86  0.00 -4.16 0.504  00  01E058M000  1.000
LYS01A0009_008  0.000 -6.79  1.45  3.95  0.00 -1.38 0.504  00  01E091M000  1.000
LYS01A0009_009  0.000 -9.01  4.30  3.71  0.00 -1.00 0.504  00  01E093M000  1.000
LYS01A0009_010  0.000 -9.64  6.40  1.97  0.00 -1.26 0.503  00  01T008M000  1.000
LYS01A0009_011  0.000 -9.29  2.02  3.77  0.00 -3.50 0.503  00  01T00BM000  1.000
LYS01A0009_012  0.000 -9.75  1.38  3.47  0.00 -4.89 0.503  00  01T017M000  1.000
LYS01A0009_013  0.000 -6.37  1.62  4.15  0.00 -0.60 0.504  00  01T02AM000  1.000
LYS01A0009_014  0.000 -9.15  0.90  3.51  0.00 -4.75 0.503  00  01T02DM000  1.000
LYS01A0009_015  0.000 -9.62  1.90  5.43  0.00 -2.29 0.504  00  01T04FM000  1.000
LYS01A0009_016  0.000 -8.05  1.95  3.87  0.00 -2.23 0.503  00  01T054M000  1.000
LYS01A0009_017  0.000 -8.02  0.75  1.43  0.00 -5.85 0.503  00  01T05CM000  1.000
LYS01A0009_018  0.000 -6.99  0.57  4.36  0.00 -2.06 0.504  00  01T080M000  1.000
LYS01A0009_019  0.000 -7.83  2.01  1.85  0.00 -3.97 0.503  00  01T089M000  1.000
LYS+1A0009_020  1.000-10.56  0.77  1.55  0.00 -8.23 0.503  00  +1O000M000  1.000
LYS+1A0009_021  1.000 -9.79  5.88  1.98  0.00 -1.94 0.504  00  +1E00AM000  1.000
LYS+1A0009_022  1.000 -9.41  2.03  3.78  0.00 -3.60 0.503  00  +1E00BM000  1.000
LYS+1A0009_023  1.000 -9.18  3.09  3.62  0.00 -2.48 0.503  00  +1E034M000  1.000
LYS+1A0009_024  1.000 -8.48  1.44  1.13  0.00 -5.91 0.502  00  +1E037M000  1.000
LYS+1A0009_025  1.000 -9.23  1.60  3.81  0.00 -3.83 0.503  00  +1E045M000  1.000
LYS+1A0009_026  1.000 -8.25  0.74  1.45  0.00 -6.06 0.503  00  +1E05CM000  1.000
LYS+1A0009_027  1.000 -7.21  0.57  4.41  0.00 -2.23 0.504  00  +1E080M000  1.000
LYS+1A0009_028  1.000 -7.74  1.95  1.86  0.00 -3.93 0.503  00  +1E089M000  1.000
LYS+1A0009_029  1.000-10.47  2.02  3.49  0.00 -4.97 0.504  00  +1T00CM000  1.000
LYS+1A0009_030  1.000 -9.72  1.39  3.49  0.00 -4.84 0.503  00  +1T017M000  1.000
LYS+1A0009_031  1.000 -6.28  1.63  4.16  0.00 -0.49 0.504  00  +1T02AM000  1.000
LYS+1A0009_032  1.000 -9.31  0.89  3.53  0.00 -4.88 0.503  00  +1T02DM000  1.000
LYS+1A0009_033  1.000 -9.83  1.28  4.04  0.00 -4.52 0.504  00  +1T041M000  1.000
LYS+1A0009_034  1.000 -9.61  1.89  5.47  0.00 -2.25 0.504  00  +1T04FM000  1.000
LYS+1A0009_035  1.000 -8.16  1.95  3.87  0.00 -2.34 0.503  00  +1T054M000  1.000
LYS+1A0009_036  1.000 -6.42  0.58  1.87  0.00 -3.97 0.504  00  +1T058M000  1.000
LYS+1A0009_037  1.000 -6.83  1.44  3.96  0.00 -1.43 0.504  00  +1T091M000  1.000
LYS+1A0009_038  1.000 -9.04  4.28  3.72  0.00 -1.05 0.504  00  +1T093M000  1.000
