   confID        vdw0    sas     sum
LYS01A0009_001   2.293 -12.869 -10.576
LYS01A0009_002   2.719 -12.386  -9.667
LYS01A0009_003   1.953 -12.273 -10.320
LYS01A0009_004   3.641 -12.123  -8.482
LYS01A0009_005   2.937 -12.744  -9.806
LYS01A0009_006   3.101 -12.280  -9.180
LYS01A0009_007   5.573 -12.178  -6.604
LYS01A0009_008   5.215 -11.988  -6.773
LYS01A0009_009   3.180 -12.194  -9.014
LYS01A0009_010   2.824 -12.453  -9.630
LYS01A0009_011   2.801 -12.096  -9.295
LYS01A0009_012   2.510 -12.254  -9.744
LYS01A0009_013   5.855 -12.231  -6.376
LYS01A0009_014   2.775 -11.926  -9.150
LYS01A0009_015   2.770 -12.389  -9.619
LYS01A0009_016   4.096 -12.149  -8.053
LYS01A0009_017   4.011 -12.033  -8.022
LYS01A0009_018   5.283 -12.262  -6.979
LYS01A0009_019   4.768 -12.536  -7.768
LYS+1A0009_020   2.243 -12.869 -10.626
LYS+1A0009_021   2.663 -12.453  -9.790
LYS+1A0009_022   2.737 -12.148  -9.411
LYS+1A0009_023   2.862 -12.044  -9.182
LYS+1A0009_024   3.626 -12.072  -8.446
LYS+1A0009_025   3.056 -12.293  -9.238
LYS+1A0009_026   3.887 -12.084  -8.198
LYS+1A0009_027   5.116 -12.326  -7.210
LYS+1A0009_028   4.789 -12.536  -7.748
LYS+1A0009_029   1.916 -12.389 -10.473
LYS+1A0009_030   2.469 -12.190  -9.721
LYS+1A0009_031   5.867 -12.164  -6.297
LYS+1A0009_032   2.715 -12.032  -9.317
LYS+1A0009_033   2.876 -12.715  -9.839
LYS+1A0009_034   2.735 -12.338  -9.603
LYS+1A0009_035   4.054 -12.213  -8.159
LYS+1A0009_036   5.650 -12.059  -6.409
LYS+1A0009_037   5.163 -11.988  -6.825
LYS+1A0009_038   3.082 -12.126  -9.044
