CONFORMER         crg  vdw0  vdw1  tors  epol  self   occ  Hb     history    ASA
ARG01A0035_001  0.000-13.39  0.13  0.68  0.00-12.58 0.501  00  01O000M000  1.000
ARG01A0035_002  0.000-12.78  1.33  1.28  0.00-10.18 0.501  00  01E010M000  1.000
ARG01A0035_003  0.000-11.26  0.43  1.11  0.00 -9.72 0.501  00  01E023M000  1.000
ARG01A0035_004  0.000-10.92  0.80  0.75  0.00 -9.36 0.502  00  01E03FM000  1.000
ARG01A0035_005  0.000-13.40  1.17  3.17  0.00 -9.06 0.501  00  01E069M000  1.000
ARG01A0035_006  0.000-12.86  0.62  3.09  0.00 -9.15 0.502  00  01E08CM000  1.000
ARG01A0035_007  0.000-12.56  1.28  4.11  0.00 -7.17 0.501  00  01E0CEM000  1.000
ARG01A0035_008  0.000-12.27  2.86  5.47  0.00 -3.93 0.502  00  01E12DM000  1.000
ARG01A0035_009  0.000-12.24  1.97  0.57  0.00 -9.70 0.502  00  01E140M000  1.000
ARG01A0035_010  0.000-12.55  0.32  1.25  0.00-10.98 0.501  00  01T003M000  1.000
ARG01A0035_011  0.000-13.19  0.21  0.57  0.00-12.41 0.501  00  01T05CM000  1.000
ARG01A0035_012  0.000-13.11  3.08  3.19  0.00 -6.85 0.501  00  01T07DM000  1.000
ARG01A0035_013  0.000-11.85  0.19  3.75  0.00 -7.92 0.501  00  01T0A1M000  1.000
ARG01A0035_014  0.000-12.22  1.12  3.89  0.00 -7.21 0.501  00  01T0CFM000  1.000
ARG01A0035_015  0.000-11.29  1.62  6.45  0.00 -3.22 0.502  00  01T0D2M000  1.000
ARG01A0035_016  0.000-12.26  1.02  3.19  0.00 -8.04 0.501  00  01T0DBM000  1.000
ARG01A0035_017  0.000-12.43  1.04  3.46  0.00 -7.92 0.501  00  01T0F1M000  1.000
ARG01A0035_018  0.000-11.35  0.05  3.60  0.00 -7.71 0.501  00  01T0FEM000  1.000
ARG01A0035_019  0.000-12.15  3.49  4.09  0.00 -4.57 0.501  00  01T14BM000  1.000
ARG01A0035_020  0.000-12.33  1.74  1.25  0.00 -9.33 0.502  00  01T14DM000  1.000
ARG02A0035_021  0.000-13.41  0.13  0.68  0.00-12.60 0.501  00  02O000M000  1.000
ARG02A0035_022  0.000-12.61  1.41  1.24  0.00 -9.96 0.501  00  02E010M000  1.000
ARG02A0035_023  0.000-12.82  0.79  2.92  0.00 -9.12 0.502  00  02E08CM000  1.000
ARG02A0035_024  0.000-12.46  1.01  3.46  0.00 -7.98 0.501  00  02E0F1M000  1.000
ARG02A0035_025  0.000-13.10  0.22  0.53  0.00-12.35 0.501  00  02E05CM000  1.000
ARG02A0035_026  0.000-13.37  1.16  3.15  0.00 -9.06 0.501  00  02E069M000  1.000
ARG02A0035_027  0.000-12.06  1.01  3.20  0.00 -7.84 0.501  00  02E0DBM000  1.000
ARG02A0035_028  0.000-12.12  2.88  5.46  0.00 -3.78 0.502  00  02E12DM000  1.000
ARG02A0035_029  0.000-12.31  0.23  3.35  0.00 -8.74 0.501  00  02T0A1M000  1.000
ARG02A0035_030  0.000-12.86  1.21  3.88  0.00 -7.77 0.501  00  02T0CEM000  1.000
ARG02A0035_031  0.000-13.24  3.00  3.13  0.00 -7.11 0.501  00  02T07DM000  1.000
ARG02A0035_032  0.000-11.23  0.31  1.10  0.00 -9.83 0.501  00  02T023M000  1.000
ARG02A0035_033  0.000-11.43  0.61  0.74  0.00-10.08 0.502  00  02T03FM000  1.000
ARG02A0035_034  0.000-12.28  1.10  3.90  0.00 -7.28 0.501  00  02T0CFM000  1.000
ARG02A0035_035  0.000-11.35  1.63  6.26  0.00 -3.46 0.502  00  02T0D2M000  1.000
ARG02A0035_036  0.000-11.17  0.05  3.60  0.00 -7.52 0.501  00  02T0FEM000  1.000
ARG02A0035_037  0.000-12.08  1.97  0.57  0.00 -9.54 0.502  00  02T140M000  1.000
ARG02A0035_038  0.000-12.58  0.31  1.24  0.00-11.03 0.501  00  02T003M000  1.000
ARG02A0035_039  0.000-11.82  2.00  3.42  0.00 -6.40 0.501  00  02T14BM000  1.000
ARG02A0035_040  0.000-12.45  1.94  1.13  0.00 -9.39 0.502  00  02T14DM000  1.000
ARG03A0035_041  0.000-12.72  0.30  1.24  0.00-11.18 0.501  00  03E003M000  1.000
ARG03A0035_042  0.000-10.88  0.97  0.77  0.00 -9.13 0.502  00  03E03FM000  1.000
ARG03A0035_043  0.000-12.48  1.02  3.46  0.00 -8.00 0.501  00  03E0F1M000  1.000
ARG03A0035_044  0.000-13.41  0.12  0.68  0.00-12.60 0.501  00  03O000M000  1.000
ARG03A0035_045  0.000-12.20  0.23  3.31  0.00 -8.65 0.501  00  03E0A1M000  1.000
ARG03A0035_046  0.000-12.06  1.02  3.19  0.00 -7.86 0.501  00  03E0DBM000  1.000
ARG03A0035_047  0.000-13.51  1.16  3.14  0.00 -9.20 0.501  00  03T069M000  1.000
ARG03A0035_048  0.000-11.43  1.63  6.24  0.00 -3.56 0.502  00  03T0D2M000  1.000
ARG03A0035_049  0.000-12.37  1.92  1.11  0.00 -9.33 0.502  00  03T14DM000  1.000
ARG03A0035_050  0.000-11.26  0.24  1.11  0.00 -9.91 0.501  00  03T023M000  1.000
ARG03A0035_051  0.000-13.16  0.22  0.53  0.00-12.41 0.501  00  03T05CM000  1.000
ARG03A0035_052  0.000-11.28  0.04  3.59  0.00 -7.65 0.501  00  03T0FEM000  1.000
ARG03A0035_053  0.000-11.66  2.00  3.40  0.00 -6.25 0.501  00  03T14BM000  1.000
ARG03A0035_054  0.000-12.61  1.40  1.24  0.00 -9.97 0.501  00  03T010M000  1.000
ARG03A0035_055  0.000-13.16  3.01  3.13  0.00 -7.01 0.501  00  03T07DM000  1.000
ARG03A0035_056  0.000-12.83  0.79  2.92  0.00 -9.12 0.502  00  03T08CM000  1.000
ARG03A0035_057  0.000-12.87  1.21  3.87  0.00 -7.79 0.501  00  03T0CEM000  1.000
ARG03A0035_058  0.000-12.34  1.10  3.89  0.00 -7.35 0.501  00  03T0CFM000  1.000
ARG03A0035_059  0.000-12.36  2.86  5.42  0.00 -4.07 0.502  00  03T12DM000  1.000
ARG03A0035_060  0.000-12.22  1.96  0.57  0.00 -9.69 0.502  00  03T140M000  1.000
ARG+1A0035_061  1.000-13.45  0.12  0.68  0.00-12.65 0.501  00  +1O000M000  1.000
ARG+1A0035_062  1.000-12.83  0.30  1.24  0.00-11.28 0.501  00  +1E003M000  1.000
ARG+1A0035_063  1.000-12.65  1.40  1.25  0.00-10.01 0.501  00  +1E010M000  1.000
ARG+1A0035_064  1.000-11.36  0.41  1.10  0.00 -9.84 0.501  00  +1E023M000  1.000
ARG+1A0035_065  1.000-11.01  1.00  0.78  0.00 -9.22 0.502  00  +1E03FM000  1.000
ARG+1A0035_066  1.000-13.37  1.16  3.15  0.00 -9.06 0.501  00  +1E069M000  1.000
ARG+1A0035_067  1.000-12.87  0.78  2.92  0.00 -9.17 0.502  00  +1E08CM000  1.000
ARG+1A0035_068  1.000-11.46  1.63  6.26  0.00 -3.57 0.502  00  +1E0D2M000  1.000
ARG+1A0035_069  1.000-12.13  1.01  3.20  0.00 -7.92 0.501  00  +1E0DBM000  1.000
ARG+1A0035_070  1.000-11.32  0.04  3.60  0.00 -7.67 0.501  00  +1E0FEM000  1.000
ARG+1A0035_071  1.000-12.27  1.96  0.57  0.00 -9.73 0.502  00  +1E140M000  1.000
ARG+1A0035_072  1.000-11.77  2.01  3.43  0.00 -6.32 0.501  00  +1E14BM000  1.000
ARG+1A0035_073  1.000-12.54  1.94  1.13  0.00 -9.47 0.502  00  +1E14DM000  1.000
ARG+1A0035_074  1.000-13.19  0.22  0.54  0.00-12.43 0.501  00  +1T05CM000  1.000
ARG+1A0035_075  1.000-13.13  3.01  3.13  0.00 -6.99 0.501  00  +1T07DM000  1.000
ARG+1A0035_076  1.000-12.42  0.23  3.36  0.00 -8.83 0.501  00  +1T0A1M000  1.000
ARG+1A0035_077  1.000-12.91  1.21  3.88  0.00 -7.83 0.501  00  +1T0CEM000  1.000
ARG+1A0035_078  1.000-12.46  1.10  3.90  0.00 -7.47 0.501  00  +1T0CFM000  1.000
ARG+1A0035_079  1.000-12.51  1.02  3.47  0.00 -8.02 0.501  00  +1T0F1M000  1.000
ARG+1A0035_080  1.000-12.22  2.88  5.47  0.00 -3.88 0.502  00  +1T12DM000  1.000
