iConf CONFORMER     FL  occ    crg   Em0  pKa0 ne nH    vdw0    vdw1    tors    epol   dsolv   extra    history
00001 ARG01A0035_001 f 0.00  0.000     0  0.00  0  0 -13.389   0.125   0.683   0.377  -9.656   0.000 01O000M000t
00002 ARG01A0035_002 f 0.00  0.000     0  0.00  0  0 -12.777   1.331   1.274  -0.297  -9.652   0.000 01E010M000t
00003 ARG01A0035_003 f 0.00  0.000     0  0.00  0  0 -11.260   0.430   1.109   0.423  -8.696   0.000 01E023M000t
00004 ARG01A0035_004 f 0.00  0.000     0  0.00  0  0 -10.918   0.798   0.756   0.403  -9.511   0.000 01E03FM000t
00005 ARG01A0035_005 f 0.00  0.000     0  0.00  0  0 -13.398   1.169   3.168   0.035  -9.912   0.000 01E069M000t
00006 ARG01A0035_006 f 0.00  0.000     0  0.00  0  0 -12.852   0.620   3.091   0.108  -9.682   0.000 01E08CM000t
00007 ARG01A0035_007 f 0.00  0.000     0  0.00  0  0 -12.562   1.275   4.111  -0.061  -9.843   0.000 01E0CEM000t
00008 ARG01A0035_008 f 0.00  0.000     0  0.00  0  0 -12.270   2.860   5.480   0.000 -10.103   0.000 01E12DM000t
00009 ARG01A0035_009 f 0.00  0.000     0  0.00  0  0 -12.242   1.979   0.574  -0.020  -9.445   0.000 01E140M000t
00010 ARG01A0035_010 f 0.00  0.000     0  0.00  0  0 -12.541   0.317   1.252   0.117  -9.900   0.000 01T003M000t
00011 ARG01A0035_011 f 0.00  0.000     0  0.00  0  0 -13.190   0.205   0.575   0.067 -10.893   0.000 01T05CM000t
00012 ARG01A0035_012 f 0.00  0.000     0  0.00  0  0 -13.105   3.072   3.187   0.037  -9.589   0.000 01T07DM000t
00013 ARG01A0035_013 f 0.00  0.000     0  0.00  0  0 -11.852   0.186   3.747   0.063 -10.046   0.000 01T0A1M000t
00014 ARG01A0035_014 f 0.00  0.000     0  0.00  0  0 -12.210   1.117   3.886  -0.099  -8.967   0.000 01T0CFM000t
00015 ARG01A0035_015 f 0.00  0.000     0  0.00  0  0 -11.282   1.615   6.446   0.076  -9.590   0.000 01T0D2M000t
00016 ARG01A0035_016 f 0.00  0.000     0  0.00  0  0 -12.261   1.020   3.192   0.014  -9.555   0.000 01T0DBM000t
00017 ARG01A0035_017 f 0.00  0.000     0  0.00  0  0 -12.429   1.032   3.462   0.026  -9.876   0.000 01T0F1M000t
00018 ARG01A0035_018 f 0.00  0.000     0  0.00  0  0 -11.347   0.045   3.598   0.044  -9.779   0.000 01T0FEM000t
00019 ARG01A0035_019 f 0.00  0.000     0  0.00  0  0 -12.152   3.499   4.105   0.041  -9.973   0.000 01T14BM000t
00020 ARG01A0035_020 f 0.00  0.000     0  0.00  0  0 -12.331   1.744   1.253  -0.021  -9.908   0.000 01T14DM000t
00021 ARG02A0035_021 f 0.00  0.000     0  0.00  0  0 -13.405   0.125   0.683   0.365  -8.860   0.000 02O000M000t
00022 ARG02A0035_022 f 0.00  0.000     0  0.00  0  0 -12.666   1.409   1.241  -0.315  -8.325   0.000 02E010M000t
00023 ARG02A0035_023 f 0.00  0.000     0  0.00  0  0 -12.822   0.787   2.920   0.085  -8.718   0.000 02E08CM000t
00024 ARG02A0035_024 f 0.00  0.000     0  0.00  0  0 -12.467   1.012   3.462   0.147  -8.446   0.000 02E0F1M000t
00025 ARG02A0035_025 f 0.00  0.000     0  0.00  0  0 -13.102   0.221   0.531   0.057  -9.492   0.000 02E05CM000t
00026 ARG02A0035_026 f 0.00  0.000     0  0.00  0  0 -13.371   1.161   3.147   0.050  -9.494   0.000 02E069M000t
00027 ARG02A0035_027 f 0.00  0.000     0  0.00  0  0 -12.053   1.012   3.199   0.032  -9.036   0.000 02E0DBM000t
00028 ARG02A0035_028 f 0.00  0.000     0  0.00  0  0 -12.125   2.880   5.462   0.038  -9.621   0.000 02E12DM000t
00029 ARG02A0035_029 f 0.00  0.000     0  0.00  0  0 -12.307   0.228   3.348   0.066  -8.582   0.000 02T0A1M000t
00030 ARG02A0035_030 f 0.00  0.000     0  0.00  0  0 -12.864   1.206   3.875   0.155  -9.032   0.000 02T0CEM000t
00031 ARG02A0035_031 f 0.00  0.000     0  0.00  0  0 -13.237   2.997   3.127   0.046  -8.720   0.000 02T07DM000t
00032 ARG02A0035_032 f 0.00  0.000     0  0.00  0  0 -11.233   0.313   1.095   0.255  -7.998   0.000 02T023M000t
00033 ARG02A0035_033 f 0.00  0.000     0  0.00  0  0 -11.421   0.609   0.737  -0.389  -8.737   0.000 02T03FM000t
00034 ARG02A0035_034 f 0.00  0.000     0  0.00  0  0 -12.269   1.093   3.897  -0.029  -9.282   0.000 02T0CFM000t
00035 ARG02A0035_035 f 0.00  0.000     0  0.00  0  0 -11.354   1.631   6.260   0.056  -9.348   0.000 02T0D2M000t
00036 ARG02A0035_036 f 0.00  0.000     0  0.00  0  0 -11.163   0.051   3.596   0.041  -8.711   0.000 02T0FEM000t
00037 ARG02A0035_037 f 0.00  0.000     0  0.00  0  0 -12.081   1.969   0.572   0.030  -8.769   0.000 02T140M000t
00038 ARG02A0035_038 f 0.00  0.000     0  0.00  0  0 -12.624   0.311   1.241   0.041  -8.922   0.000 02T003M000t
00039 ARG02A0035_039 f 0.00  0.000     0  0.00  0  0 -11.820   1.997   3.416   0.023  -9.666   0.000 02T14BM000t
00040 ARG02A0035_040 f 0.00  0.000     0  0.00  0  0 -12.456   1.944   1.124  -0.029  -8.875   0.000 02T14DM000t
00041 ARG03A0035_041 f 0.00  0.000     0  0.00  0  0 -12.716   0.300   1.237   0.110  -8.413   0.000 03E003M000t
00042 ARG03A0035_042 f 0.00  0.000     0  0.00  0  0 -10.828   0.969   0.775   0.413  -7.673   0.000 03E03FM000t
00043 ARG03A0035_043 f 0.00  0.000     0  0.00  0  0 -12.487   1.018   3.461   0.148  -8.576   0.000 03E0F1M000t
00044 ARG03A0035_044 f 0.00  0.000     0  0.00  0  0 -13.409   0.123   0.683   0.334  -8.435   0.000 03O000M000t
00045 ARG03A0035_045 f 0.00  0.000     0  0.00  0  0 -12.195   0.231   3.316   0.060  -8.548   0.000 03E0A1M000t
00046 ARG03A0035_046 f 0.00  0.000     0  0.00  0  0 -12.066   1.019   3.187   0.044  -8.699   0.000 03E0DBM000t
00047 ARG03A0035_047 f 0.00  0.000     0  0.00  0  0 -13.501   1.163   3.144   0.055  -8.833   0.000 03T069M000t
00048 ARG03A0035_048 f 0.00  0.000     0  0.00  0  0 -11.381   1.627   6.240   0.069  -9.044   0.000 03T0D2M000t
00049 ARG03A0035_049 f 0.00  0.000     0  0.00  0  0 -12.365   1.924   1.115  -0.021  -8.449   0.000 03T14DM000t
00050 ARG03A0035_050 f 0.00  0.000     0  0.00  0  0 -11.262   0.244   1.106   0.320  -8.205   0.000 03T023M000t
00051 ARG03A0035_051 f 0.00  0.000     0  0.00  0  0 -13.096   0.219   0.534   0.072  -9.991   0.000 03T05CM000t
00052 ARG03A0035_052 f 0.00  0.000     0  0.00  0  0 -11.276   0.041   3.594   0.039  -8.745   0.000 03T0FEM000t
00053 ARG03A0035_053 f 0.00  0.000     0  0.00  0  0 -11.659   1.996   3.401   0.033  -8.957   0.000 03T14BM000t
00054 ARG03A0035_054 f 0.00  0.000     0  0.00  0  0 -12.613   1.404   1.241  -0.285  -8.585   0.000 03T010M000t
00055 ARG03A0035_055 f 0.00  0.000     0  0.00  0  0 -13.159   3.011   3.132   0.046  -8.838   0.000 03T07DM000t
00056 ARG03A0035_056 f 0.00  0.000     0  0.00  0  0 -12.831   0.790   2.914   0.046  -8.604   0.000 03T08CM000t
00057 ARG03A0035_057 f 0.00  0.000     0  0.00  0  0 -12.871   1.207   3.866   0.130  -9.045   0.000 03T0CEM000t
00058 ARG03A0035_058 f 0.00  0.000     0  0.00  0  0 -12.412   1.095   3.892  -0.040  -8.622   0.000 03T0CFM000t
00059 ARG03A0035_059 f 0.00  0.000     0  0.00  0  0 -12.349   2.861   5.417   0.021  -9.372   0.000 03T12DM000t
00060 ARG03A0035_060 f 0.00  0.000     0  0.00  0  0 -12.218   1.952   0.571  -0.004  -8.922   0.000 03T140M000t
00061 ARG+1A0035_061 f 0.00  1.000     0 12.50  0  1 -13.451   0.123   0.683   0.705 -34.128   0.000 +1O000M000t
00062 ARG+1A0035_062 f 0.00  1.000     0 12.50  0  1 -12.826   0.303   1.243   0.280 -34.728   0.000 +1E003M000t
00063 ARG+1A0035_063 f 0.00  1.000     0 12.50  0  1 -12.652   1.400   1.246  -0.437 -33.640   0.000 +1E010M000t
00064 ARG+1A0035_064 f 0.00  1.000     0 12.50  0  1 -11.360   0.408   1.104   0.222 -33.727   0.000 +1E023M000t
00065 ARG+1A0035_065 f 0.00  1.000     0 12.50  0  1 -10.979   1.000   0.777   0.826 -34.177   0.000 +1E03FM000t
00066 ARG+1A0035_066 f 0.00  1.000     0 12.50  0  1 -13.370   1.160   3.152   0.152 -34.572   0.000 +1E069M000t
00067 ARG+1A0035_067 f 0.00  1.000     0 12.50  0  1 -12.868   0.775   2.921   0.676 -34.249   0.000 +1E08CM000t
00068 ARG+1A0035_068 f 0.00  1.000     0 12.50  0  1 -11.465   1.632   6.263   0.189 -34.072   0.000 +1E0D2M000t
00069 ARG+1A0035_069 f 0.00  1.000     0 12.50  0  1 -12.123   1.012   3.197   0.167 -33.527   0.000 +1E0DBM000t
00070 ARG+1A0035_070 f 0.00  1.000     0 12.50  0  1 -11.370   0.043   3.600   0.125 -34.278   0.000 +1E0FEM000t
00071 ARG+1A0035_071 f 0.00  1.000     0 12.50  0  1 -12.204   1.960   0.576   0.071 -34.019   0.000 +1E140M000t
00072 ARG+1A0035_072 f 0.00  1.000     0 12.50  0  1 -11.766   2.010   3.429   0.030 -34.262   0.000 +1E14BM000t
00073 ARG+1A0035_073 f 0.00  1.000     0 12.50  0  1 -12.542   1.940   1.133   0.053 -34.372   0.000 +1E14DM000t
00074 ARG+1A0035_074 f 0.00  1.000     0 12.50  0  1 -13.180   0.218   0.538   0.185 -34.603   0.000 +1T05CM000t
00075 ARG+1A0035_075 f 0.00  1.000     0 12.50  0  1 -13.126   3.009   3.134   0.091 -34.189   0.000 +1T07DM000t
00076 ARG+1A0035_076 f 0.00  1.000     0 12.50  0  1 -12.424   0.234   3.358   0.287 -33.984   0.000 +1T0A1M000t
00077 ARG+1A0035_077 f 0.00  1.000     0 12.50  0  1 -12.915   1.204   3.878   0.468 -34.026   0.000 +1T0CEM000t
00078 ARG+1A0035_078 f 0.00  1.000     0 12.50  0  1 -12.457   1.093   3.900   0.351 -33.285   0.000 +1T0CFM000t
00079 ARG+1A0035_079 f 0.00  1.000     0 12.50  0  1 -12.511   1.014   3.465   0.682 -33.755   0.000 +1T0F1M000t
00080 ARG+1A0035_080 f 0.00  1.000     0 12.50  0  1 -12.221   2.876   5.465   0.115 -34.197   0.000 +1T12DM000t
