   confID        vdw0    sas     sum
ARG01A0035_001   1.193 -14.582 -13.389
ARG01A0035_002   1.769 -14.546 -12.777
ARG01A0035_003   2.906 -14.167 -11.260
ARG01A0035_004   3.363 -14.281 -10.918
ARG01A0035_005   1.289 -14.687 -13.398
ARG01A0035_006   2.122 -14.974 -12.852
ARG01A0035_007   2.120 -14.682 -12.562
ARG01A0035_008   2.114 -14.384 -12.270
ARG01A0035_009   1.780 -14.022 -12.242
ARG01A0035_010   1.769 -14.309 -12.541
ARG01A0035_011   1.435 -14.625 -13.190
ARG01A0035_012   1.408 -14.512 -13.105
ARG01A0035_013   3.020 -14.872 -11.852
ARG01A0035_014   2.273 -14.483 -12.210
ARG01A0035_015   3.206 -14.489 -11.282
ARG01A0035_016   2.128 -14.389 -12.261
ARG01A0035_017   1.680 -14.109 -12.429
ARG01A0035_018   2.914 -14.261 -11.347
ARG01A0035_019   2.101 -14.254 -12.152
ARG01A0035_020   2.017 -14.348 -12.331
ARG02A0035_021   1.176 -14.582 -13.405
ARG02A0035_022   1.763 -14.430 -12.666
ARG02A0035_023   2.008 -14.830 -12.822
ARG02A0035_024   1.642 -14.109 -12.467
ARG02A0035_025   1.516 -14.618 -13.102
ARG02A0035_026   1.283 -14.654 -13.371
ARG02A0035_027   2.228 -14.281 -12.053
ARG02A0035_028   2.111 -14.236 -12.125
ARG02A0035_029   3.013 -15.320 -12.307
ARG02A0035_030   1.919 -14.782 -12.864
ARG02A0035_031   1.423 -14.660 -13.237
ARG02A0035_032   2.931 -14.163 -11.233
ARG02A0035_033   2.943 -14.364 -11.421
ARG02A0035_034   2.275 -14.544 -12.269
ARG02A0035_035   3.115 -14.469 -11.354
ARG02A0035_036   2.982 -14.145 -11.163
ARG02A0035_037   1.813 -13.894 -12.081
ARG02A0035_038   1.842 -14.466 -12.624
ARG02A0035_039   2.908 -14.728 -11.820
ARG02A0035_040   2.097 -14.553 -12.456
ARG03A0035_041   1.741 -14.457 -12.716
ARG03A0035_042   3.456 -14.284 -10.828
ARG03A0035_043   1.622 -14.109 -12.487
ARG03A0035_044   1.173 -14.582 -13.409
ARG03A0035_045   2.997 -15.192 -12.195
ARG03A0035_046   2.150 -14.216 -12.066
ARG03A0035_047   1.221 -14.722 -13.501
ARG03A0035_048   3.040 -14.421 -11.381
ARG03A0035_049   2.059 -14.425 -12.365
ARG03A0035_050   2.840 -14.103 -11.262
ARG03A0035_051   1.474 -14.570 -13.096
ARG03A0035_052   2.869 -14.145 -11.276
ARG03A0035_053   2.870 -14.529 -11.659
ARG03A0035_054   1.753 -14.366 -12.613
ARG03A0035_055   1.436 -14.596 -13.159
ARG03A0035_056   1.999 -14.830 -12.831
ARG03A0035_057   1.912 -14.782 -12.871
ARG03A0035_058   2.199 -14.612 -12.412
ARG03A0035_059   2.051 -14.400 -12.349
ARG03A0035_060   1.740 -13.958 -12.218
ARG+1A0035_061   1.130 -14.582 -13.451
ARG+1A0035_062   1.708 -14.534 -12.826
ARG+1A0035_063   1.713 -14.366 -12.652
ARG+1A0035_064   2.807 -14.167 -11.360
ARG+1A0035_065   3.350 -14.329 -10.979
ARG+1A0035_066   1.185 -14.555 -13.370
ARG+1A0035_067   1.962 -14.830 -12.868
ARG+1A0035_068   3.004 -14.469 -11.465
ARG+1A0035_069   2.141 -14.264 -12.123
ARG+1A0035_070   2.827 -14.197 -11.370
ARG+1A0035_071   1.690 -13.894 -12.204
ARG+1A0035_072   2.827 -14.593 -11.766
ARG+1A0035_073   2.014 -14.557 -12.542
ARG+1A0035_074   1.438 -14.618 -13.180
ARG+1A0035_075   1.406 -14.531 -13.126
ARG+1A0035_076   2.961 -15.384 -12.424
ARG+1A0035_077   1.868 -14.782 -12.915
ARG+1A0035_078   2.155 -14.612 -12.457
ARG+1A0035_079   1.598 -14.109 -12.511
ARG+1A0035_080   2.015 -14.236 -12.221
