iConf CONFORMER     FL  occ    crg   Em0  pKa0 ne nH    vdw0    vdw1    tors    epol   dsolv   extra    history
00001 LYS01A0071_001 f 0.00  0.000     0  0.00  0  0 -10.326   0.663   1.337  -0.013  -3.149   0.000 01O000M000t
00002 LYS01A0071_002 f 0.00  0.000     0  0.00  0  0  -6.250   1.505   1.417  -0.079  -3.277   0.000 01E024M000t
00003 LYS01A0071_003 f 0.00  0.000     0  0.00  0  0  -8.754   5.156   1.242   0.006  -2.976   0.000 01E04AM000t
00004 LYS01A0071_004 f 0.00  0.000     0  0.00  0  0 -10.779   3.558   3.822  -0.070  -3.051   0.000 01E053M000t
00005 LYS01A0071_005 f 0.00  0.000     0  0.00  0  0  -9.694   0.547   4.168  -0.031  -2.908   0.000 01E076M000t
00006 LYS01A0071_006 f 0.00  0.000     0  0.00  0  0  -9.056   2.010   6.788  -0.031  -3.126   0.000 01E084M000t
00007 LYS01A0071_007 f 0.00  0.000     0  0.00  0  0  -8.560   2.306   4.240  -0.024  -2.987   0.000 01E0B0M000t
00008 LYS01A0071_008 f 0.00  0.000     0  0.00  0  0  -8.513   1.116   4.566  -0.053  -2.954   0.000 01E0E1M000t
00009 LYS01A0071_009 f 0.00  0.000     0  0.00  0  0  -7.800   2.849   1.602   0.006  -3.183   0.000 01T00EM000t
00010 LYS01A0071_010 f 0.00  0.000     0  0.00  0  0 -10.261   0.613   1.494  -0.023  -3.205   0.000 01T010M000t
00011 LYS01A0071_011 f 0.00  0.000     0  0.00  0  0  -9.648   2.106   4.418  -0.045  -3.196   0.000 01T028M000t
00012 LYS01A0071_012 f 0.00  0.000     0  0.00  0  0 -10.358   2.235   4.396  -0.053  -3.226   0.000 01T02AM000t
00013 LYS01A0071_013 f 0.00  0.000     0  0.00  0  0  -7.425   2.232   4.453  -0.024  -2.943   0.000 01T05EM000t
00014 LYS01A0071_014 f 0.00  0.000     0  0.00  0  0  -9.631   1.346   3.879  -0.039  -3.086   0.000 01T0A5M000t
00015 LYS01A0071_015 f 0.00  0.000     0  0.00  0  0  -7.373   1.116   4.543  -0.079  -3.214   0.000 01T0A9M000t
00016 LYS01A0071_016 f 0.00  0.000     0  0.00  0  0  -9.055   0.745   1.480  -0.008  -3.191   0.000 01T0C5M000t
00017 LYS01A0071_017 f 0.00  0.000     0  0.00  0  0  -8.767   0.558   1.710  -0.048  -2.791   0.000 01T0CEM000t
00018 LYS01A0071_018 f 0.00  0.000     0  0.00  0  0  -9.348   1.074   4.004  -0.021  -3.480   0.000 01T0D3M000t
00019 LYS01A0071_019 f 0.00  0.000     0  0.00  0  0  -9.093   2.716   1.477  -0.021  -2.975   0.000 01T0E6M000t
00020 LYS01A0071_020 f 0.00  0.000     0  0.00  0  0  -6.368   2.760   1.746  -0.020  -3.419   0.000 01T0E9M000t
00021 LYS+1A0071_021 f 0.00  1.000     0 10.40  0  1 -10.375   0.662   1.337   0.050 -41.144   0.000 +1O000M000t
00022 LYS+1A0071_022 f 0.00  1.000     0 10.40  0  1  -7.839   2.836   1.610  -0.015 -41.177   0.000 +1E00EM000t
00023 LYS+1A0071_023 f 0.00  1.000     0 10.40  0  1 -10.236   0.615   1.502   0.103 -41.097   0.000 +1E010M000t
00024 LYS+1A0071_024 f 0.00  1.000     0 10.40  0  1  -6.160   1.490   1.425   0.386 -41.131   0.000 +1E024M000t
00025 LYS+1A0071_025 f 0.00  1.000     0 10.40  0  1  -9.701   2.106   4.419   0.152 -41.578   0.000 +1E028M000t
00026 LYS+1A0071_026 f 0.00  1.000     0 10.40  0  1 -10.393   2.229   4.405   0.175 -41.092   0.000 +1E02AM000t
00027 LYS+1A0071_027 f 0.00  1.000     0 10.40  0  1  -7.570   2.234   4.461   0.109 -41.158   0.000 +1E05EM000t
00028 LYS+1A0071_028 f 0.00  1.000     0 10.40  0  1  -9.602   0.547   4.181   0.126 -41.509   0.000 +1E076M000t
00029 LYS+1A0071_029 f 0.00  1.000     0 10.40  0  1  -9.155   2.011   6.803   0.044 -40.549   0.000 +1E084M000t
00030 LYS+1A0071_030 f 0.00  1.000     0 10.40  0  1  -7.317   1.107   4.561   0.304 -41.082   0.000 +1E0A9M000t
00031 LYS+1A0071_031 f 0.00  1.000     0 10.40  0  1  -8.674   2.303   4.242   0.076 -40.629   0.000 +1E0B0M000t
00032 LYS+1A0071_032 f 0.00  1.000     0 10.40  0  1  -9.140   2.709   1.482  -0.096 -40.430   0.000 +1E0E6M000t
00033 LYS+1A0071_033 f 0.00  1.000     0 10.40  0  1  -8.759   5.244   1.246  -0.004 -40.564   0.000 +1T04AM000t
00034 LYS+1A0071_034 f 0.00  1.000     0 10.40  0  1 -10.822   3.579   3.827   0.243 -41.171   0.000 +1T053M000t
00035 LYS+1A0071_035 f 0.00  1.000     0 10.40  0  1  -9.676   1.354   3.897   0.131 -41.021   0.000 +1T0A5M000t
00036 LYS+1A0071_036 f 0.00  1.000     0 10.40  0  1  -9.032   0.743   1.488   0.096 -40.471   0.000 +1T0C5M000t
00037 LYS+1A0071_037 f 0.00  1.000     0 10.40  0  1  -8.842   0.547   1.713   0.188 -40.511   0.000 +1T0CEM000t
00038 LYS+1A0071_038 f 0.00  1.000     0 10.40  0  1  -9.223   1.074   4.059   0.100 -41.537   0.000 +1T0D3M000t
00039 LYS+1A0071_039 f 0.00  1.000     0 10.40  0  1  -8.617   1.112   4.579   0.005 -40.871   0.000 +1T0E1M000t
00040 LYS+1A0071_040 f 0.00  1.000     0 10.40  0  1  -6.284   2.768   1.752  -0.017 -40.540   0.000 +1T0E9M000t
