CONFORMER         crg  vdw0  vdw1  tors  epol  self   occ  Hb     history    ASA
LYS01A0071_001  0.000-10.33  0.66  1.34  0.00 -8.33 0.502  00  01O000M000  1.000
LYS01A0071_002  0.000 -6.30  1.50  1.42  0.00 -3.38 0.502  00  01E024M000  1.000
LYS01A0071_003  0.000 -8.75  5.16  1.24  0.00 -2.35 0.502  00  01E04AM000  1.000
LYS01A0071_004  0.000-10.78  3.56  3.82  0.00 -3.40 0.502  00  01E053M000  1.000
LYS01A0071_005  0.000 -9.69  0.55  4.17  0.00 -4.98 0.502  00  01E076M000  1.000
LYS01A0071_006  0.000 -9.04  2.01  6.79  0.00 -0.24 0.502  00  01E084M000  1.000
LYS01A0071_007  0.000 -8.49  2.31  4.24  0.00 -1.94 0.502  00  01E0B0M000  1.000
LYS01A0071_008  0.000 -8.52  1.07  4.57  0.00 -2.88 0.501  00  01E0E1M000  1.000
LYS01A0071_009  0.000 -7.78  2.85  1.60  0.00 -3.34 0.502  00  01T00EM000  1.000
LYS01A0071_010  0.000-10.26  0.61  1.49  0.00 -8.15 0.501  00  01T010M000  1.000
LYS01A0071_011  0.000 -9.65  2.11  4.42  0.00 -3.13 0.503  00  01T028M000  1.000
LYS01A0071_012  0.000-10.35  2.24  4.40  0.00 -3.72 0.502  00  01T02AM000  1.000
LYS01A0071_013  0.000 -7.43  2.24  4.45  0.00 -0.74 0.502  00  01T05EM000  1.000
LYS01A0071_014  0.000 -9.63  1.35  3.88  0.00 -4.40 0.502  00  01T0A5M000  1.000
LYS01A0071_015  0.000 -7.37  1.11  4.54  0.00 -1.71 0.502  00  01T0A9M000  1.000
LYS01A0071_016  0.000 -9.05  0.70  1.48  0.00 -6.88 0.502  00  01T0C5M000  1.000
LYS01A0071_017  0.000 -8.76  0.51  1.71  0.00 -6.54 0.502  00  01T0CEM000  1.000
LYS01A0071_018  0.000 -9.35  1.03  4.00  0.00 -4.32 0.502  00  01T0D3M000  1.000
LYS01A0071_019  0.000 -9.09  2.71  1.48  0.00 -4.90 0.501  00  01T0E6M000  1.000
LYS01A0071_020  0.000 -6.36  2.77  1.75  0.00 -1.85 0.502  00  01T0E9M000  1.000
LYS+1A0071_021  1.000-10.38  0.66  1.34  0.00 -8.38 0.502  00  +1O000M000  1.000
LYS+1A0071_022  1.000 -7.84  2.83  1.61  0.00 -3.40 0.502  00  +1E00EM000  1.000
LYS+1A0071_023  1.000-10.24  0.61  1.50  0.00 -8.12 0.501  00  +1E010M000  1.000
LYS+1A0071_024  1.000 -6.16  1.49  1.42  0.00 -3.24 0.502  00  +1E024M000  1.000
LYS+1A0071_025  1.000 -9.70  2.10  4.42  0.00 -3.18 0.503  00  +1E028M000  1.000
LYS+1A0071_026  1.000-10.39  2.23  4.40  0.00 -3.76 0.502  00  +1E02AM000  1.000
LYS+1A0071_027  1.000 -7.58  2.24  4.46  0.00 -0.88 0.502  00  +1E05EM000  1.000
LYS+1A0071_028  1.000 -9.60  0.55  4.18  0.00 -4.87 0.502  00  +1E076M000  1.000
LYS+1A0071_029  1.000 -9.15  2.01  6.80  0.00 -0.34 0.502  00  +1E084M000  1.000
LYS+1A0071_030  1.000 -7.32  1.11  4.56  0.00 -1.66 0.502  00  +1E0A9M000  1.000
LYS+1A0071_031  1.000 -8.61  2.31  4.24  0.00 -2.06 0.502  00  +1E0B0M000  1.000
LYS+1A0071_032  1.000 -9.14  2.70  1.48  0.00 -4.96 0.501  00  +1E0E6M000  1.000
LYS+1A0071_033  1.000 -8.71  5.23  1.25  0.00 -2.23 0.502  00  +1T04AM000  1.000
LYS+1A0071_034  1.000-10.82  3.57  3.83  0.00 -3.42 0.502  00  +1T053M000  1.000
LYS+1A0071_035  1.000 -9.68  1.35  3.90  0.00 -4.43 0.502  00  +1T0A5M000  1.000
LYS+1A0071_036  1.000 -9.03  0.70  1.49  0.00 -6.85 0.502  00  +1T0C5M000  1.000
LYS+1A0071_037  1.000 -8.84  0.50  1.71  0.00 -6.63 0.502  00  +1T0CEM000  1.000
LYS+1A0071_038  1.000 -9.22  1.03  4.06  0.00 -4.13 0.502  00  +1T0D3M000  1.000
LYS+1A0071_039  1.000 -8.62  1.06  4.58  0.00 -2.98 0.501  00  +1T0E1M000  1.000
LYS+1A0071_040  1.000 -6.23  2.77  1.75  0.00 -1.71 0.502  00  +1T0E9M000  1.000
