   confID        vdw0    sas     sum
LYS01A0071_001   2.038 -12.363 -10.326
LYS01A0071_002   6.190 -12.440  -6.250
LYS01A0071_003   3.185 -11.939  -8.754
LYS01A0071_004   2.196 -12.975 -10.779
LYS01A0071_005   2.776 -12.470  -9.694
LYS01A0071_006   3.138 -12.193  -9.056
LYS01A0071_007   3.518 -12.078  -8.560
LYS01A0071_008   3.359 -11.872  -8.513
LYS01A0071_009   4.190 -11.990  -7.800
LYS01A0071_010   1.967 -12.228 -10.261
LYS01A0071_011   2.583 -12.231  -9.648
LYS01A0071_012   1.789 -12.148 -10.358
LYS01A0071_013   4.699 -12.123  -7.425
LYS01A0071_014   2.771 -12.402  -9.631
LYS01A0071_015   5.110 -12.483  -7.373
LYS01A0071_016   3.120 -12.174  -9.055
LYS01A0071_017   3.578 -12.345  -8.767
LYS01A0071_018   3.170 -12.518  -9.348
LYS01A0071_019   3.111 -12.203  -9.093
LYS01A0071_020   5.478 -11.846  -6.368
LYS+1A0071_021   1.989 -12.363 -10.375
LYS+1A0071_022   4.203 -12.041  -7.839
LYS+1A0071_023   1.927 -12.164 -10.236
LYS+1A0071_024   6.293 -12.453  -6.160
LYS+1A0071_025   2.530 -12.231  -9.701
LYS+1A0071_026   1.755 -12.148 -10.393
LYS+1A0071_027   4.618 -12.188  -7.570
LYS+1A0071_028   2.698 -12.300  -9.602
LYS+1A0071_029   3.090 -12.245  -9.155
LYS+1A0071_030   5.115 -12.431  -7.317
LYS+1A0071_031   3.455 -12.129  -8.674
LYS+1A0071_032   3.064 -12.203  -9.140
LYS+1A0071_033   3.181 -11.939  -8.759
LYS+1A0071_034   2.153 -12.975 -10.822
LYS+1A0071_035   2.726 -12.402  -9.676
LYS+1A0071_036   3.074 -12.107  -9.032
LYS+1A0071_037   3.503 -12.345  -8.842
LYS+1A0071_038   3.140 -12.363  -9.223
LYS+1A0071_039   3.307 -11.923  -8.617
LYS+1A0071_040   5.536 -11.820  -6.284
