CONFORMER         crg  vdw0  vdw1  tors  epol  self   occ  Hb     history    ASA
ARG01A0126_001  0.000-13.11  0.07  1.02  0.00-12.03 0.502  00  01O000M000  1.000
ARG01A0126_002  0.000-12.69  2.87  3.21  0.00 -6.61 0.502  00  01E003M000  1.000
ARG01A0126_003  0.000-12.59  0.29  4.96  0.00 -7.35 0.501  00  01E022M000  1.000
ARG01A0126_004  0.000-12.44  1.45  1.51  0.00 -9.48 0.501  00  01E05BM000  1.000
ARG01A0126_005  0.000-12.18  3.29  4.41  0.00 -4.48 0.501  00  01E089M000  1.000
ARG01A0126_006  0.000-11.45  1.55  3.09  0.00 -6.81 0.502  00  01E092M000  1.000
ARG01A0126_007  0.000-11.41  2.57  3.21  0.00 -5.63 0.502  00  01E0A5M000  1.000
ARG01A0126_008  0.000-13.66  1.63  3.70  0.00 -8.32 0.502  00  01E0DDM000  1.000
ARG01A0126_009  0.000-11.22  1.21  1.61  0.00 -8.40 0.501  00  01E0F1M000  1.000
ARG01A0126_010  0.000-12.70 -0.08  3.18  0.00 -9.61 0.502  00  01T015M000  1.000
ARG01A0126_011  0.000-11.92  0.16  3.70  0.00 -8.07 0.502  00  01T02BM000  1.000
ARG01A0126_012  0.000-12.36  0.48  1.53  0.00-10.35 0.501  00  01T052M000  1.000
ARG01A0126_013  0.000-13.71  0.76  3.79  0.00 -9.17 0.501  00  01T074M000  1.000
ARG01A0126_014  0.000-12.07 -0.02  0.68  0.00-11.41 0.501  00  01T084M000  1.000
ARG01A0126_015  0.000-12.92  2.86  0.61  0.00 -9.45 0.501  00  01T0B2M000  1.000
ARG01A0126_016  0.000-11.88  2.81  0.60  0.00 -8.48 0.502  00  01T0B5M000  1.000
ARG01A0126_017  0.000-11.47  0.28  3.22  0.00 -7.97 0.501  00  01T0BFM000  1.000
ARG01A0126_018  0.000-13.13  2.16  0.87  0.00-10.10 0.502  00  01T0D7M000  1.000
ARG01A0126_019  0.000-11.17  1.23  3.73  0.00 -6.20 0.502  00  01T0F6M000  1.000
ARG01A0126_020  0.000-12.22  1.52  5.61  0.00 -5.09 0.502  00  01T12DM000  1.000
ARG02A0126_021  0.000-13.13  0.07  1.02  0.00-12.04 0.502  00  02O000M000  1.000
ARG02A0126_022  0.000-10.18  1.26  1.43  0.00 -7.49 0.501  00  02E0F1M000  1.000
ARG02A0126_023  0.000-11.47  0.16  3.65  0.00 -7.66 0.502  00  02E02BM000  1.000
ARG02A0126_024  0.000-12.24  1.32  1.43  0.00 -9.48 0.501  00  02E05BM000  1.000
ARG02A0126_025  0.000-12.15  3.18  4.45  0.00 -4.53 0.501  00  02E089M000  1.000
ARG02A0126_026  0.000-12.87  1.73  2.91  0.00 -8.22 0.502  00  02E0DDM000  1.000
ARG02A0126_027  0.000-12.20  0.30  4.79  0.00 -7.12 0.501  00  02T022M000  1.000
ARG02A0126_028  0.000-11.74  1.53  3.09  0.00 -7.12 0.502  00  02T092M000  1.000
ARG02A0126_029  0.000-11.19  2.55  3.20  0.00 -5.43 0.502  00  02T0A5M000  1.000
ARG02A0126_030  0.000-12.65  2.98  0.62  0.00 -9.04 0.501  00  02T0B2M000  1.000
ARG02A0126_031  0.000-11.88  2.97  0.59  0.00 -8.32 0.502  00  02T0B5M000  1.000
ARG02A0126_032  0.000-11.20  0.26  3.21  0.00 -7.73 0.501  00  02T0BFM000  1.000
ARG02A0126_033  0.000-12.66  2.76  3.21  0.00 -6.68 0.502  00  02T003M000  1.000
ARG02A0126_034  0.000-12.59 -0.07  3.14  0.00 -9.51 0.502  00  02T015M000  1.000
ARG02A0126_035  0.000-12.10  0.50  1.44  0.00-10.16 0.501  00  02T052M000  1.000
ARG02A0126_036  0.000-13.89  1.35  3.37  0.00 -9.17 0.501  00  02T074M000  1.000
ARG02A0126_037  0.000-12.13 -0.02  0.63  0.00-11.52 0.501  00  02T084M000  1.000
ARG02A0126_038  0.000-13.00  2.55  0.80  0.00 -9.65 0.502  00  02T0D7M000  1.000
ARG02A0126_039  0.000-11.07  1.10  3.72  0.00 -6.26 0.502  00  02T0F6M000  1.000
ARG02A0126_040  0.000-11.90  1.21  5.58  0.00 -5.10 0.502  00  02T12DM000  1.000
ARG03A0126_041  0.000-13.13  0.07  1.02  0.00-12.05 0.502  00  03O000M000  1.000
ARG03A0126_042  0.000-12.03 -0.03  0.61  0.00-11.45 0.501  00  03E084M000  1.000
ARG03A0126_043  0.000-12.17  3.17  4.44  0.00 -4.56 0.501  00  03E089M000  1.000
ARG03A0126_044  0.000-11.32  0.28  3.18  0.00 -7.85 0.501  00  03E0BFM000  1.000
ARG03A0126_045  0.000-11.11  1.10  3.71  0.00 -6.30 0.502  00  03E0F6M000  1.000
ARG03A0126_046  0.000-12.70  2.77  3.21  0.00 -6.72 0.502  00  03E003M000  1.000
ARG03A0126_047  0.000-11.63  0.15  3.63  0.00 -7.85 0.502  00  03T02BM000  1.000
ARG03A0126_048  0.000-14.13  1.37  3.33  0.00 -9.42 0.501  00  03T074M000  1.000
ARG03A0126_049  0.000-12.07  0.50  1.44  0.00-10.12 0.501  00  03T052M000  1.000
ARG03A0126_050  0.000-11.41  2.59  3.17  0.00 -5.66 0.502  00  03T0A5M000  1.000
ARG03A0126_051  0.000-12.80  3.01  0.59  0.00 -9.20 0.501  00  03T0B2M000  1.000
ARG03A0126_052  0.000-11.91  2.94  0.58  0.00 -8.39 0.502  00  03T0B5M000  1.000
ARG03A0126_053  0.000-12.17  1.46  5.59  0.00 -5.12 0.502  00  03T12DM000  1.000
ARG03A0126_054  0.000-12.11  0.28  4.65  0.00 -7.19 0.501  00  03T022M000  1.000
ARG03A0126_055  0.000-12.19  1.33  1.43  0.00 -9.42 0.501  00  03T05BM000  1.000
ARG03A0126_056  0.000-10.29  1.28  1.43  0.00 -7.58 0.501  00  03T0F1M000  1.000
ARG03A0126_057  0.000-12.71 -0.09  3.15  0.00 -9.65 0.502  00  03T015M000  1.000
ARG03A0126_058  0.000-11.39  1.53  3.08  0.00 -6.78 0.502  00  03T092M000  1.000
ARG03A0126_059  0.000-13.05  2.60  0.75  0.00 -9.70 0.502  00  03T0D7M000  1.000
ARG03A0126_060  0.000-12.99  1.70  2.87  0.00 -8.42 0.502  00  03T0DDM000  1.000
ARG+1A0126_061  1.000-13.17  0.07  1.02  0.00-12.09 0.502  00  +1O000M000  1.000
ARG+1A0126_062  1.000-12.81 -0.09  3.15  0.00 -9.75 0.502  00  +1E015M000  1.000
ARG+1A0126_063  1.000-12.05  0.30  4.84  0.00 -6.91 0.501  00  +1E022M000  1.000
ARG+1A0126_064  1.000-12.14  0.50  1.44  0.00-10.19 0.501  00  +1E052M000  1.000
ARG+1A0126_065  1.000-12.24  1.32  1.44  0.00 -9.48 0.501  00  +1E05BM000  1.000
ARG+1A0126_066  1.000-14.02  1.35  3.38  0.00 -9.28 0.501  00  +1E074M000  1.000
ARG+1A0126_067  1.000-12.31  3.18  4.44  0.00 -4.69 0.501  00  +1E089M000  1.000
ARG+1A0126_068  1.000-11.49  1.53  3.08  0.00 -6.88 0.502  00  +1E092M000  1.000
ARG+1A0126_069  1.000-13.04  2.52  0.82  0.00 -9.70 0.502  00  +1E0D7M000  1.000
ARG+1A0126_070  1.000-12.90  1.71  2.92  0.00 -8.27 0.502  00  +1E0DDM000  1.000
ARG+1A0126_071  1.000-10.22  1.26  1.45  0.00 -7.52 0.501  00  +1E0F1M000  1.000
ARG+1A0126_072  1.000-12.16  1.48  5.58  0.00 -5.10 0.502  00  +1E12DM000  1.000
ARG+1A0126_073  1.000-12.72  2.75  3.22  0.00 -6.74 0.502  00  +1T003M000  1.000
ARG+1A0126_074  1.000-11.64  0.16  3.66  0.00 -7.82 0.502  00  +1T02BM000  1.000
ARG+1A0126_075  1.000-12.24 -0.03  0.64  0.00-11.62 0.501  00  +1T084M000  1.000
ARG+1A0126_076  1.000-11.16  2.56  3.21  0.00 -5.38 0.502  00  +1T0A5M000  1.000
ARG+1A0126_077  1.000-12.69  2.97  0.63  0.00 -9.09 0.501  00  +1T0B2M000  1.000
ARG+1A0126_078  1.000-11.88  3.01  0.59  0.00 -8.29 0.502  00  +1T0B5M000  1.000
ARG+1A0126_079  1.000-11.08  0.26  3.22  0.00 -7.60 0.501  00  +1T0BFM000  1.000
ARG+1A0126_080  1.000-11.26  1.09  3.71  0.00 -6.46 0.502  00  +1T0F6M000  1.000
