iConf CONFORMER     FL  occ    crg   Em0  pKa0 ne nH    vdw0    vdw1    tors    epol   dsolv   extra    history
00001 ARG01A0126_001 f 0.00  0.000     0  0.00  0  0 -13.113   0.174   1.015   0.043 -10.384   0.000 01O000M000t
00002 ARG01A0126_002 f 0.00  0.000     0  0.00  0  0 -12.684   2.918   3.216   0.121 -10.376   0.000 01E003M000t
00003 ARG01A0126_003 f 0.00  0.000     0  0.00  0  0 -12.591   0.342   4.960   0.030  -9.554   0.000 01E022M000t
00004 ARG01A0126_004 f 0.00  0.000     0  0.00  0  0 -12.439   1.450   1.505   0.066 -10.211   0.000 01E05BM000t
00005 ARG01A0126_005 f 0.00  0.000     0  0.00  0  0 -12.188   3.388   4.415   0.023  -9.536   0.000 01E089M000t
00006 ARG01A0126_006 f 0.00  0.000     0  0.00  0  0 -11.455   1.603   3.087   0.047  -9.524   0.000 01E092M000t
00007 ARG01A0126_007 f 0.00  0.000     0  0.00  0  0 -11.413   2.628   3.208   0.051  -9.087   0.000 01E0A5M000t
00008 ARG01A0126_008 f 0.00  0.000     0  0.00  0  0 -13.658   1.681   3.697   0.359  -9.943   0.000 01E0DDM000t
00009 ARG01A0126_009 f 0.00  0.000     0  0.00  0  0 -11.213   1.211   1.617   0.022  -9.824   0.000 01E0F1M000t
00010 ARG01A0126_010 f 0.00  0.000     0  0.00  0  0 -12.698   0.021   3.175   0.063  -9.374   0.000 01T015M000t
00011 ARG01A0126_011 f 0.00  0.000     0  0.00  0  0 -11.916   0.203   3.694  -0.067  -9.471   0.000 01T02BM000t
00012 ARG01A0126_012 f 0.00  0.000     0  0.00  0  0 -12.350   0.529   1.534   0.077  -9.415   0.000 01T052M000t
00013 ARG01A0126_013 f 0.00  0.000     0  0.00  0  0 -13.717   0.764   3.781   0.154  -9.674   0.000 01T074M000t
00014 ARG01A0126_014 f 0.00  0.000     0  0.00  0  0 -12.056   0.079   0.683   0.027 -10.249   0.000 01T084M000t
00015 ARG01A0126_015 f 0.00  0.000     0  0.00  0  0 -12.916   2.984   0.610   0.033  -9.395   0.000 01T0B2M000t
00016 ARG01A0126_016 f 0.00  0.000     0  0.00  0  0 -11.885   2.928   0.597   0.002  -9.416   0.000 01T0B5M000t
00017 ARG01A0126_017 f 0.00  0.000     0  0.00  0  0 -11.348   0.337   3.221  -0.005  -9.422   0.000 01T0BFM000t
00018 ARG01A0126_018 f 0.00  0.000     0  0.00  0  0 -13.134   2.212   0.866  -0.016  -9.075   0.000 01T0D7M000t
00019 ARG01A0126_019 f 0.00  0.000     0  0.00  0  0 -11.157   1.235   3.731   0.057  -9.379   0.000 01T0F6M000t
00020 ARG01A0126_020 f 0.00  0.000     0  0.00  0  0 -12.220   1.519   5.613   0.135  -9.334   0.000 01T12DM000t
00021 ARG02A0126_021 f 0.00  0.000     0  0.00  0  0 -13.125   0.174   1.015   0.046  -8.087   0.000 02O000M000t
00022 ARG02A0126_022 f 0.00  0.000     0  0.00  0  0 -10.181   1.266   1.434   0.067  -8.926   0.000 02E0F1M000t
00023 ARG02A0126_023 f 0.00  0.000     0  0.00  0  0 -11.471   0.210   3.647  -0.087  -8.664   0.000 02E02BM000t
00024 ARG02A0126_024 f 0.00  0.000     0  0.00  0  0 -12.240   1.323   1.433   0.059  -9.244   0.000 02E05BM000t
00025 ARG02A0126_025 f 0.00  0.000     0  0.00  0  0 -12.210   3.286   4.448   0.014  -9.063   0.000 02E089M000t
00026 ARG02A0126_026 f 0.00  0.000     0  0.00  0  0 -12.868   1.785   2.914   0.283  -8.852   0.000 02E0DDM000t
00027 ARG02A0126_027 f 0.00  0.000     0  0.00  0  0 -12.202   0.350   4.789   0.046  -8.431   0.000 02T022M000t
00028 ARG02A0126_028 f 0.00  0.000     0  0.00  0  0 -11.745   1.590   3.087   0.058  -8.158   0.000 02T092M000t
00029 ARG02A0126_029 f 0.00  0.000     0  0.00  0  0 -11.182   2.604   3.200   0.015  -8.512   0.000 02T0A5M000t
00030 ARG02A0126_030 f 0.00  0.000     0  0.00  0  0 -12.649   3.090   0.625   0.061  -8.493   0.000 02T0B2M000t
00031 ARG02A0126_031 f 0.00  0.000     0  0.00  0  0 -11.882   3.086   0.589   0.030  -8.645   0.000 02T0B5M000t
00032 ARG02A0126_032 f 0.00  0.000     0  0.00  0  0 -11.191   0.312   3.207  -0.009  -8.503   0.000 02T0BFM000t
00033 ARG02A0126_033 f 0.00  0.000     0  0.00  0  0 -12.590   2.823   3.212   0.101  -8.724   0.000 02T003M000t
00034 ARG02A0126_034 f 0.00  0.000     0  0.00  0  0 -12.591   0.037   3.144   0.021  -8.678   0.000 02T015M000t
00035 ARG02A0126_035 f 0.00  0.000     0  0.00  0  0 -12.095   0.551   1.441   0.068  -9.526   0.000 02T052M000t
00036 ARG02A0126_036 f 0.00  0.000     0  0.00  0  0 -13.887   1.353   3.371   0.113  -9.500   0.000 02T074M000t
00037 ARG02A0126_037 f 0.00  0.000     0  0.00  0  0 -12.133   0.083   0.628   0.008  -8.691   0.000 02T084M000t
00038 ARG02A0126_038 f 0.00  0.000     0  0.00  0  0 -13.005   2.597   0.798  -0.046  -8.406   0.000 02T0D7M000t
00039 ARG02A0126_039 f 0.00  0.000     0  0.00  0  0 -11.069   1.100   3.721   0.059  -8.917   0.000 02T0F6M000t
00040 ARG02A0126_040 f 0.00  0.000     0  0.00  0  0 -11.896   1.214   5.582  -0.255  -8.719   0.000 02T12DM000t
00041 ARG03A0126_041 f 0.00  0.000     0  0.00  0  0 -13.134   0.173   1.015   0.041  -8.322   0.000 03O000M000t
00042 ARG03A0126_042 f 0.00  0.000     0  0.00  0  0 -12.023   0.070   0.609   0.014  -9.271   0.000 03E084M000t
00043 ARG03A0126_043 f 0.00  0.000     0  0.00  0  0 -12.172   3.280   4.441   0.022  -8.255   0.000 03E089M000t
00044 ARG03A0126_044 f 0.00  0.000     0  0.00  0  0 -11.318   0.338   3.185  -0.023  -8.156   0.000 03E0BFM000t
00045 ARG03A0126_045 f 0.00  0.000     0  0.00  0  0 -11.114   1.106   3.710   0.072  -8.698   0.000 03E0F6M000t
00046 ARG03A0126_046 f 0.00  0.000     0  0.00  0  0 -12.702   2.828   3.210   0.107  -8.818   0.000 03E003M000t
00047 ARG03A0126_047 f 0.00  0.000     0  0.00  0  0 -11.626   0.195   3.633  -0.065  -8.021   0.000 03T02BM000t
00048 ARG03A0126_048 f 0.00  0.000     0  0.00  0  0 -14.129   1.371   3.333   0.140  -9.190   0.000 03T074M000t
00049 ARG03A0126_049 f 0.00  0.000     0  0.00  0  0 -12.129   0.549   1.442   0.074  -8.497   0.000 03T052M000t
00050 ARG03A0126_050 f 0.00  0.000     0  0.00  0  0 -11.409   2.645   3.170   0.009  -8.283   0.000 03T0A5M000t
00051 ARG03A0126_051 f 0.00  0.000     0  0.00  0  0 -12.801   3.139   0.587   0.059  -8.206   0.000 03T0B2M000t
00052 ARG03A0126_052 f 0.00  0.000     0  0.00  0  0 -11.906   3.061   0.583   0.026  -8.600   0.000 03T0B5M000t
00053 ARG03A0126_053 f 0.00  0.000     0  0.00  0  0 -12.167   1.466   5.587   0.097  -7.797   0.000 03T12DM000t
00054 ARG03A0126_054 f 0.00  0.000     0  0.00  0  0 -12.113   0.333   4.648   0.032  -8.157   0.000 03T022M000t
00055 ARG03A0126_055 f 0.00  0.000     0  0.00  0  0 -12.199   1.333   1.432   0.070  -8.725   0.000 03T05BM000t
00056 ARG03A0126_056 f 0.00  0.000     0  0.00  0  0 -10.303   1.283   1.427   0.046  -8.668   0.000 03T0F1M000t
00057 ARG03A0126_057 f 0.00  0.000     0  0.00  0  0 -12.715   0.016   3.147   0.057  -8.657   0.000 03T015M000t
00058 ARG03A0126_058 f 0.00  0.000     0  0.00  0  0 -11.397   1.581   3.079   0.042  -8.693   0.000 03T092M000t
00059 ARG03A0126_059 f 0.00  0.000     0  0.00  0  0 -13.044   2.659   0.748   0.036  -9.490   0.000 03T0D7M000t
00060 ARG03A0126_060 f 0.00  0.000     0  0.00  0  0 -12.999   1.758   2.870   0.370  -9.517   0.000 03T0DDM000t
00061 ARG+1A0126_061 f 0.00  1.000     0 12.50  0  1 -13.172   0.173   1.015   0.135 -34.516   0.000 +1O000M000t
00062 ARG+1A0126_062 f 0.00  1.000     0 12.50  0  1 -12.754   0.014   3.155   0.152 -33.786   0.000 +1E015M000t
00063 ARG+1A0126_063 f 0.00  1.000     0 12.50  0  1 -12.055   0.357   4.845   0.147 -35.315   0.000 +1E022M000t
00064 ARG+1A0126_064 f 0.00  1.000     0 12.50  0  1 -12.147   0.555   1.442   0.176 -34.291   0.000 +1E052M000t
00065 ARG+1A0126_065 f 0.00  1.000     0 12.50  0  1 -12.306   1.318   1.438   0.202 -35.128   0.000 +1E05BM000t
00066 ARG+1A0126_066 f 0.00  1.000     0 12.50  0  1 -14.015   1.358   3.381   0.276 -33.934   0.000 +1E074M000t
00067 ARG+1A0126_067 f 0.00  1.000     0 12.50  0  1 -12.306   3.283   4.443   0.162 -34.108   0.000 +1E089M000t
00068 ARG+1A0126_068 f 0.00  1.000     0 12.50  0  1 -11.490   1.584   3.076   0.182 -34.017   0.000 +1E092M000t
00069 ARG+1A0126_069 f 0.00  1.000     0 12.50  0  1 -13.044   2.578   0.819   0.397 -33.861   0.000 +1E0D7M000t
00070 ARG+1A0126_070 f 0.00  1.000     0 12.50  0  1 -12.899   1.760   2.919   0.657 -33.969   0.000 +1E0DDM000t
00071 ARG+1A0126_071 f 0.00  1.000     0 12.50  0  1 -10.216   1.261   1.446   0.246 -33.904   0.000 +1E0F1M000t
00072 ARG+1A0126_072 f 0.00  1.000     0 12.50  0  1 -12.217   1.483   5.585   0.436 -33.604   0.000 +1E12DM000t
00073 ARG+1A0126_073 f 0.00  1.000     0 12.50  0  1 -12.717   2.803   3.218   0.253 -34.424   0.000 +1T003M000t
00074 ARG+1A0126_074 f 0.00  1.000     0 12.50  0  1 -11.642   0.204   3.656   0.243 -34.488   0.000 +1T02BM000t
00075 ARG+1A0126_075 f 0.00  1.000     0 12.50  0  1 -12.243   0.076   0.642   0.130 -34.777   0.000 +1T084M000t
00076 ARG+1A0126_076 f 0.00  1.000     0 12.50  0  1 -11.161   2.612   3.213   0.239 -35.228   0.000 +1T0A5M000t
00077 ARG+1A0126_077 f 0.00  1.000     0 12.50  0  1 -12.690   3.085   0.634   0.222 -33.449   0.000 +1T0B2M000t
00078 ARG+1A0126_078 f 0.00  1.000     0 12.50  0  1 -11.888   3.133   0.588   0.212 -34.374   0.000 +1T0B5M000t
00079 ARG+1A0126_079 f 0.00  1.000     0 12.50  0  1 -11.102   0.317   3.216   0.160 -34.398   0.000 +1T0BFM000t
00080 ARG+1A0126_080 f 0.00  1.000     0 12.50  0  1 -11.253   1.088   3.715   0.215 -34.014   0.000 +1T0F6M000t
