   confID        vdw0    sas     sum
ARG01A0126_001   1.340 -14.453 -13.113
ARG01A0126_002   1.319 -14.003 -12.684
ARG01A0126_003   1.582 -14.173 -12.591
ARG01A0126_004   2.292 -14.731 -12.439
ARG01A0126_005   2.144 -14.332 -12.188
ARG01A0126_006   2.315 -13.770 -11.455
ARG01A0126_007   2.385 -13.798 -11.413
ARG01A0126_008   1.303 -14.961 -13.658
ARG01A0126_009   3.881 -15.094 -11.213
ARG01A0126_010   1.745 -14.444 -12.698
ARG01A0126_011   2.811 -14.727 -11.916
ARG01A0126_012   2.289 -14.639 -12.350
ARG01A0126_013   1.323 -15.040 -13.717
ARG01A0126_014   2.349 -14.406 -12.056
ARG01A0126_015   1.460 -14.376 -12.916
ARG01A0126_016   2.297 -14.182 -11.885
ARG01A0126_017   2.372 -13.719 -11.348
ARG01A0126_018   1.584 -14.718 -13.134
ARG01A0126_019   3.412 -14.569 -11.157
ARG01A0126_020   2.432 -14.652 -12.220
ARG02A0126_021   1.328 -14.453 -13.125
ARG02A0126_022   4.301 -14.482 -10.181
ARG02A0126_023   2.940 -14.411 -11.471
ARG02A0126_024   2.427 -14.667 -12.240
ARG02A0126_025   2.276 -14.485 -12.210
ARG02A0126_026   1.779 -14.647 -12.868
ARG02A0126_027   1.759 -13.961 -12.202
ARG02A0126_028   2.291 -14.037 -11.745
ARG02A0126_029   2.520 -13.702 -11.182
ARG02A0126_030   1.550 -14.200 -12.649
ARG02A0126_031   2.297 -14.179 -11.882
ARG02A0126_032   2.505 -13.696 -11.191
ARG02A0126_033   1.301 -13.891 -12.590
ARG02A0126_034   1.866 -14.456 -12.591
ARG02A0126_035   2.405 -14.500 -12.095
ARG02A0126_036   1.037 -14.924 -13.887
ARG02A0126_037   2.217 -14.351 -12.133
ARG02A0126_038   1.564 -14.570 -13.005
ARG02A0126_039   3.555 -14.624 -11.069
ARG02A0126_040   2.518 -14.413 -11.896
ARG03A0126_041   1.319 -14.453 -13.134
ARG03A0126_042   2.285 -14.309 -12.023
ARG03A0126_043   2.198 -14.370 -12.172
ARG03A0126_044   2.437 -13.754 -11.318
ARG03A0126_045   3.510 -14.624 -11.114
ARG03A0126_046   1.356 -14.058 -12.702
ARG03A0126_047   2.868 -14.495 -11.626
ARG03A0126_048   0.927 -15.056 -14.129
ARG03A0126_049   2.391 -14.520 -12.129
ARG03A0126_050   2.444 -13.853 -11.409
ARG03A0126_051   1.467 -14.267 -12.801
ARG03A0126_052   2.340 -14.246 -11.906
ARG03A0126_053   2.442 -14.610 -12.167
ARG03A0126_054   1.831 -13.945 -12.113
ARG03A0126_055   2.403 -14.602 -12.199
ARG03A0126_056   4.310 -14.614 -10.303
ARG03A0126_057   1.773 -14.488 -12.715
ARG03A0126_058   2.324 -13.722 -11.397
ARG03A0126_059   1.461 -14.505 -13.044
ARG03A0126_060   1.712 -14.711 -12.999
ARG+1A0126_061   1.281 -14.453 -13.172
ARG+1A0126_062   1.750 -14.504 -12.754
ARG+1A0126_063   1.790 -13.845 -12.055
ARG+1A0126_064   2.357 -14.504 -12.147
ARG+1A0126_065   2.361 -14.667 -12.306
ARG+1A0126_066   0.910 -14.924 -14.015
ARG+1A0126_067   2.180 -14.485 -12.306
ARG+1A0126_068   2.279 -13.770 -11.490
ARG+1A0126_069   1.461 -14.505 -13.044
ARG+1A0126_070   1.684 -14.583 -12.899
ARG+1A0126_071   4.382 -14.597 -10.216
ARG+1A0126_072   2.379 -14.597 -12.217
ARG+1A0126_073   1.306 -14.023 -12.717
ARG+1A0126_074   2.837 -14.479 -11.642
ARG+1A0126_075   2.168 -14.412 -12.243
ARG+1A0126_076   2.473 -13.635 -11.161
ARG+1A0126_077   1.494 -14.183 -12.690
ARG+1A0126_078   2.311 -14.198 -11.888
ARG+1A0126_079   2.466 -13.568 -11.102
ARG+1A0126_080   3.487 -14.740 -11.253
