iConf CONFORMER     FL  occ    crg   Em0  pKa0 ne nH    vdw0    vdw1    tors    epol   dsolv   extra    history
00001 LYS01A0063_001 f 0.00  0.000     0  0.00  0  0 -11.333   1.608   1.104  -0.030  -2.890   0.000 01O000M000t
00002 LYS01A0063_002 f 0.00  0.000     0  0.00  0  0 -11.145   0.211   1.564  -0.013  -3.163   0.000 01E0A9M000t
00003 LYS01A0063_003 f 0.00  0.000     0  0.00  0  0  -9.208   0.049   1.043  -0.021  -3.191   0.000 01E0B1M000t
00004 LYS01A0063_004 f 0.00  0.000     0  0.00  0  0  -9.255   1.211   6.410  -0.023  -3.140   0.000 01E10CM000t
00005 LYS01A0063_005 f 0.00  0.000     0  0.00  0  0  -8.875   1.414   4.764  -0.012  -3.220   0.000 01E10DM000t
00006 LYS01A0063_006 f 0.00  0.000     0  0.00  0  0  -9.206   0.394   3.721  -0.041  -3.352   0.000 01E112M000t
00007 LYS01A0063_007 f 0.00  0.000     0  0.00  0  0  -7.373   0.351   1.983  -0.046  -3.015   0.000 01E128M000t
00008 LYS01A0063_008 f 0.00  0.000     0  0.00  0  0  -7.795   0.790   1.432   1.032  -2.551   0.000 01E12CM000t
00009 LYS01A0063_009 f 0.00  0.000     0  0.00  0  0 -10.200   0.643   1.432  -0.020  -3.668   0.000 01E12EM000t
00010 LYS01A0063_010 f 0.00  0.000     0  0.00  0  0  -9.999   0.120   1.582  -0.027  -3.051   0.000 01T017M000t
00011 LYS01A0063_011 f 0.00  0.000     0  0.00  0  0  -9.881   2.391   4.355  -0.176  -3.332   0.000 01T02AM000t
00012 LYS01A0063_012 f 0.00  0.000     0  0.00  0  0  -8.264   1.054   4.756  -0.072  -2.946   0.000 01T02FM000t
00013 LYS01A0063_013 f 0.00  0.000     0  0.00  0  0  -8.306   0.661   2.102  -0.036  -3.036   0.000 01T032M000t
00014 LYS01A0063_014 f 0.00  0.000     0  0.00  0  0  -9.383   0.735   1.452  -0.051  -2.927   0.000 01T03DM000t
00015 LYS01A0063_015 f 0.00  0.000     0  0.00  0  0 -12.144   0.881   5.229  -0.011  -3.105   0.000 01T044M000t
00016 LYS01A0063_016 f 0.00  0.000     0  0.00  0  0 -11.943   1.558   2.526  -0.020  -3.233   0.000 01T05CM000t
00017 LYS01A0063_017 f 0.00  0.000     0  0.00  0  0 -10.869   1.759   1.125  -0.029  -3.123   0.000 01T05FM000t
00018 LYS01A0063_018 f 0.00  0.000     0  0.00  0  0  -8.551   0.481   2.833  -0.022  -2.825   0.000 01T07FM000t
00019 LYS01A0063_019 f 0.00  0.000     0  0.00  0  0  -7.901   0.998   4.101  -0.040  -3.385   0.000 01T0CDM000t
00020 LYS01A0063_020 f 0.00  0.000     0  0.00  0  0  -8.335   0.863   2.086  -0.016  -3.337   0.000 01T135M000t
00021 LYS+1A0063_021 f 0.00  1.000     0 10.40  0  1 -11.408   1.605   1.104   0.057 -40.964   0.000 +1O000M000t
00022 LYS+1A0063_022 f 0.00  1.000     0 10.40  0  1  -9.473   0.730   1.465   0.173 -40.584   0.000 +1E03DM000t
00023 LYS+1A0063_023 f 0.00  1.000     0 10.40  0  1 -11.993   0.888   5.333   0.052 -41.744   0.000 +1E044M000t
00024 LYS+1A0063_024 f 0.00  1.000     0 10.40  0  1  -8.538   0.475   2.972   0.116 -40.532   0.000 +1E07FM000t
00025 LYS+1A0063_025 f 0.00  1.000     0 10.40  0  1 -11.091   0.211   1.573   0.066 -41.874   0.000 +1E0A9M000t
00026 LYS+1A0063_026 f 0.00  1.000     0 10.40  0  1  -7.924   0.961   4.200   0.146 -41.155   0.000 +1E0CDM000t
00027 LYS+1A0063_027 f 0.00  1.000     0 10.40  0  1  -9.429   1.215   6.463   0.179 -40.865   0.000 +1E10CM000t
00028 LYS+1A0063_028 f 0.00  1.000     0 10.40  0  1  -8.986   1.416   4.769   0.069 -41.066   0.000 +1E10DM000t
00029 LYS+1A0063_029 f 0.00  1.000     0 10.40  0  1  -9.168   0.392   3.792   0.095 -40.751   0.000 +1E112M000t
00030 LYS+1A0063_030 f 0.00  1.000     0 10.40  0  1  -9.934   0.117   1.589   0.122 -40.307   0.000 +1T017M000t
00031 LYS+1A0063_031 f 0.00  1.000     0 10.40  0  1  -9.976   2.433   4.357  -0.206 -39.655   0.000 +1T02AM000t
00032 LYS+1A0063_032 f 0.00  1.000     0 10.40  0  1  -8.338   1.036   4.763   0.287 -39.878   0.000 +1T02FM000t
00033 LYS+1A0063_033 f 0.00  1.000     0 10.40  0  1  -8.453   0.648   2.108   0.103 -40.585   0.000 +1T032M000t
00034 LYS+1A0063_034 f 0.00  1.000     0 10.40  0  1 -12.006   1.563   2.625  -0.001 -41.438   0.000 +1T05CM000t
00035 LYS+1A0063_035 f 0.00  1.000     0 10.40  0  1 -10.909   1.757   1.131   0.089 -40.361   0.000 +1T05FM000t
00036 LYS+1A0063_036 f 0.00  1.000     0 10.40  0  1  -9.155   0.041   1.056   0.090 -41.765   0.000 +1T0B1M000t
00037 LYS+1A0063_037 f 0.00  1.000     0 10.40  0  1  -7.325   0.335   1.988   0.205 -40.335   0.000 +1T128M000t
00038 LYS+1A0063_038 f 0.00  1.000     0 10.40  0  1  -7.800   0.907   1.435   1.584 -39.018   0.000 +1T12CM000t
00039 LYS+1A0063_039 f 0.00  1.000     0 10.40  0  1 -10.206   0.658   1.434   0.116 -41.094   0.000 +1T12EM000t
00040 LYS+1A0063_040 f 0.00  1.000     0 10.40  0  1  -8.286   0.859   2.093   0.090 -41.221   0.000 +1T135M000t
