CONFORMER         crg  vdw0  vdw1  tors  epol  self   occ  Hb     history    ASA
LYS01A0063_001  0.000-11.33  1.60  1.10  0.00 -8.63 0.502  00  01O000M000  1.000
LYS01A0063_002  0.000-11.14  0.21  1.56  0.00 -9.37 0.501  00  01E0A9M000  1.000
LYS01A0063_003  0.000 -9.20  0.05  1.04  0.00 -8.11 0.502  00  01E0B1M000  1.000
LYS01A0063_004  0.000 -9.25  1.21  6.41  0.00 -1.63 0.501  00  01E10CM000  1.000
LYS01A0063_005  0.000 -8.89  1.42  4.76  0.00 -2.71 0.501  00  01E10DM000  1.000
LYS01A0063_006  0.000 -9.21  0.39  3.72  0.00 -5.10 0.501  00  01E112M000  1.000
LYS01A0063_007  0.000 -7.36  0.35  1.98  0.00 -5.03 0.502  00  01E128M000  1.000
LYS01A0063_008  0.000 -7.84  0.79  1.43  0.00 -5.62 0.501  00  01E12CM000  1.000
LYS01A0063_009  0.000-10.20  0.65  1.43  0.00 -8.13 0.501  00  01E12EM000  1.000
LYS01A0063_010  0.000 -9.95  0.12  1.58  0.00 -8.25 0.501  00  01T017M000  1.000
LYS01A0063_011  0.000 -9.88  2.39  4.35  0.00 -3.14 0.501  00  01T02AM000  1.000
LYS01A0063_012  0.000 -8.31  1.05  4.76  0.00 -2.51 0.501  00  01T02FM000  1.000
LYS01A0063_013  0.000 -8.31  0.66  2.10  0.00 -5.55 0.502  00  01T032M000  1.000
LYS01A0063_014  0.000 -9.38  0.74  1.45  0.00 -7.19 0.501  00  01T03DM000  1.000
LYS01A0063_015  0.000-12.15  0.88  5.23  0.00 -6.03 0.501  00  01T044M000  1.000
LYS01A0063_016  0.000-11.90  1.56  2.53  0.00 -7.82 0.501  00  01T05CM000  1.000
LYS01A0063_017  0.000-10.86  1.75  1.12  0.00 -7.99 0.501  00  01T05FM000  1.000
LYS01A0063_018  0.000 -8.38  0.48  2.83  0.00 -5.07 0.502  00  01T07FM000  1.000
LYS01A0063_019  0.000 -7.90  1.00  4.10  0.00 -2.81 0.501  00  01T0CDM000  1.000
LYS01A0063_020  0.000 -8.34  0.86  2.09  0.00 -5.39 0.502  00  01T135M000  1.000
LYS+1A0063_021  1.000-11.41  1.60  1.10  0.00 -8.70 0.502  00  +1O000M000  1.000
LYS+1A0063_022  1.000 -9.40  0.73  1.47  0.00 -7.21 0.501  00  +1E03DM000  1.000
LYS+1A0063_023  1.000-11.99  0.88  5.33  0.00 -5.77 0.501  00  +1E044M000  1.000
LYS+1A0063_024  1.000 -8.48  0.48  2.97  0.00 -5.03 0.502  00  +1E07FM000  1.000
LYS+1A0063_025  1.000-11.09  0.21  1.57  0.00 -9.31 0.501  00  +1E0A9M000  1.000
LYS+1A0063_026  1.000 -7.86  0.96  4.20  0.00 -2.70 0.501  00  +1E0CDM000  1.000
LYS+1A0063_027  1.000 -9.43  1.21  6.46  0.00 -1.76 0.501  00  +1E10CM000  1.000
LYS+1A0063_028  1.000 -8.99  1.42  4.77  0.00 -2.80 0.501  00  +1E10DM000  1.000
LYS+1A0063_029  1.000 -9.22  0.39  3.79  0.00 -5.03 0.501  00  +1E112M000  1.000
LYS+1A0063_030  1.000 -9.97  0.12  1.59  0.00 -8.27 0.501  00  +1T017M000  1.000
LYS+1A0063_031  1.000 -9.98  2.44  4.36  0.00 -3.18 0.501  00  +1T02AM000  1.000
LYS+1A0063_032  1.000 -8.34  1.04  4.76  0.00 -2.54 0.501  00  +1T02FM000  1.000
LYS+1A0063_033  1.000 -8.45  0.65  2.11  0.00 -5.69 0.502  00  +1T032M000  1.000
LYS+1A0063_034  1.000-11.94  1.56  2.63  0.00 -7.75 0.501  00  +1T05CM000  1.000
LYS+1A0063_035  1.000-10.91  1.76  1.13  0.00 -8.02 0.501  00  +1T05FM000  1.000
LYS+1A0063_036  1.000 -9.15  0.04  1.06  0.00 -8.05 0.502  00  +1T0B1M000  1.000
LYS+1A0063_037  1.000 -7.33  0.34  1.99  0.00 -5.01 0.502  00  +1T128M000  1.000
LYS+1A0063_038  1.000 -7.80  0.91  1.43  0.00 -5.46 0.501  00  +1T12CM000  1.000
LYS+1A0063_039  1.000-10.20  0.65  1.43  0.00 -8.12 0.501  00  +1T12EM000  1.000
LYS+1A0063_040  1.000 -8.29  0.86  2.09  0.00 -5.34 0.502  00  +1T135M000  1.000
