   confID        vdw0    sas     sum
LYS01A0063_001   0.996 -12.328 -11.333
LYS01A0063_002   1.897 -13.042 -11.145
LYS01A0063_003   3.168 -12.376  -9.208
LYS01A0063_004   3.062 -12.316  -9.255
LYS01A0063_005   4.102 -12.978  -8.875
LYS01A0063_006   3.209 -12.415  -9.206
LYS01A0063_007   5.134 -12.506  -7.373
LYS01A0063_008   4.616 -12.411  -7.795
LYS01A0063_009   2.337 -12.537 -10.200
LYS01A0063_010   2.301 -12.300  -9.999
LYS01A0063_011   2.502 -12.382  -9.881
LYS01A0063_012   4.391 -12.655  -8.264
LYS01A0063_013   4.267 -12.573  -8.306
LYS01A0063_014   2.518 -11.901  -9.383
LYS01A0063_015   0.838 -12.981 -12.144
LYS01A0063_016   0.729 -12.672 -11.943
LYS01A0063_017   1.492 -12.361 -10.869
LYS01A0063_018   3.852 -12.403  -8.551
LYS01A0063_019   4.672 -12.572  -7.901
LYS01A0063_020   3.986 -12.321  -8.335
LYS+1A0063_021   0.920 -12.328 -11.408
LYS+1A0063_022   2.428 -11.901  -9.473
LYS+1A0063_023   0.801 -12.794 -11.993
LYS+1A0063_024   3.862 -12.400  -8.538
LYS+1A0063_025   1.848 -12.939 -11.091
LYS+1A0063_026   4.580 -12.504  -7.924
LYS+1A0063_027   2.955 -12.384  -9.429
LYS+1A0063_028   4.060 -13.045  -8.986
LYS+1A0063_029   3.253 -12.422  -9.168
LYS+1A0063_030   2.199 -12.133  -9.934
LYS+1A0063_031   2.406 -12.382  -9.976
LYS+1A0063_032   4.317 -12.655  -8.338
LYS+1A0063_033   4.159 -12.612  -8.453
LYS+1A0063_034   0.698 -12.704 -12.006
LYS+1A0063_035   1.452 -12.361 -10.909
LYS+1A0063_036   3.288 -12.444  -9.155
LYS+1A0063_037   5.130 -12.455  -7.325
LYS+1A0063_038   4.662 -12.463  -7.800
LYS+1A0063_039   2.331 -12.537 -10.206
LYS+1A0063_040   3.970 -12.257  -8.286
