iConf CONFORMER     FL  occ    crg   Em0  pKa0 ne nH    vdw0    vdw1    tors    epol   dsolv   extra    history
00001 MET01A0032_001 f 0.00  0.000     0  0.00  0  0 -11.460   0.613   1.134   0.128  -0.123   0.000 01O000M000t
00002 MET01A0032_002 f 0.00  0.000     0  0.00  0  0 -10.297   1.744   3.236   0.038  -0.118   0.000 01R00EM000t
00003 MET01A0032_003 f 0.00  0.000     0  0.00  0  0 -11.869   2.156   0.565   0.005  -0.123   0.000 01R00FM000t
00004 MET01A0032_004 f 0.00  0.000     0  0.00  0  0 -10.292   1.310   3.307   0.082  -0.120   0.000 01R018M000t
00005 MET01A0032_005 f 0.00  0.000     0  0.00  0  0  -4.107   1.270   3.306   0.079  -0.125   0.000 01R019M000t
00006 MET01A0032_006 f 0.00  0.000     0  0.00  0  0 -10.631   1.460   4.363   0.078  -0.121   0.000 01R01AM000t
00007 MET01A0032_007 f 0.00  0.000     0  0.00  0  0 -11.090   2.265   1.887   0.054  -0.121   0.000 01R01EM000t
00008 MET01A0032_008 f 0.00  0.000     0  0.00  0  0  -8.622   5.242   0.694   0.047  -0.120   0.000 01R023M000t
00009 MET01A0032_009 f 0.00  0.000     0  0.00  0  0 -10.093   0.661   4.295   0.116  -0.119   0.000 01R028M000t
00010 MET01A0032_010 f 0.00  0.000     0  0.00  0  0 -11.733   3.531   1.941  -0.097  -0.112   0.000 01R02BM000t
00011 MET01A0032_011 f 0.00  0.000     0  0.00  0  0 -10.268   0.627   4.293   0.117  -0.119   0.000 01R030M000t
00012 MET01A0032_012 f 0.00  0.000     0  0.00  0  0 -10.103   1.681   6.464   0.065  -0.120   0.000 01R03BM000t
00013 MET01A0032_013 f 0.00  0.000     0  0.00  0  0  -9.696   1.779   6.464   0.063  -0.120   0.000 01R03DM000t
00014 MET01A0032_014 f 0.00  0.000     0  0.00  0  0 -11.753   2.341   1.729   0.052  -0.120   0.000 01R043M000t
00015 MET01A0032_015 f 0.00  0.000     0  0.00  0  0 -11.213   1.978   0.821   0.052  -0.123   0.000 01T002M000t
00016 MET01A0032_016 f 0.00  0.000     0  0.00  0  0 -11.331   3.931   2.882   0.014  -0.120   0.000 01T003M000t
00017 MET01A0032_017 f 0.00  0.000     0  0.00  0  0 -11.000   4.342   0.240   0.031  -0.120   0.000 01T004M000t
00018 MET01A0032_018 f 0.00  0.000     0  0.00  0  0 -10.773   2.547   2.694   0.156  -0.120   0.000 01T027M000t
00019 MET01A0032_019 f 0.00  0.000     0  0.00  0  0 -11.331   3.065   1.003   0.035  -0.117   0.000 01T02FM000t
