CONFORMER         crg  vdw0  vdw1  tors  epol  self   occ  Hb     history    ASA
MET01A0032_001  0.000-11.46  0.54  1.13  0.00 -9.79 0.509  00  01O000M000  1.000
MET01A0032_002  0.000-10.30  1.66  3.23  0.00 -5.41 0.507  00  01R00EM000  1.000
MET01A0032_003  0.000-11.87  2.16  0.56  0.00 -9.14 0.507  00  01R00FM000  1.000
MET01A0032_004  0.000-10.29  1.23  3.31  0.00 -5.75 0.506  00  01R018M000  1.000
MET01A0032_005  0.000 -4.10  1.19  3.31  0.00  0.40 0.506  00  01R019M000  1.000
MET01A0032_006  0.000-10.63  1.38  4.37  0.00 -4.88 0.506  00  01R01AM000  1.000
MET01A0032_007  0.000-11.09  2.19  1.89  0.00 -7.01 0.508  00  01R01EM000  1.000
MET01A0032_008  0.000 -8.62  5.16  0.69  0.00 -2.77 0.506  00  01R023M000  1.000
MET01A0032_009  0.000-10.10  0.58  4.29  0.00 -5.22 0.507  00  01R028M000  1.000
MET01A0032_010  0.000-11.73  3.54  1.94  0.00 -6.25 0.508  00  01R02BM000  1.000
MET01A0032_011  0.000-10.27  0.63  4.29  0.00 -5.35 0.508  00  01R030M000  1.000
MET01A0032_012  0.000-10.04  1.68  6.47  0.00 -1.89 0.507  00  01R03BM000  1.000
MET01A0032_013  0.000 -9.70  1.78  6.47  0.00 -1.45 0.508  00  01R03DM000  1.000
MET01A0032_014  0.000-11.75  2.34  1.73  0.00 -7.68 0.508  00  01R043M000  1.000
MET01A0032_015  0.000-11.22  1.90  0.82  0.00 -8.50 0.508  00  01T002M000  1.000
MET01A0032_016  0.000-11.33  3.85  2.88  0.00 -4.60 0.508  00  01T003M000  1.000
MET01A0032_017  0.000-11.00  4.26  0.24  0.00 -6.50 0.506  00  01T004M000  1.000
MET01A0032_018  0.000-10.77  2.47  2.69  0.00 -5.61 0.507  00  01T027M000  1.000
MET01A0032_019  0.000-11.33  3.06  1.00  0.00 -7.27 0.508  00  01T02FM000  1.000
