   confID        vdw0    sas     sum
MET01A0032_001   0.424 -11.884 -11.460
MET01A0032_002   1.338 -11.636 -10.297
MET01A0032_003   0.131 -12.000 -11.869
MET01A0032_004   1.445 -11.737 -10.292
MET01A0032_005   7.080 -11.188  -4.107
MET01A0032_006   0.520 -11.151 -10.631
MET01A0032_007   0.483 -11.572 -11.090
MET01A0032_008   2.185 -10.808  -8.622
MET01A0032_009   1.413 -11.506 -10.093
MET01A0032_010   0.277 -12.010 -11.733
MET01A0032_011   1.374 -11.642 -10.268
MET01A0032_012   1.372 -11.475 -10.103
MET01A0032_013   1.374 -11.070  -9.696
MET01A0032_014   0.258 -12.011 -11.753
MET01A0032_015   0.395 -11.609 -11.213
MET01A0032_016   0.347 -11.678 -11.331
MET01A0032_017   0.296 -11.297 -11.000
MET01A0032_018   0.594 -11.368 -10.773
MET01A0032_019   0.217 -11.548 -11.331
