iConf CONFORMER     FL  occ    crg   Em0  pKa0 ne nH    vdw0    vdw1    tors    epol   dsolv   extra    history
00001 GLU01A0073_001 f 0.00  0.000     0  0.00  0  0  -3.778   0.629   4.065   0.130  -7.637   0.000 01O000M000t
00002 GLU01A0073_002 f 0.00  0.000     0  0.00  0  0  -3.851   0.839   3.861   0.273  -7.408   0.000 01E002M000t
00003 GLU01A0073_003 f 0.00  0.000     0  0.00  0  0  -2.315   0.711   3.238   0.217  -7.161   0.000 01E004M000t
00004 GLU01A0073_004 f 0.00  0.000     0  0.00  0  0  -3.424   1.933   3.407   0.775  -6.953   0.000 01E006M000t
00005 GLU01A0073_005 f 0.00  0.000     0  0.00  0  0  -3.791   0.629   1.345   0.095  -5.289   0.000 01O000M000t
00006 GLU01A0073_006 f 0.00  0.000     0  0.00  0  0  -3.854   0.809   1.076   0.190  -5.337   0.000 01E002M000t
00007 GLU01A0073_007 f 0.00  0.000     0  0.00  0  0  -3.769   1.455   3.894   0.289  -7.509   0.000 01T001M000t
00008 GLU01A0073_008 f 0.00  0.000     0  0.00  0  0  -2.367   1.279   3.207   0.322  -7.234   0.000 01T005M000t
00009 GLU01A0073_009 f 0.00  0.000     0  0.00  0  0  -2.288   1.292   0.454   0.173  -5.417   0.000 01T005M000t
00010 GLU01A0073_010 f 0.00  0.000     0  0.00  0  0  -3.349   2.026   0.664   0.503  -5.315   0.000 01T006M000t
00011 GLU02A0073_011 f 0.00  0.000     0  0.00  0  0  -3.778   0.635   4.065   0.149  -7.609   0.000 02O000M000t
00012 GLU02A0073_012 f 0.00  0.000     0  0.00  0  0  -3.778   0.635   1.345   0.092  -5.289   0.000 02O000M000t
00013 GLU02A0073_013 f 0.00  0.000     0  0.00  0  0  -3.725   1.445   1.114   0.185  -5.360   0.000 02E001M000t
00014 GLU02A0073_014 f 0.00  0.000     0  0.00  0  0  -3.864   0.816   1.057   0.173  -5.287   0.000 02E002M000t
00015 GLU02A0073_015 f 0.00  0.000     0  0.00  0  0  -2.711   0.716   3.213   0.100  -7.446   0.000 02T004M000t
00016 GLU02A0073_016 f 0.00  0.000     0  0.00  0  0  -2.675   1.301   3.186   0.234  -7.499   0.000 02T005M000t
00017 GLU02A0073_017 f 0.00  0.000     0  0.00  0  0  -3.764   1.453   3.823   0.221  -7.592   0.000 02T001M000t
00018 GLU02A0073_018 f 0.00  0.000     0  0.00  0  0  -3.865   0.817   3.757   0.330  -7.129   0.000 02T002M000t
00019 GLU02A0073_019 f 0.00  0.000     0  0.00  0  0  -3.716   1.934   3.376   0.659  -7.674   0.000 02T006M000t
00020 GLU02A0073_020 f 0.00  0.000     0  0.00  0  0  -3.728   1.934   0.656   0.513  -5.114   0.000 02T006M000t
00021 GLU-1A0073_021 f 0.00 -1.000     0  4.75  0 -1  -3.933   0.647   1.345  -0.113 -41.695   0.000 -1O000M000t
00022 GLU-1A0073_022 f 0.00 -1.000     0  4.75  0 -1  -3.760   1.457   1.148  -0.184 -41.703   0.000 -1E001M000t
00023 GLU-1A0073_023 f 0.00 -1.000     0  4.75  0 -1  -3.954   0.837   1.070  -0.387 -41.336   0.000 -1E002M000t
00024 GLU-1A0073_024 f 0.00 -1.000     0  4.75  0 -1  -3.677   1.889   0.652  -0.796 -41.339   0.000 -1E006M000t
