   confID        vdw0    sas     sum
GLU01A0073_001   0.838  -4.616  -3.778
GLU01A0073_002   1.020  -4.871  -3.851
GLU01A0073_003   2.283  -4.598  -2.315
GLU01A0073_004   1.753  -5.176  -3.424
GLU01A0073_005   0.838  -4.629  -3.791
GLU01A0073_006   1.113  -4.967  -3.854
GLU01A0073_007   0.920  -4.689  -3.769
GLU01A0073_008   2.297  -4.664  -2.367
GLU01A0073_009   2.454  -4.742  -2.288
GLU01A0073_010   1.853  -5.202  -3.349
GLU02A0073_011   0.796  -4.574  -3.778
GLU02A0073_012   0.796  -4.574  -3.778
GLU02A0073_013   0.946  -4.671  -3.725
GLU02A0073_014   1.078  -4.942  -3.864
GLU02A0073_015   1.948  -4.659  -2.711
GLU02A0073_016   1.956  -4.630  -2.675
GLU02A0073_017   0.943  -4.707  -3.764
GLU02A0073_018   1.077  -4.942  -3.865
GLU02A0073_019   1.566  -5.282  -3.716
GLU02A0073_020   1.566  -5.295  -3.728
GLU-1A0073_021   0.666  -4.599  -3.933
GLU-1A0073_022   0.761  -4.521  -3.760
GLU-1A0073_023   0.867  -4.821  -3.954
GLU-1A0073_024   1.432  -5.109  -3.677
