CONFORMER         crg  vdw0  vdw1  tors  epol  self   occ  Hb     history    ASA
LYS01A0024_001  0.000-10.17  0.59  1.49  0.00 -8.10 0.502  00  01O000M000  1.000
LYS01A0024_002  0.000 -8.91  0.05  1.83  0.00 -7.02 0.502  00  01E005M000  1.000
LYS01A0024_003  0.000-10.80  1.53  4.28  0.00 -5.00 0.503  00  01E012M000  1.000
LYS01A0024_004  0.000 -9.40  1.20  1.55  0.00 -6.65 0.503  00  01E02AM000  1.000
LYS01A0024_005  0.000 -8.51  1.08  4.52  0.00 -2.91 0.501  00  01E063M000  1.000
LYS01A0024_006  0.000 -8.52  1.04  4.14  0.00 -3.34 0.502  00  01E0B1M000  1.000
LYS01A0024_007  0.000 -8.58  1.68  4.31  0.00 -2.59 0.502  00  01E0B8M000  1.000
LYS01A0024_008  0.000 -8.14  0.61  1.91  0.00 -5.62 0.502  00  01E0C5M000  1.000
LYS01A0024_009  0.000 -9.99  2.79  1.04  0.00 -6.16 0.502  00  01E0F1M000  1.000
LYS01A0024_010  0.000 -8.74  2.60  1.40  0.00 -4.74 0.502  00  01E0F4M000  1.000
LYS01A0024_011  0.000-11.50  8.03  0.99  0.00 -2.48 0.502  00  01T01EM000  1.000
LYS01A0024_012  0.000-11.72  1.20  3.61  0.00 -6.91 0.502  00  01T022M000  1.000
LYS01A0024_013  0.000 -9.61  1.26  4.44  0.00 -3.91 0.503  00  01T028M000  1.000
LYS01A0024_014  0.000 -9.52  0.58  4.24  0.00 -4.70 0.503  00  01T040M000  1.000
LYS01A0024_015  0.000 -9.69  1.23  6.76  0.00 -1.71 0.503  00  01T055M000  1.000
LYS01A0024_016  0.000 -8.80  1.09  4.36  0.00 -3.35 0.502  00  01T066M000  1.000
LYS01A0024_017  0.000 -9.01  3.97  3.97  0.00 -1.07 0.502  00  01T067M000  1.000
LYS01A0024_018  0.000-10.48  0.05  4.05  0.00 -6.38 0.502  00  01T099M000  1.000
LYS01A0024_019  0.000 -7.40  0.16  2.07  0.00 -5.18 0.502  00  01T09FM000  1.000
LYS+1A0024_020  1.000-10.22  0.59  1.49  0.00 -8.15 0.502  00  +1O000M000  1.000
LYS+1A0024_021  1.000 -9.03  0.05  1.84  0.00 -7.14 0.502  00  +1E005M000  1.000
LYS+1A0024_022  1.000-10.44  0.49  1.17  0.00 -8.77 0.501  00  +1E00AM000  1.000
LYS+1A0024_023  1.000-10.79  1.51  4.28  0.00 -5.00 0.503  00  +1E012M000  1.000
LYS+1A0024_024  1.000-11.54  8.26  0.99  0.00 -2.30 0.502  00  +1E01EM000  1.000
LYS+1A0024_025  1.000 -9.58  1.26  4.45  0.00 -3.87 0.503  00  +1E028M000  1.000
LYS+1A0024_026  1.000 -9.54  0.58  4.25  0.00 -4.71 0.503  00  +1E040M000  1.000
LYS+1A0024_027  1.000 -9.11  3.96  3.97  0.00 -1.18 0.502  00  +1E067M000  1.000
LYS+1A0024_028  1.000-10.53  0.05  4.05  0.00 -6.43 0.502  00  +1E099M000  1.000
LYS+1A0024_029  1.000 -8.57  1.03  4.14  0.00 -3.41 0.502  00  +1E0B1M000  1.000
LYS+1A0024_030  1.000 -8.61  1.67  4.31  0.00 -2.62 0.502  00  +1E0B8M000  1.000
LYS+1A0024_031  1.000-10.09  2.79  1.04  0.00 -6.26 0.502  00  +1E0F1M000  1.000
LYS+1A0024_032  1.000 -8.79  2.60  1.40  0.00 -4.78 0.502  00  +1E0F4M000  1.000
LYS+1A0024_033  1.000-11.56  1.20  3.63  0.00 -6.73 0.502  00  +1T022M000  1.000
LYS+1A0024_034  1.000 -9.46  1.21  1.56  0.00 -6.70 0.503  00  +1T02AM000  1.000
LYS+1A0024_035  1.000 -9.81  1.22  6.76  0.00 -1.83 0.503  00  +1T055M000  1.000
LYS+1A0024_036  1.000 -8.57  1.07  4.54  0.00 -2.96 0.501  00  +1T063M000  1.000
LYS+1A0024_037  1.000 -8.73  1.09  4.42  0.00 -3.22 0.502  00  +1T066M000  1.000
LYS+1A0024_038  1.000 -7.38  0.16  2.07  0.00 -5.15 0.502  00  +1T09FM000  1.000
LYS+1A0024_039  1.000 -8.15  0.61  1.92  0.00 -5.62 0.502  00  +1T0C5M000  1.000
