iConf CONFORMER     FL  occ    crg   Em0  pKa0 ne nH    vdw0    vdw1    tors    epol   dsolv   extra    history
00001 LYS01A0024_001 f 0.00  0.000     0  0.00  0  0 -10.176   0.588   1.486  -0.028  -3.081   0.000 01O000M000t
00002 LYS01A0024_002 f 0.00  0.000     0  0.00  0  0  -8.959   0.054   1.834  -0.052  -3.520   0.000 01E005M000t
00003 LYS01A0024_003 f 0.00  0.000     0  0.00  0  0 -10.802   1.523   4.276  -0.077  -3.424   0.000 01E012M000t
00004 LYS01A0024_004 f 0.00  0.000     0  0.00  0  0  -9.394   1.200   1.551  -0.012  -3.095   0.000 01E02AM000t
00005 LYS01A0024_005 f 0.00  0.000     0  0.00  0  0  -8.508   1.081   4.518  -0.017  -3.299   0.000 01E063M000t
00006 LYS01A0024_006 f 0.00  0.000     0  0.00  0  0  -8.526   1.043   4.137  -0.045  -2.955   0.000 01E0B1M000t
00007 LYS01A0024_007 f 0.00  0.000     0  0.00  0  0  -8.577   1.679   4.313  -0.029  -2.958   0.000 01E0B8M000t
00008 LYS01A0024_008 f 0.00  0.000     0  0.00  0  0  -8.155   0.607   1.911  -0.038  -3.346   0.000 01E0C5M000t
00009 LYS01A0024_009 f 0.00  0.000     0  0.00  0  0  -9.997   2.791   1.043  -0.002  -2.953   0.000 01E0F1M000t
00010 LYS01A0024_010 f 0.00  0.000     0  0.00  0  0  -8.729   2.598   1.399  -0.020  -3.029   0.000 01E0F4M000t
00011 LYS01A0024_011 f 0.00  0.000     0  0.00  0  0 -11.496   8.035   0.991  -0.080  -3.383   0.000 01T01EM000t
00012 LYS01A0024_012 f 0.00  0.000     0  0.00  0  0 -11.650   1.197   3.610  -0.012  -3.318   0.000 01T022M000t
00013 LYS01A0024_013 f 0.00  0.000     0  0.00  0  0  -9.612   1.258   4.437  -0.082  -3.152   0.000 01T028M000t
00014 LYS01A0024_014 f 0.00  0.000     0  0.00  0  0  -9.516   0.580   4.237  -0.032  -3.330   0.000 01T040M000t
00015 LYS01A0024_015 f 0.00  0.000     0  0.00  0  0  -9.691   1.227   6.758  -0.015  -3.488   0.000 01T055M000t
00016 LYS01A0024_016 f 0.00  0.000     0  0.00  0  0  -8.796   1.088   4.361  -0.020  -3.399   0.000 01T066M000t
00017 LYS01A0024_017 f 0.00  0.000     0  0.00  0  0  -9.009   3.971   3.969   0.007  -3.641   0.000 01T067M000t
00018 LYS01A0024_018 f 0.00  0.000     0  0.00  0  0 -10.478   0.054   4.046  -0.020  -2.971   0.000 01T099M000t
00019 LYS01A0024_019 f 0.00  0.000     0  0.00  0  0  -7.408   0.159   2.066  -0.027  -3.458   0.000 01T09FM000t
00020 LYS+1A0024_020 f 0.00  1.000     0 10.40  0  1 -10.219   0.587   1.486   0.135 -41.121   0.000 +1O000M000t
00021 LYS+1A0024_021 f 0.00  1.000     0 10.40  0  1  -9.020   0.050   1.836   0.108 -41.015   0.000 +1E005M000t
00022 LYS+1A0024_022 f 0.00  1.000     0 10.40  0  1 -10.493   0.493   1.175   0.051 -41.456   0.000 +1E00AM000t
00023 LYS+1A0024_023 f 0.00  1.000     0 10.40  0  1 -10.782   1.512   4.280   0.317 -41.044   0.000 +1E012M000t
00024 LYS+1A0024_024 f 0.00  1.000     0 10.40  0  1 -11.541   8.242   0.988   0.239 -41.035   0.000 +1E01EM000t
00025 LYS+1A0024_025 f 0.00  1.000     0 10.40  0  1  -9.584   1.259   4.448   0.356 -40.924   0.000 +1E028M000t
00026 LYS+1A0024_026 f 0.00  1.000     0 10.40  0  1  -9.548   0.580   4.252   0.146 -41.233   0.000 +1E040M000t
00027 LYS+1A0024_027 f 0.00  1.000     0 10.40  0  1  -9.183   3.954   3.973   0.100 -41.117   0.000 +1E067M000t
00028 LYS+1A0024_028 f 0.00  1.000     0 10.40  0  1 -10.535   0.052   4.048   0.061 -41.477   0.000 +1E099M000t
00029 LYS+1A0024_029 f 0.00  1.000     0 10.40  0  1  -8.575   1.030   4.138   0.086 -40.200   0.000 +1E0B1M000t
00030 LYS+1A0024_030 f 0.00  1.000     0 10.40  0  1  -8.613   1.672   4.315   0.083 -40.704   0.000 +1E0B8M000t
00031 LYS+1A0024_031 f 0.00  1.000     0 10.40  0  1 -10.091   2.785   1.043  -0.071 -40.705   0.000 +1E0F1M000t
00032 LYS+1A0024_032 f 0.00  1.000     0 10.40  0  1  -8.787   2.596   1.403  -0.053 -41.030   0.000 +1E0F4M000t
00033 LYS+1A0024_033 f 0.00  1.000     0 10.40  0  1 -11.558   1.204   3.624   0.049 -41.517   0.000 +1T022M000t
00034 LYS+1A0024_034 f 0.00  1.000     0 10.40  0  1  -9.458   1.216   1.556   0.025 -41.127   0.000 +1T02AM000t
00035 LYS+1A0024_035 f 0.00  1.000     0 10.40  0  1  -9.814   1.224   6.764   0.071 -41.131   0.000 +1T055M000t
00036 LYS+1A0024_036 f 0.00  1.000     0 10.40  0  1  -8.575   1.069   4.540   0.144 -40.951   0.000 +1T063M000t
00037 LYS+1A0024_037 f 0.00  1.000     0 10.40  0  1  -8.741   1.093   4.421   0.092 -40.956   0.000 +1T066M000t
00038 LYS+1A0024_038 f 0.00  1.000     0 10.40  0  1  -7.376   0.155   2.070   0.104 -40.963   0.000 +1T09FM000t
00039 LYS+1A0024_039 f 0.00  1.000     0 10.40  0  1  -8.155   0.612   1.916   0.230 -40.629   0.000 +1T0C5M000t
