   confID        vdw0    sas     sum
LYS01A0024_001   2.290 -12.466 -10.176
LYS01A0024_002   3.633 -12.592  -8.959
LYS01A0024_003   2.163 -12.965 -10.802
LYS01A0024_004   3.133 -12.528  -9.394
LYS01A0024_005   3.993 -12.502  -8.508
LYS01A0024_006   3.562 -12.088  -8.526
LYS01A0024_007   3.990 -12.567  -8.577
LYS01A0024_008   4.322 -12.477  -8.155
LYS01A0024_009   2.197 -12.193  -9.997
LYS01A0024_010   3.094 -11.823  -8.729
LYS01A0024_011   0.944 -12.440 -11.496
LYS01A0024_012   1.289 -12.939 -11.650
LYS01A0024_013   2.899 -12.511  -9.612
LYS01A0024_014   2.773 -12.289  -9.516
LYS01A0024_015   2.978 -12.669  -9.691
LYS01A0024_016   3.754 -12.550  -8.796
LYS01A0024_017   3.256 -12.265  -9.009
LYS01A0024_018   2.020 -12.498 -10.478
LYS01A0024_019   4.727 -12.135  -7.408
LYS+1A0024_020   2.247 -12.466 -10.219
LYS+1A0024_021   3.610 -12.630  -9.020
LYS+1A0024_022   2.233 -12.726 -10.493
LYS+1A0024_023   2.131 -12.914 -10.782
LYS+1A0024_024   0.899 -12.440 -11.541
LYS+1A0024_025   2.876 -12.460  -9.584
LYS+1A0024_026   2.725 -12.273  -9.548
LYS+1A0024_027   3.200 -12.384  -9.183
LYS+1A0024_028   1.963 -12.498 -10.535
LYS+1A0024_029   3.475 -12.049  -8.575
LYS+1A0024_030   3.954 -12.567  -8.613
LYS+1A0024_031   2.141 -12.232 -10.091
LYS+1A0024_032   3.036 -11.823  -8.787
LYS+1A0024_033   1.262 -12.820 -11.558
LYS+1A0024_034   3.134 -12.592  -9.458
LYS+1A0024_035   2.923 -12.737  -9.814
LYS+1A0024_036   4.030 -12.605  -8.575
LYS+1A0024_037   3.806 -12.547  -8.741
LYS+1A0024_038   4.734 -12.110  -7.376
LYS+1A0024_039   4.322 -12.477  -8.155
