NTR A0003_ R f 00 S f  0.0 H f 00 M 000
VAL A0003_ R f 00 S f  0.0 H f 00 M 000
ILE A0004_ R f 00 S f  0.0 H f 00 M 000
ASN A0005_ R f 00 S f  0.0 H f 00 M 000
THR A0006_ R f 00 S f  0.0 H f 00 M 000
PHE A0007_ R f 00 S f  0.0 H f 00 M 000
ASP A0008_ R f 00 S f  0.0 H f 00 M 000
GLY A0009_ R f 00 S f  0.0 H f 00 M 000
VAL A0010_ R f 00 S f  0.0 H f 00 M 000
ALA A0011_ R f 00 S f  0.0 H f 00 M 000
ASP A0012_ R f 00 S f  0.0 H f 00 M 000
TYR A0013_ R f 00 S f  0.0 H f 00 M 000
LEU A0014_ R f 00 S f  0.0 H f 00 M 000
GLN A0015_ R f 00 S f  0.0 H f 00 M 000
THR A0016_ R f 00 S f  0.0 H f 00 M 000
TYR A0017_ R f 00 S f  0.0 H f 00 M 000
HIS A0018_ R f 00 S f  0.0 H f 00 M 000
LYS A0019_ R f 00 S f  0.0 H f 00 M 000
LEU A0020_ R f 00 S f  0.0 H f 00 M 000
PRO A0021_ R f 00 S f  0.0 H f 00 M 000
ASP A0022_ R f 00 S f  0.0 H f 00 M 000
ASN A0023_ R f 00 S f  0.0 H f 00 M 000
TYR A0024_ R f 00 S f  0.0 H f 00 M 000
ILE A0025_ R f 00 S f  0.0 H f 00 M 000
THR A0026_ R f 00 S f  0.0 H f 00 M 000
LYS A0027_ R f 00 S f  0.0 H f 00 M 000
SER A0028_ R f 00 S f  0.0 H f 00 M 000
GLU A0029_ R f 00 S f  0.0 H f 00 M 000
ALA A0030_ R f 00 S f  0.0 H f 00 M 000
GLN A0031_ R f 00 S f  0.0 H f 00 M 000
ALA A0032_ R f 00 S f  0.0 H f 00 M 000
LEU A0033_ R f 00 S f  0.0 H f 00 M 000
GLY A0034_ R f 00 S f  0.0 H f 00 M 000
TRP A0035_ R f 00 S f  0.0 H f 00 M 000
VAL A0036_ R f 00 S f  0.0 H f 00 M 000
ALA A0037_ R f 00 S f  0.0 H f 00 M 000
SER A0038_ R f 00 S f  0.0 H f 00 M 000
LYS A0039_ R f 00 S f  0.0 H f 00 M 000
GLY A0040_ R f 00 S f  0.0 H f 00 M 000
ASN A0041_ R f 00 S f  0.0 H f 00 M 000
LEU A0042_ R f 00 S f  0.0 H f 00 M 000
ALA A0043_ R f 00 S f  0.0 H f 00 M 000
ASP A0044_ R f 00 S f  0.0 H f 00 M 000
VAL A0045_ R f 00 S f  0.0 H f 00 M 000
ALA A0046_ R f 00 S f  0.0 H f 00 M 000
PRO A0047_ R f 00 S f  0.0 H f 00 M 000
GLY A0048_ R f 00 S f  0.0 H f 00 M 000
LYS A0049_ R f 00 S f  0.0 H f 00 M 000
SER A0050_ R f 00 S f  0.0 H f 00 M 000
ILE A0051_ R f 00 S f  0.0 H f 00 M 000
GLY A0052_ R f 00 S f  0.0 H f 00 M 000
GLY A0053_ R f 00 S f  0.0 H f 00 M 000
ASP A0054_ R f 00 S f  0.0 H f 00 M 000
ILE A0055_ R f 00 S f  0.0 H f 00 M 000
PHE A0056_ R f 00 S f  0.0 H f 00 M 000
SER A0057_ R f 00 S f  0.0 H f 00 M 000
ASN A0058_ R f 00 S f  0.0 H f 00 M 000
ARG A0059_ R f 00 S f  0.0 H f 00 M 000
GLU A0060_ R f 00 S f  0.0 H f 00 M 000
GLY A0061_ R f 00 S f  0.0 H f 00 M 000
LYS A0062_ R f 00 S f  0.0 H f 00 M 000
LEU A0063_ R f 00 S f  0.0 H f 00 M 000
PRO A0064_ R f 00 S f  0.0 H f 00 M 000
GLY A0065_ R f 00 S f  0.0 H f 00 M 000
LYS A0066_ R f 00 S f  0.0 H f 00 M 000
SER A0067_ R f 00 S f  0.0 H f 00 M 000
GLY A0068_ R f 00 S f  0.0 H f 00 M 000
ARG A0069_ R f 00 S f  0.0 H f 00 M 000
THR A0070_ R f 00 S f  0.0 H f 00 M 000
TRP A0071_ R f 00 S f  0.0 H f 00 M 000
ARG A0072_ R f 00 S f  0.0 H f 00 M 000
GLU A0073_ R f 00 S f  0.0 H f 00 M 000
ALA A0074_ R f 00 S f  0.0 H f 00 M 000
ASP A0075_ R f 00 S f  0.0 H f 00 M 000
ILE A0076_ R f 00 S f  0.0 H f 00 M 000
ASN A0077_ R f 00 S f  0.0 H f 00 M 000
TYR A0078_ R f 00 S f  0.0 H f 00 M 000
THR A0079_ R f 00 S f  0.0 H f 00 M 000
SER A0080_ R f 00 S f  0.0 H f 00 M 000
GLY A0081_ R f 00 S f  0.0 H f 00 M 000
PHE A0082_ R f 00 S f  0.0 H f 00 M 000
ARG A0083_ R f 00 S f  0.0 H f 00 M 000
ASN A0084_ R f 00 S f  0.0 H f 00 M 000
SER A0085_ R f 00 S f  0.0 H f 00 M 000
ASP A0086_ R f 00 S f  0.0 H f 00 M 000
ARG A0087_ R f 00 S f  0.0 H f 00 M 000
ILE A0088_ R f 00 S f  0.0 H f 00 M 000
LEU A0089_ R f 00 S f  0.0 H f 00 M 000
TYR A0090_ R f 00 S f  0.0 H f 00 M 000
SER A0091_ R f 00 S f  0.0 H f 00 M 000
SER A0092_ R f 00 S f  0.0 H f 00 M 000
ASP A0093_ R f 00 S f  0.0 H f 00 M 000
TRP A0094_ R f 00 S f  0.0 H f 00 M 000
LEU A0095_ R f 00 S f  0.0 H f 00 M 000
ILE A0096_ R f 00 S f  0.0 H f 00 M 000
TYR A0097_ R f 00 S f  0.0 H f 00 M 000
LYS A0098_ R f 00 S f  0.0 H f 00 M 000
THR A0099_ R f 00 S f  0.0 H f 00 M 000
THR A0100_ R f 00 S f  0.0 H f 00 M 000
ASP A0101_ R f 00 S f  0.0 H f 00 M 000
HIS A0102_ R f 00 S f  0.0 H f 00 M 000
TYR A0103_ R f 00 S f  0.0 H f 00 M 000
GLN A0104_ R f 00 S f  0.0 H f 00 M 000
THR A0105_ R f 00 S f  0.0 H f 00 M 000
PHE A0106_ R f 00 S f  0.0 H f 00 M 000
THR A0107_ R f 00 S f  0.0 H f 00 M 000
LYS A0108_ R f 00 S f  0.0 H f 00 M 000
ILE A0109_ R f 00 S f  0.0 H f 00 M 000
ARG A0110_ R f 00 S f  0.0 H f 00 M 000
CTR A0110_ R f 00 S f  0.0 H f 00 M 000
_ZN A0112_ R f 00 S f  0.0 H f 00 M 000
HOH A0113_ R f 00 S f  0.0 H f 00 M 000
HOH A0114_ R f 00 S f  0.0 H f 00 M 000
HOH A0115_ R f 00 S f  0.0 H f 00 M 000
HOH A0117_ R f 00 S f  0.0 H f 00 M 000
HOH A0118_ R f 00 S f  0.0 H f 00 M 000
HOH A0120_ R f 00 S f  0.0 H f 00 M 000
HOH A0121_ R f 00 S f  0.0 H f 00 M 000
HOH A0123_ R f 00 S f  0.0 H f 00 M 000
HOH A0125_ R f 00 S f  0.0 H f 00 M 000
HOH A0131_ R f 00 S f  0.0 H f 00 M 000
HOH A0132_ R f 00 S f  0.0 H f 00 M 000
HOH A0135_ R f 00 S f  0.0 H f 00 M 000
HOH A0144_ R f 00 S f  0.0 H f 00 M 000
HOH A0152_ R f 00 S f  0.0 H f 00 M 000
NTR B0003_ R f 00 S f  0.0 H f 00 M 000
VAL B0003_ R f 00 S f  0.0 H f 00 M 000
ILE B0004_ R f 00 S f  0.0 H f 00 M 000
ASN B0005_ R f 00 S f  0.0 H f 00 M 000
THR B0006_ R f 00 S f  0.0 H f 00 M 000
PHE B0007_ R f 00 S f  0.0 H f 00 M 000
ASP B0008_ R f 00 S f  0.0 H f 00 M 000
GLY B0009_ R f 00 S f  0.0 H f 00 M 000
VAL B0010_ R f 00 S f  0.0 H f 00 M 000
ALA B0011_ R f 00 S f  0.0 H f 00 M 000
ASP B0012_ R f 00 S f  0.0 H f 00 M 000
TYR B0013_ R f 00 S f  0.0 H f 00 M 000
LEU B0014_ R f 00 S f  0.0 H f 00 M 000
GLN B0015_ R f 00 S f  0.0 H f 00 M 000
THR B0016_ R f 00 S f  0.0 H f 00 M 000
TYR B0017_ R f 00 S f  0.0 H f 00 M 000
HIS B0018_ R f 00 S f  0.0 H f 00 M 000
LYS B0019_ R f 00 S f  0.0 H f 00 M 000
LEU B0020_ R f 00 S f  0.0 H f 00 M 000
PRO B0021_ R f 00 S f  0.0 H f 00 M 000
ASP B0022_ R f 00 S f  0.0 H f 00 M 000
ASN B0023_ R f 00 S f  0.0 H f 00 M 000
TYR B0024_ R f 00 S f  0.0 H f 00 M 000
ILE B0025_ R f 00 S f  0.0 H f 00 M 000
THR B0026_ R f 00 S f  0.0 H f 00 M 000
LYS B0027_ R f 00 S f  0.0 H f 00 M 000
SER B0028_ R f 00 S f  0.0 H f 00 M 000
GLU B0029_ R f 00 S f  0.0 H f 00 M 000
ALA B0030_ R f 00 S f  0.0 H f 00 M 000
GLN B0031_ R f 00 S f  0.0 H f 00 M 000
ALA B0032_ R f 00 S f  0.0 H f 00 M 000
LEU B0033_ R f 00 S f  0.0 H f 00 M 000
GLY B0034_ R f 00 S f  0.0 H f 00 M 000
TRP B0035_ R f 00 S f  0.0 H f 00 M 000
VAL B0036_ R f 00 S f  0.0 H f 00 M 000
ALA B0037_ R f 00 S f  0.0 H f 00 M 000
SER B0038_ R f 00 S f  0.0 H f 00 M 000
LYS B0039_ R f 00 S f  0.0 H f 00 M 000
GLY B0040_ R f 00 S f  0.0 H f 00 M 000
ASN B0041_ R f 00 S f  0.0 H f 00 M 000
LEU B0042_ R f 00 S f  0.0 H f 00 M 000
ALA B0043_ R f 00 S f  0.0 H f 00 M 000
ASP B0044_ R f 00 S f  0.0 H f 00 M 000
VAL B0045_ R f 00 S f  0.0 H f 00 M 000
ALA B0046_ R f 00 S f  0.0 H f 00 M 000
PRO B0047_ R f 00 S f  0.0 H f 00 M 000
GLY B0048_ R f 00 S f  0.0 H f 00 M 000
LYS B0049_ R f 00 S f  0.0 H f 00 M 000
SER B0050_ R f 00 S f  0.0 H f 00 M 000
ILE B0051_ R f 00 S f  0.0 H f 00 M 000
GLY B0052_ R f 00 S f  0.0 H f 00 M 000
GLY B0053_ R f 00 S f  0.0 H f 00 M 000
ASP B0054_ R f 00 S f  0.0 H f 00 M 000
ILE B0055_ R f 00 S f  0.0 H f 00 M 000
PHE B0056_ R f 00 S f  0.0 H f 00 M 000
SER B0057_ R f 00 S f  0.0 H f 00 M 000
ASN B0058_ R f 00 S f  0.0 H f 00 M 000
ARG B0059_ R f 00 S f  0.0 H f 00 M 000
GLU B0060_ R f 00 S f  0.0 H f 00 M 000
GLY B0061_ R f 00 S f  0.0 H f 00 M 000
LYS B0062_ R f 00 S f  0.0 H f 00 M 000
LEU B0063_ R f 00 S f  0.0 H f 00 M 000
PRO B0064_ R f 00 S f  0.0 H f 00 M 000
GLY B0065_ R f 00 S f  0.0 H f 00 M 000
LYS B0066_ R f 00 S f  0.0 H f 00 M 000
SER B0067_ R f 00 S f  0.0 H f 00 M 000
GLY B0068_ R f 00 S f  0.0 H f 00 M 000
ARG B0069_ R f 00 S f  0.0 H f 00 M 000
THR B0070_ R f 00 S f  0.0 H f 00 M 000
TRP B0071_ R f 00 S f  0.0 H f 00 M 000
ARG B0072_ R f 00 S f  0.0 H f 00 M 000
GLU B0073_ R f 00 S f  0.0 H f 00 M 000
ALA B0074_ R f 00 S f  0.0 H f 00 M 000
ASP B0075_ R f 00 S f  0.0 H f 00 M 000
ILE B0076_ R f 00 S f  0.0 H f 00 M 000
ASN B0077_ R f 00 S f  0.0 H f 00 M 000
TYR B0078_ R f 00 S f  0.0 H f 00 M 000
THR B0079_ R f 00 S f  0.0 H f 00 M 000
SER B0080_ R f 00 S f  0.0 H f 00 M 000
GLY B0081_ R f 00 S f  0.0 H f 00 M 000
PHE B0082_ R f 00 S f  0.0 H f 00 M 000
ARG B0083_ R f 00 S f  0.0 H f 00 M 000
ASN B0084_ R f 00 S f  0.0 H f 00 M 000
SER B0085_ R f 00 S f  0.0 H f 00 M 000
ASP B0086_ R f 00 S f  0.0 H f 00 M 000
ARG B0087_ R f 00 S f  0.0 H f 00 M 000
ILE B0088_ R f 00 S f  0.0 H f 00 M 000
LEU B0089_ R f 00 S f  0.0 H f 00 M 000
TYR B0090_ R f 00 S f  0.0 H f 00 M 000
SER B0091_ R f 00 S f  0.0 H f 00 M 000
SER B0092_ R f 00 S f  0.0 H f 00 M 000
ASP B0093_ R f 00 S f  0.0 H f 00 M 000
TRP B0094_ R f 00 S f  0.0 H f 00 M 000
LEU B0095_ R f 00 S f  0.0 H f 00 M 000
ILE B0096_ R f 00 S f  0.0 H f 00 M 000
TYR B0097_ R f 00 S f  0.0 H f 00 M 000
LYS B0098_ R f 00 S f  0.0 H f 00 M 000
THR B0099_ R f 00 S f  0.0 H f 00 M 000
THR B0100_ R f 00 S f  0.0 H f 00 M 000
ASP B0101_ R f 00 S f  0.0 H f 00 M 000
HIS B0102_ R f 00 S f  0.0 H f 00 M 000
TYR B0103_ R f 00 S f  0.0 H f 00 M 000
GLN B0104_ R f 00 S f  0.0 H f 00 M 000
THR B0105_ R f 00 S f  0.0 H f 00 M 000
PHE B0106_ R f 00 S f  0.0 H f 00 M 000
THR B0107_ R f 00 S f  0.0 H f 00 M 000
LYS B0108_ R f 00 S f  0.0 H f 00 M 000
ILE B0109_ R f 00 S f  0.0 H f 00 M 000
ARG B0110_ R f 00 S f  0.0 H f 00 M 000
CTR B0110_ R f 00 S f  0.0 H f 00 M 000
_ZN B0112_ R f 00 S f  0.0 H f 00 M 000
HOH B0137_ R f 00 S f  0.0 H f 00 M 000
HOH B0138_ R f 00 S f  0.0 H f 00 M 000
HOH B0139_ R f 00 S f  0.0 H f 00 M 000
HOH B0140_ R f 00 S f  0.0 H f 00 M 000
HOH B0141_ R f 00 S f  0.0 H f 00 M 000
HOH B0142_ R f 00 S f  0.0 H f 00 M 000
HOH B0144_ R f 00 S f  0.0 H f 00 M 000
HOH B0145_ R f 00 S f  0.0 H f 00 M 000
HOH B0147_ R f 00 S f  0.0 H f 00 M 000
HOH B0149_ R f 00 S f  0.0 H f 00 M 000
HOH B0155_ R f 00 S f  0.0 H f 00 M 000
HOH B0156_ R f 00 S f  0.0 H f 00 M 000
HOH B0159_ R f 00 S f  0.0 H f 00 M 000
HOH B0169_ R f 00 S f  0.0 H f 00 M 000
HOH B0177_ R f 00 S f  0.0 H f 00 M 000
HOH B0196_ R f 00 S f  0.0 H f 00 M 000
HOH B0239_ R f 00 S f  0.0 H f 00 M 000
NTR C0003_ R f 00 S f  0.0 H f 00 M 000
VAL C0003_ R f 00 S f  0.0 H f 00 M 000
ILE C0004_ R f 00 S f  0.0 H f 00 M 000
ASN C0005_ R f 00 S f  0.0 H f 00 M 000
THR C0006_ R f 00 S f  0.0 H f 00 M 000
PHE C0007_ R f 00 S f  0.0 H f 00 M 000
ASP C0008_ R f 00 S f  0.0 H f 00 M 000
GLY C0009_ R f 00 S f  0.0 H f 00 M 000
VAL C0010_ R f 00 S f  0.0 H f 00 M 000
ALA C0011_ R f 00 S f  0.0 H f 00 M 000
ASP C0012_ R f 00 S f  0.0 H f 00 M 000
TYR C0013_ R f 00 S f  0.0 H f 00 M 000
LEU C0014_ R f 00 S f  0.0 H f 00 M 000
GLN C0015_ R f 00 S f  0.0 H f 00 M 000
THR C0016_ R f 00 S f  0.0 H f 00 M 000
TYR C0017_ R f 00 S f  0.0 H f 00 M 000
HIS C0018_ R f 00 S f  0.0 H f 00 M 000
LYS C0019_ R f 00 S f  0.0 H f 00 M 000
LEU C0020_ R f 00 S f  0.0 H f 00 M 000
PRO C0021_ R f 00 S f  0.0 H f 00 M 000
ASP C0022_ R f 00 S f  0.0 H f 00 M 000
ASN C0023_ R f 00 S f  0.0 H f 00 M 000
TYR C0024_ R f 00 S f  0.0 H f 00 M 000
ILE C0025_ R f 00 S f  0.0 H f 00 M 000
THR C0026_ R f 00 S f  0.0 H f 00 M 000
LYS C0027_ R f 00 S f  0.0 H f 00 M 000
SER C0028_ R f 00 S f  0.0 H f 00 M 000
GLU C0029_ R f 00 S f  0.0 H f 00 M 000
ALA C0030_ R f 00 S f  0.0 H f 00 M 000
GLN C0031_ R f 00 S f  0.0 H f 00 M 000
ALA C0032_ R f 00 S f  0.0 H f 00 M 000
LEU C0033_ R f 00 S f  0.0 H f 00 M 000
GLY C0034_ R f 00 S f  0.0 H f 00 M 000
TRP C0035_ R f 00 S f  0.0 H f 00 M 000
VAL C0036_ R f 00 S f  0.0 H f 00 M 000
ALA C0037_ R f 00 S f  0.0 H f 00 M 000
SER C0038_ R f 00 S f  0.0 H f 00 M 000
LYS C0039_ R f 00 S f  0.0 H f 00 M 000
GLY C0040_ R f 00 S f  0.0 H f 00 M 000
ASN C0041_ R f 00 S f  0.0 H f 00 M 000
LEU C0042_ R f 00 S f  0.0 H f 00 M 000
ALA C0043_ R f 00 S f  0.0 H f 00 M 000
ASP C0044_ R f 00 S f  0.0 H f 00 M 000
VAL C0045_ R f 00 S f  0.0 H f 00 M 000
ALA C0046_ R f 00 S f  0.0 H f 00 M 000
PRO C0047_ R f 00 S f  0.0 H f 00 M 000
GLY C0048_ R f 00 S f  0.0 H f 00 M 000
LYS C0049_ R f 00 S f  0.0 H f 00 M 000
SER C0050_ R f 00 S f  0.0 H f 00 M 000
ILE C0051_ R f 00 S f  0.0 H f 00 M 000
GLY C0052_ R f 00 S f  0.0 H f 00 M 000
GLY C0053_ R f 00 S f  0.0 H f 00 M 000
ASP C0054_ R f 00 S f  0.0 H f 00 M 000
ILE C0055_ R f 00 S f  0.0 H f 00 M 000
PHE C0056_ R f 00 S f  0.0 H f 00 M 000
SER C0057_ R f 00 S f  0.0 H f 00 M 000
ASN C0058_ R f 00 S f  0.0 H f 00 M 000
ARG C0059_ R f 00 S f  0.0 H f 00 M 000
GLU C0060_ R f 00 S f  0.0 H f 00 M 000
GLY C0061_ R f 00 S f  0.0 H f 00 M 000
LYS C0062_ R f 00 S f  0.0 H f 00 M 000
LEU C0063_ R f 00 S f  0.0 H f 00 M 000
PRO C0064_ R f 00 S f  0.0 H f 00 M 000
GLY C0065_ R f 00 S f  0.0 H f 00 M 000
LYS C0066_ R f 00 S f  0.0 H f 00 M 000
SER C0067_ R f 00 S f  0.0 H f 00 M 000
GLY C0068_ R f 00 S f  0.0 H f 00 M 000
ARG C0069_ R f 00 S f  0.0 H f 00 M 000
THR C0070_ R f 00 S f  0.0 H f 00 M 000
TRP C0071_ R f 00 S f  0.0 H f 00 M 000
ARG C0072_ R f 00 S f  0.0 H f 00 M 000
GLU C0073_ R f 00 S f  0.0 H f 00 M 000
ALA C0074_ R f 00 S f  0.0 H f 00 M 000
ASP C0075_ R f 00 S f  0.0 H f 00 M 000
ILE C0076_ R f 00 S f  0.0 H f 00 M 000
ASN C0077_ R f 00 S f  0.0 H f 00 M 000
TYR C0078_ R f 00 S f  0.0 H f 00 M 000
THR C0079_ R f 00 S f  0.0 H f 00 M 000
SER C0080_ R f 00 S f  0.0 H f 00 M 000
GLY C0081_ R f 00 S f  0.0 H f 00 M 000
PHE C0082_ R f 00 S f  0.0 H f 00 M 000
ARG C0083_ R f 00 S f  0.0 H f 00 M 000
ASN C0084_ R f 00 S f  0.0 H f 00 M 000
SER C0085_ R f 00 S f  0.0 H f 00 M 000
ASP C0086_ R f 00 S f  0.0 H f 00 M 000
ARG C0087_ R f 00 S f  0.0 H f 00 M 000
ILE C0088_ R f 00 S f  0.0 H f 00 M 000
LEU C0089_ R f 00 S f  0.0 H f 00 M 000
TYR C0090_ R f 00 S f  0.0 H f 00 M 000
SER C0091_ R f 00 S f  0.0 H f 00 M 000
SER C0092_ R f 00 S f  0.0 H f 00 M 000
ASP C0093_ R f 00 S f  0.0 H f 00 M 000
TRP C0094_ R f 00 S f  0.0 H f 00 M 000
LEU C0095_ R f 00 S f  0.0 H f 00 M 000
ILE C0096_ R f 00 S f  0.0 H f 00 M 000
TYR C0097_ R f 00 S f  0.0 H f 00 M 000
LYS C0098_ R f 00 S f  0.0 H f 00 M 000
THR C0099_ R f 00 S f  0.0 H f 00 M 000
THR C0100_ R f 00 S f  0.0 H f 00 M 000
ASP C0101_ R f 00 S f  0.0 H f 00 M 000
HIS C0102_ R f 00 S f  0.0 H f 00 M 000
TYR C0103_ R f 00 S f  0.0 H f 00 M 000
GLN C0104_ R f 00 S f  0.0 H f 00 M 000
THR C0105_ R f 00 S f  0.0 H f 00 M 000
PHE C0106_ R f 00 S f  0.0 H f 00 M 000
THR C0107_ R f 00 S f  0.0 H f 00 M 000
LYS C0108_ R f 00 S f  0.0 H f 00 M 000
ILE C0109_ R f 00 S f  0.0 H f 00 M 000
ARG C0110_ R f 00 S f  0.0 H f 00 M 000
CTR C0110_ R f 00 S f  0.0 H f 00 M 000
_ZN C0112_ R f 00 S f  0.0 H f 00 M 000
HOH C0119_ R f 00 S f  0.0 H f 00 M 000
HOH C0120_ R f 00 S f  0.0 H f 00 M 000
HOH C0121_ R f 00 S f  0.0 H f 00 M 000
HOH C0122_ R f 00 S f  0.0 H f 00 M 000
HOH C0123_ R f 00 S f  0.0 H f 00 M 000
HOH C0124_ R f 00 S f  0.0 H f 00 M 000
HOH C0126_ R f 00 S f  0.0 H f 00 M 000
HOH C0127_ R f 00 S f  0.0 H f 00 M 000
HOH C0129_ R f 00 S f  0.0 H f 00 M 000
HOH C0131_ R f 00 S f  0.0 H f 00 M 000
HOH C0137_ R f 00 S f  0.0 H f 00 M 000
HOH C0138_ R f 00 S f  0.0 H f 00 M 000
HOH C0146_ R f 00 S f  0.0 H f 00 M 000
HOH C0151_ R f 00 S f  0.0 H f 00 M 000
HOH C0216_ R f 00 S f  0.0 H f 00 M 000
