===========================================================
<<< MCCE Multi-Conformation Continuum Electrostatics >>>   
 Marilyn Gunner's Lab at City College of New York, 2005    
-----------------------------------------------------------
Version:        2.8                                    
MCCE Home Page: https://sites.google.com/site/mccewiki 
Support:        mgunner@ccny.cuny.edu                   
Developed by:   Junjun Mao, Yifan Song, Marilyn Gunner     
Reference MCCE: If you publish data calculated with MCCE,  
                you need to cite papers suggested in MCCE  
                Home Page.                                 
===========================================================

Last Updates:                                              
   06/04/2018: Removed dependency on gdbm
   06/04/2018: Clear text energy table in step 3 and 4 
===========================================================

Step 0. Initialize enviroment
   Load run control file "run.prm"...
   Done

   Tentatively load local param file "new.tpl"...   No such file, ignore.
   Done

   Load parameters from directory "./param" ... 
   Done

   Load linear free energy correction parameters from "./extra.tpl"..../extra.tpl
   File loaded.
   Done

Step 0 Done.

Step 1. Test and format structral file
   Read pdb file "prot.pdb"...
   FATAL: premcce(): "failed opening file "prot.pdb""
===========================================================
<<< MCCE Multi-Conformation Continuum Electrostatics >>>   
 Marilyn Gunner's Lab at City College of New York, 2005    
-----------------------------------------------------------
Version:        2.8                                    
MCCE Home Page: https://sites.google.com/site/mccewiki 
Support:        mgunner@ccny.cuny.edu                   
Developed by:   Junjun Mao, Yifan Song, Marilyn Gunner     
Reference MCCE: If you publish data calculated with MCCE,  
                you need to cite papers suggested in MCCE  
                Home Page.                                 
===========================================================

Last Updates:                                              
   06/04/2018: Removed dependency on gdbm
   06/04/2018: Clear text energy table in step 3 and 4 
===========================================================

Step 0. Initialize enviroment
   Load run control file "run.prm"...
   Done

   Tentatively load local param file "new.tpl"...   No such file, ignore.
   Done

   Load parameters from directory "./param" ... 
   Done

   Load linear free energy correction parameters from "./extra.tpl"..../extra.tpl
   File loaded.
   Done

Step 0 Done.

Step 1. Test and format structral file
   Read pdb file "prot.pdb"...
   Done

   Read name rule file "../../name.txt"...
   Done

   Rename residue and atom names...
   Renaming "ZN    ZN A 112" to "ZN   _ZN A 112"
   Renaming "ZN    ZN B 112" to "ZN   _ZN B 112"
   Renaming "ZN    ZN C 112" to "ZN   _ZN C 112"
   Done

   Identify NTR and CTR...
      Labeling "VAL A   3" as NTR
      Labeling "VAL B   3" as NTR
      Labeling "VAL C   3" as NTR
      Labeling "ARG A 110" as CTR
      Labeling "ARG B 110" as CTR
      Labeling "ARG C 110" as CTR
   Done

   Label backbone, sidechain and altLoc conformers...
   Done

   Load pdb lines into data structure...
   Done

   Strip free cofactors with SAS >   5%...
      299 free cofactors were stripped off in this round
       48 free cofactors were stripped off in this round
       10 free cofactors were stripped off in this round
        1 free cofactors were stripped off in this round
        1 free cofactors were stripped off in this round
        1 free cofactors were stripped off in this round
        1 free cofactors were stripped off in this round
        2 free cofactors were stripped off in this round
        4 free cofactors were stripped off in this round
        2 free cofactors were stripped off in this round
        0 free cofactors were stripped off in this round
   Total deleted cofactors = 369.
   Done

   Check missing heavy atoms and complete altLoc conformers...
   Missing heavy atom  N   of conf VALBK in "VAL A   3".
   Missing heavy atom  CA  of conf VALBK in "VAL A   3".
   Missing heavy atom  C   of conf ARGBK in "ARG A 110".
   Missing heavy atom  O   of conf ARGBK in "ARG A 110".
   Missing heavy atom  N   of conf VALBK in "VAL B   3".
   Missing heavy atom  CA  of conf VALBK in "VAL B   3".
   Missing heavy atom  C   of conf ARGBK in "ARG B 110".
   Missing heavy atom  O   of conf ARGBK in "ARG B 110".
   Missing heavy atom  N   of conf VALBK in "VAL C   3".
   Missing heavy atom  CA  of conf VALBK in "VAL C   3".
   Missing heavy atom  C   of conf ARGBK in "ARG C 110".
   Missing heavy atom  O   of conf ARGBK in "ARG C 110".
   Missing heavy atoms detected.
   Ignore warning messages if they are in the terminal residues
   Done

   Find distance clash (<2.000)...
   d= 1.53: " CA  NTR A   3" to " CB  VAL A   3"
   d= 1.56: " CA  NTR B   3" to " CB  VAL B   3"
   d= 1.53: " CA  NTR C   3" to " CB  VAL C   3"
   Done

   Make connectivity network ...
   Done.

   Total time for step1 (premcce) is 2 seconds.

   Output files:
      step1_out.pdb         will be the input of step 2.
      head1.lst             rotamer making control file for step 2
      acc.atm               atom solvent accessible surface
      acc.res               residue solvent accessible surface
      head1.lst             rotamer making instruction, used in step2

Step 1 Done.

Step 2. Make multi side chain conformers
   Load step 1 output file step1_out.pdb...
   Done

   NOT output ms_gold file.
   Rotamer statistics is dynamically updated in file "rot_stat"

   Remove redundant heavy atom conformers in step1_out.pdb
   0 conformers were deleted.
   Done


   Relax crystal water..
   Done

   Prepare for rotamer making ...
   Deleting H atoms...2658 H atoms were deleted.
   Assigning radii.
   Estimating Solvent Accessible Surface (SAS).
   Done.

   Swap atoms...
   Done


   Extra rotamers...
   Done


   Delete duplicate conformers ... 0 conformers deleted.
   Done. Time spent = 0

   Prune rotamers by self VDW potential...
   Creating connectivity table...
   Computing self VDW potential. It may take a while...
   Warning! assign_crg():      missing parameter(s), default value is used and saved in debug.log.
   Pruning rotamers...0 rotamers deleted.
   Done. Time spent = 1


   Tuning exposed rotamers...
   Done. Time spent = 1


   Repack side chains 5000 times, remove inaccessible conformers...
   Computing pairwise LJ potential. This may take a while.
      Estimated time on AMD 1.6GHz is 47 seconds.
      Actual time is 4
   Repacking in progress, see progress.log for details...
   Done. Time spent = 7


   Skip writing heavy atome rotamer pdb file hvrot.pdb
   Randomly prune conformers...
   Done

   Making ionization conformers...
   Done


   Add H atoms...
   1 TORSION parameters were guessed and recorded in file debug.log.
   Modify and put them into a param file to have the full control.
   Warning! assign_crg():      missing parameter(s), default value is used and saved in debug.log.
   Done

     1044 conformers deleted in this cycle at    2.000    2.000    2.000

   NOT optimizing hydroxyl and water.

   Sorting conformers...
   Done

   Skip writing full rotamer file step2_out.full.
   Delete duplicate conformers ...
      71 conformers deleted in this cycle at    2.000    2.000    2.000
   Done. Time spent = 3


   Write output...
   Done

   Total time for step2 (rotamer making) is 24 seconds.

   Output files:
      step2_out.pdb   : mcce pdb file, the input of step 3
      head2.lst       : conformer summary
      step2_out.full  : rotamers without pairwise pruning.
      hvrot.pdb       : heavy atom rotamers, can be used recursively by step 2
      ms_gold         : residue name list, can be used for step 4 to output microstate

Step 2 Done.

Step 3. Compute energy lookup table
   Load step 2 output file step2_out.pdb...
   Done

   Reporting non integer conformer charge ...
   Passed, no non-integer charges
   Done

   Creating connectivity table...
   Done

   Preparing DelPhi runs at epsilon 4.00 ...
      4 focusing runs required for this protein.
   Done

   Computing pairwise from conformer 1 to 874 of 874 total conformers
      see progress.log for progress...

   WARNING: Delphi failed at focusing depth 1 of NTR01A0003_001, retry

   WARNING: Delphi failed at focusing depth 1 of NTR01A0003_001, retry

   WARNING: Delphi failed at focusing depth 1 of NTR01A0003_001, retry

   WARNING: Delphi failed at focusing depth 1 of NTR01A0003_001, retry

   WARNING: Delphi failed at focusing depth 1 of NTR01A0003_001, retry
   FATAL: too many failed delphi runs (5), quitting...
   Fatal error reported by conf_energies(), QUIT.
