   confID        vdw0    sas     sum
NTR01A0003_001  -0.002  -3.045  -3.047
NTR+1A0003_002  -0.005  -3.045  -3.050
VAL01A0003_001   0.705  -3.364  -2.659
ILE01A0004_001   3.429  -3.863  -0.434
ILE01A0004_002   3.392  -3.863  -0.472
ASN01A0005_001   0.179  -0.822  -0.643
THR01A0006_001   0.264  -4.458  -4.193
THR01A0006_002   0.264  -4.458  -4.193
THR01A0006_003   0.272  -4.406  -4.134
PHE01A0007_001   4.760  -1.930   2.830
ASP01A0008_001   0.305  -2.650  -2.345
ASP01A0008_002   0.305  -2.650  -2.345
ASP02A0008_003   0.396  -2.676  -2.279
ASP02A0008_004   0.396  -2.676  -2.279
ASP-1A0008_005   0.281  -2.554  -2.273
VAL01A0010_001   0.580   0.000   0.580
ALA01A0011_001   0.000   0.000   0.000
ASP01A0012_001   0.183  -2.240  -2.057
ASP01A0012_002   0.183  -2.240  -2.057
ASP02A0012_003   0.280  -2.199  -1.919
ASP02A0012_004   0.280  -2.199  -1.919
ASP-1A0012_005   0.177  -2.136  -1.959
TYR01A0013_001   4.650  -2.047   2.602
TYR01A0013_002   4.650  -2.047   2.602
TYR-1A0013_003   4.650  -2.047   2.602
LEU01A0014_001   1.733   0.000   1.733
GLN01A0015_001   0.993  -1.531  -0.538
THR01A0016_001   0.246  -4.644  -4.398
THR01A0016_002   0.246  -4.644  -4.398
TYR01A0017_001   4.706  -5.022  -0.317
TYR-1A0017_002   4.706  -5.022  -0.317
HIS01A0018_001  -0.138  -3.917  -4.055
HIS02A0018_002  -0.159  -3.917  -4.076
HIS+1A0018_003  -0.186  -3.917  -4.103
LYS01A0019_001   2.189  -7.055  -4.866
LYS+1A0019_002   2.138  -7.055  -4.917
LEU01A0020_001   1.717  -0.979   0.738
LEU01A0020_002   1.713  -0.979   0.734
PRO01A0021_001   0.567  -0.155   0.412
ASP01A0022_001   0.209  -1.461  -1.252
ASP01A0022_002   0.209  -1.461  -1.252
ASP02A0022_003   0.286  -1.416  -1.131
ASP02A0022_004   0.286  -1.416  -1.131
ASP-1A0022_005   0.191  -1.438  -1.247
ASN01A0023_001   0.375  -0.142   0.233
TYR01A0024_001   4.403  -0.052   4.352
TYR01A0024_002   4.403  -0.052   4.352
TYR-1A0024_003   4.403  -0.052   4.352
ILE01A0025_001   3.217  -0.824   2.393
ILE01A0025_002   3.445  -0.876   2.569
THR01A0026_001   0.260  -2.419  -2.159
THR01A0026_002   0.267  -2.419  -2.152
THR01A0026_003   0.267  -2.419  -2.152
LYS01A0027_001   1.236  -3.679  -2.443
LYS+1A0027_002   1.172  -3.679  -2.506
SER01A0028_001   0.000  -4.784  -4.784
SER01A0028_002   0.000  -4.472  -4.472
GLU01A0029_001   1.621  -1.132   0.489
GLU01A0029_002   1.621  -1.132   0.489
GLU02A0029_003   1.366  -1.126   0.240
GLU02A0029_004   1.366  -1.126   0.240
GLU-1A0029_005   1.259  -1.120   0.139
ALA01A0030_001   0.000   0.000   0.000
GLN01A0031_001   1.170  -2.632  -1.462
GLN01A0031_002   0.951  -2.761  -1.810
ALA01A0032_001   0.000  -3.345  -3.345
LEU01A0033_001   1.846  -1.957  -0.112
LEU01A0033_002   1.848  -1.957  -0.109
TRP01A0035_001   3.076  -0.421   2.655
VAL01A0036_001   0.469  -4.340  -3.870
VAL01A0036_002   0.469  -4.221  -3.751
ALA01A0037_001   0.000  -3.020  -3.020
SER01A0038_001   0.000  -4.969  -4.969
SER01A0038_002   0.000  -4.363  -4.363
LYS01A0039_001   1.577  -7.647  -6.070
LYS+1A0039_002   1.530  -7.647  -6.117
ASN01A0041_001   0.109  -0.826  -0.717
LEU01A0042_001   1.568   0.000   1.568
LEU01A0042_002   1.570   0.000   1.570
ALA01A0043_001   0.000  -1.030  -1.030
ASP01A0044_001   0.233  -2.917  -2.683
ASP01A0044_002   0.233  -2.917  -2.683
ASP02A0044_003   0.321  -2.812  -2.491
ASP02A0044_004   0.321  -2.812  -2.491
ASP-1A0044_005   0.216  -2.799  -2.583
VAL01A0045_001   0.552  -1.545  -0.993
ALA01A0046_001   0.000   0.000   0.000
PRO01A0047_001   0.429  -2.929  -2.501
LYS01A0049_001   0.997  -3.607  -2.610
LYS+1A0049_002   0.952  -3.607  -2.655
SER01A0050_001   0.000   0.000   0.000
SER01A0050_002   0.000   0.000   0.000
SER01A0050_003   0.000   0.000   0.000
ILE01A0051_001   2.774   0.000   2.774
ASP01A0054_001   0.327  -0.833  -0.506
ASP01A0054_002   0.327  -0.833  -0.506
ASP02A0054_003   0.388  -0.827  -0.439
ASP02A0054_004   0.388  -0.827  -0.439
ASP-1A0054_005   0.286  -0.827  -0.541
ILE01A0055_001   8.344  -5.576   2.768
ILE01A0055_002   8.521  -5.576   2.945
PHE01A0056_001   4.521  -0.877   3.644
SER01A0057_001   0.000  -3.267  -3.267
SER01A0057_002   0.000  -3.267  -3.267
ASN01A0058_001   0.257  -0.630  -0.373
ARG01A0059_001   3.228 -10.907  -7.678
ARG02A0059_002   3.231 -10.907  -7.676
ARG03A0059_003   3.186 -10.907  -7.720
ARG+1A0059_004   3.141 -10.907  -7.765
GLU01A0060_001   2.356  -1.908   0.448
GLU01A0060_002   2.356  -1.908   0.448
GLU02A0060_003   1.878  -2.007  -0.129
GLU02A0060_004   1.878  -2.007  -0.129
GLU-1A0060_005   1.808  -1.912  -0.104
LYS01A0062_001   4.299  -3.503   0.796
LYS+1A0062_002   4.250  -3.503   0.747
LEU01A0063_001   2.075   0.000   2.075
LEU01A0063_002   2.055   0.000   2.055
PRO01A0064_001   0.362  -3.027  -2.665
LYS01A0066_001   0.696  -7.277  -6.582
LYS+1A0066_002   0.651  -7.277  -6.626
SER01A0067_001   0.000  -5.472  -5.472
SER01A0067_002   0.000  -5.472  -5.472
ARG01A0069_001   1.776  -0.938   0.838
ARG02A0069_002   1.784  -0.938   0.846
ARG03A0069_003   1.718  -0.938   0.780
ARG03A0069_004   1.724  -0.938   0.786
ARG+1A0069_005   1.679  -0.938   0.741
THR01A0070_001   0.387  -2.770  -2.382
THR01A0070_002   0.387  -2.770  -2.382
TRP01A0071_001   2.832  -0.341   2.491
ARG01A0072_001   0.683  -4.522  -3.838
ARG02A0072_002   0.665  -4.522  -3.857
ARG02A0072_003   0.736  -4.522  -3.785
ARG03A0072_004   0.663  -4.522  -3.859
ARG+1A0072_005   0.619  -4.522  -3.902
GLU01A0073_001   1.282  -0.622   0.660
GLU01A0073_002   1.282  -0.622   0.660
GLU02A0073_003   1.107  -0.650   0.457
GLU02A0073_004   1.107  -0.650   0.457
GLU-1A0073_005   1.004  -0.620   0.384
ALA01A0074_001   0.000   0.000   0.000
ASP01A0075_001   0.196   0.000   0.196
ASP01A0075_002   0.196   0.000   0.196
ASP02A0075_003   0.297   0.000   0.297
ASP02A0075_004   0.297   0.000   0.297
ASP-1A0075_005   0.189   0.000   0.189
ILE01A0076_001   1.681   0.000   1.681
ILE01A0076_002   1.648   0.000   1.648
ASN01A0077_001   0.426  -1.876  -1.450
TYR01A0078_001   4.479   0.000   4.479
TYR01A0078_002   4.479   0.000   4.479
TYR-1A0078_003   4.479   0.000   4.479
THR01A0079_001   0.349  -5.772  -5.423
THR01A0079_002   0.357  -5.705  -5.347
SER01A0080_001   0.000  -3.774  -3.774
PHE01A0082_001   4.769  -8.289  -3.520
ARG01A0083_001   1.433  -2.104  -0.671
ARG02A0083_002   1.433  -2.104  -0.671
ARG03A0083_003   1.367  -2.104  -0.737
ARG03A0083_004   1.372  -2.104  -0.732
ARG+1A0083_005   1.328  -2.104  -0.776
ASN01A0084_001   0.253  -0.824  -0.571
SER01A0085_001   0.000  -2.016  -2.016
SER01A0085_002   0.000  -2.112  -2.112
SER01A0085_003   0.000  -2.016  -2.016
SER01A0085_004   0.000  -2.112  -2.112
ASP01A0086_001   0.111  -1.260  -1.149
ASP01A0086_002   0.111  -1.260  -1.149
ASP02A0086_003   0.191  -1.216  -1.025
ASP02A0086_004   0.191  -1.216  -1.025
ASP-1A0086_005   0.106  -1.172  -1.065
ARG01A0087_001   1.548  -0.257   1.291
ARG02A0087_002   1.532  -0.257   1.275
ARG03A0087_003   1.526  -0.257   1.269
ARG+1A0087_004   1.486  -0.257   1.229
ILE01A0088_001   2.889   0.000   2.889
LEU01A0089_001   1.515   0.000   1.515
LEU01A0089_002   1.524   0.000   1.524
TYR01A0090_001   4.620  -0.604   4.016
TYR01A0090_002   4.620  -0.604   4.016
TYR-1A0090_003   4.620  -0.604   4.016
SER01A0091_001   0.000   0.000   0.000
SER01A0091_002   0.000   0.000   0.000
SER01A0091_003   0.000   0.000   0.000
SER01A0092_001   0.000  -1.991  -1.991
ASP01A0093_001   0.129  -1.129  -1.001
ASP01A0093_002   0.129  -1.129  -1.001
ASP02A0093_003   0.210  -1.244  -1.035
ASP02A0093_004   0.210  -1.244  -1.035
ASP-1A0093_005   0.122  -1.128  -1.006
TRP01A0094_001   2.871  -3.809  -0.938
LEU01A0095_001   1.892  -2.885  -0.992
ILE01A0096_001   4.416   0.000   4.416
ILE01A0096_002   5.255   0.000   5.255
ILE01A0096_003   4.252   0.000   4.252
TYR01A0097_001   4.493  -1.651   2.842
TYR-1A0097_002   4.493  -1.651   2.842
LYS01A0098_001   2.784  -3.969  -1.185
LYS+1A0098_002   2.734  -3.969  -1.235
THR01A0099_001   0.328   0.000   0.328
THR01A0099_002   0.340   0.000   0.340
THR01A0099_003   0.340   0.000   0.340
THR01A0100_001   0.291  -3.467  -3.176
ASP01A0101_001   0.112  -1.237  -1.125
ASP01A0101_002   0.112  -1.237  -1.125
ASP02A0101_003   0.195  -1.215  -1.020
ASP02A0101_004   0.195  -1.215  -1.020
ASP-1A0101_005   0.108  -1.236  -1.128
HIS01A0102_001  -0.087  -5.618  -5.705
HIS02A0102_002  -0.109  -5.618  -5.726
HIS+1A0102_003  -0.136  -5.618  -5.754
TYR01A0103_001   4.665  -2.866   1.799
TYR01A0103_002   4.665  -2.866   1.799
TYR-1A0103_003   4.665  -2.866   1.799
GLN01A0104_001   0.594  -3.388  -2.794
THR01A0105_001   0.280  -5.309  -5.029
THR01A0105_002   0.290  -5.309  -5.019
PHE01A0106_001   4.665  -0.360   4.306
THR01A0107_001   0.239  -5.047  -4.808
THR01A0107_002   0.239  -5.047  -4.808
LYS01A0108_001   1.134  -5.665  -4.531
LYS+1A0108_002   1.053  -5.665  -4.612
ILE01A0109_001   1.703  -1.339   0.363
ILE01A0109_002   1.698  -1.339   0.359
ARG01A0110_001   1.463  -3.123  -1.660
ARG02A0110_002   1.449  -3.123  -1.674
ARG02A0110_003   1.538  -3.123  -1.585
ARG03A0110_004   1.441  -3.123  -1.682
ARG03A0110_005   1.443  -3.123  -1.680
ARG+1A0110_006   1.401  -3.123  -1.721
CTR01A0110_001  -0.026  -1.525  -1.551
CTR01A0110_002   0.162  -1.371  -1.209
CTR02A0110_003  -0.026  -1.390  -1.416
CTR02A0110_004   0.162  -1.390  -1.228
CTR-1A0110_005   0.000  -1.390  -1.390
_ZN+2A0112_001   0.000  -3.909  -3.909
_ZNDMA0112_002   0.000   0.000   0.000
HOH01A0113_001   0.000   0.000   0.000
HOH01A0113_002   0.000   0.000   0.000
HOH01A0113_003   0.000   0.000   0.000
HOHDMA0113_004   0.000   0.000   0.000
HOH01A0114_001   0.000   0.000   0.000
HOH01A0114_002   0.000   0.000   0.000
HOH01A0114_003   0.000   0.000   0.000
HOH01A0114_004   0.000   0.000   0.000
HOHDMA0114_005   0.000   0.000   0.000
HOH01A0115_001   0.000   0.000   0.000
HOH01A0115_002   0.000   0.000   0.000
HOH01A0115_003   0.000   0.000   0.000
HOHDMA0115_004   0.000   0.000   0.000
HOH01A0117_001   0.000   0.000   0.000
HOH01A0117_002   0.000   0.000   0.000
HOH01A0117_003   0.000   0.000   0.000
HOHDMA0117_004   0.000   0.000   0.000
HOH01A0118_001   0.000  -0.062  -0.062
HOH01A0118_002   0.000  -0.062  -0.062
HOH01A0118_003   0.000  -0.062  -0.062
HOHDMA0118_004   0.000   0.000   0.000
HOH01A0120_001   0.000   0.000   0.000
HOH01A0120_002   0.000   0.000   0.000
HOH01A0120_003   0.000   0.000   0.000
HOH01A0120_004   0.000   0.000   0.000
HOH01A0120_005   0.000   0.000   0.000
HOH01A0120_006   0.000   0.000   0.000
HOH01A0120_007   0.000   0.000   0.000
HOH01A0120_008   0.000   0.000   0.000
HOHDMA0120_009   0.000   0.000   0.000
HOH01A0121_001   0.000   0.000   0.000
HOH01A0121_002   0.000   0.000   0.000
HOH01A0121_003   0.000   0.000   0.000
HOH01A0121_004   0.000   0.000   0.000
HOH01A0121_005   0.000   0.000   0.000
HOH01A0121_006   0.000   0.000   0.000
HOHDMA0121_007   0.000   0.000   0.000
HOH01A0123_001   0.000   0.000   0.000
HOH01A0123_002   0.000   0.000   0.000
HOH01A0123_003   0.000   0.000   0.000
HOH01A0123_004   0.000   0.000   0.000
HOH01A0123_005   0.000   0.000   0.000
HOHDMA0123_006   0.000   0.000   0.000
HOH01A0125_001   0.000  -0.372  -0.372
HOH01A0125_002   0.000  -0.372  -0.372
HOH01A0125_003   0.000  -0.372  -0.372
HOH01A0125_004   0.000  -0.372  -0.372
HOHDMA0125_005   0.000   0.000   0.000
HOH01A0131_001   0.000   0.000   0.000
HOHDMA0131_002   0.000   0.000   0.000
HOH01A0132_001   0.000  -0.124  -0.124
HOHDMA0132_002   0.000   0.000   0.000
HOH01A0135_001   0.000  -0.248  -0.248
HOH01A0135_002   0.000  -0.248  -0.248
HOHDMA0135_003   0.000   0.000   0.000
HOH01A0144_001   0.000   0.000   0.000
HOH01A0144_002   0.000   0.000   0.000
HOH01A0144_003   0.000   0.000   0.000
HOH01A0144_004   0.000   0.000   0.000
HOHDMA0144_005   0.000   0.000   0.000
HOH01A0152_001   0.000  -0.186  -0.186
HOH01A0152_002   0.000  -0.186  -0.186
HOHDMA0152_003   0.000   0.000   0.000
NTR01B0003_001  -0.002  -3.001  -3.004
NTR+1B0003_002  -0.005  -3.001  -3.006
VAL01B0003_001   0.623  -3.226  -2.603
ILE01B0004_001   2.834  -4.395  -1.560
ILE01B0004_002   2.935  -4.395  -1.459
ASN01B0005_001   0.287  -0.871  -0.585
THR01B0006_001   0.253  -4.452  -4.199
THR01B0006_002   0.253  -4.452  -4.199
PHE01B0007_001   4.733  -1.829   2.904
ASP01B0008_001   0.348  -2.860  -2.512
ASP01B0008_002   0.348  -2.860  -2.512
ASP02B0008_003   0.459  -2.895  -2.435
ASP02B0008_004   0.459  -2.895  -2.435
ASP-1B0008_005   0.327  -2.743  -2.416
VAL01B0010_001   0.660   0.000   0.660
VAL01B0010_002   0.669   0.000   0.669
ALA01B0011_001   0.000   0.000   0.000
ASP01B0012_001   0.132  -2.102  -1.970
ASP01B0012_002   0.132  -2.102  -1.970
ASP02B0012_003   0.218  -2.179  -1.961
ASP02B0012_004   0.218  -2.179  -1.961
ASP-1B0012_005   0.127  -2.076  -1.949
TYR01B0013_001   4.509  -2.521   1.987
TYR01B0013_002   4.509  -2.521   1.987
TYR-1B0013_003   4.509  -2.521   1.987
LEU01B0014_001   1.798   0.000   1.798
GLN01B0015_001   0.884  -1.670  -0.786
THR01B0016_001   0.293  -3.964  -3.671
THR01B0016_002   0.301  -3.964  -3.663
TYR01B0017_001   4.410  -7.378  -2.968
TYR-1B0017_002   4.410  -7.378  -2.968
HIS01B0018_001  -0.156  -5.550  -5.706
HIS02B0018_002  -0.176  -5.550  -5.725
HIS+1B0018_003  -0.202  -5.550  -5.752
LYS01B0019_001   1.684  -6.436  -4.752
LYS+1B0019_002   1.615  -6.436  -4.821
LEU01B0020_001   1.919  -1.030   0.889
LEU01B0020_002   1.919  -1.030   0.889
PRO01B0021_001   0.445  -0.206   0.239
ASP01B0022_001   0.273  -3.300  -3.027
ASP01B0022_002   0.273  -3.300  -3.027
ASP02B0022_003   0.335  -3.204  -2.869
ASP02B0022_004   0.335  -3.204  -2.869
ASP-1B0022_005   0.240  -3.122  -2.882
ASN01B0023_001   0.445  -0.417   0.027
TYR01B0024_001   4.278  -0.052   4.226
TYR01B0024_002   4.278  -0.052   4.226
TYR-1B0024_003   4.278  -0.052   4.226
ILE01B0025_001   4.762  -1.236   3.526
THR01B0026_001   0.241  -2.162  -1.921
THR01B0026_002   0.247  -2.162  -1.914
THR01B0026_003   0.247  -2.162  -1.914
LYS01B0027_001   2.653  -3.377  -0.724
LYS+1B0027_002   2.594  -3.377  -0.783
SER01B0028_001   0.000  -4.639  -4.639
SER01B0028_002   0.000  -4.416  -4.416
SER01B0028_003   0.000  -4.639  -4.639
SER01B0028_004   0.000  -4.416  -4.416
GLU01B0029_001   1.386  -2.515  -1.129
GLU01B0029_002   1.386  -2.515  -1.129
GLU02B0029_003   1.161  -2.657  -1.496
GLU02B0029_004   1.161  -2.657  -1.496
GLU-1B0029_005   1.065  -2.541  -1.475
ALA01B0030_001   0.000   0.000   0.000
GLN01B0031_001   1.268  -2.716  -1.449
ALA01B0032_001   0.000  -3.413  -3.413
LEU01B0033_001   1.689  -5.167  -3.478
TRP01B0035_001   3.063  -0.270   2.793
VAL01B0036_001   0.599  -4.391  -3.792
VAL01B0036_002   0.614  -4.391  -3.778
ALA01B0037_001   0.000  -2.830  -2.830
SER01B0038_001   0.000  -4.869  -4.869
SER01B0038_002   0.000  -4.531  -4.531
LYS01B0039_001   1.412  -7.641  -6.229
LYS+1B0039_002   1.368  -7.641  -6.273
ASN01B0041_001   0.079  -0.616  -0.537
LEU01B0042_001   1.672   0.000   1.672
ALA01B0043_001   0.000  -0.824  -0.824
ASP01B0044_001   0.224  -2.737  -2.514
ASP01B0044_002   0.224  -2.737  -2.514
ASP02B0044_003   0.330  -2.865  -2.535
ASP02B0044_004   0.330  -2.865  -2.535
ASP-1B0044_005   0.215  -2.778  -2.562
VAL01B0045_001   0.684  -1.442  -0.758
VAL01B0045_002   0.703  -1.442  -0.740
ALA01B0046_001   0.000  -0.052  -0.052
PRO01B0047_001   0.475  -6.111  -5.636
LYS01B0049_001   1.675  -3.809  -2.133
LYS+1B0049_002   1.603  -3.809  -2.205
SER01B0050_001   0.000   0.000   0.000
SER01B0050_002   0.000   0.000   0.000
SER01B0050_003   0.000   0.000   0.000
ILE01B0051_001   2.215   0.000   2.215
ILE01B0051_002   2.171   0.000   2.171
ASP01B0054_001   0.393  -0.882  -0.489
ASP01B0054_002   0.393  -0.882  -0.489
ASP02B0054_003   0.461  -0.818  -0.357
ASP02B0054_004   0.461  -0.818  -0.357
ASP-1B0054_005   0.347  -0.818  -0.471
ILE01B0055_001   1.530  -5.956  -4.426
PHE01B0056_001   4.533  -1.585   2.948
SER01B0057_001   0.000  -1.754  -1.754
SER01B0057_002   0.000  -1.754  -1.754
ASN01B0058_001   0.459  -0.709  -0.249
ARG01B0059_001   2.061 -11.951  -9.890
ARG02B0059_002   1.994 -11.951  -9.957
ARG03B0059_003   1.995 -11.951  -9.956
ARG+1B0059_004   1.951 -11.951 -10.000
GLU01B0060_001   0.979  -2.777  -1.798
GLU01B0060_002   0.979  -2.777  -1.798
GLU02B0060_003   0.881  -2.747  -1.866
GLU02B0060_004   0.881  -2.747  -1.866
GLU-1B0060_005   0.788  -2.635  -1.847
LYS01B0062_001   2.109  -3.717  -1.609
LYS+1B0062_002   2.061  -3.717  -1.656
LEU01B0063_001   1.608   0.000   1.608
LEU01B0063_002   1.597   0.000   1.597
PRO01B0064_001   0.199  -0.048   0.151
LYS01B0066_001   1.921  -5.519  -3.598
LYS+1B0066_002   1.876  -5.519  -3.644
SER01B0067_001   0.000  -4.105  -4.105
SER01B0067_002   0.000  -4.105  -4.105
ARG01B0069_001   1.260  -0.244   1.016
ARG02B0069_002   1.266  -0.244   1.022
ARG03B0069_003   1.202  -0.244   0.957
ARG03B0069_004   1.207  -0.244   0.963
ARG+1B0069_005   1.163  -0.244   0.919
THR01B0070_001   0.328  -4.137  -3.809
TRP01B0071_001   3.025  -0.341   2.684
ARG01B0072_001   0.415  -4.834  -4.419
ARG02B0072_002   0.398  -4.834  -4.436
ARG02B0072_003   0.458  -4.834  -4.376
ARG03B0072_004   0.393  -4.834  -4.441
ARG+1B0072_005   0.353  -4.834  -4.481
GLU01B0073_001   2.081  -0.482   1.598
GLU01B0073_002   2.081  -0.482   1.598
GLU02B0073_003   1.740  -0.507   1.232
GLU02B0073_004   1.740  -0.507   1.232
GLU-1B0073_005   1.631  -0.482   1.149
ALA01B0074_001   0.000   0.000   0.000
ASP01B0075_001   0.169   0.000   0.169
ASP01B0075_002   0.169   0.000   0.169
ASP02B0075_003   0.266   0.000   0.266
ASP02B0075_004   0.266   0.000   0.266
ASP-1B0075_005   0.164   0.000   0.164
ILE01B0076_001   2.898   0.000   2.898
ASN01B0077_001   0.435  -1.918  -1.483
TYR01B0078_001   4.416   0.000   4.416
TYR01B0078_002   4.416   0.000   4.416
TYR-1B0078_003   4.416   0.000   4.416
THR01B0079_001   0.394  -6.146  -5.751
SER01B0080_001   0.000  -3.463  -3.463
PHE01B0082_001   4.660  -8.322  -3.661
ARG01B0083_001   1.762  -2.079  -0.317
ARG02B0083_002   1.703  -2.079  -0.376
ARG03B0083_003   1.697  -2.079  -0.381
ARG03B0083_004   1.703  -2.079  -0.376
ARG+1B0083_005   1.658  -2.079  -0.420
ASN01B0084_001   0.290  -0.825  -0.534
SER01B0085_001   0.000  -2.009  -2.009
SER01B0085_002   0.000  -2.009  -2.009
ASP01B0086_001   0.069  -1.015  -0.946
ASP01B0086_002   0.069  -1.015  -0.946
ASP02B0086_003   0.137  -1.002  -0.865
ASP02B0086_004   0.137  -1.002  -0.865
ASP-1B0086_005   0.065  -0.965  -0.900
ARG01B0087_001   1.634  -0.321   1.313
ARG02B0087_002   1.707  -0.321   1.386
ARG03B0087_003   1.614  -0.321   1.293
ARG+1B0087_004   1.572  -0.321   1.251
ILE01B0088_001   4.535   0.000   4.535
LEU01B0089_001   1.653   0.000   1.653
TYR01B0090_001   4.580  -0.493   4.087
TYR-1B0090_002   4.580  -0.493   4.087
SER01B0091_001   0.000   0.000   0.000
SER01B0091_002   0.000   0.000   0.000
SER01B0091_003   0.000   0.000   0.000
SER01B0092_001   0.000  -2.071  -2.071
SER01B0092_002   0.000  -2.071  -2.071
SER01B0092_003   0.000  -2.071  -2.071
ASP01B0093_001   0.119  -1.043  -0.924
ASP01B0093_002   0.119  -1.043  -0.924
ASP02B0093_003   0.201  -1.040  -0.839
ASP02B0093_004   0.201  -1.040  -0.839
ASP-1B0093_005   0.114  -1.041  -0.927
TRP01B0094_001   3.021  -4.066  -1.045
LEU01B0095_001   1.802  -1.098   0.704
LEU01B0095_002   1.811  -1.098   0.713
ILE01B0096_001   1.507   0.000   1.507
ILE01B0096_002   1.500   0.000   1.500
ILE01B0096_003   9.165   0.000   9.165
TYR01B0097_001   4.528  -0.051   4.477
TYR01B0097_002   4.528  -0.051   4.477
TYR-1B0097_003   4.528  -0.051   4.477
LYS01B0098_001   1.009  -3.522  -2.513
LYS+1B0098_002   0.962  -3.522  -2.560
THR01B0099_001   0.322   0.000   0.322
THR01B0099_002   0.336   0.000   0.336
THR01B0099_003   0.336   0.000   0.336
THR01B0099_004   0.324   0.000   0.324
THR01B0100_001   0.252  -3.708  -3.456
THR01B0100_002   0.260  -3.708  -3.448
ASP01B0101_001   0.106  -1.201  -1.095
ASP01B0101_002   0.106  -1.201  -1.095
ASP02B0101_003   0.186  -1.337  -1.151
ASP02B0101_004   0.186  -1.337  -1.151
ASP-1B0101_005   0.102  -1.201  -1.099
HIS01B0102_001  -0.036  -5.607  -5.643
HIS02B0102_002  -0.056  -5.607  -5.664
HIS+1B0102_003  -0.084  -5.607  -5.691
TYR01B0103_001   4.789  -2.904   1.885
TYR01B0103_002   4.789  -2.904   1.885
TYR-1B0103_003   4.789  -2.904   1.885
GLN01B0104_001   0.701  -3.082  -2.381
THR01B0105_001   0.282  -5.525  -5.244
THR01B0105_002   0.293  -5.541  -5.249
PHE01B0106_001   4.460  -0.204   4.256
THR01B0107_001   0.240  -4.268  -4.027
THR01B0107_002   0.247  -4.216  -3.970
LYS01B0108_001   1.454  -0.925   0.529
LYS+1B0108_002   1.402  -0.925   0.476
ILE01B0109_001   2.467  -1.201   1.266
ARG01B0110_001   0.701  -2.927  -2.226
ARG02B0110_002   0.686  -2.927  -2.240
ARG02B0110_003   0.770  -2.927  -2.157
ARG03B0110_004   0.680  -2.927  -2.247
ARG03B0110_005   0.683  -2.927  -2.244
ARG+1B0110_006   0.640  -2.927  -2.287
CTR01B0110_001  -0.026  -1.767  -1.793
CTR01B0110_002   0.116  -1.921  -1.805
CTR02B0110_003  -0.026  -1.844  -1.870
CTR02B0110_004   0.120  -1.844  -1.724
CTR-1B0110_005   0.000  -1.844  -1.844
_ZN+2B0112_001   0.000  -2.115  -2.115
_ZNDMB0112_002   0.000   0.000   0.000
HOH01B0137_001   0.000   0.000   0.000
HOH01B0137_002   0.000   0.000   0.000
HOH01B0137_003   0.000   0.000   0.000
HOHDMB0137_004   0.000   0.000   0.000
HOH01B0138_001   0.000   0.000   0.000
HOH01B0138_002   0.000   0.000   0.000
HOH01B0138_003   0.000   0.000   0.000
HOH01B0138_004   0.000   0.000   0.000
HOH01B0138_005   0.000   0.000   0.000
HOH01B0138_006   0.000   0.000   0.000
HOHDMB0138_007   0.000   0.000   0.000
HOH01B0139_001   0.000   0.000   0.000
HOH01B0139_002   0.000   0.000   0.000
HOH01B0139_003   0.000   0.000   0.000
HOH01B0139_004   0.000   0.000   0.000
HOHDMB0139_005   0.000   0.000   0.000
HOH01B0140_001   0.000  -0.248  -0.248
HOH01B0140_002   0.000  -0.248  -0.248
HOH01B0140_003   0.000  -0.248  -0.248
HOHDMB0140_004   0.000   0.000   0.000
HOH01B0141_001   0.000   0.000   0.000
HOH01B0141_002   0.000   0.000   0.000
HOHDMB0141_003   0.000   0.000   0.000
HOH01B0142_001   0.000  -0.062  -0.062
HOH01B0142_002   0.000  -0.062  -0.062
HOHDMB0142_003   0.000   0.000   0.000
HOH01B0144_001   0.000   0.000   0.000
HOH01B0144_002   0.000   0.000   0.000
HOH01B0144_003   0.000   0.000   0.000
HOH01B0144_004   0.000   0.000   0.000
HOH01B0144_005   0.000   0.000   0.000
HOH01B0144_006   0.000   0.000   0.000
HOH01B0144_007   0.000   0.000   0.000
HOH01B0144_008   0.000   0.000   0.000
HOH01B0144_009   0.000   0.000   0.000
HOH01B0144_010   0.000   0.000   0.000
HOH01B0144_011   0.000   0.000   0.000
HOH01B0144_012   0.000   0.000   0.000
HOH01B0144_013   0.000   0.000   0.000
HOH01B0144_014   0.000   0.000   0.000
HOHDMB0144_015   0.000   0.000   0.000
HOH01B0145_001   0.000   0.000   0.000
HOH01B0145_002   0.000   0.000   0.000
HOH01B0145_003   0.000   0.000   0.000
HOH01B0145_004   0.000   0.000   0.000
HOH01B0145_005   0.000   0.000   0.000
HOH01B0145_006   0.000   0.000   0.000
HOHDMB0145_007   0.000   0.000   0.000
HOH01B0147_001   0.000   0.000   0.000
HOH01B0147_002   0.000   0.000   0.000
HOH01B0147_003   0.000   0.000   0.000
HOH01B0147_004   0.000   0.000   0.000
HOHDMB0147_005   0.000   0.000   0.000
HOH01B0149_001   0.000  -0.124  -0.124
HOH01B0149_002   0.000  -0.124  -0.124
HOH01B0149_003   0.000  -0.124  -0.124
HOH01B0149_004   0.000  -0.124  -0.124
HOH01B0149_005   0.000  -0.124  -0.124
HOHDMB0149_006   0.000   0.000   0.000
HOH01B0155_001   0.000   0.000   0.000
HOH01B0155_002   0.000   0.000   0.000
HOHDMB0155_003   0.000   0.000   0.000
HOH01B0156_001   0.000  -0.186  -0.186
HOH01B0156_002   0.000  -0.186  -0.186
HOH01B0156_003   0.000  -0.186  -0.186
HOHDMB0156_004   0.000   0.000   0.000
HOH01B0159_001   0.000  -0.310  -0.310
HOH01B0159_002   0.000  -0.310  -0.310
HOH01B0159_003   0.000  -0.310  -0.310
HOHDMB0159_004   0.000   0.000   0.000
HOH01B0169_001   0.000   0.000   0.000
HOH01B0169_002   0.000   0.000   0.000
HOHDMB0169_003   0.000   0.000   0.000
HOH01B0177_001   0.000  -0.186  -0.186
HOH01B0177_002   0.000  -0.186  -0.186
HOHDMB0177_003   0.000   0.000   0.000
HOH01B0196_001   0.000  -0.124  -0.124
HOH01B0196_002   0.000  -0.124  -0.124
HOH01B0196_003   0.000  -0.124  -0.124
HOH01B0196_004   0.000  -0.124  -0.124
HOH01B0196_005   0.000  -0.124  -0.124
HOH01B0196_006   0.000  -0.124  -0.124
HOH01B0196_007   0.000  -0.124  -0.124
HOHDMB0196_008   0.000   0.000   0.000
HOH01B0239_001   0.000   0.000   0.000
HOH01B0239_002   0.000   0.000   0.000
HOH01B0239_003   0.000   0.000   0.000
HOH01B0239_004   0.000   0.000   0.000
HOHDMB0239_005   0.000   0.000   0.000
NTR01C0003_001  -0.002  -2.766  -2.768
NTR+1C0003_002  -0.005  -2.766  -2.770
VAL01C0003_001   0.661  -4.050  -3.389
VAL01C0003_002   0.689  -4.050  -3.361
ILE01C0004_001   4.744  -3.570   1.173
ASN01C0005_001   0.193  -0.940  -0.747
THR01C0006_001   0.297  -4.888  -4.591
THR01C0006_002   0.297  -4.888  -4.591
PHE01C0007_001   4.432  -1.880   2.552
ASP01C0008_001   0.313  -2.796  -2.483
ASP01C0008_002   0.313  -2.796  -2.483
ASP02C0008_003   0.405  -2.740  -2.335
ASP02C0008_004   0.405  -2.740  -2.335
ASP-1C0008_005   0.288  -2.683  -2.395
VAL01C0010_001   0.525   0.000   0.525
ALA01C0011_001   0.000   0.000   0.000
ASP01C0012_001   0.168  -2.287  -2.119
ASP01C0012_002   0.168  -2.287  -2.119
ASP02C0012_003   0.255  -2.208  -1.953
ASP02C0012_004   0.255  -2.208  -1.953
ASP-1C0012_005   0.158  -2.145  -1.986
TYR01C0013_001   4.472  -2.257   2.214
TYR01C0013_002   4.472  -2.257   2.214
TYR-1C0013_003   4.472  -2.257   2.214
LEU01C0014_001   2.059   0.000   2.059
GLN01C0015_001   0.949  -1.462  -0.512
THR01C0016_001   0.323  -3.907  -3.584
THR01C0016_002   0.329  -3.959  -3.629
THR01C0016_003   0.331  -3.959  -3.628
TYR01C0017_001   4.552  -7.475  -2.923
TYR-1C0017_002   4.552  -7.475  -2.923
HIS01C0018_001  -0.109  -3.419  -3.527
HIS02C0018_002  -0.131  -3.419  -3.550
HIS+1C0018_003  -0.157  -3.419  -3.576
LYS01C0019_001   0.707  -4.261  -3.554
LYS+1C0019_002   0.663  -4.261  -3.597
LEU01C0020_001   1.843  -0.979   0.864
LEU01C0020_002   1.825  -0.979   0.846
PRO01C0021_001   0.338  -0.206   0.132
ASP01C0022_001   0.156  -2.991  -2.835
ASP01C0022_002   0.156  -2.991  -2.835
ASP02C0022_003   0.232  -2.942  -2.710
ASP02C0022_004   0.232  -2.942  -2.710
ASP-1C0022_005   0.144  -2.954  -2.810
ASN01C0023_001   0.479  -0.116   0.363
TYR01C0024_001   4.484  -0.052   4.433
TYR01C0024_002   4.484  -0.052   4.433
TYR-1C0024_003   4.484  -0.052   4.433
ILE01C0025_001   3.439  -1.252   2.187
ILE01C0025_002   3.600  -1.201   2.399
THR01C0026_001   0.241  -1.475  -1.234
THR01C0026_002   0.241  -1.475  -1.234
THR01C0026_003   0.241  -1.475  -1.234
THR01C0026_004   0.245  -1.475  -1.230
LYS01C0027_001   1.216  -4.128  -2.913
LYS+1C0027_002   1.171  -4.128  -2.958
SER01C0028_001   0.000  -4.042  -4.042
GLU01C0029_001   1.394  -1.770  -0.376
GLU01C0029_002   1.394  -1.770  -0.376
GLU02C0029_003   1.160  -1.825  -0.665
GLU02C0029_004   1.160  -1.825  -0.665
GLU-1C0029_005   1.069  -1.697  -0.628
ALA01C0030_001   0.000   0.000   0.000
GLN01C0031_001   1.715  -2.633  -0.918
ALA01C0032_001   0.000  -1.030  -1.030
LEU01C0033_001   1.678  -2.556  -0.878
TRP01C0035_001   2.976  -0.253   2.724
VAL01C0036_001   0.639  -3.535  -2.896
VAL01C0036_002   0.671  -3.535  -2.864
ALA01C0037_001   0.000  -2.984  -2.984
SER01C0038_001   0.000  -5.080  -5.080
SER01C0038_002   0.000  -5.080  -5.080
LYS01C0039_001   5.919  -5.839   0.080
LYS+1C0039_002   5.871  -5.839   0.033
ASN01C0041_001   0.253  -0.170   0.083
LEU01C0042_001   1.801   0.000   1.801
ALA01C0043_001   0.000  -0.721  -0.721
ASP01C0044_001   0.299  -2.399  -2.100
ASP01C0044_002   0.299  -2.399  -2.100
ASP02C0044_003   0.395  -2.329  -1.935
ASP02C0044_004   0.395  -2.329  -1.935
ASP-1C0044_005   0.277  -2.356  -2.079
VAL01C0045_001   0.641  -0.068   0.573
ALA01C0046_001   0.000  -0.052  -0.052
PRO01C0047_001   0.381  -5.945  -5.564
LYS01C0049_001   0.964  -4.273  -3.308
LYS01C0049_002   0.928  -4.273  -3.345
LYS+1C0049_003   0.919  -4.273  -3.354
LYS+1C0049_004   0.865  -4.273  -3.408
SER01C0050_001   0.000   0.000   0.000
SER01C0050_002   0.000   0.000   0.000
SER01C0050_003   0.000   0.000   0.000
ILE01C0051_001   1.438   0.000   1.438
ILE01C0051_002   1.450   0.000   1.450
ASP01C0054_001   0.310  -0.724  -0.414
ASP01C0054_002   0.310  -0.724  -0.414
ASP02C0054_003   0.373  -0.724  -0.351
ASP02C0054_004   0.373  -0.724  -0.351
ASP-1C0054_005   0.272  -0.724  -0.451
ILE01C0055_001   3.997  -6.020  -2.023
PHE01C0056_001   4.726  -1.738   2.988
SER01C0057_001   0.000  -2.126  -2.126
SER01C0057_002   0.000  -2.126  -2.126
ASN01C0058_001   0.250  -0.748  -0.498
ARG01C0059_001   1.249 -11.650 -10.401
ARG02C0059_002   1.271 -11.650 -10.379
ARG03C0059_003   1.206 -11.650 -10.445
ARG+1C0059_004   1.167 -11.650 -10.483
GLU01C0060_001   0.492  -2.781  -2.289
GLU01C0060_002   0.492  -2.781  -2.289
GLU02C0060_003   0.492  -2.869  -2.376
GLU02C0060_004   0.492  -2.869  -2.376
GLU-1C0060_005   0.385  -2.739  -2.353
LYS01C0062_001   0.765  -2.449  -1.685
LYS+1C0062_002   0.720  -2.449  -1.729
LEU01C0063_001   2.063   0.000   2.063
LEU01C0063_002   2.052   0.000   2.052
PRO01C0064_001   0.430  -2.873  -2.443
LYS01C0066_001   0.944  -7.126  -6.181
LYS+1C0066_002   0.898  -7.126  -6.228
SER01C0067_001   0.000  -5.657  -5.657
SER01C0067_002   0.000  -5.657  -5.657
ARG01C0069_001   2.220  -0.899   1.321
ARG02C0069_002   2.223  -0.899   1.324
ARG03C0069_003   2.158  -0.899   1.258
ARG03C0069_004   2.164  -0.899   1.265
ARG+1C0069_005   2.119  -0.899   1.220
THR01C0070_001   0.247  -2.052  -1.805
THR01C0070_002   0.252  -2.052  -1.801
TRP01C0071_001   2.989  -0.341   2.647
ARG01C0072_001   0.297  -4.092  -3.795
ARG02C0072_002   0.346  -4.092  -3.745
ARG03C0072_003   0.276  -4.092  -3.815
ARG+1C0072_004   0.233  -4.092  -3.859
GLU01C0073_001   2.347  -0.413   1.934
GLU01C0073_002   2.347  -0.413   1.934
GLU02C0073_003   1.922  -0.435   1.487
GLU02C0073_004   1.922  -0.435   1.487
GLU-1C0073_005   1.835  -0.413   1.421
ALA01C0074_001   0.000   0.000   0.000
ASP01C0075_001   0.158   0.000   0.158
ASP01C0075_002   0.158   0.000   0.158
ASP02C0075_003   0.251   0.000   0.251
ASP02C0075_004   0.251   0.000   0.251
ASP-1C0075_005   0.153   0.000   0.153
ILE01C0076_001   2.565   0.000   2.565
ILE01C0076_002   2.526   0.000   2.526
ASN01C0077_001   0.428  -1.837  -1.409
TYR01C0078_001   4.498  -0.051   4.447
TYR01C0078_002   4.498  -0.051   4.447
TYR-1C0078_003   4.498  -0.051   4.447
THR01C0079_001   0.346  -6.186  -5.840
SER01C0080_001   0.000  -3.563  -3.563
PHE01C0082_001   4.547  -8.543  -3.996
ARG01C0083_001   1.025  -2.005  -0.980
ARG02C0083_002   0.963  -2.005  -1.042
ARG03C0083_003   0.959  -2.005  -1.046
ARG03C0083_004   0.964  -2.005  -1.041
ARG+1C0083_005   0.919  -2.005  -1.085
ASN01C0084_001   0.219  -0.789  -0.569
SER01C0085_001   0.000  -1.812  -1.812
SER01C0085_002   0.000  -1.812  -1.812
ASP01C0086_001   0.095  -1.053  -0.958
ASP01C0086_002   0.095  -1.053  -0.958
ASP02C0086_003   0.172  -1.071  -0.899
ASP02C0086_004   0.172  -1.071  -0.899
ASP-1C0086_005   0.091  -0.999  -0.908
ARG01C0087_001   1.648  -0.257   1.391
ARG02C0087_002   1.634  -0.257   1.377
ARG03C0087_003   1.626  -0.257   1.369
ARG+1C0087_004   1.587  -0.257   1.330
ILE01C0088_001   4.217   0.000   4.217
LEU01C0089_001   1.474   0.000   1.474
LEU01C0089_002   1.481   0.000   1.481
TYR01C0090_001   4.722  -0.544   4.179
TYR-1C0090_002   4.722  -0.544   4.179
SER01C0091_001   0.000   0.000   0.000
SER01C0091_002   0.000   0.000   0.000
SER01C0091_003   0.000   0.000   0.000
SER01C0092_001   0.000  -1.763  -1.763
SER01C0092_002   0.000  -1.763  -1.763
SER01C0092_003   0.000  -1.763  -1.763
ASP01C0093_001   0.117  -1.132  -1.015
ASP01C0093_002   0.117  -1.132  -1.015
ASP02C0093_003   0.195  -1.223  -1.028
ASP02C0093_004   0.195  -1.223  -1.028
ASP-1C0093_005   0.111  -1.145  -1.034
TRP01C0094_001   3.001  -2.958   0.043
LEU01C0095_001   1.765  -2.988  -1.223
ILE01C0096_001   6.396   0.000   6.396
ILE01C0096_002   4.692   0.000   4.692
ILE01C0096_003   6.154   0.000   6.154
TYR01C0097_001   4.534  -1.812   2.722
TYR01C0097_002   4.534  -1.812   2.722
TYR-1C0097_003   4.534  -1.812   2.722
LYS01C0098_001   1.768  -3.579  -1.812
LYS+1C0098_002   1.720  -3.579  -1.859
THR01C0099_001   0.339   0.000   0.339
THR01C0099_002   0.351   0.000   0.351
THR01C0099_003   0.351   0.000   0.351
THR01C0099_004   0.344   0.000   0.344
THR01C0100_001   0.247  -3.868  -3.620
ASP01C0101_001   0.077  -1.241  -1.164
ASP01C0101_002   0.077  -1.241  -1.164
ASP02C0101_003   0.150  -1.232  -1.083
ASP02C0101_004   0.150  -1.232  -1.083
ASP-1C0101_005   0.074  -1.205  -1.131
HIS01C0102_001  -0.012  -5.464  -5.477
HIS02C0102_002  -0.036  -5.464  -5.500
HIS+1C0102_003  -0.063  -5.464  -5.527
TYR01C0103_001   4.649  -2.803   1.846
TYR01C0103_002   4.649  -2.803   1.846
TYR-1C0103_003   4.649  -2.803   1.846
GLN01C0104_001   0.881  -3.488  -2.607
THR01C0105_001   0.242  -5.692  -5.449
THR01C0105_002   0.251  -5.537  -5.287
THR01C0105_003   0.251  -5.537  -5.287
PHE01C0106_001   4.669  -0.307   4.362
THR01C0107_001   0.271  -4.961  -4.690
LYS01C0108_001   1.888  -5.678  -3.791
LYS+1C0108_002   1.802  -5.678  -3.876
ILE01C0109_001   2.355  -1.185   1.170
ARG01C0110_001   1.526  -2.950  -1.423
ARG02C0110_002   1.510  -2.950  -1.440
ARG02C0110_003   1.602  -2.950  -1.348
ARG03C0110_004   1.502  -2.950  -1.448
ARG03C0110_005   1.506  -2.950  -1.443
ARG+1C0110_006   1.463  -2.950  -1.487
CTR01C0110_001  -0.025  -1.709  -1.734
CTR01C0110_002   0.067  -1.709  -1.642
CTR02C0110_003  -0.025  -1.631  -1.656
CTR02C0110_004   0.066  -1.631  -1.565
CTR-1C0110_005   0.000  -1.631  -1.631
_ZN+2C0112_001   0.000  -1.730  -1.730
_ZNDMC0112_002   0.000   0.000   0.000
HOH01C0119_001   0.000   0.000   0.000
HOH01C0119_002   0.000   0.000   0.000
HOH01C0119_003   0.000   0.000   0.000
HOH01C0119_004   0.000   0.000   0.000
HOHDMC0119_005   0.000   0.000   0.000
HOH01C0120_001   0.000   0.000   0.000
HOH01C0120_002   0.000   0.000   0.000
HOH01C0120_003   0.000   0.000   0.000
HOH01C0120_004   0.000   0.000   0.000
HOHDMC0120_005   0.000   0.000   0.000
HOH01C0121_001   0.000   0.000   0.000
HOH01C0121_002   0.000   0.000   0.000
HOH01C0121_003   0.000   0.000   0.000
HOHDMC0121_004   0.000   0.000   0.000
HOH01C0122_001   0.000  -0.124  -0.124
HOH01C0122_002   0.000  -0.124  -0.124
HOHDMC0122_003   0.000   0.000   0.000
HOH01C0123_001   0.000   0.000   0.000
HOH01C0123_002   0.000   0.000   0.000
HOH01C0123_003   0.000   0.000   0.000
HOH01C0123_004   0.000   0.000   0.000
HOHDMC0123_005   0.000   0.000   0.000
HOH01C0124_001   0.000  -0.124  -0.124
HOH01C0124_002   0.000  -0.124  -0.124
HOHDMC0124_003   0.000   0.000   0.000
HOH01C0126_001   0.000  -0.062  -0.062
HOH01C0126_002   0.000  -0.062  -0.062
HOH01C0126_003   0.000  -0.062  -0.062
HOH01C0126_004   0.000  -0.062  -0.062
HOHDMC0126_005   0.000   0.000   0.000
HOH01C0127_001   0.000   0.000   0.000
HOH01C0127_002   0.000   0.000   0.000
HOH01C0127_003   0.000   0.000   0.000
HOHDMC0127_004   0.000   0.000   0.000
HOH01C0129_001   0.000   0.000   0.000
HOH01C0129_002   0.000   0.000   0.000
HOH01C0129_003   0.000   0.000   0.000
HOHDMC0129_004   0.000   0.000   0.000
HOH01C0131_001   0.000   0.000   0.000
HOH01C0131_002   0.000   0.000   0.000
HOHDMC0131_003   0.000   0.000   0.000
HOH01C0137_001   0.000   0.000   0.000
HOH01C0137_002   0.000   0.000   0.000
HOHDMC0137_003   0.000   0.000   0.000
HOH01C0138_001   0.000  -0.124  -0.124
HOHDMC0138_002   0.000   0.000   0.000
HOH01C0146_001   0.000  -0.248  -0.248
HOH01C0146_002   0.000  -0.248  -0.248
HOH01C0146_003   0.000  -0.248  -0.248
HOH01C0146_004   0.000  -0.248  -0.248
HOHDMC0146_005   0.000   0.000   0.000
HOH01C0151_001   0.000   0.000   0.000
HOH01C0151_002   0.000   0.000   0.000
HOH01C0151_003   0.000   0.000   0.000
HOHDMC0151_004   0.000   0.000   0.000
HOH01C0216_001   0.000  -0.062  -0.062
HOH01C0216_002   0.000  -0.062  -0.062
HOH01C0216_003   0.000  -0.062  -0.062
HOH01C0216_004   0.000  -0.062  -0.062
HOH01C0216_005   0.000  -0.062  -0.062
HOH01C0216_006   0.000  -0.062  -0.062
HOH01C0216_007   0.000  -0.062  -0.062
HOHDMC0216_008   0.000   0.000   0.000
