iConf CONFORMER     FL  occ    crg   Em0  pKa0 ne nH    vdw0    vdw1    tors    epol   dsolv   extra    history
00001 TYR01A0054_001 f 0.00  0.000     0  0.00  0  0 -10.070   0.006   0.021   0.415  -5.983   0.000 01O000M000t
00002 TYR01A0054_002 f 0.00  0.000     0  0.00  0  0 -10.301   0.276   0.020   0.343  -5.519   0.000 01E009M000t
00003 TYR01A0054_003 f 0.00  0.000     0  0.00  0  0 -10.084   6.001   0.027   0.831  -5.494   0.000 01E00BM000t
00004 TYR01A0054_004 f 0.00  0.000     0  0.00  0  0 -10.316   7.509   0.029   0.427  -6.033   0.000 01T007M000t
00005 TYR01A0054_005 f 0.00  0.000     0  0.00  0  0  -9.142   0.651   2.777   0.296  -5.813   0.000 01T00EM000t
00006 TYR01A0054_006 f 0.00  0.000     0  0.00  0  0  -9.389   5.617   2.780   0.460  -6.316   0.000 01T00AM000t
00007 TYR01A0054_007 f 0.00  0.000     0  0.00  0  0 -10.351   2.457   2.777   0.393  -5.788   0.000 01T001M000t
00008 TYR01A0054_008 f 0.00  0.000     0  0.00  0  0  -9.850   0.188   0.021   0.363  -5.719   0.000 01T002M000t
00009 TYR01A0054_009 f 0.00  0.000     0  0.00  0  0  -9.498   5.784   2.781   0.450  -5.994   0.000 01T003M000t
00010 TYR01A0054_010 f 0.00  0.000     0  0.00  0  0  -9.443   0.557   2.776   0.299  -5.930   0.000 01T004M000t
00011 TYR01A0054_011 f 0.00  0.000     0  0.00  0  0 -10.500   6.056   0.035   0.450  -6.064   0.000 01T005M000t
00012 TYR01A0054_012 f 0.00  0.000     0  0.00  0  0 -10.008   6.565   0.021   0.817  -5.539   0.000 01T00CM000t
00013 TYR01A0054_013 f 0.00  0.000     0  0.00  0  0 -10.117   1.831   2.778   0.421  -5.897   0.000 01T00DM000t
00014 TYR01A0054_014 f 0.00  0.000     0  0.00  0  0 -10.111   2.120   2.780   0.441  -5.906   0.000 01T00FM000t
00015 TYR01A0054_015 f 0.00  0.000     0  0.00  0  0  -9.871   0.013   0.021   0.430  -6.220   0.000 01T006M000t
00016 TYR01A0054_016 f 0.00  0.000     0  0.00  0  0 -10.646   2.422   2.778   0.397  -5.778   0.000 01T008M000t
00017 TYR-1A0054_017 f 0.00 -1.000     0 10.20  0 -1 -10.070   0.006   0.021   0.166 -40.842   0.000 -1O000M000t
00018 TYR-1A0054_018 f 0.00 -1.000     0 10.20  0 -1 -10.343   2.462   2.777   0.101 -40.933   0.000 -1E001M000t
00019 TYR-1A0054_019 f 0.00 -1.000     0 10.20  0 -1  -9.864   0.234   0.021   0.085 -40.981   0.000 -1E002M000t
00020 TYR-1A0054_020 f 0.00 -1.000     0 10.20  0 -1  -9.438   5.749   2.781   0.341 -40.863   0.000 -1E003M000t
00021 TYR-1A0054_021 f 0.00 -1.000     0 10.20  0 -1  -9.438   0.566   2.776   0.139 -41.180   0.000 -1E004M000t
00022 TYR-1A0054_022 f 0.00 -1.000     0 10.20  0 -1 -10.604   5.895   0.037   0.171 -41.187   0.000 -1E005M000t
00023 TYR-1A0054_023 f 0.00 -1.000     0 10.20  0 -1  -9.863   0.011   0.020   0.135 -41.098   0.000 -1E006M000t
00024 TYR-1A0054_024 f 0.00 -1.000     0 10.20  0 -1 -10.499   2.427   2.778   0.117 -41.011   0.000 -1E008M000t
00025 TYR-1A0054_025 f 0.00 -1.000     0 10.20  0 -1 -10.204   0.274   0.020   0.095 -40.929   0.000 -1E009M000t
00026 TYR-1A0054_026 f 0.00 -1.000     0 10.20  0 -1 -10.017   5.946   0.026   1.146 -40.463   0.000 -1E00BM000t
00027 TYR-1A0054_027 f 0.00 -1.000     0 10.20  0 -1 -10.125   2.173   2.780   0.235 -41.108   0.000 -1E00FM000t
00028 TYR-1A0054_028 f 0.00 -1.000     0 10.20  0 -1 -10.420   7.482   0.029   0.160 -41.043   0.000 -1T007M000t
00029 TYR-1A0054_029 f 0.00 -1.000     0 10.20  0 -1  -9.450   5.586   2.781   0.363 -40.697   0.000 -1T00AM000t
00030 TYR-1A0054_030 f 0.00 -1.000     0 10.20  0 -1 -10.000   6.487   0.022   1.120 -40.475   0.000 -1T00CM000t
00031 TYR-1A0054_031 f 0.00 -1.000     0 10.20  0 -1 -10.175   1.819   2.778   0.223 -40.979   0.000 -1T00DM000t
00032 TYR-1A0054_032 f 0.00 -1.000     0 10.20  0 -1  -9.138   0.649   2.776   0.116 -41.106   0.000 -1T00EM000t
