   confID        vdw0    sas     sum
TYR01A0054_001   4.327 -14.397 -10.070
TYR01A0054_002   4.318 -14.619 -10.301
TYR01A0054_003   4.240 -14.324 -10.084
TYR01A0054_004   3.942 -14.258 -10.316
TYR01A0054_005   4.300 -13.442  -9.142
TYR01A0054_006   4.319 -13.709  -9.389
TYR01A0054_007   4.337 -14.688 -10.351
TYR01A0054_008   4.337 -14.187  -9.850
TYR01A0054_009   4.352 -13.850  -9.498
TYR01A0054_010   4.317 -13.761  -9.443
TYR01A0054_011   3.963 -14.463 -10.500
TYR01A0054_012   4.178 -14.185 -10.008
TYR01A0054_013   4.233 -14.350 -10.117
TYR01A0054_014   4.174 -14.285 -10.111
TYR01A0054_015   4.300 -14.171  -9.871
TYR01A0054_016   4.322 -14.967 -10.646
TYR-1A0054_017   4.327 -14.397 -10.070
TYR-1A0054_018   4.345 -14.688 -10.343
TYR-1A0054_019   4.340 -14.204  -9.864
TYR-1A0054_020   4.362 -13.800  -9.438
TYR-1A0054_021   4.323 -13.761  -9.438
TYR-1A0054_022   3.960 -14.564 -10.604
TYR-1A0054_023   4.307 -14.171  -9.863
TYR-1A0054_024   4.317 -14.816 -10.499
TYR-1A0054_025   4.314 -14.518 -10.204
TYR-1A0054_026   4.240 -14.256 -10.017
TYR-1A0054_027   4.160 -14.285 -10.125
TYR-1A0054_028   3.941 -14.361 -10.420
TYR-1A0054_029   4.326 -13.776  -9.450
TYR-1A0054_030   4.186 -14.185 -10.000
TYR-1A0054_031   4.235 -14.411 -10.175
TYR-1A0054_032   4.303 -13.442  -9.138
