CONFORMER         crg  vdw0  vdw1  tors  epol  self   occ  Hb     history    ASA
GLU01A0010_001  0.000 -3.38  0.78  3.39  0.00  0.79 0.546  00  01O000M000  1.003
GLU01A0010_002  0.000 -3.12  2.53  3.26  0.00  2.67 0.545  00  01E001M000  1.039
GLU01A0010_003  0.000 -3.15  0.77  2.93  0.00  0.55 0.548  00  01E005M000  1.089
GLU01A0010_004  0.000 -3.38  0.78  0.67  0.00 -1.93 0.546  00  01O000M000  1.003
GLU01A0010_005  0.000 -3.80  0.83  0.72  0.00 -2.25 0.548  00  01E00AM000  1.014
GLU01A0010_006  0.000 -3.47  1.34  3.29  0.00  1.15 0.543  00  01T003M000  1.024
GLU01A0010_007  0.000 -2.67  2.49  2.93  0.00  2.74 0.546  00  01T007M000  1.015
GLU01A0010_008  0.000 -3.71  1.33  3.44  0.00  1.06 0.543  00  01T008M000  1.000
GLU01A0010_009  0.000 -3.80  0.83  3.43  0.00  0.46 0.548  00  01T00AM000  1.014
GLU01A0010_010  0.000 -3.71  1.33  0.72  0.00 -1.66 0.543  00  01T008M000  1.000
GLU01A0010_011  0.000 -3.33  1.40  0.52  0.00 -1.42 0.543  00  01T003M000  1.025
GLU01A0010_012  0.000 -3.56  2.48  0.68  0.00 -0.40 0.545  00  01T006M000  1.008
GLU02A0010_013  0.000 -3.55  0.78  3.39  0.00  0.63 0.546  00  02O000M000  1.008
GLU02A0010_014  0.000 -2.70  0.75  2.93  0.00  0.98 0.548  00  02E005M000  1.115
GLU02A0010_015  0.000 -3.99  0.83  3.56  0.00  0.39 0.548  00  02E00AM000  1.028
GLU02A0010_016  0.000 -3.55  0.78  0.67  0.00 -2.09 0.546  00  02O000M000  1.008
GLU02A0010_017  0.000 -4.01  0.85  0.68  0.00 -2.47 0.548  00  02E00AM000  1.032
GLU02A0010_018  0.000 -3.46  2.48  3.50  0.00  2.51 0.545  00  02T006M000  1.000
GLU02A0010_019  0.000 -2.34  1.19  2.93  0.00  1.78 0.545  00  02T009M000  1.048
GLU02A0010_020  0.000 -3.35  2.54  3.19  0.00  2.38 0.545  00  02T001M000  1.045
GLU02A0010_021  0.000 -3.61  1.33  3.23  0.00  0.95 0.543  00  02T003M000  1.017
GLU02A0010_022  0.000 -3.35  2.54  0.47  0.00 -0.34 0.545  00  02T001M000  1.045
GLU02A0010_023  0.000 -3.68  1.33  0.51  0.00 -1.84 0.543  00  02T003M000  1.031
GLU02A0010_024  0.000 -3.50  1.33  0.65  0.00 -1.52 0.543  00  02T008M000  1.011
GLU-1A0010_025 -1.000 -3.57  0.79  0.67  0.00 -2.11 0.546  00  -1O000M000  1.003
GLU-1A0010_026 -1.000 -3.59  1.35  0.53  0.00 -1.72 0.543  00  -1E003M000  1.005
GLU-1A0010_027 -1.000 -2.65  2.51  0.21  0.00  0.06 0.546  00  -1E007M000  1.016
GLU-1A0010_028 -1.000 -2.68  1.20  0.21  0.00 -1.28 0.545  00  -1E009M000  1.031
GLU-1A0010_029 -1.000 -4.06  0.85  0.73  0.00 -2.48 0.548  00  -1E00AM000  1.013
