iConf CONFORMER     FL  occ    crg   Em0  pKa0 ne nH    vdw0    vdw1    tors    epol   dsolv   extra    history
00001 GLU01A0010_001 f 0.00  0.000     0  0.00  0  0  -3.382   0.775   3.392   0.193  -7.358   0.000 01O000M000t
00002 GLU01A0010_002 f 0.00  0.000     0  0.00  0  0  -3.088   2.535   3.256   0.159  -7.116   0.000 01E001M000t
00003 GLU01A0010_003 f 0.00  0.000     0  0.00  0  0  -3.148   0.766   2.928   0.102  -7.689   0.000 01E005M000t
00004 GLU01A0010_004 f 0.00  0.000     0  0.00  0  0  -3.382   0.775   0.672   0.080  -5.293   0.000 01O000M000t
00005 GLU01A0010_005 f 0.00  0.000     0  0.00  0  0  -3.804   0.830   0.723   0.186  -5.223   0.000 01E00AM000t
00006 GLU01A0010_006 f 0.00  0.000     0  0.00  0  0  -3.471   1.338   3.288   0.666  -7.113   0.000 01T003M000t
00007 GLU01A0010_007 f 0.00  0.000     0  0.00  0  0  -2.678   2.490   2.928   0.024  -7.477   0.000 01T007M000t
00008 GLU01A0010_008 f 0.00  0.000     0  0.00  0  0  -3.709   1.326   3.442   0.228  -7.768   0.000 01T008M000t
00009 GLU01A0010_009 f 0.00  0.000     0  0.00  0  0  -3.803   0.831   3.431   0.320  -7.311   0.000 01T00AM000t
00010 GLU01A0010_010 f 0.00  0.000     0  0.00  0  0  -3.709   1.326   0.722   0.181  -5.271   0.000 01T008M000t
00011 GLU01A0010_011 f 0.00  0.000     0  0.00  0  0  -3.330   1.399   0.518   0.427  -5.230   0.000 01T003M000t
00012 GLU01A0010_012 f 0.00  0.000     0  0.00  0  0  -3.560   2.485   0.681   0.059  -5.099   0.000 01T006M000t
00013 GLU02A0010_013 f 0.00  0.000     0  0.00  0  0  -3.544   0.779   3.392   0.096  -7.574   0.000 02O000M000t
00014 GLU02A0010_014 f 0.00  0.000     0  0.00  0  0  -2.674   0.753   2.928   0.188  -7.022   0.000 02E005M000t
00015 GLU02A0010_015 f 0.00  0.000     0  0.00  0  0  -3.994   0.829   3.556   0.306  -7.535   0.000 02E00AM000t
00016 GLU02A0010_016 f 0.00  0.000     0  0.00  0  0  -3.544   0.779   0.672   0.065  -5.202   0.000 02O000M000t
00017 GLU02A0010_017 f 0.00  0.000     0  0.00  0  0  -4.010   0.853   0.681   0.196  -5.282   0.000 02E00AM000t
00018 GLU02A0010_018 f 0.00  0.000     0  0.00  0  0  -3.460   2.470   3.502   0.207  -7.327   0.000 02T006M000t
00019 GLU02A0010_019 f 0.00  0.000     0  0.00  0  0  -2.337   1.194   2.925   0.311  -6.829   0.000 02T009M000t
00020 GLU02A0010_020 f 0.00  0.000     0  0.00  0  0  -3.320   2.539   3.186   0.054  -7.772   0.000 02T001M000t
00021 GLU02A0010_021 f 0.00  0.000     0  0.00  0  0  -3.615   1.336   3.229   0.578  -7.547   0.000 02T003M000t
00022 GLU02A0010_022 f 0.00  0.000     0  0.00  0  0  -3.320   2.539   0.466   0.071  -5.236   0.000 02T001M000t
00023 GLU02A0010_023 f 0.00  0.000     0  0.00  0  0  -3.679   1.336   0.509   0.451  -5.129   0.000 02T003M000t
00024 GLU02A0010_024 f 0.00  0.000     0  0.00  0  0  -3.500   1.332   0.652   0.182  -5.285   0.000 02T008M000t
00025 GLU-1A0010_025 f 0.00 -1.000     0  4.75  0 -1  -3.573   0.791   0.672  -0.127 -41.868   0.000 -1O000M000t
00026 GLU-1A0010_026 f 0.00 -1.000     0  4.75  0 -1  -3.593   1.349   0.530  -0.689 -41.457   0.000 -1E003M000t
00027 GLU-1A0010_027 f 0.00 -1.000     0  4.75  0 -1  -2.650   2.512   0.208  -0.095 -41.801   0.000 -1E007M000t
00028 GLU-1A0010_028 f 0.00 -1.000     0  4.75  0 -1  -2.690   1.201   0.205  -0.185 -41.803   0.000 -1E009M000t
00029 GLU-1A0010_029 f 0.00 -1.000     0  4.75  0 -1  -4.060   0.849   0.731  -0.428 -41.427   0.000 -1E00AM000t
