   confID        vdw0    sas     sum
GLU01A0010_001   1.271  -4.653  -3.382
GLU01A0010_002   1.617  -4.705  -3.088
GLU01A0010_003   1.917  -5.066  -3.148
GLU01A0010_004   1.271  -4.653  -3.382
GLU01A0010_005   1.015  -4.819  -3.804
GLU01A0010_006   1.390  -4.862  -3.471
GLU01A0010_007   1.904  -4.582  -2.678
GLU01A0010_008   0.914  -4.623  -3.709
GLU01A0010_009   1.016  -4.819  -3.803
GLU01A0010_010   0.914  -4.623  -3.709
GLU01A0010_011   1.527  -4.857  -3.330
GLU01A0010_012   1.039  -4.599  -3.560
GLU02A0010_013   1.083  -4.627  -3.544
GLU02A0010_014   2.372  -5.046  -2.674
GLU02A0010_015   0.959  -4.953  -3.994
GLU02A0010_016   1.083  -4.627  -3.544
GLU02A0010_017   0.996  -5.005  -4.010
GLU02A0010_018   1.023  -4.483  -3.460
GLU02A0010_019   2.405  -4.742  -2.337
GLU02A0010_020   1.468  -4.788  -3.320
GLU02A0010_021   1.262  -4.877  -3.615
GLU02A0010_022   1.468  -4.788  -3.320
GLU02A0010_023   1.262  -4.941  -3.679
GLU02A0010_024   1.047  -4.547  -3.500
GLU-1A0010_025   0.983  -4.556  -3.573
GLU-1A0010_026   1.142  -4.735  -3.593
GLU-1A0010_027   1.837  -4.487  -2.650
GLU-1A0010_028   1.857  -4.548  -2.690
GLU-1A0010_029   0.825  -4.886  -4.060
