iConf CONFORMER     FL  occ    crg   Em0  pKa0 ne nH    vdw0    vdw1    tors    epol   dsolv   extra    history
00001 HIS01A0008_001 f 0.00  0.000     0  0.00  0  0 -11.409  -0.886   0.388   0.813  -7.614   0.000 01O000M000t
00002 HIS01A0008_002 f 0.00  0.000     0  0.00  0  0 -11.523  -0.877   0.388   0.662  -7.995   0.000 01R001M000t
00003 HIS01A0008_003 f 0.00  0.000     0  0.00  0  0 -12.155  -0.449   0.346   0.428  -7.477   0.000 01E003M000t
00004 HIS01A0008_004 f 0.00  0.000     0  0.00  0  0 -11.985   1.547   0.241   0.954  -7.126   0.000 01E007M000t
00005 HIS01A0008_005 f 0.00  0.000     0  0.00  0  0 -11.451   2.647   0.293   0.545  -7.200   0.000 01E008M000t
00006 HIS01A0008_006 f 0.00  0.000     0  0.00  0  0 -11.766   0.724   0.239   0.574  -7.521   0.000 01E00AM000t
00007 HIS01A0008_007 f 0.00  0.000     0  0.00  0  0 -11.470   1.766   0.274   0.800  -8.136   0.000 01E00BM000t
00008 HIS01A0008_008 f 0.00  0.000     0  0.00  0  0 -11.665  -0.030   0.301   0.477  -7.340   0.000 01E010M000t
00009 HIS01A0008_009 f 0.00  0.000     0  0.00  0  0 -12.103  -0.381   0.303   0.851  -8.006   0.000 01E013M000t
00010 HIS01A0008_010 f 0.00  0.000     0  0.00  0  0 -11.735   1.366   2.215   0.833  -8.012   0.000 01E017M000t
00011 HIS01A0008_011 f 0.00  0.000     0  0.00  0  0 -12.385   1.659   0.233   0.286  -7.435   0.000 01E019M000t
00012 HIS01A0008_012 f 0.00  0.000     0  0.00  0  0 -11.945   1.054   2.360   0.779  -7.498   0.000 01E01FM000t
00013 HIS01A0008_013 f 0.00  0.000     0  0.00  0  0 -11.899  -0.390   0.341   0.668  -7.351   0.000 01T005M000t
00014 HIS01A0008_014 f 0.00  0.000     0  0.00  0  0 -11.693  -0.573   0.344   0.831  -7.906   0.000 01T011M000t
00015 HIS01A0008_015 f 0.00  0.000     0  0.00  0  0 -11.416   0.845   0.253   1.077  -7.570   0.000 01T012M000t
00016 HIS01A0008_016 f 0.00  0.000     0  0.00  0  0 -11.757   0.787   2.316   0.597  -7.581   0.000 01T015M000t
00017 HIS01A0008_017 f 0.00  0.000     0  0.00  0  0 -11.620   0.414   2.307   0.762  -7.922   0.000 01T018M000t
00018 HIS01A0008_018 f 0.00  0.000     0  0.00  0  0 -11.511   3.898   0.283   0.170  -7.328   0.000 01T01AM000t
00019 HIS01A0008_019 f 0.00  0.000     0  0.00  0  0 -12.360   0.732   0.229   0.830  -8.098   0.000 01T01CM000t
00020 HIS01A0008_020 f 0.00  0.000     0  0.00  0  0 -12.087   3.455   2.330   0.869  -7.055   0.000 01T01EM000t
00021 HIS02A0008_021 f 0.00  0.000     0  0.00  0  0 -11.428  -0.925   0.388   0.496  -8.123   0.000 02O000M000t
00022 HIS02A0008_022 f 0.00  0.000     0  0.00  0  0 -11.536  -0.893   0.388   0.470  -7.929   0.000 02R001M000t
00023 HIS02A0008_023 f 0.00  0.000     0  0.00  0  0 -11.505   2.802   0.263   0.080  -7.035   0.000 02E008M000t
00024 HIS02A0008_024 f 0.00  0.000     0  0.00  0  0 -11.651   0.677   0.250   0.255  -7.975   0.000 02E00AM000t
00025 HIS02A0008_025 f 0.00  0.000     0  0.00  0  0 -11.680  -0.088   0.291   0.383  -7.669   0.000 02E010M000t
00026 HIS02A0008_026 f 0.00  0.000     0  0.00  0  0 -11.680  -0.588   0.337   0.489  -8.187   0.000 02E011M000t
00027 HIS02A0008_027 f 0.00  0.000     0  0.00  0  0 -11.411   0.797   0.283   0.853  -7.860   0.000 02E012M000t
00028 HIS02A0008_028 f 0.00  0.000     0  0.00  0  0 -11.843   0.807   2.302   0.594  -7.764   0.000 02E015M000t
00029 HIS02A0008_029 f 0.00  0.000     0  0.00  0  0 -11.708   0.408   2.292   0.558  -7.898   0.000 02E018M000t
00030 HIS02A0008_030 f 0.00  0.000     0  0.00  0  0 -12.332   1.677   0.231   0.643  -7.321   0.000 02E019M000t
00031 HIS02A0008_031 f 0.00  0.000     0  0.00  0  0 -12.141   0.711   0.250   0.655  -7.971   0.000 02E01CM000t
00032 HIS02A0008_032 f 0.00  0.000     0  0.00  0  0 -12.120  -0.494   0.337   0.403  -8.196   0.000 02T003M000t
00033 HIS02A0008_033 f 0.00  0.000     0  0.00  0  0 -11.980  -0.412   0.335   0.479  -8.085   0.000 02T005M000t
00034 HIS02A0008_034 f 0.00  0.000     0  0.00  0  0 -12.154   1.559   0.241  -0.168  -7.408   0.000 02T007M000t
00035 HIS02A0008_035 f 0.00  0.000     0  0.00  0  0 -11.129   2.600   0.277   0.530  -7.865   0.000 02T00BM000t
00036 HIS02A0008_036 f 0.00  0.000     0  0.00  0  0 -12.056  -0.389   0.295   0.500  -8.385   0.000 02T013M000t
00037 HIS02A0008_037 f 0.00  0.000     0  0.00  0  0 -11.857   1.439   2.220   0.592  -8.014   0.000 02T017M000t
00038 HIS02A0008_038 f 0.00  0.000     0  0.00  0  0 -11.378   3.813   0.260   1.879  -7.450   0.000 02T01AM000t
00039 HIS02A0008_039 f 0.00  0.000     0  0.00  0  0 -12.052   3.858   2.330   0.352  -7.531   0.000 02T01EM000t
00040 HIS02A0008_040 f 0.00  0.000     0  0.00  0  0 -12.018   1.027   2.352   0.641  -7.926   0.000 02T01FM000t
00041 HIS+1A0008_041 f 0.00  1.000     0  6.98  0  1 -11.454  -0.928   0.388   1.083 -33.601   0.000 +1O000M000t
00042 HIS+1A0008_042 f 0.00  1.000     0  6.98  0  1 -11.562  -0.897   0.388   1.030 -34.516   0.000 +1R001M000t
00043 HIS+1A0008_043 f 0.00  1.000     0  6.98  0  1 -12.198  -0.501   0.348   1.494 -33.850   0.000 +1E003M000t
00044 HIS+1A0008_044 f 0.00  1.000     0  6.98  0  1 -11.484   2.927   0.278   0.867 -32.545   0.000 +1E008M000t
00045 HIS+1A0008_045 f 0.00  1.000     0  6.98  0  1 -11.677   0.681   0.255   0.718 -33.672   0.000 +1E00AM000t
00046 HIS+1A0008_046 f 0.00  1.000     0  6.98  0  1 -11.340   2.284   0.290   1.132 -33.652   0.000 +1E00BM000t
00047 HIS+1A0008_047 f 0.00  1.000     0  6.98  0  1 -11.770  -0.085   0.305   1.424 -33.471   0.000 +1E010M000t
00048 HIS+1A0008_048 f 0.00  1.000     0  6.98  0  1 -12.084  -0.389   0.307   1.417 -33.970   0.000 +1E013M000t
00049 HIS+1A0008_049 f 0.00  1.000     0  6.98  0  1 -11.869   0.798   2.324   1.130 -33.689   0.000 +1E015M000t
00050 HIS+1A0008_050 f 0.00  1.000     0  6.98  0  1 -11.848   1.415   2.230   1.198 -33.958   0.000 +1E017M000t
00051 HIS+1A0008_051 f 0.00  1.000     0  6.98  0  1 -11.736   0.403   2.316   1.150 -33.836   0.000 +1E018M000t
00052 HIS+1A0008_052 f 0.00  1.000     0  6.98  0  1 -11.566   3.962   0.277   2.743 -33.113   0.000 +1E01AM000t
00053 HIS+1A0008_053 f 0.00  1.000     0  6.98  0  1 -12.167   0.722   0.256   1.329 -34.339   0.000 +1E01CM000t
00054 HIS+1A0008_054 f 0.00  1.000     0  6.98  0  1 -12.106   3.836   2.343   0.629 -33.008   0.000 +1E01EM000t
00055 HIS+1A0008_055 f 0.00  1.000     0  6.98  0  1 -12.009  -0.411   0.346   1.100 -33.969   0.000 +1T005M000t
00056 HIS+1A0008_056 f 0.00  1.000     0  6.98  0  1 -12.180   1.580   0.248   0.153 -32.770   0.000 +1T007M000t
00057 HIS+1A0008_057 f 0.00  1.000     0  6.98  0  1 -11.671  -0.592   0.348   1.554 -34.379   0.000 +1T011M000t
00058 HIS+1A0008_058 f 0.00  1.000     0  6.98  0  1 -11.454   0.804   0.287   2.019 -33.656   0.000 +1T012M000t
00059 HIS+1A0008_059 f 0.00  1.000     0  6.98  0  1 -12.428   1.693   0.237   1.264 -33.372   0.000 +1T019M000t
00060 HIS+1A0008_060 f 0.00  1.000     0  6.98  0  1 -12.046   1.029   2.362   0.991 -33.774   0.000 +1T01FM000t
