CONFORMER         crg  vdw0  vdw1  tors  epol  self   occ  Hb     history    ASA
HIS01A0008_001  0.000-11.41 -0.89  0.39  0.00-11.91 0.515  00  01O000M000  1.000
HIS01A0008_002  0.000-11.52 -0.88  0.39  0.00-12.01 0.515  00  01R001M000  1.000
HIS01A0008_003  0.000-12.15 -0.51  0.34  0.00-12.32 0.515  00  01E003M000  1.000
HIS01A0008_004  0.000-11.98  1.49  0.24  0.00-10.25 0.515  00  01E007M000  1.000
HIS01A0008_005  0.000-11.45  2.65  0.29  0.00 -8.51 0.516  00  01E008M000  1.000
HIS01A0008_006  0.000-11.77  0.66  0.24  0.00-10.87 0.515  00  01E00AM000  1.000
HIS01A0008_007  0.000-11.52  1.77  0.27  0.00 -9.47 0.516  00  01E00BM000  1.000
HIS01A0008_008  0.000-11.66 -0.09  0.30  0.00-11.45 0.516  00  01E010M000  1.000
HIS01A0008_009  0.000-12.10 -0.44  0.30  0.00-12.24 0.514  00  01E013M000  1.000
HIS01A0008_010  0.000-11.73  1.30  2.21  0.00 -8.22 0.514  00  01E017M000  1.000
HIS01A0008_011  0.000-12.38  1.57  0.23  0.00-10.59 0.516  00  01E019M000  1.000
HIS01A0008_012  0.000-11.88  1.05  2.36  0.00 -8.47 0.515  00  01E01FM000  1.000
HIS01A0008_013  0.000-11.90 -0.43  0.34  0.00-11.99 0.514  00  01T005M000  1.000
HIS01A0008_014  0.000-11.69 -0.63  0.34  0.00-11.98 0.516  00  01T011M000  1.000
HIS01A0008_015  0.000-11.42  0.72  0.25  0.00-10.44 0.518  00  01T012M000  1.000
HIS01A0008_016  0.000-11.76  0.79  2.31  0.00 -8.65 0.515  00  01T015M000  1.000
HIS01A0008_017  0.000-11.62  0.41  2.31  0.00 -8.90 0.514  00  01T018M000  1.000
HIS01A0008_018  0.000-11.56  3.86  0.28  0.00 -7.42 0.514  00  01T01AM000  1.000
HIS01A0008_019  0.000-12.36  0.62  0.23  0.00-11.51 0.517  00  01T01CM000  1.000
HIS01A0008_020  0.000-12.09  3.45  2.33  0.00 -6.30 0.514  00  01T01EM000  1.000
HIS02A0008_021  0.000-11.43 -0.92  0.39  0.00-11.96 0.515  00  02O000M000  1.000
HIS02A0008_022  0.000-11.54 -0.89  0.39  0.00-12.04 0.515  00  02R001M000  1.000
HIS02A0008_023  0.000-11.56  2.80  0.26  0.00 -8.50 0.516  00  02E008M000  1.000
HIS02A0008_024  0.000-11.65  0.61  0.25  0.00-10.79 0.515  00  02E00AM000  1.000
HIS02A0008_025  0.000-11.68 -0.15  0.29  0.00-11.54 0.516  00  02E010M000  1.000
HIS02A0008_026  0.000-11.68 -0.65  0.34  0.00-11.99 0.516  00  02E011M000  1.000
HIS02A0008_027  0.000-11.41  0.67  0.28  0.00-10.46 0.518  00  02E012M000  1.000
HIS02A0008_028  0.000-11.84  0.81  2.30  0.00 -8.73 0.515  00  02E015M000  1.000
HIS02A0008_029  0.000-11.66  0.41  2.29  0.00 -8.96 0.514  00  02E018M000  1.000
HIS02A0008_030  0.000-12.33  1.59  0.23  0.00-10.51 0.516  00  02E019M000  1.000
HIS02A0008_031  0.000-12.14  0.60  0.25  0.00-11.29 0.517  00  02E01CM000  1.000
HIS02A0008_032  0.000-12.12 -0.55  0.34  0.00-12.33 0.515  00  02T003M000  1.000
HIS02A0008_033  0.000-11.98 -0.46  0.33  0.00-12.10 0.514  00  02T005M000  1.000
HIS02A0008_034  0.000-12.15  1.52  0.24  0.00-10.39 0.515  00  02T007M000  1.000
HIS02A0008_035  0.000-11.13  2.60  0.28  0.00 -8.25 0.516  00  02T00BM000  1.000
HIS02A0008_036  0.000-11.99 -0.45  0.29  0.00-12.14 0.514  00  02T013M000  1.000
HIS02A0008_037  0.000-11.81  1.37  2.22  0.00 -8.21 0.514  00  02T017M000  1.000
HIS02A0008_038  0.000-11.38  3.77  0.26  0.00 -7.34 0.514  00  02T01AM000  1.000
HIS02A0008_039  0.000-12.05  3.86  2.33  0.00 -5.86 0.514  00  02T01EM000  1.000
HIS02A0008_040  0.000-12.02  1.02  2.35  0.00 -8.64 0.515  00  02T01FM000  1.000
HIS+1A0008_041  1.000-11.45 -0.93  0.39  0.00-11.99 0.515  00  +1O000M000  1.000
HIS+1A0008_042  1.000-11.56 -0.90  0.39  0.00-12.07 0.515  00  +1R001M000  1.000
HIS+1A0008_043  1.000-12.20 -0.56  0.35  0.00-12.41 0.515  00  +1E003M000  1.000
HIS+1A0008_044  1.000-11.48  2.94  0.28  0.00 -8.27 0.516  00  +1E008M000  1.000
HIS+1A0008_045  1.000-11.68  0.61  0.25  0.00-10.81 0.515  00  +1E00AM000  1.000
HIS+1A0008_046  1.000-11.34  2.29  0.29  0.00 -8.76 0.516  00  +1E00BM000  1.000
HIS+1A0008_047  1.000-11.77 -0.14  0.30  0.00-11.61 0.516  00  +1E010M000  1.000
HIS+1A0008_048  1.000-12.08 -0.45  0.31  0.00-12.22 0.514  00  +1E013M000  1.000
HIS+1A0008_049  1.000-11.92  0.80  2.32  0.00 -8.80 0.515  00  +1E015M000  1.000
HIS+1A0008_050  1.000-11.85  1.35  2.23  0.00 -8.27 0.514  00  +1E017M000  1.000
HIS+1A0008_051  1.000-11.74  0.41  2.31  0.00 -9.02 0.514  00  +1E018M000  1.000
HIS+1A0008_052  1.000-11.57  3.92  0.28  0.00 -7.37 0.514  00  +1E01AM000  1.000
HIS+1A0008_053  1.000-12.17  0.61  0.26  0.00-11.30 0.517  00  +1E01CM000  1.000
HIS+1A0008_054  1.000-12.11  3.83  2.34  0.00 -5.93 0.514  00  +1E01EM000  1.000
HIS+1A0008_055  1.000-12.01 -0.45  0.34  0.00-12.12 0.514  00  +1T005M000  1.000
HIS+1A0008_056  1.000-12.18  1.52  0.25  0.00-10.41 0.515  00  +1T007M000  1.000
HIS+1A0008_057  1.000-11.67 -0.65  0.35  0.00-11.97 0.516  00  +1T011M000  1.000
HIS+1A0008_058  1.000-11.45  0.68  0.29  0.00-10.49 0.518  00  +1T012M000  1.000
HIS+1A0008_059  1.000-12.43  1.61  0.24  0.00-10.58 0.516  00  +1T019M000  1.000
HIS+1A0008_060  1.000-12.11  1.03  2.36  0.00 -8.72 0.515  00  +1T01FM000  1.000
