   confID        vdw0    sas     sum
HIS01A0008_001  -0.165 -11.245 -11.409
HIS01A0008_002  -0.125 -11.398 -11.523
HIS01A0008_003  -0.169 -11.986 -12.155
HIS01A0008_004  -0.326 -11.658 -11.985
HIS01A0008_005  -0.262 -11.189 -11.451
HIS01A0008_006  -0.233 -11.533 -11.766
HIS01A0008_007  -0.123 -11.347 -11.470
HIS01A0008_008  -0.275 -11.390 -11.665
HIS01A0008_009  -0.147 -11.956 -12.103
HIS01A0008_010  -0.231 -11.504 -11.735
HIS01A0008_011  -0.327 -12.058 -12.385
HIS01A0008_012  -0.104 -11.841 -11.945
HIS01A0008_013  -0.171 -11.728 -11.899
HIS01A0008_014  -0.114 -11.579 -11.693
HIS01A0008_015  -0.240 -11.176 -11.416
HIS01A0008_016  -0.274 -11.483 -11.757
HIS01A0008_017  -0.145 -11.475 -11.620
HIS01A0008_018  -0.263 -11.248 -11.511
HIS01A0008_019  -0.236 -12.125 -12.360
HIS01A0008_020  -0.263 -11.824 -12.087
HIS02A0008_021  -0.183 -11.245 -11.428
HIS02A0008_022  -0.138 -11.398 -11.536
HIS02A0008_023  -0.282 -11.223 -11.505
HIS02A0008_024  -0.250 -11.401 -11.651
HIS02A0008_025  -0.290 -11.390 -11.680
HIS02A0008_026  -0.132 -11.548 -11.680
HIS02A0008_027  -0.254 -11.157 -11.411
HIS02A0008_028  -0.292 -11.550 -11.843
HIS02A0008_029  -0.165 -11.543 -11.708
HIS02A0008_030  -0.342 -11.990 -12.332
HIS02A0008_031  -0.251 -11.890 -12.141
HIS02A0008_032  -0.185 -11.935 -12.120
HIS02A0008_033  -0.188 -11.792 -11.980
HIS02A0008_034  -0.344 -11.810 -12.154
HIS02A0008_035  -0.154 -10.975 -11.129
HIS02A0008_036  -0.167 -11.889 -12.056
HIS02A0008_037  -0.255 -11.602 -11.857
HIS02A0008_038  -0.280 -11.098 -11.378
HIS02A0008_039  -0.286 -11.767 -12.052
HIS02A0008_040  -0.125 -11.893 -12.018
HIS+1A0008_041  -0.209 -11.245 -11.454
HIS+1A0008_042  -0.164 -11.398 -11.562
HIS+1A0008_043  -0.211 -11.986 -12.198
HIS+1A0008_044  -0.309 -11.175 -11.484
HIS+1A0008_045  -0.276 -11.401 -11.677
HIS+1A0008_046  -0.181 -11.159 -11.340
HIS+1A0008_047  -0.316 -11.454 -11.770
HIS+1A0008_048  -0.195 -11.889 -12.084
HIS+1A0008_049  -0.319 -11.550 -11.869
HIS+1A0008_050  -0.282 -11.566 -11.848
HIS+1A0008_051  -0.194 -11.543 -11.736
HIS+1A0008_052  -0.306 -11.259 -11.566
HIS+1A0008_053  -0.277 -11.890 -12.167
HIS+1A0008_054  -0.311 -11.795 -12.106
HIS+1A0008_055  -0.213 -11.796 -12.009
HIS+1A0008_056  -0.370 -11.810 -12.180
HIS+1A0008_057  -0.159 -11.512 -11.671
HIS+1A0008_058  -0.281 -11.173 -11.454
HIS+1A0008_059  -0.370 -12.058 -12.428
HIS+1A0008_060  -0.153 -11.893 -12.046
