iConf CONFORMER     FL  occ    crg   Em0  pKa0 ne nH    vdw0    vdw1    tors    epol   dsolv   extra    history
00001 GLU01A0101_001 f 0.00  0.000     0  0.00  0  0  -1.707   0.722   3.141   0.303  -6.862   0.000 01O000M000t
00002 GLU01A0101_002 f 0.00  0.000     0  0.00  0  0  -3.068   0.788   3.156   0.151  -7.871   0.000 01E005M000t
00003 GLU01A0101_003 f 0.00  0.000     0  0.00  0  0  -1.707   0.722   0.421   0.143  -5.353   0.000 01O000M000t
00004 GLU01A0101_004 f 0.00  0.000     0  0.00  0  0  -2.258   0.938   2.998   0.217  -6.915   0.000 01T001M000t
00005 GLU01A0101_005 f 0.00  0.000     0  0.00  0  0  -2.379   1.263   3.076   0.692  -6.535   0.000 01T003M000t
00006 GLU01A0101_006 f 0.00  0.000     0  0.00  0  0  -2.973   0.838   3.123   0.104  -7.394   0.000 01T007M000t
00007 GLU01A0101_007 f 0.00  0.000     0  0.00  0  0  -3.754   1.250   3.753   0.225  -7.383   0.000 01T008M000t
00008 GLU01A0101_008 f 0.00  0.000     0  0.00  0  0  -3.504   1.573   3.275   0.317  -7.478   0.000 01T00BM000t
00009 GLU01A0101_009 f 0.00  0.000     0  0.00  0  0  -2.288   0.938   0.278   0.080  -5.408   0.000 01T001M000t
00010 GLU01A0101_010 f 0.00  0.000     0  0.00  0  0  -3.094   0.788   0.424   0.143  -5.408   0.000 01T005M000t
00011 GLU01A0101_011 f 0.00  0.000     0  0.00  0  0  -2.379   1.263   0.356   0.228  -5.210   0.000 01T003M000t
00012 GLU01A0101_012 f 0.00  0.000     0  0.00  0  0  -2.938   0.838   0.403   0.080  -5.099   0.000 01T007M000t
00013 GLU01A0101_013 f 0.00  0.000     0  0.00  0  0  -3.649   1.250   1.033   0.139  -5.245   0.000 01T008M000t
00014 GLU01A0101_014 f 0.00  0.000     0  0.00  0  0  -3.504   1.573   0.555   0.186  -5.129   0.000 01T00BM000t
00015 GLU02A0101_015 f 0.00  0.000     0  0.00  0  0  -2.294   0.730   3.141   0.125  -7.826   0.000 02O000M000t
00016 GLU02A0101_016 f 0.00  0.000     0  0.00  0  0  -2.717   0.939   3.002   0.114  -7.614   0.000 02E001M000t
00017 GLU02A0101_017 f 0.00  0.000     0  0.00  0  0  -2.894   0.834   3.157   0.192  -7.403   0.000 02E007M000t
00018 GLU02A0101_018 f 0.00  0.000     0  0.00  0  0  -2.699   1.289   3.181   0.258  -7.107   0.000 02E009M000t
00019 GLU02A0101_019 f 0.00  0.000     0  0.00  0  0  -3.359   1.523   3.317   0.415  -6.890   0.000 02E00BM000t
00020 GLU02A0101_020 f 0.00  0.000     0  0.00  0  0  -2.319   0.730   0.421   0.129  -5.286   0.000 02O000M000t
00021 GLU02A0101_021 f 0.00  0.000     0  0.00  0  0  -2.525   1.267   0.295   0.117  -5.136   0.000 02E002M000t
00022 GLU02A0101_022 f 0.00  0.000     0  0.00  0  0  -2.604   0.772   3.183   0.274  -7.016   0.000 02T005M000t
00023 GLU02A0101_023 f 0.00  0.000     0  0.00  0  0  -3.840   0.306   3.821   0.258  -6.904   0.000 02T00AM000t
00024 GLU02A0101_024 f 0.00  0.000     0  0.00  0  0  -2.593   1.273   3.012   0.160  -7.556   0.000 02T002M000t
00025 GLU02A0101_025 f 0.00  0.000     0  0.00  0  0  -2.604   0.772   0.463   0.150  -5.251   0.000 02T005M000t
00026 GLU02A0101_026 f 0.00  0.000     0  0.00  0  0  -2.895   0.838   0.433   0.097  -5.290   0.000 02T007M000t
00027 GLU02A0101_027 f 0.00  0.000     0  0.00  0  0  -3.356   1.522   0.596   0.189  -5.122   0.000 02T00BM000t
00028 GLU02A0101_028 f 0.00  0.000     0  0.00  0  0  -3.791   0.270   1.002   0.275  -5.344   0.000 02T00AM000t
00029 GLU-1A0101_029 f 0.00 -1.000     0  4.75  0 -1  -2.134   0.741   0.421  -0.170 -41.753   0.000 -1O000M000t
00030 GLU-1A0101_030 f 0.00 -1.000     0  4.75  0 -1  -2.551   1.282   0.283  -0.170 -41.759   0.000 -1E002M000t
00031 GLU-1A0101_031 f 0.00 -1.000     0  4.75  0 -1  -2.851   1.068   0.349  -0.346 -41.304   0.000 -1E003M000t
00032 GLU-1A0101_032 f 0.00 -1.000     0  4.75  0 -1  -3.047   0.858   0.395  -0.133 -41.795   0.000 -1E007M000t
00033 GLU-1A0101_033 f 0.00 -1.000     0  4.75  0 -1  -3.404   1.471   0.560  -0.426 -41.252   0.000 -1E00BM000t
