CONFORMER         crg  vdw0  vdw1  tors  epol  self   occ  Hb     history    ASA
GLU01A0101_001  0.000 -1.70  0.72  3.14  0.00  2.16 0.540  00  01O000M000  1.014
GLU01A0101_002  0.000 -3.07  0.79  3.16  0.00  0.88 0.542  00  01E005M000  1.000
GLU01A0101_003  0.000 -1.70  0.72  0.42  0.00 -0.56 0.540  00  01O000M000  1.014
GLU01A0101_004  0.000 -2.25  0.94  3.00  0.00  1.68 0.541  00  01T001M000  1.021
GLU01A0101_005  0.000 -2.41  1.26  3.08  0.00  1.93 0.542  00  01T003M000  1.005
GLU01A0101_006  0.000 -2.97  0.84  3.12  0.00  0.99 0.545  00  01T007M000  1.025
GLU01A0101_007  0.000 -3.75  1.25  3.75  0.00  1.25 0.543  00  01T008M000  1.034
GLU01A0101_008  0.000 -3.50  1.57  3.28  0.00  1.34 0.539  00  01T00BM000  1.029
GLU01A0101_009  0.000 -2.28  0.94  0.28  0.00 -1.07 0.541  00  01T001M000  1.028
GLU01A0101_010  0.000 -3.09  0.79  0.42  0.00 -1.88 0.542  00  01T005M000  1.006
GLU01A0101_011  0.000 -2.41  1.26  0.36  0.00 -0.79 0.542  00  01T003M000  1.005
GLU01A0101_012  0.000 -2.94  0.84  0.40  0.00 -1.70 0.545  00  01T007M000  1.017
GLU01A0101_013  0.000 -3.65  1.25  1.03  0.00 -1.37 0.543  00  01T008M000  1.011
GLU01A0101_014  0.000 -3.50  1.57  0.56  0.00 -1.38 0.539  00  01T00BM000  1.029
GLU02A0101_015  0.000 -2.29  0.73  3.14  0.00  1.58 0.540  00  02O000M000  1.003
GLU02A0101_016  0.000 -2.72  0.94  3.00  0.00  1.22 0.541  00  02E001M000  1.017
GLU02A0101_017  0.000 -2.89  0.83  3.16  0.00  1.10 0.545  00  02E007M000  1.014
GLU02A0101_018  0.000 -2.70  1.29  3.18  0.00  1.77 0.545  00  02E009M000  1.017
GLU02A0101_019  0.000 -3.35  1.52  3.32  0.00  1.49 0.539  00  02E00BM000  1.015
GLU02A0101_020  0.000 -2.32  0.73  0.42  0.00 -1.17 0.540  00  02O000M000  1.008
GLU02A0101_021  0.000 -2.53  1.27  0.29  0.00 -0.97 0.537  00  02E002M000  1.020
GLU02A0101_022  0.000 -2.61  0.77  3.18  0.00  1.35 0.542  00  02T005M000  1.000
GLU02A0101_023  0.000 -3.84  0.31  3.82  0.00  0.29 0.544  00  02T00AM000  1.011
GLU02A0101_024  0.000 -2.60  1.27  3.01  0.00  1.69 0.537  00  02T002M000  1.035
GLU02A0101_025  0.000 -2.61  0.77  0.46  0.00 -1.37 0.542  00  02T005M000  1.000
GLU02A0101_026  0.000 -2.89  0.83  0.43  0.00 -1.63 0.545  00  02T007M000  1.014
GLU02A0101_027  0.000 -3.35  1.52  0.60  0.00 -1.23 0.539  00  02T00BM000  1.015
GLU02A0101_028  0.000 -3.79  0.27  1.00  0.00 -2.51 0.544  00  02T00AM000  1.011
GLU-1A0101_029 -1.000 -2.13  0.74  0.42  0.00 -0.97 0.540  00  -1O000M000  1.003
GLU-1A0101_030 -1.000 -2.55  1.28  0.28  0.00 -0.99 0.537  00  -1E002M000  1.017
GLU-1A0101_031 -1.000 -2.85  1.07  0.35  0.00 -1.43 0.542  00  -1E003M000  1.000
GLU-1A0101_032 -1.000 -3.05  0.86  0.39  0.00 -1.80 0.545  00  -1E007M000  1.019
GLU-1A0101_033 -1.000 -3.40  1.47  0.56  0.00 -1.37 0.539  00  -1E00BM000  1.030
