   confID        vdw0    sas     sum
GLU01A0101_001   2.799  -4.506  -1.707
GLU01A0101_002   1.498  -4.567  -3.068
GLU01A0101_003   2.799  -4.506  -1.707
GLU01A0101_004   2.471  -4.728  -2.258
GLU01A0101_005   2.391  -4.770  -2.379
GLU01A0101_006   1.630  -4.603  -2.973
GLU01A0101_007   0.999  -4.753  -3.754
GLU01A0101_008   1.459  -4.964  -3.504
GLU01A0101_009   2.471  -4.758  -2.288
GLU01A0101_010   1.498  -4.592  -3.094
GLU01A0101_011   2.391  -4.770  -2.379
GLU01A0101_012   1.630  -4.569  -2.938
GLU01A0101_013   0.999  -4.648  -3.649
GLU01A0101_014   1.459  -4.964  -3.504
GLU02A0101_015   2.265  -4.559  -2.294
GLU02A0101_016   2.025  -4.743  -2.717
GLU02A0101_017   1.813  -4.707  -2.894
GLU02A0101_018   1.869  -4.568  -2.699
GLU02A0101_019   1.569  -4.928  -3.359
GLU02A0101_020   2.265  -4.585  -2.319
GLU02A0101_021   2.031  -4.556  -2.525
GLU02A0101_022   1.913  -4.518  -2.604
GLU02A0101_023   0.911  -4.752  -3.840
GLU02A0101_024   2.030  -4.622  -2.593
GLU02A0101_025   1.913  -4.518  -2.604
GLU02A0101_026   1.811  -4.707  -2.895
GLU02A0101_027   1.572  -4.928  -3.356
GLU02A0101_028   0.997  -4.788  -3.791
GLU-1A0101_029   2.177  -4.311  -2.134
GLU-1A0101_030   1.927  -4.479  -2.551
GLU-1A0101_031   1.846  -4.696  -2.851
GLU-1A0101_032   1.474  -4.521  -3.047
GLU-1A0101_033   1.305  -4.709  -3.404
