iConf CONFORMER     FL  occ    crg   Em0  pKa0 ne nH    vdw0    vdw1    tors    epol   dsolv   extra    history
00001 ASP01A0077_001 f 0.00  0.000     0  0.00  0  0  -4.457   1.200   4.487   1.982  -6.949   0.000 01O000M000t
00002 ASP01A0077_002 f 0.00  0.000     0  0.00  0  0  -4.167   0.018   4.727   0.692  -7.732   0.000 01E003M000t
00003 ASP01A0077_003 f 0.00  0.000     0  0.00  0  0  -4.217   1.175   4.709   0.410  -7.544   0.000 01E006M000t
00004 ASP01A0077_004 f 0.00  0.000     0  0.00  0  0  -4.457   1.200   1.767   0.334  -5.185   0.000 01O000M000t
00005 ASP01A0077_005 f 0.00  0.000     0  0.00  0  0  -4.641   1.901   0.933   0.250  -5.165   0.000 01E004M000t
00006 ASP01A0077_006 f 0.00  0.000     0  0.00  0  0  -4.181   1.200   2.061   0.384  -5.130   0.000 01E006M000t
00007 ASP01A0077_007 f 0.00  0.000     0  0.00  0  0  -4.208   0.599   4.628   0.851  -7.247   0.000 01T007M000t
00008 ASP01A0077_008 f 0.00  0.000     0  0.00  0  0  -4.330   0.313   4.618   1.247  -7.530   0.000 01T009M000t
00009 ASP01A0077_009 f 0.00  0.000     0  0.00  0  0  -4.678   1.903   3.629   1.035  -6.641   0.000 01T004M000t
00010 ASP01A0077_010 f 0.00  0.000     0  0.00  0  0  -4.202   0.588   4.787   1.521  -7.457   0.000 01T008M000t
00011 ASP01A0077_011 f 0.00  0.000     0  0.00  0  0  -4.205   0.019   2.006   0.560  -5.077   0.000 01T003M000t
00012 ASP01A0077_012 f 0.00  0.000     0  0.00  0  0  -4.219   0.616   1.984   0.179  -5.087   0.000 01T007M000t
00013 ASP01A0077_013 f 0.00  0.000     0  0.00  0  0  -4.202   0.588   2.067   0.639  -5.202   0.000 01T008M000t
00014 ASP01A0077_014 f 0.00  0.000     0  0.00  0  0  -4.324   0.344   1.975   0.884  -4.979   0.000 01T009M000t
00015 ASP02A0077_015 f 0.00  0.000     0  0.00  0  0  -4.324   0.898   4.487   0.329  -7.690   0.000 02O000M000t
00016 ASP02A0077_016 f 0.00  0.000     0  0.00  0  0  -4.252  -0.010   4.739   0.968  -7.434   0.000 02E003M000t
00017 ASP02A0077_017 f 0.00  0.000     0  0.00  0  0  -4.289   0.898   1.767   0.246  -5.111   0.000 02O000M000t
00018 ASP02A0077_018 f 0.00  0.000     0  0.00  0  0  -4.337   0.469   2.074   0.541  -5.087   0.000 02E008M000t
00019 ASP02A0077_019 f 0.00  0.000     0  0.00  0  0  -4.473   1.216   3.930   0.323  -7.772   0.000 02T001M000t
00020 ASP02A0077_020 f 0.00  0.000     0  0.00  0  0  -4.386   1.009   4.717   0.469  -7.632   0.000 02T006M000t
00021 ASP02A0077_021 f 0.00  0.000     0  0.00  0  0  -4.338   0.472   4.794   0.635  -7.547   0.000 02T008M000t
00022 ASP02A0077_022 f 0.00  0.000     0  0.00  0  0  -4.252  -0.010   2.019   0.567  -5.026   0.000 02T003M000t
00023 ASP02A0077_023 f 0.00  0.000     0  0.00  0  0  -4.362   0.533   1.919   0.173  -4.992   0.000 02T007M000t
00024 ASP02A0077_024 f 0.00  0.000     0  0.00  0  0  -4.524   0.020   1.980   0.313  -4.792   0.000 02T005M000t
00025 ASP02A0077_025 f 0.00  0.000     0  0.00  0  0  -4.338   1.066   2.066   0.395  -5.037   0.000 02T006M000t
00026 ASP02A0077_026 f 0.00  0.000     0  0.00  0  0  -4.245   0.335   1.963   0.851  -5.151   0.000 02T009M000t
00027 ASP-1A0077_027 f 0.00 -1.000     0  4.75  0 -1  -4.243   0.915   1.767  -0.910 -41.915   0.000 -1O000M000t
00028 ASP-1A0077_028 f 0.00 -1.000     0  4.75  0 -1  -4.268   0.871   1.858  -0.390 -41.828   0.000 -1E006M000t
00029 ASP-1A0077_029 f 0.00 -1.000     0  4.75  0 -1  -4.261   0.428   1.759  -0.484 -41.648   0.000 -1E007M000t
00030 ASP-1A0077_030 f 0.00 -1.000     0  4.75  0 -1  -4.185   0.210   1.756  -1.166 -41.860   0.000 -1E009M000t
