   confID        vdw0    sas     sum
ASP01A0077_001   0.070  -4.527  -4.457
ASP01A0077_002   0.286  -4.453  -4.167
ASP01A0077_003   0.310  -4.527  -4.217
ASP01A0077_004   0.070  -4.527  -4.457
ASP01A0077_005   0.004  -4.646  -4.641
ASP01A0077_006   0.312  -4.492  -4.181
ASP01A0077_007   0.240  -4.448  -4.208
ASP01A0077_008   0.234  -4.564  -4.330
ASP01A0077_009   0.004  -4.682  -4.678
ASP01A0077_010   0.303  -4.505  -4.202
ASP01A0077_011   0.287  -4.491  -4.205
ASP01A0077_012   0.253  -4.471  -4.219
ASP01A0077_013   0.303  -4.505  -4.202
ASP01A0077_014   0.240  -4.564  -4.324
ASP02A0077_015   0.118  -4.442  -4.324
ASP02A0077_016   0.274  -4.525  -4.252
ASP02A0077_017   0.118  -4.407  -4.289
ASP02A0077_018   0.282  -4.619  -4.337
ASP02A0077_019   0.097  -4.570  -4.473
ASP02A0077_020   0.284  -4.670  -4.386
ASP02A0077_021   0.281  -4.619  -4.338
ASP02A0077_022   0.274  -4.525  -4.252
ASP02A0077_023   0.254  -4.616  -4.362
ASP02A0077_024   0.238  -4.761  -4.524
ASP02A0077_025   0.285  -4.623  -4.338
ASP02A0077_026   0.236  -4.480  -4.245
ASP-1A0077_027   0.059  -4.302  -4.243
ASP-1A0077_028   0.236  -4.504  -4.268
ASP-1A0077_029   0.182  -4.443  -4.261
ASP-1A0077_030   0.177  -4.362  -4.185
