iConf CONFORMER     FL  occ    crg   Em0  pKa0 ne nH    vdw0    vdw1    tors    epol   dsolv   extra    history
00001 GLU01A0122_001 f 0.00  0.000     0  0.00  0  0  -3.749   1.857   2.952   0.280  -7.019   0.000 01O000M000t
00002 GLU01A0122_002 f 0.00  0.000     0  0.00  0  0  -3.637   0.946   5.701   0.216  -6.954   0.000 01E001M000t
00003 GLU01A0122_003 f 0.00  0.000     0  0.00  0  0  -3.789   1.875   3.229   0.158  -7.858   0.000 01E006M000t
00004 GLU01A0122_004 f 0.00  0.000     0  0.00  0  0  -3.843   0.940   6.027   0.090  -7.586   0.000 01E008M000t
00005 GLU01A0122_005 f 0.00  0.000     0  0.00  0  0  -3.959   0.993   3.459   0.139  -7.269   0.000 01E009M000t
00006 GLU01A0122_006 f 0.00  0.000     0  0.00  0  0  -3.889   1.512   3.208   0.156  -7.937   0.000 01E00CM000t
00007 GLU01A0122_007 f 0.00  0.000     0  0.00  0  0  -4.226   0.751   3.304   0.353  -7.430   0.000 01E010M000t
00008 GLU01A0122_008 f 0.00  0.000     0  0.00  0  0  -3.775   1.857   0.232   0.142  -5.454   0.000 01O000M000t
00009 GLU01A0122_009 f 0.00  0.000     0  0.00  0  0  -3.982   0.458   6.019   0.266  -7.643   0.000 01T00EM000t
00010 GLU01A0122_010 f 0.00  0.000     0  0.00  0  0  -3.475   1.503   2.933   0.259  -7.042   0.000 01T003M000t
00011 GLU01A0122_011 f 0.00  0.000     0  0.00  0  0  -3.888   2.357   2.953   0.801  -6.566   0.000 01T004M000t
00012 GLU01A0122_012 f 0.00  0.000     0  0.00  0  0  -3.776   0.868   3.162   0.088  -7.671   0.000 01T00AM000t
00013 GLU01A0122_013 f 0.00  0.000     0  0.00  0  0  -4.208   0.631   6.173   0.346  -7.220   0.000 01T00FM000t
00014 GLU01A0122_014 f 0.00  0.000     0  0.00  0  0  -3.788   1.875   0.480   0.143  -5.291   0.000 01T006M000t
00015 GLU01A0122_015 f 0.00  0.000     0  0.00  0  0  -3.940   1.513   0.463   0.142  -5.322   0.000 01T00CM000t
00016 GLU01A0122_016 f 0.00  0.000     0  0.00  0  0  -4.212   0.618   3.479   0.194  -5.286   0.000 01T00FM000t
00017 GLU01A0122_017 f 0.00  0.000     0  0.00  0  0  -3.475   1.503   0.213   0.127  -5.301   0.000 01T003M000t
00018 GLU01A0122_018 f 0.00  0.000     0  0.00  0  0  -3.888   2.357   0.233   0.220  -5.141   0.000 01T004M000t
00019 GLU01A0122_019 f 0.00  0.000     0  0.00  0  0  -3.930   0.967   3.389   0.093  -5.199   0.000 01T007M000t
00020 GLU01A0122_020 f 0.00  0.000     0  0.00  0  0  -3.776   0.868   0.442   0.076  -5.168   0.000 01T00AM000t
00021 GLU01A0122_021 f 0.00  0.000     0  0.00  0  0  -3.905   0.572   3.258   0.193  -5.209   0.000 01T00EM000t
00022 GLU01A0122_022 f 0.00  0.000     0  0.00  0  0  -4.116   0.792   0.526   0.177  -5.269   0.000 01T010M000t
00023 GLU02A0122_023 f 0.00  0.000     0  0.00  0  0  -4.043   1.861   2.952   0.141  -7.748   0.000 02O000M000t
00024 GLU02A0122_024 f 0.00  0.000     0  0.00  0  0  -3.911   0.564   6.058   0.623  -6.728   0.000 02E00EM000t
00025 GLU02A0122_025 f 0.00  0.000     0  0.00  0  0  -4.043   1.861   0.232   0.132  -5.422   0.000 02O000M000t
00026 GLU02A0122_026 f 0.00  0.000     0  0.00  0  0  -3.995   1.088   0.634   0.336  -5.319   0.000 02E00DM000t
00027 GLU02A0122_027 f 0.00  0.000     0  0.00  0  0  -3.872   0.574   3.287   0.195  -5.250   0.000 02E00EM000t
00028 GLU02A0122_028 f 0.00  0.000     0  0.00  0  0  -4.171   0.610   3.399   0.164  -5.280   0.000 02E00FM000t
00029 GLU02A0122_029 f 0.00  0.000     0  0.00  0  0  -3.997   0.816   0.521   0.168  -5.270   0.000 02E010M000t
00030 GLU02A0122_030 f 0.00  0.000     0  0.00  0  0  -3.500   1.860   3.255   0.251  -6.989   0.000 02T006M000t
00031 GLU02A0122_031 f 0.00  0.000     0  0.00  0  0  -3.662   0.864   3.224   0.195  -7.102   0.000 02T00AM000t
00032 GLU02A0122_032 f 0.00  0.000     0  0.00  0  0  -3.665   1.501   3.244   0.256  -7.319   0.000 02T00CM000t
00033 GLU02A0122_033 f 0.00  0.000     0  0.00  0  0  -4.127   0.639   6.265   0.221  -7.608   0.000 02T00FM000t
00034 GLU02A0122_034 f 0.00  0.000     0  0.00  0  0  -3.825   0.954   5.701   0.096  -7.489   0.000 02T001M000t
00035 GLU02A0122_035 f 0.00  0.000     0  0.00  0  0  -3.635   1.508   2.934   0.176  -7.556   0.000 02T003M000t
00036 GLU02A0122_036 f 0.00  0.000     0  0.00  0  0  -3.899   0.991   3.349   0.138  -7.776   0.000 02T009M000t
00037 GLU02A0122_037 f 0.00  0.000     0  0.00  0  0  -3.980   1.099   3.342   0.205  -7.125   0.000 02T00DM000t
00038 GLU02A0122_038 f 0.00  0.000     0  0.00  0  0  -3.996   0.815   3.239   0.374  -7.012   0.000 02T010M000t
00039 GLU02A0122_039 f 0.00  0.000     0  0.00  0  0  -3.500   1.860   0.535   0.148  -5.327   0.000 02T006M000t
00040 GLU02A0122_040 f 0.00  0.000     0  0.00  0  0  -3.665   1.501   0.524   0.132  -5.534   0.000 02T00CM000t
00041 GLU02A0122_041 f 0.00  0.000     0  0.00  0  0  -3.825   0.954   2.981   0.077  -5.349   0.000 02T001M000t
00042 GLU02A0122_042 f 0.00  0.000     0  0.00  0  0  -3.648   1.508   0.214   0.123  -5.370   0.000 02T003M000t
00043 GLU02A0122_043 f 0.00  0.000     0  0.00  0  0  -3.963   0.991   0.629   0.086  -5.372   0.000 02T009M000t
00044 GLU-1A0122_044 f 0.00 -1.000     0  4.75  0 -1  -3.975   1.874   0.232  -0.160 -41.675   0.000 -1O000M000t
00045 GLU-1A0122_045 f 0.00 -1.000     0  4.75  0 -1  -3.678   0.966   0.210  -0.131 -41.591   0.000 -1E002M000t
00046 GLU-1A0122_046 f 0.00 -1.000     0  4.75  0 -1  -4.119   0.976   3.384  -0.122 -41.704   0.000 -1E007M000t
00047 GLU-1A0122_047 f 0.00 -1.000     0  4.75  0 -1  -4.119   1.510   0.684  -0.166 -41.777   0.000 -1E00BM000t
00048 GLU-1A0122_048 f 0.00 -1.000     0  4.75  0 -1  -4.086   1.113   0.689  -0.152 -41.208   0.000 -1E00DM000t
00049 GLU-1A0122_049 f 0.00 -1.000     0  4.75  0 -1  -3.915   0.526   3.284  -0.295 -41.108   0.000 -1E00EM000t
00050 GLU-1A0122_050 f 0.00 -1.000     0  4.75  0 -1  -4.089   0.628   3.441  -0.336 -41.317   0.000 -1E00FM000t
00051 GLU-1A0122_051 f 0.00 -1.000     0  4.75  0 -1  -4.084   0.789   0.546  -0.368 -41.314   0.000 -1E010M000t
