CONFORMER         crg  vdw0  vdw1  tors  epol  self   occ  Hb     history    ASA
GLU01A0122_001  0.000 -3.75  1.86  2.95  0.00  1.06 0.533  00  01O000M000  1.104
GLU01A0122_002  0.000 -3.64  0.95  5.70  0.00  3.01 0.526  00  01E001M000  1.035
GLU01A0122_003  0.000 -3.79  1.87  3.23  0.00  1.31 0.524  00  01E006M000  1.000
GLU01A0122_004  0.000 -3.85  0.94  6.03  0.00  3.12 0.530  00  01E008M000  1.011
GLU01A0122_005  0.000 -3.96  0.99  3.46  0.00  0.49 0.529  00  01E009M000  1.011
GLU01A0122_006  0.000 -3.89  1.51  3.21  0.00  0.83 0.527  00  01E00CM000  1.003
GLU01A0122_007  0.000 -4.23  0.75  3.30  0.00 -0.17 0.533  00  01E010M000  1.020
GLU01A0122_008  0.000 -3.77  1.86  0.23  0.00 -1.68 0.533  00  01O000M000  1.110
GLU01A0122_009  0.000 -3.98  0.46  6.02  0.00  2.50 0.529  00  01T00EM000  1.022
GLU01A0122_010  0.000 -3.48  1.50  2.93  0.00  0.96 0.533  00  01T003M000  1.003
GLU01A0122_011  0.000 -3.89  2.35  2.95  0.00  1.42 0.532  00  01T004M000  1.050
GLU01A0122_012  0.000 -3.78  0.87  3.16  0.00  0.25 0.527  00  01T00AM000  1.020
GLU01A0122_013  0.000 -4.21  0.63  6.17  0.00  2.59 0.530  00  01T00FM000  1.028
GLU01A0122_014  0.000 -3.79  1.88  0.48  0.00 -1.43 0.524  00  01T006M000  1.000
GLU01A0122_015  0.000 -3.94  1.51  0.46  0.00 -1.97 0.527  00  01T00CM000  1.014
GLU01A0122_016  0.000 -4.21  0.61  3.48  0.00 -0.12 0.530  00  01T00FM000  1.046
GLU01A0122_017  0.000 -3.48  1.50  0.21  0.00 -1.76 0.533  00  01T003M000  1.003
GLU01A0122_018  0.000 -3.89  2.35  0.23  0.00 -1.30 0.532  00  01T004M000  1.050
GLU01A0122_019  0.000 -3.93  0.96  3.39  0.00  0.42 0.530  00  01T007M000  1.017
GLU01A0122_020  0.000 -3.78  0.87  0.44  0.00 -2.47 0.527  00  01T00AM000  1.020
GLU01A0122_021  0.000 -3.90  0.57  3.26  0.00 -0.07 0.529  00  01T00EM000  1.022
GLU01A0122_022  0.000 -4.12  0.79  0.53  0.00 -2.80 0.533  00  01T010M000  1.020
GLU02A0122_023  0.000 -4.04  1.86  2.95  0.00  0.77 0.533  00  02O000M000  1.095
GLU02A0122_024  0.000 -3.91  0.56  6.06  0.00  2.71 0.529  00  02E00EM000  1.019
GLU02A0122_025  0.000 -4.04  1.86  0.23  0.00 -1.95 0.533  00  02O000M000  1.095
GLU02A0122_026  0.000 -3.98  1.09  0.63  0.00 -2.26 0.529  00  02E00DM000  1.035
GLU02A0122_027  0.000 -3.87  0.57  3.29  0.00 -0.01 0.529  00  02E00EM000  1.019
GLU02A0122_028  0.000 -4.17  0.61  3.40  0.00 -0.16 0.530  00  02E00FM000  1.034
GLU02A0122_029  0.000 -3.99  0.81  0.52  0.00 -2.66 0.533  00  02E010M000  1.015
GLU02A0122_030  0.000 -3.50  1.86  3.25  0.00  1.62 0.524  00  02T006M000  1.000
GLU02A0122_031  0.000 -3.66  0.86  3.23  0.00  0.43 0.527  00  02T00AM000  1.023
GLU02A0122_032  0.000 -3.67  1.50  3.24  0.00  1.08 0.527  00  02T00CM000  1.013
GLU02A0122_033  0.000 -4.13  0.64  6.27  0.00  2.78 0.530  00  02T00FM000  1.028
GLU02A0122_034  0.000 -3.83  0.95  5.70  0.00  2.83 0.526  00  02T001M000  1.039
GLU02A0122_035  0.000 -3.64  1.50  2.93  0.00  0.80 0.533  00  02T003M000  1.000
GLU02A0122_036  0.000 -3.89  0.99  3.35  0.00  0.45 0.529  00  02T009M000  1.011
GLU02A0122_037  0.000 -3.98  1.09  3.34  0.00  0.46 0.529  00  02T00DM000  1.035
GLU02A0122_038  0.000 -3.99  0.81  3.24  0.00  0.06 0.533  00  02T010M000  1.015
GLU02A0122_039  0.000 -3.50  1.86  0.53  0.00 -1.10 0.524  00  02T006M000  1.000
GLU02A0122_040  0.000 -3.67  1.50  0.52  0.00 -1.64 0.527  00  02T00CM000  1.013
GLU02A0122_041  0.000 -3.83  0.95  2.98  0.00  0.11 0.526  00  02T001M000  1.039
GLU02A0122_042  0.000 -3.65  1.50  0.21  0.00 -1.93 0.533  00  02T003M000  1.003
GLU02A0122_043  0.000 -3.95  0.99  0.63  0.00 -2.33 0.529  00  02T009M000  1.025
GLU-1A0122_044 -1.000 -3.97  1.88  0.23  0.00 -1.87 0.533  00  -1O000M000  1.097
GLU-1A0122_045 -1.000 -3.68  0.97  0.21  0.00 -2.50 0.531  00  -1E002M000  1.020
GLU-1A0122_046 -1.000 -4.12  0.97  3.38  0.00  0.24 0.530  00  -1E007M000  1.029
GLU-1A0122_047 -1.000 -4.12  1.51  0.68  0.00 -1.92 0.529  00  -1E00BM000  1.003
GLU-1A0122_048 -1.000 -4.12  1.11  0.69  0.00 -2.32 0.529  00  -1E00DM000  1.039
GLU-1A0122_049 -1.000 -3.92  0.53  3.28  0.00 -0.11 0.529  00  -1E00EM000  1.019
GLU-1A0122_050 -1.000 -4.09  0.63  3.44  0.00 -0.02 0.530  00  -1E00FM000  1.013
GLU-1A0122_051 -1.000 -4.08  0.79  0.55  0.00 -2.75 0.533  00  -1E010M000  1.015
