   confID        vdw0    sas     sum
GLU01A0122_001   1.154  -4.904  -3.749
GLU01A0122_002   1.131  -4.769  -3.637
GLU01A0122_003   0.778  -4.567  -3.789
GLU01A0122_004   0.741  -4.584  -3.843
GLU01A0122_005   0.697  -4.657  -3.959
GLU01A0122_006   0.753  -4.641  -3.889
GLU01A0122_007   0.772  -4.998  -4.226
GLU01A0122_008   1.154  -4.929  -3.775
GLU01A0122_009   0.842  -4.824  -3.982
GLU01A0122_010   1.120  -4.595  -3.475
GLU01A0122_011   1.067  -4.955  -3.888
GLU01A0122_012   0.902  -4.678  -3.776
GLU01A0122_013   0.721  -4.929  -4.208
GLU01A0122_014   0.780  -4.567  -3.788
GLU01A0122_015   0.753  -4.693  -3.940
GLU01A0122_016   0.719  -4.931  -4.212
GLU01A0122_017   1.120  -4.595  -3.475
GLU01A0122_018   1.067  -4.955  -3.888
GLU01A0122_019   0.728  -4.657  -3.930
GLU01A0122_020   0.902  -4.678  -3.776
GLU01A0122_021   0.923  -4.828  -3.905
GLU01A0122_022   0.884  -5.000  -4.116
GLU02A0122_023   0.955  -4.998  -4.043
GLU02A0122_024   0.982  -4.893  -3.911
GLU02A0122_025   0.955  -4.998  -4.043
GLU02A0122_026   0.805  -4.800  -3.995
GLU02A0122_027   1.026  -4.897  -3.872
GLU02A0122_028   0.809  -4.980  -4.171
GLU02A0122_029   0.942  -4.939  -3.997
GLU02A0122_030   1.020  -4.520  -3.500
GLU02A0122_031   0.989  -4.651  -3.662
GLU02A0122_032   1.012  -4.677  -3.665
GLU02A0122_033   0.735  -4.862  -4.127
GLU02A0122_034   0.934  -4.760  -3.825
GLU02A0122_035   0.925  -4.560  -3.635
GLU02A0122_036   0.789  -4.687  -3.899
GLU02A0122_037   0.807  -4.787  -3.980
GLU02A0122_038   0.944  -4.939  -3.996
GLU02A0122_039   1.020  -4.520  -3.500
GLU02A0122_040   1.012  -4.677  -3.665
GLU02A0122_041   0.934  -4.760  -3.825
GLU02A0122_042   0.925  -4.573  -3.648
GLU02A0122_043   0.789  -4.752  -3.963
GLU-1A0122_044   0.861  -4.836  -3.975
GLU-1A0122_045   0.843  -4.521  -3.678
GLU-1A0122_046   0.596  -4.715  -4.119
GLU-1A0122_047   0.583  -4.702  -4.119
GLU-1A0122_048   0.597  -4.683  -4.086
GLU-1A0122_049   0.798  -4.713  -3.915
GLU-1A0122_050   0.607  -4.696  -4.089
GLU-1A0122_051   0.746  -4.830  -4.084
