iConf CONFORMER     FL  occ    crg   Em0  pKa0 ne nH    vdw0    vdw1    tors    epol   dsolv   extra    history
00001 MET01A0098_001 f 0.00  0.000     0  0.00  0  0 -11.258   0.869   2.246   0.114  -0.120   0.000 01O000M000t
00002 MET01A0098_002 f 0.00  0.000     0  0.00  0  0 -11.389   2.996   2.061   0.035  -0.122   0.000 01R00AM000t
00003 MET01A0098_003 f 0.00  0.000     0  0.00  0  0 -10.395   3.295   3.167  -0.000  -0.120   0.000 01R00DM000t
00004 MET01A0098_004 f 0.00  0.000     0  0.00  0  0 -11.755   0.944   4.125   0.115  -0.120   0.000 01R013M000t
00005 MET01A0098_005 f 0.00  0.000     0  0.00  0  0 -11.601   1.255   4.887   0.064  -0.121   0.000 01R017M000t
00006 MET01A0098_006 f 0.00  0.000     0  0.00  0  0 -12.479   3.315   1.224   0.033  -0.113   0.000 01R025M000t
00007 MET01A0098_007 f 0.00  0.000     0  0.00  0  0 -11.329   0.928   4.124   0.083  -0.123   0.000 01R027M000t
00008 MET01A0098_008 f 0.00  0.000     0  0.00  0  0 -12.146   0.796   5.353   0.048  -0.121   0.000 01R02FM000t
00009 MET01A0098_009 f 0.00  0.000     0  0.00  0  0 -11.733   1.111   3.475   0.072  -0.122   0.000 01R03CM000t
00010 MET01A0098_010 f 0.00  0.000     0  0.00  0  0 -12.098   3.084   1.433   0.019  -0.113   0.000 01R040M000t
00011 MET01A0098_011 f 0.00  0.000     0  0.00  0  0 -11.979   4.513   4.151   0.027  -0.125   0.000 01R041M000t
00012 MET01A0098_012 f 0.00  0.000     0  0.00  0  0 -11.373   3.441   3.876   0.064  -0.119   0.000 01R04AM000t
00013 MET01A0098_013 f 0.00  0.000     0  0.00  0  0 -11.581   8.412   3.184   0.226  -0.119   0.000 01R052M000t
00014 MET01A0098_014 f 0.00  0.000     0  0.00  0  0 -12.200   1.938   1.756   0.049  -0.119   0.000 01T01AM000t
00015 MET01A0098_015 f 0.00  0.000     0  0.00  0  0 -11.243   2.941   3.211   0.114  -0.119   0.000 01T02EM000t
00016 MET01A0098_016 f 0.00  0.000     0  0.00  0  0 -12.405   1.910   1.551   0.007  -0.117   0.000 01T032M000t
00017 MET01A0098_017 f 0.00  0.000     0  0.00  0  0 -12.222   2.638   4.659   0.014  -0.117   0.000 01T035M000t
00018 MET01A0098_018 f 0.00  0.000     0  0.00  0  0 -11.755   2.798   3.443   0.032  -0.123   0.000 01T044M000t
00019 MET01A0098_019 f 0.00  0.000     0  0.00  0  0 -11.681   4.846   4.267   0.062  -0.121   0.000 01T048M000t
00020 MET01A0098_020 f 0.00  0.000     0  0.00  0  0 -11.836   2.293   1.973   0.013  -0.121   0.000 01T050M000t
