CONFORMER         crg  vdw0  vdw1  tors  epol  self   occ  Hb     history    ASA
MET01A0098_001  0.000-11.26  0.87  2.25  0.00 -8.14 0.507  00  01O000M000  1.000
MET01A0098_002  0.000-11.39  3.00  2.06  0.00 -6.33 0.505  00  01R00AM000  1.000
MET01A0098_003  0.000-10.40  3.30  3.17  0.00 -3.94 0.508  00  01R00DM000  1.000
MET01A0098_004  0.000-11.76  0.94  4.12  0.00 -6.69 0.506  00  01R013M000  1.000
MET01A0098_005  0.000-11.60  1.25  4.89  0.00 -5.46 0.506  00  01R017M000  1.000
MET01A0098_006  0.000-12.48  3.31  1.22  0.00 -7.95 0.505  00  01R025M000  1.000
MET01A0098_007  0.000-11.40  0.93  4.12  0.00 -6.34 0.506  00  01R027M000  1.000
MET01A0098_008  0.000-12.15  0.79  5.35  0.00 -6.00 0.505  00  01R02FM000  1.000
MET01A0098_009  0.000-11.78  1.11  3.48  0.00 -7.20 0.506  00  01R03CM000  1.000
MET01A0098_010  0.000-12.10  3.08  1.43  0.00 -7.59 0.505  00  01R040M000  1.000
MET01A0098_011  0.000-12.03  4.50  4.15  0.00 -3.37 0.504  00  01R041M000  1.000
MET01A0098_012  0.000-11.37  3.45  3.87  0.00 -4.05 0.506  00  01R04AM000  1.000
MET01A0098_013  0.000-11.58  8.40  3.19  0.00  0.00 0.507  00  01R052M000  1.000
MET01A0098_014  0.000-12.20  1.94  1.76  0.00 -8.50 0.506  00  01T01AM000  1.000
MET01A0098_015  0.000-11.24  2.94  3.21  0.00 -5.09 0.506  00  01T02EM000  1.000
MET01A0098_016  0.000-12.41  1.90  1.55  0.00 -8.95 0.507  00  01T032M000  1.000
MET01A0098_017  0.000-12.22  2.64  4.66  0.00 -4.92 0.506  00  01T035M000  1.000
MET01A0098_018  0.000-11.76  2.80  3.44  0.00 -5.52 0.505  00  01T044M000  1.000
MET01A0098_019  0.000-11.75  4.84  4.27  0.00 -2.64 0.506  00  01T048M000  1.000
MET01A0098_020  0.000-11.84  2.29  1.97  0.00 -7.57 0.506  00  01T050M000  1.000
