   confID        vdw0    sas     sum
MET01A0098_001   0.117 -11.375 -11.258
MET01A0098_002   0.208 -11.597 -11.389
MET01A0098_003   0.915 -11.310 -10.395
MET01A0098_004   0.166 -11.921 -11.755
MET01A0098_005   0.167 -11.768 -11.601
MET01A0098_006  -0.149 -12.331 -12.479
MET01A0098_007   0.126 -11.455 -11.329
MET01A0098_008   0.217 -12.364 -12.146
MET01A0098_009   0.112 -11.844 -11.733
MET01A0098_010  -0.048 -12.050 -12.098
MET01A0098_011   0.174 -12.153 -11.979
MET01A0098_012   0.166 -11.540 -11.373
MET01A0098_013   0.083 -11.664 -11.581
MET01A0098_014   0.005 -12.205 -12.200
MET01A0098_015   0.695 -11.938 -11.243
MET01A0098_016  -0.135 -12.271 -12.405
MET01A0098_017  -0.025 -12.197 -12.222
MET01A0098_018   0.071 -11.826 -11.755
MET01A0098_019   0.161 -11.842 -11.681
MET01A0098_020  -0.029 -11.806 -11.836
