CONFORMER         crg  vdw0  vdw1  tors  epol  self   occ  Hb     history    ASA
GLU01A0057_001  0.000 -3.93  2.09  4.09  0.00  2.24 0.527  00  01O000M000  1.018
GLU01A0057_002  0.000 -4.17  0.18  4.13  0.00  0.15 0.529  00  01E00CM000  1.023
GLU01A0057_003  0.000 -4.07  0.07  5.73  0.00  1.73 0.527  00  01E00DM000  1.000
GLU01A0057_004  0.000 -4.34  0.32  5.73  0.00  1.71 0.529  00  01E010M000  1.000
GLU01A0057_005  0.000 -3.93  2.09  1.37  0.00 -0.48 0.527  00  01O000M000  1.018
GLU01A0057_006  0.000 -3.22  0.29  2.37  0.00 -0.56 0.530  00  01E002M000  1.079
GLU01A0057_007  0.000 -4.55 -0.02  1.41  0.00 -3.16 0.527  00  01E006M000  1.064
GLU01A0057_008  0.000 -3.64  0.16  3.65  0.00  0.17 0.528  00  01T003M000  1.020
GLU01A0057_009  0.000 -4.17  0.09  5.88  0.00  1.79 0.527  00  01T007M000  1.000
GLU01A0057_010  0.000 -4.33  0.32  5.41  0.00  1.41 0.528  00  01T009M000  1.073
GLU01A0057_011  0.000 -4.34  1.33  5.60  0.00  2.59 0.526  00  01T008M000  1.029
GLU01A0057_012  0.000 -3.90  0.16  5.83  0.00  2.09 0.528  00  01T00EM000  1.047
GLU01A0057_013  0.000 -4.24  0.35  3.54  0.00 -0.35 0.525  00  01T00FM000  1.024
GLU01A0057_014  0.000 -3.67  0.16  0.93  0.00 -2.58 0.528  00  01T003M000  1.026
GLU01A0057_015  0.000 -4.17  0.18  1.37  0.00 -2.61 0.529  00  01T00CM000  1.023
GLU01A0057_016  0.000 -4.31  0.09  0.81  0.00 -3.41 0.525  00  01T00FM000  1.022
GLU01A0057_017  0.000 -4.34  0.32  2.98  0.00 -1.03 0.529  00  01T010M000  1.000
GLU01A0057_018  0.000 -4.34  1.33  2.88  0.00 -0.13 0.526  00  01T008M000  1.029
GLU01A0057_019  0.000 -3.90  0.16  3.11  0.00 -0.63 0.528  00  01T00EM000  1.047
GLU02A0057_020  0.000 -3.94  1.54  4.09  0.00  1.69 0.527  00  02O000M000  1.023
GLU02A0057_021  0.000 -3.84  0.15  5.81  0.00  2.12 0.528  00  02E00EM000  1.043
GLU02A0057_022  0.000 -4.04  0.29  3.59  0.00 -0.16 0.525  00  02E00FM000  1.025
GLU02A0057_023  0.000 -3.94  1.54  1.37  0.00 -1.03 0.527  00  02O000M000  1.023
GLU02A0057_024  0.000 -4.23  0.17  2.61  0.00 -1.45 0.530  00  02E001M000  1.032
GLU02A0057_025  0.000 -3.22  0.05  2.58  0.00 -0.59 0.527  00  02E004M000  1.013
GLU02A0057_026  0.000 -4.12  0.26  0.89  0.00 -2.97 0.525  00  02E00FM000  1.024
GLU02A0057_027  0.000 -4.04  0.28  4.80  0.00  1.04 0.530  00  02T005M000  1.006
GLU02A0057_028  0.000 -4.22  0.12  5.95  0.00  1.85 0.527  00  02T007M000  1.000
GLU02A0057_029  0.000 -4.14  0.25  5.62  0.00  1.73 0.528  00  02T00AM000  1.072
GLU02A0057_030  0.000 -4.11  0.18  4.11  0.00  0.19 0.529  00  02T00CM000  1.022
GLU02A0057_031  0.000 -3.52  0.30  5.04  0.00  1.82 0.530  00  02T002M000  1.063
GLU02A0057_032  0.000 -3.22  0.05  5.26  0.00  2.09 0.527  00  02T004M000  1.013
GLU02A0057_033  0.000 -4.31  0.25  4.86  0.00  0.79 0.526  00  02T011M000  1.092
GLU02A0057_034  0.000 -4.04  0.28  2.08  0.00 -1.68 0.530  00  02T005M000  1.006
GLU02A0057_035  0.000 -4.14  0.25  2.90  0.00 -0.99 0.528  00  02T00AM000  1.072
GLU02A0057_036  0.000 -4.23  0.24  2.17  0.00 -1.81 0.526  00  02T011M000  1.065
GLU02A0057_037  0.000 -3.52  0.30  2.32  0.00 -0.90 0.530  00  02T002M000  1.063
GLU02A0057_038  0.000 -4.09  0.18  1.36  0.00 -2.54 0.529  00  02T00CM000  1.022
GLU-1A0057_039 -1.000 -4.03  1.56  1.37  0.00 -1.10 0.527  00  -1O000M000  1.015
GLU-1A0057_040 -1.000 -3.51  0.31  2.16  0.00 -1.03 0.530  00  -1E002M000  1.064
GLU-1A0057_041 -1.000 -3.31  0.04  2.43  0.00 -0.84 0.527  00  -1E004M000  1.021
GLU-1A0057_042 -1.000 -4.30  1.55  2.87  0.00  0.12 0.526  00  -1E008M000  1.018
GLU-1A0057_043 -1.000 -4.21  0.17  1.38  0.00 -2.67 0.528  00  -1E00BM000  1.006
GLU-1A0057_044 -1.000 -4.14  0.20  0.80  0.00 -3.14 0.525  00  -1E00FM000  1.017
GLU-1A0057_045 -1.000 -4.34  0.33  2.89  0.00 -1.12 0.529  00  -1E010M000  1.000
