iConf CONFORMER     FL  occ    crg   Em0  pKa0 ne nH    vdw0    vdw1    tors    epol   dsolv   extra    history
00001 GLU01A0057_001 f 0.00  0.000     0  0.00  0  0  -3.931   2.089   4.087   0.497  -6.559   0.000 01O000M000t
00002 GLU01A0057_002 f 0.00  0.000     0  0.00  0  0  -4.166   0.184   4.130   0.092  -7.741   0.000 01E00CM000t
00003 GLU01A0057_003 f 0.00  0.000     0  0.00  0  0  -4.068   0.067   5.729   0.387  -6.899   0.000 01E00DM000t
00004 GLU01A0057_004 f 0.00  0.000     0  0.00  0  0  -4.337   0.322   5.733   0.174  -7.610   0.000 01E010M000t
00005 GLU01A0057_005 f 0.00  0.000     0  0.00  0  0  -3.931   2.089   1.367  -0.121  -4.910   0.000 01O000M000t
00006 GLU01A0057_006 f 0.00  0.000     0  0.00  0  0  -3.213   0.292   2.368   0.077  -5.060   0.000 01E002M000t
00007 GLU01A0057_007 f 0.00  0.000     0  0.00  0  0  -4.518  -0.016   1.412   0.247  -4.932   0.000 01E006M000t
00008 GLU01A0057_008 f 0.00  0.000     0  0.00  0  0  -3.644   0.158   3.655   0.187  -6.994   0.000 01T003M000t
00009 GLU01A0057_009 f 0.00  0.000     0  0.00  0  0  -4.174   0.089   5.881   0.287  -7.423   0.000 01T007M000t
00010 GLU01A0057_010 f 0.00  0.000     0  0.00  0  0  -4.327   0.324   5.416   0.131  -7.652   0.000 01T009M000t
00011 GLU01A0057_011 f 0.00  0.000     0  0.00  0  0  -4.339   1.334   5.598   0.020  -7.752   0.000 01T008M000t
00012 GLU01A0057_012 f 0.00  0.000     0  0.00  0  0  -3.894   0.158   5.826   0.173  -8.360   0.000 01T00EM000t
00013 GLU01A0057_013 f 0.00  0.000     0  0.00  0  0  -4.239   0.352   3.539   0.186  -7.632   0.000 01T00FM000t
00014 GLU01A0057_014 f 0.00  0.000     0  0.00  0  0  -3.670   0.158   0.935   0.066  -5.031   0.000 01T003M000t
00015 GLU01A0057_015 f 0.00  0.000     0  0.00  0  0  -4.165   0.184   1.372   0.067  -4.986   0.000 01T00CM000t
00016 GLU01A0057_016 f 0.00  0.000     0  0.00  0  0  -4.313   0.093   0.814   0.157  -4.816   0.000 01T00FM000t
00017 GLU01A0057_017 f 0.00  0.000     0  0.00  0  0  -4.337   0.323   2.983   0.104  -5.054   0.000 01T010M000t
00018 GLU01A0057_018 f 0.00  0.000     0  0.00  0  0  -4.339   1.334   2.878   0.015  -4.884   0.000 01T008M000t
00019 GLU01A0057_019 f 0.00  0.000     0  0.00  0  0  -3.894   0.158   3.106   0.123  -5.244   0.000 01T00EM000t
00020 GLU02A0057_020 f 0.00  0.000     0  0.00  0  0  -3.940   1.545   4.087  -0.236  -7.605   0.000 02O000M000t
00021 GLU02A0057_021 f 0.00  0.000     0  0.00  0  0  -3.835   0.143   5.808   0.194  -8.022   0.000 02E00EM000t
00022 GLU02A0057_022 f 0.00  0.000     0  0.00  0  0  -4.038   0.288   3.594   0.399  -7.090   0.000 02E00FM000t
00023 GLU02A0057_023 f 0.00  0.000     0  0.00  0  0  -3.940   1.545   1.367  -0.224  -4.855   0.000 02O000M000t
00024 GLU02A0057_024 f 0.00  0.000     0  0.00  0  0  -4.232   0.169   2.616   0.081  -5.010   0.000 02E001M000t
00025 GLU02A0057_025 f 0.00  0.000     0  0.00  0  0  -3.225   0.049   2.582   0.101  -5.040   0.000 02E004M000t
00026 GLU02A0057_026 f 0.00  0.000     0  0.00  0  0  -4.124   0.259   0.888   0.141  -5.048   0.000 02E00FM000t
00027 GLU02A0057_027 f 0.00  0.000     0  0.00  0  0  -4.006   0.285   4.798   0.102  -7.717   0.000 02T005M000t
00028 GLU02A0057_028 f 0.00  0.000     0  0.00  0  0  -4.221   0.119   5.946   0.197  -7.649   0.000 02T007M000t
00029 GLU02A0057_029 f 0.00  0.000     0  0.00  0  0  -4.143   0.251   5.620   0.238  -6.993   0.000 02T00AM000t
00030 GLU02A0057_030 f 0.00  0.000     0  0.00  0  0  -4.107   0.185   4.112   0.171  -7.151   0.000 02T00CM000t
00031 GLU02A0057_031 f 0.00  0.000     0  0.00  0  0  -3.522   0.294   5.043   0.088  -7.794   0.000 02T002M000t
00032 GLU02A0057_032 f 0.00  0.000     0  0.00  0  0  -3.224   0.050   5.263   0.134  -8.020   0.000 02T004M000t
00033 GLU02A0057_033 f 0.00  0.000     0  0.00  0  0  -4.315   0.246   4.857   0.209  -7.382   0.000 02T011M000t
00034 GLU02A0057_034 f 0.00  0.000     0  0.00  0  0  -4.006   0.285   2.078   0.084  -5.124   0.000 02T005M000t
00035 GLU02A0057_035 f 0.00  0.000     0  0.00  0  0  -4.143   0.251   2.900   0.083  -4.866   0.000 02T00AM000t
00036 GLU02A0057_036 f 0.00  0.000     0  0.00  0  0  -4.226   0.242   2.173   0.112  -5.229   0.000 02T011M000t
00037 GLU02A0057_037 f 0.00  0.000     0  0.00  0  0  -3.522   0.294   2.323   0.067  -5.121   0.000 02T002M000t
00038 GLU02A0057_038 f 0.00  0.000     0  0.00  0  0  -4.088   0.181   1.364   0.080  -5.025   0.000 02T00CM000t
00039 GLU-1A0057_039 f 0.00 -1.000     0  4.75  0 -1  -4.028   1.565   1.367  -1.023 -41.417   0.000 -1O000M000t
00040 GLU-1A0057_040 f 0.00 -1.000     0  4.75  0 -1  -3.500   0.308   2.163  -0.148 -41.993   0.000 -1E002M000t
00041 GLU-1A0057_041 f 0.00 -1.000     0  4.75  0 -1  -3.311   0.045   2.431  -0.172 -41.969   0.000 -1E004M000t
00042 GLU-1A0057_042 f 0.00 -1.000     0  4.75  0 -1  -4.282   1.555   2.872  -0.385 -41.610   0.000 -1E008M000t
00043 GLU-1A0057_043 f 0.00 -1.000     0  4.75  0 -1  -4.214   0.169   1.379  -0.104 -42.189   0.000 -1E00BM000t
00044 GLU-1A0057_044 f 0.00 -1.000     0  4.75  0 -1  -4.140   0.199   0.808  -0.344 -41.696   0.000 -1E00FM000t
00045 GLU-1A0057_045 f 0.00 -1.000     0  4.75  0 -1  -4.341   0.332   2.893  -0.106 -42.187   0.000 -1E010M000t
