   confID        vdw0    sas     sum
GLU01A0057_001   1.025  -4.955  -3.931
GLU01A0057_002   0.467  -4.633  -4.166
GLU01A0057_003   0.630  -4.698  -4.068
GLU01A0057_004   0.375  -4.713  -4.337
GLU01A0057_005   1.025  -4.955  -3.931
GLU01A0057_006   1.711  -4.924  -3.213
GLU01A0057_007   0.510  -5.028  -4.518
GLU01A0057_008   0.887  -4.531  -3.644
GLU01A0057_009   0.519  -4.693  -4.174
GLU01A0057_010   0.625  -4.953  -4.327
GLU01A0057_011   0.539  -4.878  -4.339
GLU01A0057_012   0.997  -4.891  -3.894
GLU01A0057_013   0.610  -4.850  -4.239
GLU01A0057_014   0.887  -4.557  -3.670
GLU01A0057_015   0.468  -4.633  -4.165
GLU01A0057_016   0.558  -4.871  -4.313
GLU01A0057_017   0.375  -4.713  -4.337
GLU01A0057_018   0.539  -4.878  -4.339
GLU01A0057_019   0.997  -4.891  -3.894
GLU02A0057_020   0.834  -4.774  -3.940
GLU02A0057_021   1.076  -4.911  -3.835
GLU02A0057_022   0.679  -4.717  -4.038
GLU02A0057_023   0.834  -4.774  -3.940
GLU02A0057_024   0.734  -4.967  -4.232
GLU02A0057_025   1.433  -4.658  -3.225
GLU02A0057_026   0.666  -4.790  -4.124
GLU02A0057_027   0.662  -4.668  -4.006
GLU02A0057_028   0.514  -4.736  -4.221
GLU02A0057_029   0.900  -5.043  -4.143
GLU02A0057_030   0.594  -4.701  -4.107
GLU02A0057_031   1.432  -4.954  -3.522
GLU02A0057_032   1.434  -4.658  -3.224
GLU02A0057_033   0.736  -5.051  -4.315
GLU02A0057_034   0.662  -4.668  -4.006
GLU02A0057_035   0.900  -5.043  -4.143
GLU02A0057_036   0.742  -4.968  -4.226
GLU02A0057_037   1.432  -4.954  -3.522
GLU02A0057_038   0.626  -4.713  -4.088
GLU-1A0057_039   0.763  -4.791  -4.028
GLU-1A0057_040   1.296  -4.796  -3.500
GLU-1A0057_041   1.291  -4.602  -3.311
GLU-1A0057_042   0.422  -4.705  -4.282
GLU-1A0057_043   0.406  -4.620  -4.214
GLU-1A0057_044   0.513  -4.653  -4.140
GLU-1A0057_045   0.301  -4.642  -4.341
