iConf CONFORMER     FL  occ    crg   Em0  pKa0 ne nH    vdw0    vdw1    tors    epol   dsolv   extra    history
00001 ASP01A0083_001 f 0.00  0.000     0  0.00  0  0  -4.372   3.137   2.970   1.649  -6.145   0.000 01O000M000t
00002 ASP01A0083_002 f 0.00  0.000     0  0.00  0  0  -4.520   2.863   2.781   1.618  -6.631   0.000 01E002M000t
00003 ASP01A0083_003 f 0.00  0.000     0  0.00  0  0  -4.388   0.899   3.462   0.991  -8.080   0.000 01E004M000t
00004 ASP01A0083_004 f 0.00  0.000     0  0.00  0  0  -4.344   1.073   3.461   0.120  -7.741   0.000 01E006M000t
00005 ASP01A0083_005 f 0.00  0.000     0  0.00  0  0  -4.372   3.137   0.250   0.338  -5.096   0.000 01O000M000t
00006 ASP01A0083_006 f 0.00  0.000     0  0.00  0  0  -4.562   2.764   0.105   0.130  -5.049   0.000 01E002M000t
00007 ASP01A0083_007 f 0.00  0.000     0  0.00  0  0  -4.669   0.556   0.685   0.242  -5.049   0.000 01E00AM000t
00008 ASP01A0083_008 f 0.00  0.000     0  0.00  0  0  -4.460   1.169   5.712   0.361  -7.842   0.000 01T008M000t
00009 ASP01A0083_009 f 0.00  0.000     0  0.00  0  0  -4.178   0.002   3.556   1.009  -7.412   0.000 01T005M000t
00010 ASP01A0083_010 f 0.00  0.000     0  0.00  0  0  -4.345   0.852   5.673   0.719  -7.110   0.000 01T007M000t
00011 ASP01A0083_011 f 0.00  0.000     0  0.00  0  0  -4.669   0.555   3.388   0.264  -7.626   0.000 01T00AM000t
00012 ASP01A0083_012 f 0.00  0.000     0  0.00  0  0  -4.300   1.231   0.104   0.434  -5.242   0.000 01T001M000t
00013 ASP01A0083_013 f 0.00  0.000     0  0.00  0  0  -4.473   1.169   2.992   0.317  -5.070   0.000 01T008M000t
00014 ASP02A0083_014 f 0.00  0.000     0  0.00  0  0  -4.136   2.259   2.970   0.299  -7.458   0.000 02O000M000t
00015 ASP02A0083_015 f 0.00  0.000     0  0.00  0  0  -4.338   0.838   2.827   0.299  -7.656   0.000 02E001M000t
00016 ASP02A0083_016 f 0.00  0.000     0  0.00  0  0  -4.372   1.440   3.474   0.227  -6.463   0.000 02E004M000t
00017 ASP02A0083_017 f 0.00  0.000     0  0.00  0  0  -4.614   1.560   3.515   3.124  -6.524   0.000 02E006M000t
00018 ASP02A0083_018 f 0.00  0.000     0  0.00  0  0  -4.307   0.663   5.663   0.492  -7.676   0.000 02E007M000t
00019 ASP02A0083_019 f 0.00  0.000     0  0.00  0  0  -4.136   2.259   0.250   0.348  -4.975   0.000 02O000M000t
00020 ASP02A0083_020 f 0.00  0.000     0  0.00  0  0  -4.689   0.705   0.685   0.312  -5.393   0.000 02E00AM000t
00021 ASP02A0083_021 f 0.00  0.000     0  0.00  0  0  -4.455   2.366   2.789   0.130  -7.733   0.000 02T002M000t
00022 ASP02A0083_022 f 0.00  0.000     0  0.00  0  0  -4.688   0.705   3.405   0.781  -7.503   0.000 02T00AM000t
00023 ASP02A0083_023 f 0.00  0.000     0  0.00  0  0  -4.337   0.837   0.106   0.292  -5.106   0.000 02T001M000t
00024 ASP02A0083_024 f 0.00  0.000     0  0.00  0  0  -4.371   1.441   0.753   0.775  -5.015   0.000 02T004M000t
00025 ASP02A0083_025 f 0.00  0.000     0  0.00  0  0  -4.615   1.562   0.783   0.264  -5.277   0.000 02T006M000t
00026 ASP02A0083_026 f 0.00  0.000     0  0.00  0  0  -4.455   2.366   0.069   0.050  -5.126   0.000 02T002M000t
00027 ASP02A0083_027 f 0.00  0.000     0  0.00  0  0  -4.161   0.763   2.926   0.351  -5.177   0.000 02T007M000t
00028 ASP-1A0083_028 f 0.00 -1.000     0  4.75  0 -1  -4.147   2.282   0.250  -1.055 -41.312   0.000 -1O000M000t
00029 ASP-1A0083_029 f 0.00 -1.000     0  4.75  0 -1  -4.449   2.230   0.057  -0.840 -41.607   0.000 -1E002M000t
00030 ASP-1A0083_030 f 0.00 -1.000     0  4.75  0 -1  -4.452   1.380   0.698  -1.494 -41.743   0.000 -1E006M000t
00031 ASP-1A0083_031 f 0.00 -1.000     0  4.75  0 -1  -4.330   1.216   2.909  -0.518 -42.007   0.000 -1E008M000t
00032 ASP-1A0083_032 f 0.00 -1.000     0  4.75  0 -1  -4.591   0.476   0.655  -0.568 -41.765   0.000 -1E00AM000t
