   confID        vdw0    sas     sum
ASP01A0083_001   0.083  -4.454  -4.372
ASP01A0083_002   0.082  -4.602  -4.520
ASP01A0083_003   0.243  -4.630  -4.388
ASP01A0083_004   0.235  -4.579  -4.344
ASP01A0083_005   0.083  -4.454  -4.372
ASP01A0083_006   0.087  -4.649  -4.562
ASP01A0083_007   0.211  -4.879  -4.669
ASP01A0083_008   0.248  -4.708  -4.460
ASP01A0083_009   0.354  -4.532  -4.178
ASP01A0083_010   0.340  -4.685  -4.345
ASP01A0083_011   0.211  -4.879  -4.669
ASP01A0083_012   0.083  -4.384  -4.300
ASP01A0083_013   0.248  -4.721  -4.473
ASP02A0083_014   0.159  -4.295  -4.136
ASP02A0083_015   0.159  -4.497  -4.338
ASP02A0083_016   0.186  -4.557  -4.372
ASP02A0083_017   0.184  -4.797  -4.614
ASP02A0083_018   0.470  -4.777  -4.307
ASP02A0083_019   0.159  -4.295  -4.136
ASP02A0083_020   0.164  -4.853  -4.689
ASP02A0083_021   0.159  -4.613  -4.455
ASP02A0083_022   0.165  -4.853  -4.688
ASP02A0083_023   0.160  -4.497  -4.337
ASP02A0083_024   0.186  -4.557  -4.371
ASP02A0083_025   0.182  -4.797  -4.615
ASP02A0083_026   0.159  -4.613  -4.455
ASP02A0083_027   0.453  -4.613  -4.161
ASP-1A0083_028   0.081  -4.228  -4.147
ASP-1A0083_029   0.081  -4.530  -4.449
ASP-1A0083_030   0.147  -4.599  -4.452
ASP-1A0083_031   0.166  -4.496  -4.330
ASP-1A0083_032   0.141  -4.732  -4.591
