CONFORMER         crg  vdw0  vdw1  tors  epol  self   occ  Hb     history    ASA
LYS01A0110_001  0.000-11.33  0.40  1.57  0.00 -9.37 0.502  00  01O000M000  1.000
LYS01A0110_002  0.000-11.66  4.18  3.14  0.00 -4.35 0.502  00  01E011M000  1.000
LYS01A0110_003  0.000-10.59  3.65  3.20  0.00 -3.74 0.501  00  01E019M000  1.000
LYS01A0110_004  0.000-10.75  2.09  1.85  0.00 -6.81 0.502  00  01E01BM000  1.000
LYS01A0110_005  0.000 -9.30  2.87  2.41  0.00 -4.01 0.502  00  01E036M000  1.000
LYS01A0110_006  0.000-10.57  0.99  1.63  0.00 -7.95 0.502  00  01E06AM000  1.000
LYS01A0110_007  0.000-10.30  0.43  4.65  0.00 -5.22 0.502  00  01E06CM000  1.000
LYS01A0110_008  0.000-11.55  4.40  4.06  0.00 -3.08 0.501  00  01E07EM000  1.000
LYS01A0110_009  0.000 -9.89  1.74  3.76  0.00 -4.40 0.502  00  01E091M000  1.000
LYS01A0110_010  0.000-11.65  2.23  1.17  0.00 -8.25 0.501  00  01T002M000  1.000
LYS01A0110_011  0.000-11.18  3.54  2.84  0.00 -4.80 0.502  00  01T01AM000  1.000
LYS01A0110_012  0.000-11.57  1.13  2.84  0.00 -7.59 0.501  00  01T028M000  1.000
LYS01A0110_013  0.000-11.39  6.09  3.37  0.00 -1.93 0.502  00  01T035M000  1.000
LYS01A0110_014  0.000-11.09  3.01  3.65  0.00 -4.43 0.502  00  01T047M000  1.000
LYS01A0110_015  0.000 -9.53  2.79  2.12  0.00 -4.62 0.501  00  01T077M000  1.000
LYS01A0110_016  0.000 -8.79  2.49  2.08  0.00 -4.22 0.502  00  01T078M000  1.000
LYS01A0110_017  0.000-10.68  0.29  4.13  0.00 -6.26 0.501  00  01T09BM000  1.000
LYS01A0110_018  0.000 -9.09  3.44  3.14  0.00 -2.51 0.502  00  01T0A1M000  1.000
LYS01A0110_019  0.000-10.40  7.11  2.83  0.00 -0.46 0.502  00  01T0B6M000  1.000
LYS01A0110_020  0.000-10.94  2.14  1.66  0.00 -7.14 0.501  00  01T11BM000  1.000
LYS+1A0110_021  1.000-11.38  0.40  1.57  0.00 -9.41 0.502  00  +1O000M000  1.000
LYS+1A0110_022  1.000-11.22  3.56  2.85  0.00 -4.81 0.502  00  +1E01AM000  1.000
LYS+1A0110_023  1.000-10.78  2.09  1.85  0.00 -6.84 0.502  00  +1E01BM000  1.000
LYS+1A0110_024  1.000-11.42  6.12  3.38  0.00 -1.92 0.502  00  +1E035M000  1.000
LYS+1A0110_025  1.000 -9.31  2.88  2.42  0.00 -4.01 0.502  00  +1E036M000  1.000
LYS+1A0110_026  1.000-11.21  2.98  3.66  0.00 -4.56 0.502  00  +1E047M000  1.000
LYS+1A0110_027  1.000-10.64  0.98  1.63  0.00 -8.02 0.502  00  +1E06AM000  1.000
LYS+1A0110_028  1.000 -8.77  2.48  2.09  0.00 -4.20 0.502  00  +1E078M000  1.000
LYS+1A0110_029  1.000 -9.94  1.74  3.76  0.00 -4.44 0.502  00  +1E091M000  1.000
LYS+1A0110_030  1.000-10.82  0.29  4.16  0.00 -6.37 0.501  00  +1E09BM000  1.000
LYS+1A0110_031  1.000-11.70  2.23  1.17  0.00 -8.30 0.501  00  +1T002M000  1.000
LYS+1A0110_032  1.000-11.70  4.19  3.16  0.00 -4.35 0.502  00  +1T011M000  1.000
LYS+1A0110_033  1.000-10.68  3.67  3.21  0.00 -3.80 0.501  00  +1T019M000  1.000
LYS+1A0110_034  1.000-11.60  1.14  2.85  0.00 -7.62 0.501  00  +1T028M000  1.000
LYS+1A0110_035  1.000-10.34  0.43  4.66  0.00 -5.25 0.502  00  +1T06CM000  1.000
LYS+1A0110_036  1.000 -9.50  2.81  2.13  0.00 -4.56 0.501  00  +1T077M000  1.000
LYS+1A0110_037  1.000-11.64  4.41  4.07  0.00 -3.16 0.501  00  +1T07EM000  1.000
LYS+1A0110_038  1.000 -9.22  3.46  3.15  0.00 -2.61 0.502  00  +1T0A1M000  1.000
LYS+1A0110_039  1.000-10.50  7.11  2.84  0.00 -0.55 0.502  00  +1T0B6M000  1.000
LYS+1A0110_040  1.000-11.07  2.14  1.67  0.00 -7.26 0.501  00  +1T11BM000  1.000
