iConf CONFORMER     FL  occ    crg   Em0  pKa0 ne nH    vdw0    vdw1    tors    epol   dsolv   extra    history
00001 LYS01A0110_001 f 0.00  0.000     0  0.00  0  0 -11.336   0.398   1.566  -0.011  -3.247   0.000 01O000M000t
00002 LYS01A0110_002 f 0.00  0.000     0  0.00  0  0 -11.615   4.170   3.139  -0.032  -3.113   0.000 01E011M000t
00003 LYS01A0110_003 f 0.00  0.000     0  0.00  0  0 -10.584   3.652   3.199  -0.017  -3.548   0.000 01E019M000t
00004 LYS01A0110_004 f 0.00  0.000     0  0.00  0  0 -10.749   2.093   1.846  -0.008  -3.241   0.000 01E01BM000t
00005 LYS01A0110_005 f 0.00  0.000     0  0.00  0  0  -9.298   2.877   2.417  -0.008  -3.170   0.000 01E036M000t
00006 LYS01A0110_006 f 0.00  0.000     0  0.00  0  0 -10.569   0.987   1.632  -0.035  -3.161   0.000 01E06AM000t
00007 LYS01A0110_007 f 0.00  0.000     0  0.00  0  0 -10.306   0.432   4.654  -0.018  -3.017   0.000 01E06CM000t
00008 LYS01A0110_008 f 0.00  0.000     0  0.00  0  0 -11.554   4.399   4.061  -0.091  -3.191   0.000 01E07EM000t
00009 LYS01A0110_009 f 0.00  0.000     0  0.00  0  0  -9.900   1.742   3.757  -0.023  -2.945   0.000 01E091M000t
00010 LYS01A0110_010 f 0.00  0.000     0  0.00  0  0 -11.654   2.230   1.170  -0.001  -3.615   0.000 01T002M000t
00011 LYS01A0110_011 f 0.00  0.000     0  0.00  0  0 -11.179   3.544   2.839  -0.008  -3.197   0.000 01T01AM000t
00012 LYS01A0110_012 f 0.00  0.000     0  0.00  0  0 -11.568   1.133   2.844  -0.019  -3.451   0.000 01T028M000t
00013 LYS01A0110_013 f 0.00  0.000     0  0.00  0  0 -11.386   6.103   3.365  -0.157  -3.334   0.000 01T035M000t
00014 LYS01A0110_014 f 0.00  0.000     0  0.00  0  0 -11.094   3.009   3.655  -0.089  -3.246   0.000 01T047M000t
00015 LYS01A0110_015 f 0.00  0.000     0  0.00  0  0  -9.530   2.803   2.117   0.014  -2.963   0.000 01T077M000t
00016 LYS01A0110_016 f 0.00  0.000     0  0.00  0  0  -8.788   2.486   2.081   0.059  -2.882   0.000 01T078M000t
00017 LYS01A0110_017 f 0.00  0.000     0  0.00  0  0 -10.685   0.288   4.133  -0.021  -3.553   0.000 01T09BM000t
00018 LYS01A0110_018 f 0.00  0.000     0  0.00  0  0  -9.092   3.444   3.140  -0.019  -3.041   0.000 01T0A1M000t
00019 LYS01A0110_019 f 0.00  0.000     0  0.00  0  0 -10.395   7.103   2.834  -0.025  -3.163   0.000 01T0B6M000t
00020 LYS01A0110_020 f 0.00  0.000     0  0.00  0  0 -10.937   2.141   1.660  -0.095  -2.855   0.000 01T11BM000t
00021 LYS+1A0110_021 f 0.00  1.000     0 10.40  0  1 -11.378   0.397   1.566   0.048 -42.093   0.000 +1O000M000t
00022 LYS+1A0110_022 f 0.00  1.000     0 10.40  0  1 -11.215   3.560   2.848   0.041 -41.946   0.000 +1E01AM000t
00023 LYS+1A0110_023 f 0.00  1.000     0 10.40  0  1 -10.787   2.096   1.853   0.030 -41.771   0.000 +1E01BM000t
00024 LYS+1A0110_024 f 0.00  1.000     0 10.40  0  1 -11.426   6.123   3.376   0.504 -41.744   0.000 +1E035M000t
00025 LYS+1A0110_025 f 0.00  1.000     0 10.40  0  1  -9.309   2.878   2.422   0.041 -41.252   0.000 +1E036M000t
00026 LYS+1A0110_026 f 0.00  1.000     0 10.40  0  1 -11.206   2.982   3.661   0.300 -41.661   0.000 +1E047M000t
00027 LYS+1A0110_027 f 0.00  1.000     0 10.40  0  1 -10.636   0.983   1.634   0.121 -40.900   0.000 +1E06AM000t
00028 LYS+1A0110_028 f 0.00  1.000     0 10.40  0  1  -8.759   2.475   2.095  -0.757 -40.285   0.000 +1E078M000t
00029 LYS+1A0110_029 f 0.00  1.000     0 10.40  0  1  -9.942   1.739   3.763   0.122 -40.717   0.000 +1E091M000t
00030 LYS+1A0110_030 f 0.00  1.000     0 10.40  0  1 -10.814   0.287   4.159   0.105 -41.417   0.000 +1E09BM000t
00031 LYS+1A0110_031 f 0.00  1.000     0 10.40  0  1 -11.698   2.237   1.173  -0.001 -41.827   0.000 +1T002M000t
00032 LYS+1A0110_032 f 0.00  1.000     0 10.40  0  1 -11.699   4.196   3.157   0.159 -41.439   0.000 +1T011M000t
00033 LYS+1A0110_033 f 0.00  1.000     0 10.40  0  1 -10.673   3.668   3.206   0.073 -42.003   0.000 +1T019M000t
00034 LYS+1A0110_034 f 0.00  1.000     0 10.40  0  1 -11.604   1.136   2.853   0.079 -41.842   0.000 +1T028M000t
00035 LYS+1A0110_035 f 0.00  1.000     0 10.40  0  1 -10.340   0.435   4.659   0.086 -41.237   0.000 +1T06CM000t
00036 LYS+1A0110_036 f 0.00  1.000     0 10.40  0  1  -9.493   2.800   2.132  -0.083 -41.522   0.000 +1T077M000t
00037 LYS+1A0110_037 f 0.00  1.000     0 10.40  0  1 -11.645   4.411   4.073   0.332 -41.254   0.000 +1T07EM000t
00038 LYS+1A0110_038 f 0.00  1.000     0 10.40  0  1  -9.221   3.457   3.154  -0.019 -40.758   0.000 +1T0A1M000t
00039 LYS+1A0110_039 f 0.00  1.000     0 10.40  0  1 -10.497   7.127   2.835  -0.008 -40.775   0.000 +1T0B6M000t
00040 LYS+1A0110_040 f 0.00  1.000     0 10.40  0  1 -11.068   2.138   1.666   0.246 -40.958   0.000 +1T11BM000t
