   confID        vdw0    sas     sum
LYS01A0110_001   1.124 -12.459 -11.336
LYS01A0110_002   0.838 -12.453 -11.615
LYS01A0110_003   1.309 -11.893 -10.584
LYS01A0110_004   1.631 -12.379 -10.749
LYS01A0110_005   3.345 -12.643  -9.298
LYS01A0110_006   2.105 -12.673 -10.569
LYS01A0110_007   2.205 -12.511 -10.306
LYS01A0110_008   1.192 -12.746 -11.554
LYS01A0110_009   2.528 -12.429  -9.900
LYS01A0110_010   0.896 -12.550 -11.654
LYS01A0110_011   1.294 -12.472 -11.179
LYS01A0110_012   1.294 -12.862 -11.568
LYS01A0110_013   1.296 -12.682 -11.386
LYS01A0110_014   1.314 -12.408 -11.094
LYS01A0110_015   2.499 -12.029  -9.530
LYS01A0110_016   3.014 -11.802  -8.788
LYS01A0110_017   1.646 -12.331 -10.685
LYS01A0110_018   2.658 -11.750  -9.092
LYS01A0110_019   1.669 -12.065 -10.395
LYS01A0110_020   1.803 -12.741 -10.937
LYS+1A0110_021   1.082 -12.459 -11.378
LYS+1A0110_022   1.257 -12.472 -11.215
LYS+1A0110_023   1.593 -12.379 -10.787
LYS+1A0110_024   1.255 -12.682 -11.426
LYS+1A0110_025   3.334 -12.643  -9.309
LYS+1A0110_026   1.279 -12.485 -11.206
LYS+1A0110_027   2.037 -12.673 -10.636
LYS+1A0110_028   2.979 -11.738  -8.759
LYS+1A0110_029   2.486 -12.429  -9.942
LYS+1A0110_030   1.597 -12.411 -10.814
LYS+1A0110_031   0.852 -12.550 -11.698
LYS+1A0110_032   0.806 -12.505 -11.699
LYS+1A0110_033   1.272 -11.945 -10.673
LYS+1A0110_034   1.258 -12.862 -11.604
LYS+1A0110_035   2.171 -12.511 -10.340
LYS+1A0110_036   2.468 -11.962  -9.493
LYS+1A0110_037   1.153 -12.798 -11.645
LYS+1A0110_038   2.597 -11.817  -9.221
LYS+1A0110_039   1.583 -12.081 -10.497
LYS+1A0110_040   1.724 -12.792 -11.068
