iConf CONFORMER     FL  occ    crg   Em0  pKa0 ne nH    vdw0    vdw1    tors    epol   dsolv   extra    history
00001 ASP01_0017_001 f 0.00  0.000     0  0.00  0  0   0.197   1.790   2.779   0.353  -0.570   0.000 01O000M000t
00002 ASP01_0017_002 f 0.00  0.000     0  0.00  0  0   0.057   1.334   2.720   0.227  -1.000   0.000 01E001M000t
00003 ASP01_0017_003 f 0.00  0.000     0  0.00  0  0   0.057   1.336   2.720   0.227  -0.999   0.000 01E001M000t
00004 ASP01_0017_004 f 0.00  0.000     0  0.00  0  0   0.057   1.402   2.720   0.261  -0.925   0.000 01B002M000t
00005 ASP01_0017_005 f 0.00  0.000     0  0.00  0  0   0.058   1.406   2.720   0.261  -0.917   0.000 01B002M000t
00006 ASP01_0017_006 f 0.00  0.000     0  0.00  0  0  -0.036   6.169   4.920   0.147  -1.096   0.000 01E003M000t
00007 ASP01_0017_007 f 0.00  0.000     0  0.00  0  0  -0.037   6.510   5.003   0.149  -1.069   0.000 01E003M000t
00008 ASP01_0017_008 f 0.00  0.000     0  0.00  0  0  -0.033   6.119   4.918   0.144  -1.049   0.000 01E003M000t
00009 ASP01_0017_009 f 0.00  0.000     0  0.00  0  0   0.197   1.790   0.059   0.151   0.443   0.000 01O000M000t
00010 ASP01_0017_010 f 0.00  0.000     0  0.00  0  0   0.057   1.337   0.000   0.178   0.160   0.000 01E001M000t
00011 ASP01_0017_011 f 0.00  0.000     0  0.00  0  0   0.057   1.406   0.000   0.201   0.173   0.000 01B002M000t
00012 ASP01_0017_012 f 0.00  0.000     0  0.00  0  0  -0.032   6.212   2.285   0.149   0.137   0.000 01E003M000t
00013 ASP01_0017_013 f 0.00  0.000     0  0.00  0  0  -0.035   6.253   4.941   0.146  -1.066   0.000 01E003M000t
00014 ASP01_0017_014 f 0.00  0.000     0  0.00  0  0   0.198   1.781   2.770   0.348  -0.567   0.000 01X000M000t
00015 ASP01_0017_015 f 0.00  0.000     0  0.00  0  0   0.197   1.794   2.769   0.351  -0.564   0.000 01X000M000t
00016 ASP01_0017_016 f 0.00  0.000     0  0.00  0  0   0.197   1.778   0.051   0.150   0.443   0.000 01X000M000t
00017 ASP01_0017_017 f 0.00  0.000     0  0.00  0  0  -0.036   6.170   4.901   0.144  -1.058   0.000 01T003M000t
00018 ASP01_0017_018 f 0.00  0.000     0  0.00  0  0  -0.032   6.214   4.970   0.149  -1.049   0.000 01T003M000t
00019 ASP01_0017_019 f 0.00  0.000     0  0.00  0  0   0.057   1.336   0.000   0.178   0.160   0.000 01E001M000t
00020 ASP01_0017_020 f 0.00  0.000     0  0.00  0  0   0.058   1.406   0.000   0.201   0.172   0.000 01B002M000t
00021 ASP01_0017_021 f 0.00  0.000     0  0.00  0  0  -0.037   6.510   2.283   0.144   0.133   0.000 01E003M000t
00022 ASP01_0017_022 f 0.00  0.000     0  0.00  0  0  -0.033   6.119   2.198   0.150   0.133   0.000 01E003M000t
00023 ASP01_0017_023 f 0.00  0.000     0  0.00  0  0  -0.035   6.253   2.221   0.147   0.138   0.000 01E003M000t
00024 ASP01_0017_024 f 0.00  0.000     0  0.00  0  0   0.197   1.794   0.049   0.149   0.438   0.000 01X000M000t
00025 ASP01_0017_025 f 0.00  0.000     0  0.00  0  0  -0.036   6.170   2.181   0.148   0.143   0.000 01T003M000t
00026 ASP01_0017_026 f 0.00  0.000     0  0.00  0  0  -0.032   6.214   2.250   0.147   0.134   0.000 01T003M000t
00027 ASP01_0017_027 f 0.00  0.000     0  0.00  0  0   0.199   1.780   0.050   0.150   0.445   0.000 01T000M000t
00028 ASP02_0017_028 f 0.00  0.000     0  0.00  0  0   0.286   1.571   2.779   0.096  -0.595   0.000 02O000M000t
00029 ASP02_0017_029 f 0.00  0.000     0  0.00  0  0   0.057   1.407   2.720   0.261  -0.718   0.000 02E001M000t
00030 ASP02_0017_030 f 0.00  0.000     0  0.00  0  0   0.057   1.402   2.720   0.261  -0.725   0.000 02E001M000t
00031 ASP02_0017_031 f 0.00  0.000     0  0.00  0  0   0.057   1.335   2.720   0.228  -0.800   0.000 02B002M000t
00032 ASP02_0017_032 f 0.00  0.000     0  0.00  0  0   0.057   1.334   2.720   0.227  -0.800   0.000 02B002M000t
00033 ASP02_0017_033 f 0.00  0.000     0  0.00  0  0  -0.063   7.147   4.901   0.523  -0.513   0.000 02E003M000t
00034 ASP02_0017_034 f 0.00  0.000     0  0.00  0  0  -0.064   7.530   5.003   0.517  -0.509   0.000 02E003M000t
00035 ASP02_0017_035 f 0.00  0.000     0  0.00  0  0  -0.060   7.075   4.918   0.520  -0.531   0.000 02E003M000t
00036 ASP02_0017_036 f 0.00  0.000     0  0.00  0  0   0.286   1.570   0.059   0.122   0.623   0.000 02O000M000t
00037 ASP02_0017_037 f 0.00  0.000     0  0.00  0  0   0.057   1.407   0.000   0.201   0.372   0.000 02E001M000t
00038 ASP02_0017_038 f 0.00  0.000     0  0.00  0  0   0.057   1.336   0.000   0.178   0.360   0.000 02B002M000t
00039 ASP02_0017_039 f 0.00  0.000     0  0.00  0  0  -0.060   7.168   4.970   0.512  -0.544   0.000 02E003M000t
00040 ASP02_0017_040 f 0.00  0.000     0  0.00  0  0  -0.062   7.233   2.235   0.205   0.298   0.000 02E003M000t
00041 ASP02_0017_041 f 0.00  0.000     0  0.00  0  0   0.290   1.559   2.770   0.099  -0.593   0.000 02X000M000t
00042 ASP02_0017_042 f 0.00  0.000     0  0.00  0  0   0.287   1.569   2.769   0.098  -0.590   0.000 02X000M000t
00043 ASP02_0017_043 f 0.00  0.000     0  0.00  0  0   0.286   1.568   0.051   0.120   0.651   0.000 02X000M000t
00044 ASP02_0017_044 f 0.00  0.000     0  0.00  0  0  -0.062   7.233   4.941   0.521  -0.518   0.000 02T003M000t
00045 ASP02_0017_045 f 0.00  0.000     0  0.00  0  0   0.057   1.407   0.000   0.201   0.371   0.000 02E001M000t
00046 ASP02_0017_046 f 0.00  0.000     0  0.00  0  0   0.057   1.335   0.000   0.179   0.362   0.000 02B002M000t
00047 ASP02_0017_047 f 0.00  0.000     0  0.00  0  0  -0.063   7.147   2.181   0.202   0.361   0.000 02E003M000t
00048 ASP02_0017_048 f 0.00  0.000     0  0.00  0  0  -0.064   7.530   2.283   0.206   0.321   0.000 02E003M000t
00049 ASP02_0017_049 f 0.00  0.000     0  0.00  0  0  -0.060   7.168   2.250   0.209   0.287   0.000 02E003M000t
00050 ASP02_0017_050 f 0.00  0.000     0  0.00  0  0   0.290   1.559   0.050   0.121   0.652   0.000 02X000M000t
00051 ASP02_0017_051 f 0.00  0.000     0  0.00  0  0  -0.060   7.075   2.198   0.205   0.311   0.000 02T003M000t
00052 ASP02_0017_052 f 0.00  0.000     0  0.00  0  0  -0.062   7.233   2.221   0.205   0.313   0.000 02T003M000t
00053 ASP-1_0017_053 f 0.00 -1.000     0  4.75  0 -1   0.186   1.591   0.059  -0.292  -0.088   0.000 -1O000M000t
00054 ASP-1_0017_054 f 0.00 -1.000     0  4.75  0 -1   0.029   1.344   0.000  -0.260   0.212   0.000 -1E001M000t
00055 ASP-1_0017_055 f 0.00 -1.000     0  4.75  0 -1  -0.062   6.193   2.181  -0.216   0.187   0.000 -1E003M000t
00056 ASP-1_0017_056 f 0.00 -1.000     0  4.75  0 -1  -0.063   6.533   2.283  -0.220   0.189   0.000 -1E003M000t
00057 ASP-1_0017_057 f 0.00 -1.000     0  4.75  0 -1  -0.060   6.143   2.198  -0.215   0.187   0.000 -1E003M000t
00058 ASP-1_0017_058 f 0.00 -1.000     0  4.75  0 -1  -0.059   6.238   2.250  -0.212   0.195   0.000 -1E003M000t
00059 ASP-1_0017_059 f 0.00 -1.000     0  4.75  0 -1  -0.061   6.277   2.221  -0.214   0.186   0.000 -1E003M000t
00060 ASP-1_0017_060 f 0.00 -1.000     0  4.75  0 -1   0.189   1.579   0.050  -0.290  -0.087   0.000 -1X000M000t
