iConf CONFORMER     FL  occ    crg   Em0  pKa0 ne nH    vdw0    vdw1    tors    epol   dsolv   extra    history
00001 TYR01A0115_001 f 0.00  0.000     0  0.00  0  0 -10.933  -0.577   0.052   0.521  -5.858   0.000 01O000M000t
00002 TYR01A0115_002 f 0.00  0.000     0  0.00  0  0 -10.586   1.308   2.744   0.290  -5.867   0.000 01E003M000t
00003 TYR01A0115_003 f 0.00  0.000     0  0.00  0  0 -11.522   1.301   0.028   0.563  -5.688   0.000 01E006M000t
00004 TYR01A0115_004 f 0.00  0.000     0  0.00  0  0 -10.539   2.205   0.062   0.725  -5.568   0.000 01E007M000t
00005 TYR01A0115_005 f 0.00  0.000     0  0.00  0  0 -10.992   1.438   2.745   0.301  -5.831   0.000 01E00DM000t
00006 TYR01A0115_006 f 0.00  0.000     0  0.00  0  0 -10.669  -0.431   0.047   0.649  -5.709   0.000 01T002M000t
00007 TYR01A0115_007 f 0.00  0.000     0  0.00  0  0 -10.736   0.461   2.744   0.489  -5.756   0.000 01T005M000t
00008 TYR01A0115_008 f 0.00  0.000     0  0.00  0  0 -10.614   1.085   2.744   0.579  -5.864   0.000 01T001M000t
00009 TYR01A0115_009 f 0.00  0.000     0  0.00  0  0 -10.180  -0.042   0.047   0.300  -6.162   0.000 01T004M000t
00010 TYR01A0115_010 f 0.00  0.000     0  0.00  0  0 -10.706  -0.296   0.047   0.643  -5.780   0.000 01T00CM000t
00011 TYR01A0115_011 f 0.00  0.000     0  0.00  0  0 -11.400   0.917   2.739   0.448  -5.791   0.000 01T012M000t
00012 TYR01A0115_012 f 0.00  0.000     0  0.00  0  0 -10.989   0.477   2.744   0.491  -5.688   0.000 01T013M000t
00013 TYR01A0115_013 f 0.00  0.000     0  0.00  0  0 -10.474  -0.561   0.049   0.536  -5.969   0.000 01T008M000t
00014 TYR01A0115_014 f 0.00  0.000     0  0.00  0  0 -11.371   1.932   0.021   0.586  -6.008   0.000 01T009M000t
00015 TYR01A0115_015 f 0.00  0.000     0  0.00  0  0 -11.090   1.170   2.744   0.638  -5.798   0.000 01T00BM000t
00016 TYR01A0115_016 f 0.00  0.000     0  0.00  0  0 -11.036  -0.250   0.047   0.298  -5.779   0.000 01T00EM000t
00017 TYR01A0115_017 f 0.00  0.000     0  0.00  0  0 -10.185   0.109   0.046   0.291  -5.872   0.000 01T00FM000t
00018 TYR01A0115_018 f 0.00  0.000     0  0.00  0  0 -10.967  -0.141   0.047   0.299  -5.937   0.000 01T010M000t
00019 TYR01A0115_019 f 0.00  0.000     0  0.00  0  0 -11.830   4.512   2.730   0.522  -5.845   0.000 01T011M000t
00020 TYR01A0115_020 f 0.00  0.000     0  0.00  0  0 -11.315   1.035   2.739   0.500  -6.147   0.000 01T014M000t
00021 TYR-1A0115_021 f 0.00 -1.000     0 10.20  0 -1 -10.933  -0.577   0.052   0.326 -40.929   0.000 -1O000M000t
00022 TYR-1A0115_022 f 0.00 -1.000     0 10.20  0 -1 -10.748   1.085   2.742   0.450 -40.840   0.000 -1E001M000t
00023 TYR-1A0115_023 f 0.00 -1.000     0 10.20  0 -1 -10.540   1.307   2.744  -0.009 -40.754   0.000 -1E003M000t
00024 TYR-1A0115_024 f 0.00 -1.000     0 10.20  0 -1 -10.190   0.011   0.046  -0.238 -41.509   0.000 -1E004M000t
00025 TYR-1A0115_025 f 0.00 -1.000     0 10.20  0 -1 -10.794   0.457   2.742   0.185 -41.206   0.000 -1E005M000t
00026 TYR-1A0115_026 f 0.00 -1.000     0 10.20  0 -1 -11.588   1.300   0.027   0.372 -41.504   0.000 -1E006M000t
00027 TYR-1A0115_027 f 0.00 -1.000     0 10.20  0 -1 -10.476  -0.562   0.048   0.319 -41.483   0.000 -1E008M000t
00028 TYR-1A0115_028 f 0.00 -1.000     0 10.20  0 -1 -10.711  -0.247   0.045   0.570 -41.563   0.000 -1E00CM000t
00029 TYR-1A0115_029 f 0.00 -1.000     0 10.20  0 -1 -11.077  -0.249   0.045  -0.267 -40.867   0.000 -1E00EM000t
00030 TYR-1A0115_030 f 0.00 -1.000     0 10.20  0 -1 -11.045  -0.130   0.046  -0.254 -41.076   0.000 -1E010M000t
00031 TYR-1A0115_031 f 0.00 -1.000     0 10.20  0 -1 -11.673   4.119   2.728   0.206 -41.291   0.000 -1E011M000t
00032 TYR-1A0115_032 f 0.00 -1.000     0 10.20  0 -1 -11.445   0.935   2.737   0.183 -41.463   0.000 -1E012M000t
00033 TYR-1A0115_033 f 0.00 -1.000     0 10.20  0 -1 -10.663  -0.435   0.046   0.581 -41.053   0.000 -1T002M000t
00034 TYR-1A0115_034 f 0.00 -1.000     0 10.20  0 -1 -10.746   2.496   0.062   0.457 -41.356   0.000 -1T007M000t
00035 TYR-1A0115_035 f 0.00 -1.000     0 10.20  0 -1 -11.295   1.924   0.020   0.344 -41.254   0.000 -1T009M000t
00036 TYR-1A0115_036 f 0.00 -1.000     0 10.20  0 -1 -11.095   1.172   2.742   0.443 -40.965   0.000 -1T00BM000t
00037 TYR-1A0115_037 f 0.00 -1.000     0 10.20  0 -1 -10.861   1.412   2.745  -0.046 -40.574   0.000 -1T00DM000t
00038 TYR-1A0115_038 f 0.00 -1.000     0 10.20  0 -1 -10.194   0.106   0.045  -0.236 -41.207   0.000 -1T00FM000t
00039 TYR-1A0115_039 f 0.00 -1.000     0 10.20  0 -1 -10.921   0.474   2.742   0.176 -41.295   0.000 -1T013M000t
00040 TYR-1A0115_040 f 0.00 -1.000     0 10.20  0 -1 -11.313   1.037   2.737   0.183 -41.859   0.000 -1T014M000t
