   confID        vdw0    sas     sum
TYR01A0115_001   3.825 -14.758 -10.933
TYR01A0115_002   3.835 -14.421 -10.586
TYR01A0115_003   3.484 -15.006 -11.522
TYR01A0115_004   3.773 -14.312 -10.539
TYR01A0115_005   3.762 -14.753 -10.992
TYR01A0115_006   3.833 -14.502 -10.669
TYR01A0115_007   3.823 -14.559 -10.736
TYR01A0115_008   3.824 -14.439 -10.614
TYR01A0115_009   3.833 -14.012 -10.180
TYR01A0115_010   3.752 -14.459 -10.706
TYR01A0115_011   3.763 -15.162 -11.400
TYR01A0115_012   3.741 -14.730 -10.989
TYR01A0115_013   3.744 -14.218 -10.474
TYR01A0115_014   3.440 -14.812 -11.371
TYR01A0115_015   3.752 -14.841 -11.090
TYR01A0115_016   3.758 -14.794 -11.036
TYR01A0115_017   3.759 -13.944 -10.185
TYR01A0115_018   3.664 -14.630 -10.967
TYR01A0115_019   3.493 -15.323 -11.830
TYR01A0115_020   3.662 -14.977 -11.315
TYR-1A0115_021   3.825 -14.758 -10.933
TYR-1A0115_022   3.826 -14.574 -10.748
TYR-1A0115_023   3.831 -14.371 -10.540
TYR-1A0115_024   3.822 -14.012 -10.190
TYR-1A0115_025   3.825 -14.619 -10.794
TYR-1A0115_026   3.486 -15.074 -11.588
TYR-1A0115_027   3.741 -14.218 -10.476
TYR-1A0115_028   3.748 -14.459 -10.711
TYR-1A0115_029   3.767 -14.844 -11.077
TYR-1A0115_030   3.653 -14.698 -11.045
TYR-1A0115_031   3.488 -15.161 -11.673
TYR-1A0115_032   3.767 -15.213 -11.445
TYR-1A0115_033   3.839 -14.502 -10.663
TYR-1A0115_034   3.786 -14.532 -10.746
TYR-1A0115_035   3.449 -14.744 -11.295
TYR-1A0115_036   3.746 -14.841 -11.095
TYR-1A0115_037   3.773 -14.634 -10.861
TYR-1A0115_038   3.750 -13.944 -10.194
TYR-1A0115_039   3.742 -14.662 -10.921
TYR-1A0115_040   3.663 -14.977 -11.313
