CONFORMER         crg  vdw0  vdw1  tors  epol  self   occ  Hb     history    ASA
GLU01A0067_001  0.000 -2.95  0.28  4.54  0.00  1.87 0.518  00  01O000M000  1.006
GLU01A0067_002  0.000 -3.00  1.35  3.89  0.00  2.24 0.520  00  01E001M000  1.006
GLU01A0067_003  0.000 -2.95  1.23  3.88  0.00  2.16 0.520  00  01E003M000  1.008
GLU01A0067_004  0.000 -3.89  0.19  4.37  0.00  0.67 0.520  00  01E006M000  1.003
GLU01A0067_005  0.000 -4.13  1.30  4.36  0.00  1.53 0.518  00  01E00AM000  1.092
GLU01A0067_006  0.000 -3.66  1.22  3.91  0.00  1.47 0.519  00  01E00CM000  1.046
GLU01A0067_007  0.000 -4.31  0.11  5.15  0.00  0.95 0.521  00  01E013M000  1.003
GLU01A0067_008  0.000 -4.02  1.23  4.28  0.00  1.49 0.520  00  01E017M000  1.003
GLU01A0067_009  0.000 -2.95  0.28  1.82  0.00 -0.85 0.518  00  01O000M000  1.006
GLU01A0067_010  0.000 -3.99  0.94  1.40  0.00 -1.66 0.522  00  01E015M000  1.003
GLU01A0067_011  0.000 -3.93  1.39  1.44  0.00 -1.11 0.520  00  01E016M000  1.014
GLU01A0067_012  0.000 -4.07  1.37  1.54  0.00 -1.16 0.520  00  01E017M000  1.016
GLU01A0067_013  0.000 -2.79  1.17  3.94  0.00  2.32 0.519  00  01T002M000  1.008
GLU01A0067_014  0.000 -2.90 -0.05  3.93  0.00  0.98 0.518  00  01T004M000  1.006
GLU01A0067_015  0.000 -3.37  1.35  3.91  0.00  1.88 0.519  00  01T008M000  1.018
GLU01A0067_016  0.000 -3.98  1.76  4.30  0.00  2.08 0.521  00  01T00EM000  1.062
GLU01A0067_017  0.000 -3.98  0.94  4.12  0.00  1.08 0.522  00  01T015M000  1.000
GLU01A0067_018  0.000 -3.92  1.39  4.15  0.00  1.63 0.520  00  01T016M000  1.011
GLU01A0067_019  0.000 -4.21 -0.18  4.46  0.00  0.06 0.519  00  01T018M000  1.034
GLU01A0067_020  0.000 -3.66  1.22  1.19  0.00 -1.24 0.519  00  01T00CM000  1.046
GLU01A0067_021  0.000 -4.27 -0.17  1.77  0.00 -2.67 0.519  00  01T018M000  1.033
GLU01A0067_022  0.000 -2.79  1.17  1.22  0.00 -0.40 0.519  00  01T002M000  1.008
GLU01A0067_023  0.000 -3.37  1.35  1.19  0.00 -0.84 0.519  00  01T008M000  1.018
GLU01A0067_024  0.000 -3.98  1.76  1.58  0.00 -0.64 0.521  00  01T00EM000  1.062
GLU01A0067_025  0.000 -4.26  0.14  2.43  0.00 -1.69 0.521  00  01T013M000  1.003
GLU02A0067_026  0.000 -3.34  0.28  4.54  0.00  1.48 0.518  00  02O000M000  1.019
GLU02A0067_027  0.000 -3.67  0.17  4.35  0.00  0.86 0.520  00  02E006M000  1.003
GLU02A0067_028  0.000 -3.87  1.29  4.35  0.00  1.77 0.518  00  02E00AM000  1.073
GLU02A0067_029  0.000 -4.38 -0.21  4.50  0.00 -0.09 0.519  00  02E018M000  1.026
GLU02A0067_030  0.000 -3.34  0.28  1.82  0.00 -1.24 0.518  00  02O000M000  1.019
GLU02A0067_031  0.000 -3.84  1.29  1.56  0.00 -0.99 0.518  00  02E00AM000  1.090
GLU02A0067_032  0.000 -3.82  1.01  1.39  0.00 -1.42 0.522  00  02E015M000  1.003
GLU02A0067_033  0.000 -4.35 -0.17  1.72  0.00 -2.81 0.519  00  02E018M000  1.043
GLU02A0067_034  0.000 -3.52  1.20  3.92  0.00  1.60 0.519  00  02T00CM000  1.062
GLU02A0067_035  0.000 -3.95  0.92  4.10  0.00  1.07 0.522  00  02T015M000  1.003
GLU02A0067_036  0.000 -3.21  1.27  3.89  0.00  1.94 0.520  00  02T003M000  1.000
GLU02A0067_037  0.000 -3.15  1.36  3.91  0.00  2.12 0.519  00  02T008M000  1.014
GLU02A0067_038  0.000 -4.54 -0.01  4.73  0.00  0.17 0.521  00  02T00FM000  1.072
GLU02A0067_039  0.000 -4.51  0.13  5.10  0.00  0.72 0.521  00  02T013M000  1.003
GLU02A0067_040  0.000 -3.83  1.66  4.14  0.00  1.97 0.520  00  02T016M000  1.008
GLU02A0067_041  0.000 -3.97  1.54  4.28  0.00  1.84 0.520  00  02T017M000  1.003
GLU02A0067_042  0.000 -3.76  1.76  1.62  0.00 -0.37 0.521  00  02T00EM000  1.050
GLU02A0067_043  0.000 -3.21  1.27  1.17  0.00 -0.78 0.520  00  02T003M000  1.000
GLU02A0067_044  0.000 -4.54 -0.01  2.01  0.00 -2.55 0.521  00  02T00FM000  1.072
GLU02A0067_045  0.000 -4.59  0.13  2.38  0.00 -2.08 0.521  00  02T013M000  1.018
GLU02A0067_046  0.000 -3.83  1.66  1.42  0.00 -0.75 0.520  00  02T016M000  1.008
GLU02A0067_047  0.000 -3.97  1.54  1.56  0.00 -0.88 0.520  00  02T017M000  1.003
GLU-1A0067_048 -1.000 -3.20  0.29  1.82  0.00 -1.09 0.518  00  -1O000M000  1.006
GLU-1A0067_049 -1.000 -3.42  1.31  1.16  0.00 -0.95 0.519  00  -1E008M000  1.015
GLU-1A0067_050 -1.000 -3.98  1.30  1.58  0.00 -1.09 0.518  00  -1E00AM000  1.074
GLU-1A0067_051 -1.000 -4.52 -0.01  2.01  0.00 -2.51 0.521  00  -1E00FM000  1.076
GLU-1A0067_052 -1.000 -4.40  0.11  2.37  0.00 -1.92 0.521  00  -1E013M000  1.000
GLU-1A0067_053 -1.000 -3.99  0.93  1.35  0.00 -1.71 0.522  00  -1E015M000  1.000
GLU-1A0067_054 -1.000 -3.99  1.43  1.39  0.00 -1.17 0.520  00  -1E016M000  1.006
GLU-1A0067_055 -1.000 -4.06  1.34  1.51  0.00 -1.21 0.520  00  -1E017M000  1.003
GLU-1A0067_056 -1.000 -4.31 -0.18  1.70  0.00 -2.79 0.519  00  -1E018M000  1.033
