iConf CONFORMER     FL  occ    crg   Em0  pKa0 ne nH    vdw0    vdw1    tors    epol   dsolv   extra    history
00001 GLU01A0067_001 f 0.00  0.000     0  0.00  0  0  -2.948   0.274   4.538   0.196  -7.000   0.000 01O000M000t
00002 GLU01A0067_002 f 0.00  0.000     0  0.00  0  0  -3.000   1.356   3.888   0.184  -7.013   0.000 01E001M000t
00003 GLU01A0067_003 f 0.00  0.000     0  0.00  0  0  -2.951   1.226   3.886   0.286  -7.000   0.000 01E003M000t
00004 GLU01A0067_004 f 0.00  0.000     0  0.00  0  0  -3.889   0.187   4.372   0.084  -7.889   0.000 01E006M000t
00005 GLU01A0067_005 f 0.00  0.000     0  0.00  0  0  -4.132   1.300   4.363   0.114  -7.906   0.000 01E00AM000t
00006 GLU01A0067_006 f 0.00  0.000     0  0.00  0  0  -3.661   1.219   3.915   0.172  -7.753   0.000 01E00CM000t
00007 GLU01A0067_007 f 0.00  0.000     0  0.00  0  0  -4.315   0.112   5.154   0.275  -7.410   0.000 01E013M000t
00008 GLU01A0067_008 f 0.00  0.000     0  0.00  0  0  -4.025   1.235   4.280   0.192  -7.693   0.000 01E017M000t
00009 GLU01A0067_009 f 0.00  0.000     0  0.00  0  0  -2.948   0.274   1.818   0.076  -5.222   0.000 01O000M000t
00010 GLU01A0067_010 f 0.00  0.000     0  0.00  0  0  -3.989   0.938   1.398   0.172  -4.973   0.000 01E015M000t
00011 GLU01A0067_011 f 0.00  0.000     0  0.00  0  0  -3.929   1.392   1.435   0.440  -4.870   0.000 01E016M000t
00012 GLU01A0067_012 f 0.00  0.000     0  0.00  0  0  -4.072   1.371   1.543   0.138  -4.837   0.000 01E017M000t
00013 GLU01A0067_013 f 0.00  0.000     0  0.00  0  0  -2.784   1.171   3.945   0.193  -7.024   0.000 01T002M000t
00014 GLU01A0067_014 f 0.00  0.000     0  0.00  0  0  -2.902  -0.054   3.928   0.246  -6.907   0.000 01T004M000t
00015 GLU01A0067_015 f 0.00  0.000     0  0.00  0  0  -3.377   1.351   3.909   0.089  -7.809   0.000 01T008M000t
00016 GLU01A0067_016 f 0.00  0.000     0  0.00  0  0  -3.978   1.754   4.300   0.181  -7.833   0.000 01T00EM000t
00017 GLU01A0067_017 f 0.00  0.000     0  0.00  0  0  -3.975   0.943   4.117   0.336  -7.494   0.000 01T015M000t
00018 GLU01A0067_018 f 0.00  0.000     0  0.00  0  0  -3.916   1.391   4.154   0.525  -7.564   0.000 01T016M000t
00019 GLU01A0067_019 f 0.00  0.000     0  0.00  0  0  -4.212  -0.183   4.456   0.387  -7.285   0.000 01T018M000t
00020 GLU01A0067_020 f 0.00  0.000     0  0.00  0  0  -3.661   1.220   1.194   0.142  -5.039   0.000 01T00CM000t
00021 GLU01A0067_021 f 0.00  0.000     0  0.00  0  0  -4.271  -0.166   1.771   0.249  -5.083   0.000 01T018M000t
00022 GLU01A0067_022 f 0.00  0.000     0  0.00  0  0  -2.784   1.171   1.225   0.080  -4.967   0.000 01T002M000t
00023 GLU01A0067_023 f 0.00  0.000     0  0.00  0  0  -3.377   1.351   1.189   0.061  -5.047   0.000 01T008M000t
00024 GLU01A0067_024 f 0.00  0.000     0  0.00  0  0  -3.978   1.754   1.580   0.150  -5.096   0.000 01T00EM000t
00025 GLU01A0067_025 f 0.00  0.000     0  0.00  0  0  -4.264   0.144   2.427   0.238  -4.952   0.000 01T013M000t
00026 GLU02A0067_026 f 0.00  0.000     0  0.00  0  0  -3.340   0.282   4.538   0.085  -7.747   0.000 02O000M000t
00027 GLU02A0067_027 f 0.00  0.000     0  0.00  0  0  -3.667   0.174   4.349   0.167  -7.212   0.000 02E006M000t
00028 GLU02A0067_028 f 0.00  0.000     0  0.00  0  0  -3.866   1.292   4.349   0.196  -7.070   0.000 02E00AM000t
00029 GLU02A0067_029 f 0.00  0.000     0  0.00  0  0  -4.377  -0.215   4.502   0.231  -7.153   0.000 02E018M000t
00030 GLU02A0067_030 f 0.00  0.000     0  0.00  0  0  -3.340   0.282   1.818   0.065  -5.015   0.000 02O000M000t
00031 GLU02A0067_031 f 0.00  0.000     0  0.00  0  0  -3.839   1.286   1.559   0.083  -4.969   0.000 02E00AM000t
00032 GLU02A0067_032 f 0.00  0.000     0  0.00  0  0  -3.818   1.006   1.389   0.156  -4.971   0.000 02E015M000t
00033 GLU02A0067_033 f 0.00  0.000     0  0.00  0  0  -4.352  -0.176   1.719   0.232  -4.968   0.000 02E018M000t
00034 GLU02A0067_034 f 0.00  0.000     0  0.00  0  0  -3.517   1.197   3.922   0.270  -7.143   0.000 02T00CM000t
00035 GLU02A0067_035 f 0.00  0.000     0  0.00  0  0  -3.953   0.926   4.097   0.331  -7.298   0.000 02T015M000t
00036 GLU02A0067_036 f 0.00  0.000     0  0.00  0  0  -3.212   1.268   3.888   0.176  -7.941   0.000 02T003M000t
00037 GLU02A0067_037 f 0.00  0.000     0  0.00  0  0  -3.154   1.355   3.909   0.189  -7.169   0.000 02T008M000t
00038 GLU02A0067_038 f 0.00  0.000     0  0.00  0  0  -4.540  -0.013   4.726   0.125  -7.833   0.000 02T00FM000t
00039 GLU02A0067_039 f 0.00  0.000     0  0.00  0  0  -4.513   0.127   5.099   0.198  -7.891   0.000 02T013M000t
00040 GLU02A0067_040 f 0.00  0.000     0  0.00  0  0  -3.824   1.656   4.140   0.505  -6.953   0.000 02T016M000t
00041 GLU02A0067_041 f 0.00  0.000     0  0.00  0  0  -3.971   1.531   4.280   0.744  -7.044   0.000 02T017M000t
00042 GLU02A0067_042 f 0.00  0.000     0  0.00  0  0  -3.753   1.763   1.626   0.143  -5.072   0.000 02T00EM000t
00043 GLU02A0067_043 f 0.00  0.000     0  0.00  0  0  -3.212   1.268   1.168   0.142  -5.028   0.000 02T003M000t
00044 GLU02A0067_044 f 0.00  0.000     0  0.00  0  0  -4.540  -0.013   2.006   0.094  -5.089   0.000 02T00FM000t
00045 GLU02A0067_045 f 0.00  0.000     0  0.00  0  0  -4.590   0.127   2.379   0.179  -4.923   0.000 02T013M000t
00046 GLU02A0067_046 f 0.00  0.000     0  0.00  0  0  -3.824   1.656   1.420   0.363  -4.857   0.000 02T016M000t
00047 GLU02A0067_047 f 0.00  0.000     0  0.00  0  0  -3.971   1.531   1.560   0.113  -4.919   0.000 02T017M000t
00048 GLU-1A0067_048 f 0.00 -1.000     0  4.75  0 -1  -3.198   0.291   1.818  -0.124 -42.152   0.000 -1O000M000t
00049 GLU-1A0067_049 f 0.00 -1.000     0  4.75  0 -1  -3.425   1.310   1.164  -0.133 -42.111   0.000 -1E008M000t
00050 GLU-1A0067_050 f 0.00 -1.000     0  4.75  0 -1  -3.977   1.303   1.582  -0.136 -42.152   0.000 -1E00AM000t
00051 GLU-1A0067_051 f 0.00 -1.000     0  4.75  0 -1  -4.519  -0.008   2.015  -0.126 -42.169   0.000 -1E00FM000t
00052 GLU-1A0067_052 f 0.00 -1.000     0  4.75  0 -1  -4.406   0.109   2.369  -0.595 -41.321   0.000 -1E013M000t
00053 GLU-1A0067_053 f 0.00 -1.000     0  4.75  0 -1  -3.991   0.931   1.353  -0.464 -41.687   0.000 -1E015M000t
00054 GLU-1A0067_054 f 0.00 -1.000     0  4.75  0 -1  -3.991   1.432   1.389  -0.389 -41.386   0.000 -1E016M000t
00055 GLU-1A0067_055 f 0.00 -1.000     0  4.75  0 -1  -4.060   1.341   1.514  -0.059 -41.107   0.000 -1E017M000t
00056 GLU-1A0067_056 f 0.00 -1.000     0  4.75  0 -1  -4.308  -0.186   1.698  -0.272 -41.520   0.000 -1E018M000t
