   confID        vdw0    sas     sum
GLU01A0067_001   1.668  -4.616  -2.948
GLU01A0067_002   1.619  -4.619  -3.000
GLU01A0067_003   1.618  -4.569  -2.951
GLU01A0067_004   0.789  -4.678  -3.889
GLU01A0067_005   0.794  -4.926  -4.132
GLU01A0067_006   1.079  -4.740  -3.661
GLU01A0067_007   0.396  -4.711  -4.315
GLU01A0067_008   0.789  -4.814  -4.025
GLU01A0067_009   1.668  -4.616  -2.948
GLU01A0067_010   0.775  -4.765  -3.989
GLU01A0067_011   0.763  -4.692  -3.929
GLU01A0067_012   0.793  -4.865  -4.072
GLU01A0067_013   1.773  -4.556  -2.784
GLU01A0067_014   1.565  -4.467  -2.902
GLU01A0067_015   1.102  -4.479  -3.377
GLU01A0067_016   0.915  -4.893  -3.978
GLU01A0067_017   0.777  -4.752  -3.975
GLU01A0067_018   0.763  -4.679  -3.916
GLU01A0067_019   0.555  -4.767  -4.212
GLU01A0067_020   1.080  -4.740  -3.661
GLU01A0067_021   0.530  -4.801  -4.271
GLU01A0067_022   1.773  -4.556  -2.784
GLU01A0067_023   1.102  -4.479  -3.377
GLU01A0067_024   0.915  -4.893  -3.978
GLU01A0067_025   0.405  -4.669  -4.264
GLU02A0067_026   1.312  -4.652  -3.340
GLU02A0067_027   0.982  -4.649  -3.667
GLU02A0067_028   1.008  -4.874  -3.866
GLU02A0067_029   0.488  -4.865  -4.377
GLU02A0067_030   1.312  -4.652  -3.340
GLU02A0067_031   0.999  -4.838  -3.839
GLU02A0067_032   0.992  -4.810  -3.818
GLU02A0067_033   0.571  -4.923  -4.352
GLU02A0067_034   1.293  -4.810  -3.517
GLU02A0067_035   0.891  -4.845  -3.953
GLU02A0067_036   1.294  -4.506  -3.212
GLU02A0067_037   1.394  -4.549  -3.154
GLU02A0067_038   0.430  -4.970  -4.540
GLU02A0067_039   0.403  -4.915  -4.513
GLU02A0067_040   0.956  -4.780  -3.824
GLU02A0067_041   0.933  -4.904  -3.971
GLU02A0067_042   1.027  -4.779  -3.753
GLU02A0067_043   1.294  -4.506  -3.212
GLU02A0067_044   0.430  -4.970  -4.540
GLU02A0067_045   0.403  -4.993  -4.590
GLU02A0067_046   0.956  -4.780  -3.824
GLU02A0067_047   0.933  -4.904  -3.971
GLU-1A0067_048   1.255  -4.453  -3.198
GLU-1A0067_049   1.010  -4.435  -3.425
GLU-1A0067_050   0.768  -4.745  -3.977
GLU-1A0067_051   0.321  -4.840  -4.519
GLU-1A0067_052   0.294  -4.700  -4.406
GLU-1A0067_053   0.697  -4.688  -3.991
GLU-1A0067_054   0.684  -4.675  -3.991
GLU-1A0067_055   0.714  -4.774  -4.060
GLU-1A0067_056   0.427  -4.735  -4.308
