iConf CONFORMER     FL  occ    crg   Em0  pKa0 ne nH    vdw0    vdw1    tors    epol   dsolv   extra    history
00001 NTR01A0001_001 f 0.00  0.000     0  0.00  0  0  -0.003  -1.195   2.800   0.005  -0.000   0.000 01O000M000 t
00002 NTR+1A0001_002 f 0.00  1.000     0  8.00  0  1  -0.005  -1.259   0.000   1.548  -0.085  -1.300 +1O000M000 t
00003 ARG01A0001_001 f 0.00  0.000     0  0.00  0  0   3.349  -4.745   1.444   0.999   1.293   0.000 01O000M000 t
00004 ARG02A0001_002 f 0.00  0.000     0  0.00  0  0   3.407  -4.688   1.444  -1.180   1.981   0.000 02O000M000 t
00005 ARG03A0001_003 f 0.00  0.000     0  0.00  0  0   3.305  -4.677   1.444  -1.152   2.192   0.000 03O000M000 t
00006 ARG03A0001_004 f 0.00  0.000     0  0.00  0  0   3.311  -4.610   1.444  -0.579   1.931   0.000 03O000M000 t
00007 ARG+1A0001_005 f 0.00  1.000     0 12.50  0  1   3.263  -4.697   1.444  -2.960   3.963   0.000 +1O000M000 t
00008 PRO01A0002_001 f 0.00  0.000     0  0.00  0  0   0.208  -2.805   0.000   0.000   0.000   0.000 01O000M000 t
00009 ASP01A0003_001 f 0.00  0.000     0  0.00  0  0   0.034   1.045   3.445   0.563  -0.226   0.000 01O000M000 t
00010 ASP01A0003_002 f 0.00  0.000     0  0.00  0  0   0.034   1.045   0.725   0.257   0.303   0.000 01O000M000 t
00011 ASP02A0003_003 f 0.00  0.000     0  0.00  0  0   0.094   0.568   3.445   0.334  -0.701   0.000 02O000M000 t
00012 ASP02A0003_004 f 0.00  0.000     0  0.00  0  0   0.094   0.568   0.725   0.287   0.498   0.000 02O000M000 t
00013 ASP-1A0003_005 f 0.00 -1.000     0  4.75  0 -1   0.032   0.598   0.725  -0.357   0.006  -0.850 -1O000M000 t
00014 PHE01A0004_001 f 0.00  0.000     0  0.00  0  0   4.768  -5.675   0.072   0.000   0.000   0.000 01O000M000 t
00015 CYD01A0005_001 f 0.00  0.000     0  0.00  0  0   0.000  -3.089   0.000   0.000   0.000   0.000 01O000M000 t
00016 LEU01A0006_001 f 0.00  0.000     0  0.00  0  0   0.943  -1.202   0.492   0.000   0.000   0.000 01O000M000 t
00017 LEU01A0006_002 f 0.00  0.000     0  0.00  0  0   0.959  -1.190   0.492   0.000   0.000   0.000 01O000M000 t
00018 GLU01A0007_001 f 0.00  0.000     0  0.00  0  0   1.331  -3.069   3.358  -1.283   0.965   0.000 01O000M000 t
00019 GLU01A0007_002 f 0.00  0.000     0  0.00  0  0   1.331  -3.069   0.638  -0.888   1.874   0.000 01O000M000 t
00020 GLU02A0007_003 f 0.00  0.000     0  0.00  0  0   1.533  -3.060   3.358  -0.779   1.747   0.000 02O000M000 t
00021 GLU02A0007_004 f 0.00  0.000     0  0.00  0  0   1.533  -3.060   0.638   1.214   2.008   0.000 02O000M000 t
00022 GLU-1A0007_005 f 0.00 -1.000     0  4.75  0 -1   1.237  -2.990   0.638  -2.723   6.307  -0.300 -1O000M000 t
00023 PRO01A0008_001 f 0.00  0.000     0  0.00  0  0   0.192   0.478   0.000   0.000   0.000   0.000 01O000M000 t
00024 PRO01A0009_001 f 0.00  0.000     0  0.00  0  0   0.214  -0.327   0.000   0.000   0.000   0.000 01O000M000 t
00025 TYR01A0010_001 f 0.00  0.000     0  0.00  0  0   5.137  -5.079   0.018  -0.323   0.706   0.000 01O000M000 t
00026 TYR-1A0010_002 f 0.00 -1.000     0 10.20  0 -1   5.137  -5.079   0.018  -0.492   3.045  -0.500 -1O000M000 t
00027 THR01A0011_001 f 0.00  0.000     0  0.00  0  0   0.130  -0.891   0.615  -1.116   0.947   0.000 01O000M000 t
00028 PRO01A0013_001 f 0.00  0.000     0  0.00  0  0   0.194   2.083   0.000   0.000   0.000   0.000 01O000M000 t
00029 CYD01A0014_001 f 0.00  0.000     0  0.00  0  0   0.000  -1.732   0.000   0.000   0.000   0.000 01O000M000 t
00030 LYS01A0015_001 f 0.00  0.000     0  0.00  0  0   0.411  -0.210   1.074  -0.011   0.088   0.000 01O000M000 t
00031 LYS+1A0015_002 f 0.00  1.000     0 10.40  0  1   0.364  -0.218   1.074  -0.363  -0.047   0.400 +1O000M000 t
00032 ALA01A0016_001 f 0.00  0.000     0  0.00  0  0   0.000  -0.278   0.000   0.000   0.000   0.000 01O000M000 t
00033 ARG01A0017_001 f 0.00  0.000     0  0.00  0  0   7.840  -1.016   1.124  -0.056   0.206   0.000 01O000M000 t
00034 ARG02A0017_002 f 0.00  0.000     0  0.00  0  0   7.544  -1.020   1.124   0.027   1.024   0.000 02O000M000 t
00035 ARG03A0017_003 f 0.00  0.000     0  0.00  0  0   7.785  -1.023   1.124  -0.065   0.923   0.000 03O000M000 t
00036 ARG+1A0017_004 f 0.00  1.000     0 12.50  0  1   7.737  -1.027   1.124  -0.072  -0.052   0.000 +1O000M000 t
00037 ILE01A0018_001 f 0.00  0.000     0  0.00  0  0   3.044  -1.660   0.403   0.000   0.000   0.000 01O000M000 t
00038 ILE01A0018_002 f 0.00  0.000     0  0.00  0  0   3.156  -1.631   0.403   0.000   0.000   0.000 01O000M000 t
00039 ILE01A0019_001 f 0.00  0.000     0  0.00  0  0   2.349  -0.206   0.570   0.000   0.000   0.000 01O000M000 t
00040 ARG01A0020_001 f 0.00  0.000     0  0.00  0  0   0.476  -4.572   1.106  -0.044   2.244   0.000 01O000M000 t
00041 ARG02A0020_002 f 0.00  0.000     0  0.00  0  0   0.462  -4.585   1.106  -0.110   3.009   0.000 02O000M000 t
00042 ARG02A0020_003 f 0.00  0.000     0  0.00  0  0   0.538  -4.564   1.106  -0.232   2.806   0.000 02O000M000 t
00043 ARG03A0020_004 f 0.00  0.000     0  0.00  0  0   0.456  -4.590   1.106  -0.114   2.736   0.000 03O000M000 t
00044 ARG+1A0020_005 f 0.00  1.000     0 12.50  0  1   0.417  -4.595   1.106   0.028   2.646   0.000 +1O000M000 t
00045 TYR01A0021_001 f 0.00  0.000     0  0.00  0  0   4.826 -11.787   0.363   0.021   0.677   0.000 01O000M000 t
00046 TYR-1A0021_002 f 0.00 -1.000     0 10.20  0 -1   4.826 -11.787   0.363  -1.305   3.329  -0.500 -1O000M000 t
00047 PHE01A0022_001 f 0.00  0.000     0  0.00  0  0   4.483 -10.134   0.160   0.000   0.000   0.000 01O000M000 t
00048 TYR01A0023_001 f 0.00  0.000     0  0.00  0  0   4.890 -12.572   0.000   0.170   1.596   0.000 01O000M000 t
00049 TYR-1A0023_002 f 0.00 -1.000     0 10.20  0 -1   4.890 -12.572   0.000   0.064   6.687  -0.500 -1O000M000 t
00050 ASN01A0024_001 f 0.00  0.000     0  0.00  0  0   0.430  -1.292   0.215  -1.128   1.318   0.000 01O000M000 t
00051 ASN01A0024_002 f 0.00  0.000     0  0.00  0  0   0.146   1.066   0.235   1.677   0.980   0.000 01R001M000 t
00052 ALA01A0025_001 f 0.00  0.000     0  0.00  0  0   0.000  -1.050   0.000   0.000   0.000   0.000 01O000M000 t
00053 LYS01A0026_001 f 0.00  0.000     0  0.00  0  0   1.269  -0.421   1.076  -0.021   0.085   0.000 01O000M000 t
00054 LYS+1A0026_002 f 0.00  1.000     0 10.40  0  1   1.181  -0.427   1.076   0.071   0.065   0.400 +1O000M000 t
00055 ALA01A0027_001 f 0.00  0.000     0  0.00  0  0   0.000  -1.360   0.000   0.000   0.000   0.000 01O000M000 t
00056 LEU01A0029_001 f 0.00  0.000     0  0.00  0  0   1.418   1.595   0.679   0.000   0.000   0.000 01O000M000 t
00057 LEU01A0029_002 f 0.00  0.000     0  0.00  0  0   1.443   1.507   0.679   0.000   0.000   0.000 01O000M000 t
00058 CYD01A0030_001 f 0.00  0.000     0  0.00  0  0   0.000  -4.841   0.000   0.000   0.000   0.000 01O000M000 t
00059 GLN01A0031_001 f 0.00  0.000     0  0.00  0  0   2.785  -1.767   0.326   0.066   0.617   0.000 01O000M000 t
00060 GLN01A0031_002 f 0.00  0.000     0  0.00  0  0   1.618  -1.730   0.367  -0.037   0.652   0.000 01R001M000 t
00061 THR01A0032_001 f 0.00  0.000     0  0.00  0  0   0.216  -0.944   0.558   0.091  -0.043   0.000 01O000M000 t
00062 THR01A0032_002 f 0.00  0.000     0  0.00  0  0   0.221  -0.947   0.558  -0.226  -0.264   0.000 01O000M000 t
00063 PHE01A0033_001 f 0.00  0.000     0  0.00  0  0   4.270 -11.917   0.430   0.000   0.000   0.000 01O000M000 t
00064 VAL01A0034_001 f 0.00  0.000     0  0.00  0  0   0.485  -1.717   0.001   0.000   0.000   0.000 01O000M000 t
00065 TYR01A0035_001 f 0.00  0.000     0  0.00  0  0   4.389 -11.632   0.060  -0.312   2.115   0.000 01O000M000 t
00066 TYR-1A0035_002 f 0.00 -1.000     0 10.20  0 -1   4.389 -11.632   0.060  -4.275   7.935  -0.500 -1O000M000 t
00067 CYD01A0038_001 f 0.00  0.000     0  0.00  0  0   0.000  -2.135   0.000   0.000   0.000   0.000 01O000M000 t
00068 ARG01A0039_001 f 0.00  0.000     0  0.00  0  0   2.778   0.806   0.945   0.068  -0.223   0.000 01O000M000 t
00069 ARG02A0039_002 f 0.00  0.000     0  0.00  0  0   2.738   0.800   0.945   0.075   0.959   0.000 02O000M000 t
00070 ARG03A0039_003 f 0.00  0.000     0  0.00  0  0   2.731   0.799   0.945   0.071   0.780   0.000 03O000M000 t
00071 ARG+1A0039_004 f 0.00  1.000     0 12.50  0  1   2.694   0.799   0.945   0.282   0.014   0.000 +1O000M000 t
00072 ALA01A0040_001 f 0.00  0.000     0  0.00  0  0   0.000  -0.474   0.000   0.000   0.000   0.000 01O000M000 t
00073 LYS01A0041_001 f 0.00  0.000     0  0.00  0  0   1.559  -2.085   2.016  -0.040   0.120   0.000 01O000M000 t
00074 LYS+1A0041_002 f 0.00  1.000     0 10.40  0  1   1.511  -2.091   2.016   0.320   0.496   0.400 +1O000M000 t
00075 ARG01A0042_001 f 0.00  0.000     0  0.00  0  0   2.876  -1.038   2.557   0.083   0.254   0.000 01O000M000 t
00076 ARG02A0042_002 f 0.00  0.000     0  0.00  0  0   2.878  -1.048   2.557  -0.033   1.079   0.000 02O000M000 t
00077 ARG03A0042_003 f 0.00  0.000     0  0.00  0  0   2.825  -1.049   2.557   0.059   1.124   0.000 03O000M000 t
00078 ARG+1A0042_004 f 0.00  1.000     0 12.50  0  1   2.780  -1.051   2.557   0.294   0.124   0.000 +1O000M000 t
00079 ASN01A0043_001 f 0.00  0.000     0  0.00  0  0   0.097   0.985   0.414  -5.840   3.273   0.000 01O000M000 t
00080 ASN01A0044_001 f 0.00  0.000     0  0.00  0  0   0.235  -2.890   0.505  -0.143   2.422   0.000 01O000M000 t
00081 ASN01A0044_002 f 0.00  0.000     0  0.00  0  0   0.089  -1.009   0.237   0.781   2.854   0.000 01R001M000 t
00082 PHE01A0045_001 f 0.00  0.000     0  0.00  0  0   4.295 -10.983   0.036   0.000   0.000   0.000 01O000M000 t
00083 LYS01A0046_001 f 0.00  0.000     0  0.00  0  0   0.817   0.594   1.444  -0.022  -0.138   0.000 01O000M000 t
00084 LYS+1A0046_002 f 0.00  1.000     0 10.40  0  1   0.771   0.593   1.444   0.140  -0.215   0.400 +1O000M000 t
00085 SER01A0047_001 f 0.00  0.000     0  0.00  0  0   0.000  -0.724   0.679  -0.659   1.410   0.000 01O000M000 t
00086 SER01A0047_002 f 0.00  0.000     0  0.00  0  0   0.000  -0.724   0.679   3.397   1.535   0.000 01O000M000 t
00087 SER01A0047_003 f 0.00  0.000     0  0.00  0  0   0.000  -0.724   0.304  -2.267   0.447   0.000 01O000M000 t
00088 ALA01A0048_001 f 0.00  0.000     0  0.00  0  0   0.000  -0.840   0.000   0.000   0.000   0.000 01O000M000 t
00089 GLU01A0049_001 f 0.00  0.000     0  0.00  0  0   1.180  -1.077   4.441  -1.072  -0.302   0.000 01O000M000 t
00090 GLU01A0049_002 f 0.00  0.000     0  0.00  0  0   1.180  -1.077   1.721  -1.020   0.950   0.000 01O000M000 t
00091 GLU02A0049_003 f 0.00  0.000     0  0.00  0  0   1.440  -0.633   4.441   3.623   0.944   0.000 02O000M000 t
00092 GLU02A0049_004 f 0.00  0.000     0  0.00  0  0   1.440  -0.633   1.721  -0.562   0.712   0.000 02O000M000 t
00093 GLU-1A0049_005 f 0.00 -1.000     0  4.75  0 -1   1.120  -1.047   1.721  -2.532   1.037  -0.300 -1O000M000 t
00094 ASP01A0050_001 f 0.00  0.000     0  0.00  0  0   0.151  -0.088   3.752   1.100   0.987   0.000 01O000M000 t
00095 ASP01A0050_002 f 0.00  0.000     0  0.00  0  0   0.151  -0.088   1.032   0.269   0.714   0.000 01O000M000 t
00096 ASP02A0050_003 f 0.00  0.000     0  0.00  0  0   0.249  -0.558   3.752   1.051   0.495   0.000 02O000M000 t
00097 ASP02A0050_004 f 0.00  0.000     0  0.00  0  0   0.249  -0.558   1.032   0.266   0.927   0.000 02O000M000 t
00098 ASP-1A0050_005 f 0.00 -1.000     0  4.75  0 -1   0.150  -0.489   1.032  -1.602   1.325  -0.850 -1O000M000 t
00099 CYD01A0051_001 f 0.00  0.000     0  0.00  0  0   0.000  -5.516   0.000   0.000   0.000   0.000 01O000M000 t
00100 MET01A0052_001 f 0.00  0.000     0  0.00  0  0   0.051  -5.642   0.527  -0.181   0.086   0.000 01O000M000 t
00101 ARG01A0053_001 f 0.00  0.000     0  0.00  0  0   2.388  -4.068   1.462   0.029   0.938   0.000 01O000M000 t
00102 ARG02A0053_002 f 0.00  0.000     0  0.00  0  0   2.403  -4.087   1.462   0.093   1.610   0.000 02O000M000 t
00103 ARG03A0053_003 f 0.00  0.000     0  0.00  0  0   2.343  -4.073   1.462  -0.010   1.984   0.000 03O000M000 t
00104 ARG03A0053_004 f 0.00  0.000     0  0.00  0  0   2.349  -4.056   1.462  -0.094   1.764   0.000 03O000M000 t
00105 ARG+1A0053_005 f 0.00  1.000     0 12.50  0  1   2.301  -4.096   1.462   0.396   0.912   0.000 +1O000M000 t
00106 THR01A0054_001 f 0.00  0.000     0  0.00  0  0   0.026  -1.291   0.426  -0.184   0.264   0.000 01O000M000 t
00107 THR01A0054_002 f 0.00  0.000     0  0.00  0  0   0.030  -1.333   0.426  -0.676   0.859   0.000 01O000M000 t
00108 CYD01A0055_001 f 0.00  0.000     0  0.00  0  0   0.000  -2.348   0.000   0.000   0.000   0.000 01O000M000 t
00109 ALA01A0058_001 f 0.00  0.000     0  0.00  0  0   0.000  -0.213   0.000   0.000   0.000   0.000 01O000M000 t
00110 CTR01A0058_001 f 0.00  0.000     0  0.00  0  0  -0.025   1.091   2.720   0.065  -1.094   0.000 01O000M000 t
00111 CTR01A0058_002 f 0.00  0.000     0  0.00  0  0   0.126   0.862   0.000  -0.001  -0.800   0.000 01O000M000 t
00112 CTR02A0058_003 f 0.00  0.000     0  0.00  0  0  -0.025   3.224   2.720  -0.008  -0.776   0.000 02O000M000 t
00113 CTR02A0058_004 f 0.00  0.000     0  0.00  0  0   0.126   0.827   0.000  -0.061  -0.770   0.000 02O000M000 t
00114 CTR-1A0058_005 f 0.00 -1.000     0  3.75  0 -1   0.000   0.914   0.000   0.288  -0.728   0.000 -1O000M000 t
00115 HOH01A0111_001 f 0.00  0.000     0  0.00  0  0   0.000  -0.143   0.000   0.505   2.192   0.000 01O000M000 t
00116 HOH01A0111_002 f 0.00  0.000     0  0.00  0  0   0.000  -0.143   0.000   0.360   2.204   0.000 01O000H001 t
00117 HOH01A0111_003 f 0.00  0.000     0  0.00  0  0   0.000  -0.143   0.000   0.507   2.202   0.000 01O000H003 t
00118 HOH01A0111_004 f 0.00  0.000     0  0.00  0  0   0.000  -0.143   0.000   0.484   2.095   0.000 01O000H013 t
00119 HOH01A0111_005 f 0.00  0.000     0  0.00  0  0   0.000  -0.143   0.000   0.529   2.102   0.000 01O000H019 t
00120 HOH01A0111_006 f 0.00  0.000     0  0.00  0  0   0.000  -0.143   0.000   0.452   2.051   0.000 01O000H020 t
00121 HOH01A0111_007 f 0.00  0.000     0  0.00  0  0   0.000  -0.143   0.000   0.402   2.040   0.000 01O000H025 t
00122 HOH01A0111_008 f 0.00  0.000     0  0.00  0  0   0.000  -0.143   0.000   0.366   2.031   0.000 01O000H027 t
00123 HOH01A0111_009 f 0.00  0.000     0  0.00  0  0   0.000  -0.143   0.000   0.533   2.075   0.000 01O000H028 t
00124 HOH01A0111_010 f 0.00  0.000     0  0.00  0  0   0.000  -0.143   0.000   0.672   2.126   0.000 01O000H029 t
00125 HOH01A0111_011 f 0.00  0.000     0  0.00  0  0   0.000  -0.143   0.000  -0.325   2.086   0.000 01O000H033 t
00126 HOH01A0111_012 f 0.00  0.000     0  0.00  0  0   0.000  -0.143   0.000   0.537   2.109   0.000 01O000H039 t
00127 HOH01A0111_013 f 0.00  0.000     0  0.00  0  0   0.000  -0.143   0.000  -0.469   2.059   0.000 01O000H042 t
00128 HOH01A0111_014 f 0.00  0.000     0  0.00  0  0   0.000  -0.143   0.000  -0.530   2.091   0.000 01O000H044 t
00129 HOH01A0111_015 f 0.00  0.000     0  0.00  0  0   0.000  -0.143   0.000   0.284   2.022   0.000 01O000H047 t
00130 HOH01A0111_016 f 0.00  0.000     0  0.00  0  0   0.000  -0.143   0.000   0.218   1.985   0.000 01O000H049 t
00131 HOH01A0111_017 f 0.00  0.000     0  0.00  0  0   0.000  -0.143   0.000   0.233   2.005   0.000 01O000H050 t
00132 HOH01A0111_018 f 0.00  0.000     0  0.00  0  0   0.000  -0.143   0.000   0.295   2.022   0.000 01O000H051 t
00133 HOH01A0111_019 f 0.00  0.000     0  0.00  0  0   0.000  -0.143   0.000   0.289   2.034   0.000 01O000H052 t
00134 HOH01A0111_020 f 0.00  0.000     0  0.00  0  0   0.000  -0.143   0.000  -0.348   2.212   0.000 01O000H056 t
00135 HOH01A0111_021 f 0.00  0.000     0  0.00  0  0   0.000  -0.143   0.000   0.262   2.020   0.000 01O000H062 t
00136 HOH01A0111_022 f 0.00  0.000     0  0.00  0  0   0.000  -0.143   0.000   0.207   2.058   0.000 01O000H066 t
00137 HOH01A0111_023 f 0.00  0.000     0  0.00  0  0   0.000  -0.143   0.000   0.187   2.062   0.000 01O000H067 t
00138 HOH01A0111_024 f 0.00  0.000     0  0.00  0  0   0.000  -0.143   0.000   0.152   2.053   0.000 01O000H068 t
00139 HOH01A0111_025 f 0.00  0.000     0  0.00  0  0   0.000  -0.143   0.000   0.004   2.055   0.000 01O000H069 t
00140 HOH01A0111_026 f 0.00  0.000     0  0.00  0  0   0.000  -0.143   0.000   0.325   2.097   0.000 01O000H070 t
00141 HOH01A0111_027 f 0.00  0.000     0  0.00  0  0   0.000  -0.143   0.000  -0.223   2.112   0.000 01O000H071 t
00142 HOH01A0111_028 f 0.00  0.000     0  0.00  0  0   0.000  -0.143   0.000  -0.397   2.180   0.000 01O000H073 t
00143 HOH01A0111_029 f 0.00  0.000     0  0.00  0  0   0.000  -0.143   0.000  -0.001   2.034   0.000 01O000H081 t
00144 HOH01A0111_030 f 0.00  0.000     0  0.00  0  0   0.000  -0.143   0.000  -0.117   2.206   0.000 01O000H097 t
00145 HOH01A0111_031 f 0.00  0.000     0  0.00  0  0   0.000  -0.143   0.000  -0.725   2.186   0.000 01O000H098 t
00146 HOH01A0111_032 f 0.00  0.000     0  0.00  0  0   0.000  -0.143   0.000  -0.299   2.060   0.000 01O000H105 t
00147 HOH01A0111_033 f 0.00  0.000     0  0.00  0  0   0.000  -0.143   0.000  -0.295   2.080   0.000 01O000H106 t
00148 HOH01A0111_034 f 0.00  0.000     0  0.00  0  0   0.000  -0.143   0.000  -0.268   2.078   0.000 01O000H108 t
00149 HOH01A0111_035 f 0.00  0.000     0  0.00  0  0   0.000  -0.143   0.000  -0.224   2.094   0.000 01O000H109 t
00150 HOH01A0111_036 f 0.00  0.000     0  0.00  0  0   0.000  -0.143   0.000  -0.253   2.113   0.000 01O000H110 t
00151 HOH01A0111_037 f 0.00  0.000     0  0.00  0  0   0.000  -0.143   0.000  -0.740   2.213   0.000 01O000H114 t
00152 HOH01A0111_038 f 0.00  0.000     0  0.00  0  0   0.000  -0.143   0.000   0.206   2.204   0.000 01O000H119 t
00153 HOHDMA0111_039 f 0.00  0.000     0  0.00  0  0   0.000   0.000   0.000   0.000   0.000   0.000         DM d
00154 HOH01A0112_001 f 0.00  0.000     0  0.00  0  0   0.000   0.180   0.000   0.775   2.240   0.000 01O000M000 t
00155 HOH01A0112_002 f 0.00  0.000     0  0.00  0  0   0.000   0.180   0.000   0.841   2.242   0.000 01O000H006 t
00156 HOH01A0112_003 f 0.00  0.000     0  0.00  0  0   0.000   0.180   0.000   0.705   2.241   0.000 01O000H007 t
00157 HOH01A0112_004 f 0.00  0.000     0  0.00  0  0   0.000   0.180   0.000   0.663   2.239   0.000 01O000H013 t
00158 HOH01A0112_005 f 0.00  0.000     0  0.00  0  0   0.000   0.180   0.000   0.766   2.241   0.000 01O000H014 t
00159 HOH01A0112_006 f 0.00  0.000     0  0.00  0  0   0.000   0.180   0.000   0.783   2.238   0.000 01O000H017 t
00160 HOH01A0112_007 f 0.00  0.000     0  0.00  0  0   0.000   0.180   0.000   0.646   2.238   0.000 01O000H019 t
00161 HOH01A0112_008 f 0.00  0.000     0  0.00  0  0   0.000   0.180   0.000   0.851   2.241   0.000 01O000H025 t
00162 HOH01A0112_009 f 0.00  0.000     0  0.00  0  0   0.000   0.180   0.000  -1.896   2.239   0.000 01O000H045 t
00163 HOH01A0112_010 f 0.00  0.000     0  0.00  0  0   0.000   0.180   0.000  -0.878   2.243   0.000 01O000H068 t
00164 HOH01A0112_011 f 0.00  0.000     0  0.00  0  0   0.000   0.180   0.000  -0.593   2.243   0.000 01O000H069 t
00165 HOH01A0112_012 f 0.00  0.000     0  0.00  0  0   0.000   0.180   0.000  -0.769   2.245   0.000 01O000H075 t
00166 HOH01A0112_013 f 0.00  0.000     0  0.00  0  0   0.000   0.180   0.000  -1.111   2.244   0.000 01O000H076 t
00167 HOH01A0112_014 f 0.00  0.000     0  0.00  0  0   0.000   0.180   0.000  -0.963   2.244   0.000 01O000H077 t
00168 HOH01A0112_015 f 0.00  0.000     0  0.00  0  0   0.000   0.180   0.000  -1.120   2.243   0.000 01O000H078 t
00169 HOH01A0112_016 f 0.00  0.000     0  0.00  0  0   0.000   0.180   0.000  -1.527   2.245   0.000 01O000H081 t
00170 HOH01A0112_017 f 0.00  0.000     0  0.00  0  0   0.000   0.180   0.000  -1.642   2.245   0.000 01O000H083 t
00171 HOH01A0112_018 f 0.00  0.000     0  0.00  0  0   0.000   0.180   0.000  -1.550   2.245   0.000 01O000H084 t
00172 HOH01A0112_019 f 0.00  0.000     0  0.00  0  0   0.000   0.180   0.000  -1.826   2.245   0.000 01O000H085 t
00173 HOH01A0112_020 f 0.00  0.000     0  0.00  0  0   0.000   0.180   0.000  -1.576   2.245   0.000 01O000H087 t
00174 HOH01A0112_021 f 0.00  0.000     0  0.00  0  0   0.000   0.180   0.000  -1.926   2.246   0.000 01O000H089 t
00175 HOH01A0112_022 f 0.00  0.000     0  0.00  0  0   0.000   0.180   0.000  -1.999   2.243   0.000 01O000H094 t
00176 HOH01A0112_023 f 0.00  0.000     0  0.00  0  0   0.000   0.180   0.000  -1.989   2.246   0.000 01O000H096 t
00177 HOH01A0112_024 f 0.00  0.000     0  0.00  0  0   0.000   0.180   0.000  -2.005   2.246   0.000 01O000H097 t
00178 HOH01A0112_025 f 0.00  0.000     0  0.00  0  0   0.000   0.180   0.000  -1.588   2.246   0.000 01O000H099 t
00179 HOH01A0112_026 f 0.00  0.000     0  0.00  0  0   0.000   0.180   0.000  -1.630   2.246   0.000 01O000H107 t
00180 HOHDMA0112_027 f 0.00  0.000     0  0.00  0  0   0.000   0.000   0.000   0.000   0.000   0.000         DM d
00181 HOH01A0113_001 f 0.00  0.000     0  0.00  0  0   0.000  -0.091   0.000   1.090   2.236   0.000 01O000M000 t
00182 HOH01A0113_002 f 0.00  0.000     0  0.00  0  0   0.000  -0.091   0.000  -2.545   2.238   0.000 01O000H041 t
00183 HOH01A0113_003 f 0.00  0.000     0  0.00  0  0   0.000  -0.091   0.000  -0.629   2.214   0.000 01O000H056 t
00184 HOHDMA0113_004 f 0.00  0.000     0  0.00  0  0   0.000   0.000   0.000   0.000   0.000   0.000         DM d
00185 HOH01A0122_001 f 0.00  0.000     0  0.00  0  0   0.000   2.497   0.000   2.504   2.217   0.000 01O000M000 t
00186 HOH01A0122_002 f 0.00  0.000     0  0.00  0  0   0.000   2.497   0.000   1.393   2.224   0.000 01O000H012 t
00187 HOHDMA0122_003 f 0.00  0.000     0  0.00  0  0   0.000   0.000   0.000   0.000   0.000   0.000         DM d
