NTR A0001_ R f 00 S f  0.0 H t 36 M 999
ARG A0001_ R f 00 S f  0.0 H t 36 M 999
PRO A0002_ R f 00 S f  0.0 H t 36 M 999
ASP A0003_ R f 00 S f  0.0 H t 36 M 999
PHE A0004_ R f 00 S f  0.0 H t 36 M 999
CYD A0005_ R f 00 S f  0.0 H t 36 M 999
LEU A0006_ R f 00 S f  0.0 H t 36 M 999
GLU A0007_ R f 00 S f  0.0 H t 36 M 999
PRO A0008_ R f 00 S f  0.0 H t 36 M 999
PRO A0009_ R f 00 S f  0.0 H t 36 M 999
TYR A0010_ R f 00 S f  0.0 H t 36 M 999
THR A0011_ R f 00 S f  0.0 H t 36 M 999
GLY A0012_ R f 00 S f  0.0 H t 36 M 999
PRO A0013_ R f 00 S f  0.0 H t 36 M 999
CYD A0014_ R f 00 S f  0.0 H t 36 M 999
LYS A0015_ R f 00 S f  0.0 H t 36 M 999
ALA A0016_ R f 00 S f  0.0 H t 36 M 999
ARG A0017_ R f 00 S f  0.0 H t 36 M 999
ILE A0018_ R f 00 S f  0.0 H t 36 M 999
ILE A0019_ R f 00 S f  0.0 H t 36 M 999
ARG A0020_ R f 00 S f  0.0 H t 36 M 999
TYR A0021_ R f 00 S f  0.0 H t 36 M 999
PHE A0022_ R f 00 S f  0.0 H t 36 M 999
TYR A0023_ R f 00 S f  0.0 H t 36 M 999
ASN A0024_ R f 00 S f  0.0 H t 36 M 999
ALA A0025_ R f 00 S f  0.0 H t 36 M 999
LYS A0026_ R f 00 S f  0.0 H t 36 M 999
ALA A0027_ R f 00 S f  0.0 H t 36 M 999
GLY A0028_ R f 00 S f  0.0 H t 36 M 999
LEU A0029_ R f 00 S f  0.0 H t 36 M 999
CYD A0030_ R f 00 S f  0.0 H t 36 M 999
GLN A0031_ R f 00 S f  0.0 H t 36 M 999
THR A0032_ R f 00 S f  0.0 H t 36 M 999
PHE A0033_ R f 00 S f  0.0 H t 36 M 999
VAL A0034_ R f 00 S f  0.0 H t 36 M 999
TYR A0035_ R f 00 S f  0.0 H t 36 M 999
GLY A0036_ R f 00 S f  0.0 H t 36 M 999
GLY A0037_ R f 00 S f  0.0 H t 36 M 999
CYD A0038_ R f 00 S f  0.0 H t 36 M 999
ARG A0039_ R f 00 S f  0.0 H t 36 M 999
ALA A0040_ R f 00 S f  0.0 H t 36 M 999
LYS A0041_ R f 00 S f  0.0 H t 36 M 999
ARG A0042_ R f 00 S f  0.0 H t 36 M 999
ASN A0043_ R f 00 S f  0.0 H t 36 M 999
ASN A0044_ R f 00 S f  0.0 H t 36 M 999
PHE A0045_ R f 00 S f  0.0 H t 36 M 999
LYS A0046_ R f 00 S f  0.0 H t 36 M 999
SER A0047_ R f 00 S f  0.0 H t 36 M 999
ALA A0048_ R f 00 S f  0.0 H t 36 M 999
GLU A0049_ R f 00 S f  0.0 H t 36 M 999
ASP A0050_ R f 00 S f  0.0 H t 36 M 999
CYD A0051_ R f 00 S f  0.0 H t 36 M 999
MET A0052_ R f 00 S f  0.0 H t 36 M 999
ARG A0053_ R f 00 S f  0.0 H t 36 M 999
THR A0054_ R f 00 S f  0.0 H t 36 M 999
CYD A0055_ R f 00 S f  0.0 H t 36 M 999
GLY A0056_ R f 00 S f  0.0 H t 36 M 999
GLY A0057_ R f 00 S f  0.0 H t 36 M 999
ALA A0058_ R f 00 S f  0.0 H t 36 M 999
CTR A0058_ R f 00 S f  0.0 H t 36 M 999
HOH A0111_ R f 00 S f  0.0 H t 36 M 999
HOH A0112_ R f 00 S f  0.0 H t 36 M 999
HOH A0113_ R f 00 S f  0.0 H t 36 M 999
HOH A0122_ R f 00 S f  0.0 H t 36 M 999
