CONFORMER         crg  vdw0  vdw1  tors  epol  self   occ  Hb     history    ASA
NTR01A0001_001  0.000 -1.84 -1.19  2.80  0.00 -0.24 1.000  00  01O000M000  0.494
NTR+1A0001_002  1.000 -1.85 -1.26  0.00  0.00 -3.10 1.000  00  +1O000M000  0.494
ARG01A0001_001  0.000 -3.23 -4.74  1.44  0.00 -6.53 1.000  00  01O000M000  0.780
ARG02A0001_002  0.000 -3.17 -4.69  1.44  0.00 -6.41 1.000  00  02O000M000  0.780
ARG03A0001_003  0.000 -3.27 -4.68  1.44  0.00 -6.50 1.000  00  03O000M000  0.780
ARG03A0001_004  0.000 -3.27 -4.61  1.44  0.00 -6.43 1.000  00  03O000M000  0.780
ARG+1A0001_005  1.000 -3.31 -4.70  1.44  0.00 -6.57 1.000  00  +1O000M000  0.780
PRO01A0002_001  0.000 -3.31 -2.80  0.00  0.00 -6.11 1.000  00  01O000M000  0.732
ASP01A0003_001  0.000 -2.58  1.04  3.44  0.00  1.91 1.000  00  01O000M000  0.991
ASP01A0003_002  0.000 -2.58  1.04  0.72  0.00 -0.81 1.000  00  01O000M000  0.991
ASP02A0003_003  0.000 -2.66  0.57  3.44  0.00  1.35 1.000  00  02O000M000  1.050
ASP02A0003_004  0.000 -2.66  0.57  0.72  0.00 -1.37 1.000  00  02O000M000  1.050
ASP-1A0003_005 -1.000 -2.59  0.60  0.72  0.00 -1.27 1.000  00  -1O000M000  1.021
PHE01A0004_001  0.000 -1.30 -5.67  0.07  0.00 -6.90 1.000  00  01O000M000  0.765
CYD01A0005_001  0.000 -1.80 -3.09  0.00  0.00 -4.89 1.000  00  01O000M000  0.507
LEU01A0006_001  0.000 -4.96 -1.20  0.49  0.00 -5.67 0.558  00  01O000M000  0.906
LEU01A0006_002  0.000 -4.92 -1.19  0.49  0.00 -5.62 0.558  00  01O000M000  0.909
GLU01A0007_001  0.000 -0.12 -3.07  3.36  0.00  0.17 1.000  00  01O000M000  0.526
GLU01A0007_002  0.000 -0.12 -3.07  0.64  0.00 -2.55 1.000  00  01O000M000  0.526
GLU02A0007_003  0.000  0.11 -3.06  3.36  0.00  0.41 1.000  00  02O000M000  0.514
GLU02A0007_004  0.000  0.11 -3.06  0.64  0.00 -2.31 1.000  00  02O000M000  0.514
GLU-1A0007_005 -1.000 -0.18 -2.99  0.64  0.00 -2.53 1.000  00  -1O000M000  0.521
PRO01A0008_001  0.000 -4.20  0.48  0.00  0.00 -3.72 1.000  00  01O000M000  0.888
PRO01A0009_001  0.000 -3.44 -0.32  0.00  0.00 -3.77 1.000  00  01O000M000  0.732
TYR01A0010_001  0.000 -1.64 -5.08  0.02  0.00 -6.70 1.000  00  01O000M000  0.825
TYR-1A0010_002 -1.000 -1.64 -5.08  0.02  0.00 -6.70 1.000  00  -1O000M000  0.825
THR01A0011_001  0.000 -3.82 -0.89  0.62  0.00 -4.10 0.554  00  01O000M000  0.885
PRO01A0013_001  0.000 -3.69  2.08  0.00  0.00 -1.60 1.000  00  01O000M000  0.808
CYD01A0014_001  0.000 -2.26 -1.73  0.00  0.00 -3.99 1.000  00  01O000M000  0.633
LYS01A0015_001  0.000 -6.48 -0.21  1.07  0.00 -5.62 1.000  00  01O000M000  0.990
LYS+1A0015_002  1.000 -6.53 -0.22  1.07  0.00 -5.67 1.000  00  +1O000M000  0.990
ALA01A0016_001  0.000 -2.22 -0.28  0.00  0.00 -2.50 1.000  00  01O000M000  0.846
ARG01A0017_001  0.000  0.09 -1.02  1.12  0.00  0.20 1.000  00  01O000M000  0.990
ARG02A0017_002  0.000 -0.20 -1.02  1.12  0.00 -0.10 1.000  00  02O000M000  0.990
ARG03A0017_003  0.000  0.04 -1.02  1.12  0.00  0.14 1.000  00  03O000M000  0.990
ARG+1A0017_004  1.000 -0.01 -1.03  1.12  0.00  0.09 1.000  00  +1O000M000  0.990
ILE01A0018_001  0.000 -2.35 -1.66  0.40  0.00 -3.61 0.555  00  01O000M000  0.813
ILE01A0018_002  0.000 -2.20 -1.63  0.40  0.00 -3.43 0.555  00  01O000M000  0.812
ILE01A0019_001  0.000 -3.67 -0.20  0.57  0.00 -3.30 0.555  00  01O000M000  0.939
ARG01A0020_001  0.000 -5.33 -4.57  1.11  0.00 -8.79 1.000  00  01O000M000  0.718
ARG02A0020_002  0.000 -5.34 -4.58  1.11  0.00 -8.82 1.000  00  02O000M000  0.718
ARG02A0020_003  0.000 -5.27 -4.56  1.11  0.00 -8.72 1.000  00  02O000M000  0.718
ARG03A0020_004  0.000 -5.35 -4.59  1.11  0.00 -8.83 1.000  00  03O000M000  0.718
ARG+1A0020_005  1.000 -5.39 -4.59  1.11  0.00 -8.88 1.000  00  +1O000M000  0.718
TYR01A0021_001  0.000 -1.87-11.79  0.36  0.00-13.30 1.000  00  01O000M000  0.817
TYR-1A0021_002 -1.000 -1.87-11.79  0.36  0.00-13.30 1.000  00  -1O000M000  0.817
PHE01A0022_001  0.000 -0.77-10.13  0.16  0.00-10.75 1.000  00  01O000M000  0.684
TYR01A0023_001  0.000 -1.31-12.57  0.00  0.00-13.88 1.000  00  01O000M000  0.751
TYR-1A0023_002 -1.000 -1.31-12.57  0.00  0.00-13.88 1.000  00  -1O000M000  0.751
ASN01A0024_001  0.000 -1.10 -1.29  0.21  0.00 -2.18 0.753  00  01O000M000  0.562
ASN01A0024_002  0.000 -1.31  1.07  0.23  0.00 -0.01 0.747  00  01R001M000  0.526
ALA01A0025_001  0.000 -2.12 -1.05  0.00  0.00 -3.17 1.000  00  01O000M000  0.835
LYS01A0026_001  0.000 -5.48 -0.42  1.08  0.00 -4.83 1.000  00  01O000M000  0.976
LYS+1A0026_002  1.000 -5.57 -0.43  1.08  0.00 -4.92 1.000  00  +1O000M000  0.976
ALA01A0027_001  0.000 -2.05 -1.36  0.00  0.00 -3.42 1.000  00  01O000M000  0.806
LEU01A0029_001  0.000 -4.73  1.59  0.68  0.00 -2.47 0.557  00  01O000M000  0.922
LEU01A0029_002  0.000 -4.69  1.51  0.68  0.00 -2.50 0.557  00  01O000M000  0.919
CYD01A0030_001  0.000 -1.91 -4.84  0.00  0.00 -6.75 1.000  00  01O000M000  0.539
GLN01A0031_001  0.000  0.60 -1.77  0.33  0.00 -0.84 0.747  00  01O000M000  0.740
GLN01A0031_002  0.000 -0.51 -1.73  0.37  0.00 -1.87 0.753  00  01R001M000  0.713
THR01A0032_001  0.000 -3.55 -0.94  0.56  0.00 -3.94 0.559  00  01O000M000  0.869
THR01A0032_002  0.000 -3.57 -0.95  0.56  0.00 -3.96 0.559  00  01O000M000  0.874
PHE01A0033_001  0.000 -1.62-11.92  0.43  0.00-13.11 1.000  00  01O000M000  0.749
VAL01A0034_001  0.000 -4.59 -1.72  0.00  0.00 -6.31 0.554  00  01O000M000  0.929
TYR01A0035_001  0.000 -1.25-11.63  0.06  0.00-12.82 1.000  00  01O000M000  0.686
TYR-1A0035_002 -1.000 -1.25-11.63  0.06  0.00-12.82 1.000  00  -1O000M000  0.686
CYD01A0038_001  0.000 -2.05 -2.13  0.00  0.00 -4.18 1.000  00  01O000M000  0.598
ARG01A0039_001  0.000 -4.73  0.81  0.94  0.00 -2.98 1.000  00  01O000M000  0.918
ARG02A0039_002  0.000 -4.77  0.80  0.94  0.00 -3.02 1.000  00  02O000M000  0.918
ARG03A0039_003  0.000 -4.78  0.80  0.94  0.00 -3.03 1.000  00  03O000M000  0.918
ARG+1A0039_004  1.000 -4.81  0.80  0.94  0.00 -3.07 1.000  00  +1O000M000  0.918
ALA01A0040_001  0.000 -1.91 -0.47  0.00  0.00 -2.38 1.000  00  01O000M000  0.766
LYS01A0041_001  0.000 -4.44 -2.08  2.02  0.00 -4.51 1.000  00  01O000M000  0.853
LYS+1A0041_002  1.000 -4.49 -2.09  2.02  0.00 -4.56 1.000  00  +1O000M000  0.853
ARG01A0042_001  0.000 -4.82 -1.04  2.56  0.00 -3.30 1.000  00  01O000M000  0.919
ARG02A0042_002  0.000 -4.81 -1.05  2.56  0.00 -3.31 1.000  00  02O000M000  0.919
ARG03A0042_003  0.000 -4.87 -1.05  2.56  0.00 -3.36 1.000  00  03O000M000  0.919
ARG+1A0042_004  1.000 -4.91 -1.05  2.56  0.00 -3.41 1.000  00  +1O000M000  0.919
ASN01A0043_001  0.000 -0.62  0.99  0.41  0.00  0.78 1.000  00  01O000M000  0.259
ASN01A0044_001  0.000 -0.44 -2.89  0.50  0.00 -2.83 0.757  00  01O000M000  0.257
ASN01A0044_002  0.000 -0.76 -1.01  0.24  0.00 -1.53 0.743  00  01R001M000  0.317
PHE01A0045_001  0.000 -1.09-10.98  0.04  0.00-12.04 1.000  00  01O000M000  0.669
LYS01A0046_001  0.000 -6.19  0.60  1.44  0.00 -4.16 1.000  00  01O000M000  0.988
LYS+1A0046_002  1.000 -6.24  0.59  1.44  0.00 -4.20 1.000  00  +1O000M000  0.988
SER01A0047_001  0.000 -2.34 -0.72  0.68  0.00 -2.38 0.671  00  01O000M000  0.811
SER01A0047_002  0.000 -2.34 -0.72  0.68  0.00 -2.38 0.671  00  01O000M000  0.811
SER01A0047_003  0.000 -2.34 -0.72  0.30  0.00 -2.76 0.671  00  01O000M000  0.811
ALA01A0048_001  0.000 -2.17 -0.84  0.00  0.00 -3.01 1.000  00  01O000M000  0.841
GLU01A0049_001  0.000 -1.26 -1.08  4.44  0.00  2.10 1.000  00  01O000M000  0.874
GLU01A0049_002  0.000 -1.26 -1.08  1.72  0.00 -0.62 1.000  00  01O000M000  0.874
GLU02A0049_003  0.000 -0.91 -0.63  4.44  0.00  2.89 1.000  00  02O000M000  0.848
GLU02A0049_004  0.000 -0.91 -0.63  1.72  0.00  0.17 1.000  00  02O000M000  0.848
GLU-1A0049_005 -1.000 -1.20 -1.05  1.72  0.00 -0.53 1.000  00  -1O000M000  0.860
ASP01A0050_001  0.000 -1.95 -0.09  3.75  0.00  1.71 1.000  00  01O000M000  0.821
ASP01A0050_002  0.000 -1.95 -0.09  1.03  0.00 -1.01 1.000  00  01O000M000  0.821
ASP02A0050_003  0.000 -1.83 -0.56  3.75  0.00  1.37 1.000  00  02O000M000  0.805
ASP02A0050_004  0.000 -1.83 -0.56  1.03  0.00 -1.35 1.000  00  02O000M000  0.805
ASP-1A0050_005 -1.000 -1.89 -0.49  1.03  0.00 -1.35 1.000  00  -1O000M000  0.801
CYD01A0051_001  0.000 -1.53 -5.52  0.00  0.00 -7.05 1.000  00  01O000M000  0.430
MET01A0052_001  0.000 -5.58 -5.64  0.53  0.00-10.69 1.000  00  01O000M000  0.881
ARG01A0053_001  0.000 -4.99 -4.07  1.46  0.00 -7.60 1.000  00  01O000M000  0.900
ARG02A0053_002  0.000 -4.98 -4.09  1.46  0.00 -7.60 1.000  00  02O000M000  0.900
ARG03A0053_003  0.000 -5.04 -4.07  1.46  0.00 -7.65 1.000  00  03O000M000  0.900
ARG03A0053_004  0.000 -5.03 -4.06  1.46  0.00 -7.62 1.000  00  03O000M000  0.900
ARG+1A0053_005  1.000 -5.08 -4.10  1.46  0.00 -7.71 1.000  00  +1O000M000  0.900
THR01A0054_001  0.000 -3.40 -1.29  0.43  0.00 -4.27 0.555  00  01O000M000  0.779
THR01A0054_002  0.000 -3.40 -1.33  0.43  0.00 -4.30 0.555  00  01O000M000  0.779
CYD01A0055_001  0.000 -1.94 -2.35  0.00  0.00 -4.29 1.000  00  01O000M000  0.537
ALA01A0058_001  0.000 -2.51 -0.21  0.00  0.00 -2.72 1.000  00  01O000M000  0.981
CTR01A0058_001  0.000 -2.85  1.09  2.72  0.00  0.96 1.000  00  01O000M000  0.711
CTR01A0058_002  0.000 -2.66  0.86  0.00  0.00 -1.80 1.000  00  01O000M000  0.713
CTR02A0058_003  0.000 -2.84  3.23  2.72  0.00  3.11 1.000  00  02O000M000  0.714
CTR02A0058_004  0.000 -2.75  0.83  0.00  0.00 -1.92 1.000  00  02O000M000  0.720
CTR-1A0058_005 -1.000 -2.76  0.91  0.00  0.00 -1.84 1.000  00  -1O000M000  0.711
HOH01A0111_001  0.000 -1.14 -0.14  0.00  0.00 -1.28 0.747  00  01O000M000  0.484
HOH01A0111_002  0.000 -1.14 -0.14  0.00  0.00 -1.28 0.747  01  01O000H001  0.484
HOH01A0111_003  0.000 -1.14 -0.14  0.00  0.00 -1.28 0.747  03  01O000H003  0.484
HOH01A0111_004  0.000 -1.14 -0.14  0.00  0.00 -1.28 0.747  13  01O000H013  0.484
HOH01A0111_005  0.000 -1.14 -0.14  0.00  0.00 -1.28 0.747  19  01O000H019  0.484
HOH01A0111_006  0.000 -1.14 -0.14  0.00  0.00 -1.28 0.747  20  01O000H020  0.484
HOH01A0111_007  0.000 -1.14 -0.14  0.00  0.00 -1.28 0.747  25  01O000H025  0.484
HOH01A0111_008  0.000 -1.14 -0.14  0.00  0.00 -1.28 0.747  27  01O000H027  0.484
HOH01A0111_009  0.000 -1.14 -0.14  0.00  0.00 -1.28 0.747  28  01O000H028  0.484
HOH01A0111_010  0.000 -1.14 -0.14  0.00  0.00 -1.28 0.747  29  01O000H029  0.484
HOH01A0111_011  0.000 -1.14 -0.14  0.00  0.00 -1.28 0.747  33  01O000H033  0.484
HOH01A0111_012  0.000 -1.14 -0.14  0.00  0.00 -1.28 0.747  39  01O000H039  0.484
HOH01A0111_013  0.000 -1.14 -0.14  0.00  0.00 -1.28 0.747  42  01O000H042  0.484
HOH01A0111_014  0.000 -1.14 -0.14  0.00  0.00 -1.28 0.747  44  01O000H044  0.484
HOH01A0111_015  0.000 -1.14 -0.14  0.00  0.00 -1.28 0.747  47  01O000H047  0.484
HOH01A0111_016  0.000 -1.14 -0.14  0.00  0.00 -1.28 0.747  49  01O000H049  0.484
HOH01A0111_017  0.000 -1.14 -0.14  0.00  0.00 -1.28 0.747  50  01O000H050  0.484
HOH01A0111_018  0.000 -1.14 -0.14  0.00  0.00 -1.28 0.747  51  01O000H051  0.484
HOH01A0111_019  0.000 -1.14 -0.14  0.00  0.00 -1.28 0.747  52  01O000H052  0.484
HOH01A0111_020  0.000 -1.14 -0.14  0.00  0.00 -1.28 0.747  56  01O000H056  0.484
HOH01A0111_021  0.000 -1.14 -0.14  0.00  0.00 -1.28 0.747  62  01O000H062  0.484
HOH01A0111_022  0.000 -1.14 -0.14  0.00  0.00 -1.28 0.747  66  01O000H066  0.484
HOH01A0111_023  0.000 -1.14 -0.14  0.00  0.00 -1.28 0.747  67  01O000H067  0.484
HOH01A0111_024  0.000 -1.14 -0.14  0.00  0.00 -1.28 0.747  68  01O000H068  0.484
HOH01A0111_025  0.000 -1.14 -0.14  0.00  0.00 -1.28 0.747  69  01O000H069  0.484
HOH01A0111_026  0.000 -1.14 -0.14  0.00  0.00 -1.28 0.747  70  01O000H070  0.484
HOH01A0111_027  0.000 -1.14 -0.14  0.00  0.00 -1.28 0.747  71  01O000H071  0.484
HOH01A0111_028  0.000 -1.14 -0.14  0.00  0.00 -1.28 0.747  73  01O000H073  0.484
HOH01A0111_029  0.000 -1.14 -0.14  0.00  0.00 -1.28 0.747  81  01O000H081  0.484
HOH01A0111_030  0.000 -1.14 -0.14  0.00  0.00 -1.28 0.747  97  01O000H097  0.484
HOH01A0111_031  0.000 -1.14 -0.14  0.00  0.00 -1.28 0.747  98  01O000H098  0.484
HOH01A0111_032  0.000 -1.14 -0.14  0.00  0.00 -1.28 0.747  05  01O000H105  0.484
HOH01A0111_033  0.000 -1.14 -0.14  0.00  0.00 -1.28 0.747  06  01O000H106  0.484
HOH01A0111_034  0.000 -1.14 -0.14  0.00  0.00 -1.28 0.747  08  01O000H108  0.484
HOH01A0111_035  0.000 -1.14 -0.14  0.00  0.00 -1.28 0.747  09  01O000H109  0.484
HOH01A0111_036  0.000 -1.14 -0.14  0.00  0.00 -1.28 0.747  10  01O000H110  0.484
HOH01A0111_037  0.000 -1.14 -0.14  0.00  0.00 -1.28 0.747  14  01O000H114  0.484
HOH01A0111_038  0.000 -1.14 -0.14  0.00  0.00 -1.28 0.747  19  01O000H119  0.484
HOHDMA0111_039  0.000  0.00  0.00  0.00  0.00  0.00 0.747  00  DMO000M000   -nan
HOH01A0112_001  0.000 -1.02  0.18  0.00  0.00 -0.84 1.000  00  01O000M000  0.434
HOH01A0112_002  0.000 -1.02  0.18  0.00  0.00 -0.84 1.000  06  01O000H006  0.434
HOH01A0112_003  0.000 -1.02  0.18  0.00  0.00 -0.84 1.000  07  01O000H007  0.434
HOH01A0112_004  0.000 -1.02  0.18  0.00  0.00 -0.84 1.000  13  01O000H013  0.434
HOH01A0112_005  0.000 -1.02  0.18  0.00  0.00 -0.84 1.000  14  01O000H014  0.434
HOH01A0112_006  0.000 -1.02  0.18  0.00  0.00 -0.84 1.000  17  01O000H017  0.434
HOH01A0112_007  0.000 -1.02  0.18  0.00  0.00 -0.84 1.000  19  01O000H019  0.434
HOH01A0112_008  0.000 -1.02  0.18  0.00  0.00 -0.84 1.000  25  01O000H025  0.434
HOH01A0112_009  0.000 -1.02  0.18  0.00  0.00 -0.84 1.000  45  01O000H045  0.434
HOH01A0112_010  0.000 -1.02  0.18  0.00  0.00 -0.84 1.000  68  01O000H068  0.434
HOH01A0112_011  0.000 -1.02  0.18  0.00  0.00 -0.84 1.000  69  01O000H069  0.434
HOH01A0112_012  0.000 -1.02  0.18  0.00  0.00 -0.84 1.000  75  01O000H075  0.434
HOH01A0112_013  0.000 -1.02  0.18  0.00  0.00 -0.84 1.000  76  01O000H076  0.434
HOH01A0112_014  0.000 -1.02  0.18  0.00  0.00 -0.84 1.000  77  01O000H077  0.434
HOH01A0112_015  0.000 -1.02  0.18  0.00  0.00 -0.84 1.000  78  01O000H078  0.434
HOH01A0112_016  0.000 -1.02  0.18  0.00  0.00 -0.84 1.000  81  01O000H081  0.434
HOH01A0112_017  0.000 -1.02  0.18  0.00  0.00 -0.84 1.000  83  01O000H083  0.434
HOH01A0112_018  0.000 -1.02  0.18  0.00  0.00 -0.84 1.000  84  01O000H084  0.434
HOH01A0112_019  0.000 -1.02  0.18  0.00  0.00 -0.84 1.000  85  01O000H085  0.434
HOH01A0112_020  0.000 -1.02  0.18  0.00  0.00 -0.84 1.000  87  01O000H087  0.434
HOH01A0112_021  0.000 -1.02  0.18  0.00  0.00 -0.84 1.000  89  01O000H089  0.434
HOH01A0112_022  0.000 -1.02  0.18  0.00  0.00 -0.84 1.000  94  01O000H094  0.434
HOH01A0112_023  0.000 -1.02  0.18  0.00  0.00 -0.84 1.000  96  01O000H096  0.434
HOH01A0112_024  0.000 -1.02  0.18  0.00  0.00 -0.84 1.000  97  01O000H097  0.434
HOH01A0112_025  0.000 -1.02  0.18  0.00  0.00 -0.84 1.000  99  01O000H099  0.434
HOH01A0112_026  0.000 -1.02  0.18  0.00  0.00 -0.84 1.000  07  01O000H107  0.434
HOHDMA0112_027  0.000  0.00  0.00  0.00  0.00  0.00 1.000  00  DMO000M000   -nan
HOH01A0113_001  0.000 -0.97 -0.09  0.00  0.00 -1.06 0.662  00  01O000M000  0.410
HOH01A0113_002  0.000 -0.97 -0.09  0.00  0.00 -1.06 0.662  41  01O000H041  0.410
HOH01A0113_003  0.000 -0.97 -0.09  0.00  0.00 -1.06 0.662  56  01O000H056  0.410
HOHDMA0113_004  0.000  0.00  0.00  0.00  0.00  0.00 0.662  00  DMO000M000   -nan
HOH01A0122_001  0.000 -0.77  2.50  0.00  0.00  1.73 1.000  00  01O000M000  0.328
HOH01A0122_002  0.000 -0.77  2.50  0.00  0.00  1.73 1.000  12  01O000H012  0.328
HOHDMA0122_003  0.000  0.00  0.00  0.00  0.00  0.00 1.000  00  DMO000M000   -nan
