   confID        vdw0    sas     sum
NTR01A0001_001  -0.003  -1.840  -1.843
NTR+1A0001_002  -0.005  -1.840  -1.845
ARG01A0001_001   3.354  -6.582  -3.229
ARG02A0001_002   3.411  -6.582  -3.171
ARG03A0001_003   3.310  -6.582  -3.273
ARG03A0001_004   3.316  -6.582  -3.267
ARG+1A0001_005   3.268  -6.582  -3.314
PRO01A0002_001   0.208  -3.519  -3.310
ASP01A0003_001   0.034  -2.615  -2.581
ASP01A0003_002   0.034  -2.615  -2.581
ASP02A0003_003   0.094  -2.755  -2.661
ASP02A0003_004   0.094  -2.755  -2.661
ASP-1A0003_005   0.032  -2.624  -2.593
PHE01A0004_001   4.770  -6.065  -1.295
CYD01A0005_001   0.000  -1.798  -1.798
LEU01A0006_001   0.944  -5.905  -4.961
LEU01A0006_002   0.959  -5.882  -4.923
GLU01A0007_001   1.331  -1.453  -0.122
GLU01A0007_002   1.331  -1.453  -0.122
GLU02A0007_003   1.533  -1.419   0.114
GLU02A0007_004   1.533  -1.419   0.114
GLU-1A0007_005   1.237  -1.417  -0.180
PRO01A0008_001   0.192  -4.392  -4.200
PRO01A0009_001   0.214  -3.657  -3.444
TYR01A0010_001   5.137  -6.775  -1.638
TYR-1A0010_002   5.137  -6.775  -1.638
THR01A0011_001   0.130  -3.953  -3.823
PRO01A0013_001   0.194  -3.879  -3.686
CYD01A0014_001   0.000  -2.256  -2.256
LYS01A0015_001   0.412  -6.890  -6.478
LYS+1A0015_002   0.365  -6.890  -6.525
ALA01A0016_001   0.000  -2.222  -2.222
ARG01A0017_001   7.839  -7.746   0.093
ARG02A0017_002   7.544  -7.746  -0.202
ARG03A0017_003   7.784  -7.746   0.038
ARG+1A0017_004   7.737  -7.746  -0.009
ILE01A0018_001   3.040  -5.392  -2.352
ILE01A0018_002   3.159  -5.356  -2.197
ILE01A0019_001   2.350  -6.024  -3.674
ARG01A0020_001   0.476  -5.805  -5.330
ARG02A0020_002   0.461  -5.805  -5.344
ARG02A0020_003   0.538  -5.805  -5.267
ARG03A0020_004   0.455  -5.805  -5.350
ARG+1A0020_005   0.417  -5.805  -5.388
TYR01A0021_001   4.827  -6.701  -1.873
TYR-1A0021_002   4.827  -6.701  -1.873
PHE01A0022_001   4.485  -5.260  -0.774
TYR01A0023_001   4.890  -6.199  -1.309
TYR-1A0023_002   4.890  -6.199  -1.309
ASN01A0024_001   0.430  -1.528  -1.098
ASN01A0024_002   0.146  -1.459  -1.313
ALA01A0025_001   0.000  -2.120  -2.120
LYS01A0026_001   1.270  -6.752  -5.483
LYS+1A0026_002   1.182  -6.752  -5.571
ALA01A0027_001   0.000  -2.054  -2.054
LEU01A0029_001   1.418  -6.151  -4.733
LEU01A0029_002   1.442  -6.132  -4.690
CYD01A0030_001   0.000  -1.906  -1.906
GLN01A0031_001   2.790  -2.186   0.605
GLN01A0031_002   1.621  -2.126  -0.505
THR01A0032_001   0.216  -3.770  -3.554
THR01A0032_002   0.221  -3.793  -3.572
PHE01A0033_001   4.269  -5.889  -1.619
VAL01A0034_001   0.486  -5.075  -4.590
TYR01A0035_001   4.389  -5.642  -1.253
TYR-1A0035_002   4.389  -5.642  -1.253
CYD01A0038_001   0.000  -2.047  -2.047
ARG01A0039_001   2.777  -7.507  -4.730
ARG02A0039_002   2.737  -7.507  -4.770
ARG03A0039_003   2.730  -7.507  -4.776
ARG+1A0039_004   2.693  -7.507  -4.814
ALA01A0040_001   0.000  -1.905  -1.905
LYS01A0041_001   1.558  -6.000  -4.442
LYS+1A0041_002   1.510  -6.000  -4.490
ARG01A0042_001   2.877  -7.692  -4.816
ARG02A0042_002   2.879  -7.692  -4.814
ARG03A0042_003   2.826  -7.692  -4.867
ARG+1A0042_004   2.781  -7.692  -4.911
ASN01A0043_001   0.097  -0.718  -0.621
ASN01A0044_001   0.235  -0.679  -0.444
ASN01A0044_002   0.089  -0.849  -0.760
PHE01A0045_001   4.294  -5.383  -1.088
LYS01A0046_001   0.816  -7.011  -6.194
LYS+1A0046_002   0.770  -7.011  -6.240
SER01A0047_001   0.000  -2.336  -2.336
SER01A0047_002   0.000  -2.336  -2.336
SER01A0047_003   0.000  -2.336  -2.336
ALA01A0048_001   0.000  -2.173  -2.173
GLU01A0049_001   1.181  -2.442  -1.261
GLU01A0049_002   1.181  -2.442  -1.261
GLU02A0049_003   1.441  -2.354  -0.913
GLU02A0049_004   1.441  -2.354  -0.913
GLU-1A0049_005   1.121  -2.323  -1.201
ASP01A0050_001   0.152  -2.105  -1.953
ASP01A0050_002   0.152  -2.105  -1.953
ASP02A0050_003   0.249  -2.076  -1.827
ASP02A0050_004   0.249  -2.076  -1.827
ASP-1A0050_005   0.150  -2.043  -1.893
CYD01A0051_001   0.000  -1.530  -1.530
MET01A0052_001   0.051  -5.628  -5.577
ARG01A0053_001   2.387  -7.377  -4.990
ARG02A0053_002   2.401  -7.377  -4.976
ARG03A0053_003   2.341  -7.377  -5.036
ARG03A0053_004   2.347  -7.377  -5.030
ARG+1A0053_005   2.299  -7.377  -5.078
THR01A0054_001   0.026  -3.425  -3.399
THR01A0054_002   0.029  -3.425  -3.396
CYD01A0055_001   0.000  -1.942  -1.942
ALA01A0058_001   0.000  -2.510  -2.510
CTR01A0058_001  -0.025  -2.830  -2.855
CTR01A0058_002   0.126  -2.786  -2.660
CTR02A0058_003  -0.025  -2.813  -2.837
CTR02A0058_004   0.126  -2.877  -2.750
CTR-1A0058_005   0.000  -2.758  -2.758
HOH01A0111_001   0.000  -1.140  -1.140
HOH01A0111_002   0.000  -1.140  -1.140
HOH01A0111_003   0.000  -1.140  -1.140
HOH01A0111_004   0.000  -1.140  -1.140
HOH01A0111_005   0.000  -1.140  -1.140
HOH01A0111_006   0.000  -1.140  -1.140
HOH01A0111_007   0.000  -1.140  -1.140
HOH01A0111_008   0.000  -1.140  -1.140
HOH01A0111_009   0.000  -1.140  -1.140
HOH01A0111_010   0.000  -1.140  -1.140
HOH01A0111_011   0.000  -1.140  -1.140
HOH01A0111_012   0.000  -1.140  -1.140
HOH01A0111_013   0.000  -1.140  -1.140
HOH01A0111_014   0.000  -1.140  -1.140
HOH01A0111_015   0.000  -1.140  -1.140
HOH01A0111_016   0.000  -1.140  -1.140
HOH01A0111_017   0.000  -1.140  -1.140
HOH01A0111_018   0.000  -1.140  -1.140
HOH01A0111_019   0.000  -1.140  -1.140
HOH01A0111_020   0.000  -1.140  -1.140
HOH01A0111_021   0.000  -1.140  -1.140
HOH01A0111_022   0.000  -1.140  -1.140
HOH01A0111_023   0.000  -1.140  -1.140
HOH01A0111_024   0.000  -1.140  -1.140
HOH01A0111_025   0.000  -1.140  -1.140
HOH01A0111_026   0.000  -1.140  -1.140
HOH01A0111_027   0.000  -1.140  -1.140
HOH01A0111_028   0.000  -1.140  -1.140
HOH01A0111_029   0.000  -1.140  -1.140
HOH01A0111_030   0.000  -1.140  -1.140
HOH01A0111_031   0.000  -1.140  -1.140
HOH01A0111_032   0.000  -1.140  -1.140
HOH01A0111_033   0.000  -1.140  -1.140
HOH01A0111_034   0.000  -1.140  -1.140
HOH01A0111_035   0.000  -1.140  -1.140
HOH01A0111_036   0.000  -1.140  -1.140
HOH01A0111_037   0.000  -1.140  -1.140
HOH01A0111_038   0.000  -1.140  -1.140
HOHDMA0111_039   0.000   0.000   0.000
HOH01A0112_001   0.000  -1.024  -1.024
HOH01A0112_002   0.000  -1.024  -1.024
HOH01A0112_003   0.000  -1.024  -1.024
HOH01A0112_004   0.000  -1.024  -1.024
HOH01A0112_005   0.000  -1.024  -1.024
HOH01A0112_006   0.000  -1.024  -1.024
HOH01A0112_007   0.000  -1.024  -1.024
HOH01A0112_008   0.000  -1.024  -1.024
HOH01A0112_009   0.000  -1.024  -1.024
HOH01A0112_010   0.000  -1.024  -1.024
HOH01A0112_011   0.000  -1.024  -1.024
HOH01A0112_012   0.000  -1.024  -1.024
HOH01A0112_013   0.000  -1.024  -1.024
HOH01A0112_014   0.000  -1.024  -1.024
HOH01A0112_015   0.000  -1.024  -1.024
HOH01A0112_016   0.000  -1.024  -1.024
HOH01A0112_017   0.000  -1.024  -1.024
HOH01A0112_018   0.000  -1.024  -1.024
HOH01A0112_019   0.000  -1.024  -1.024
HOH01A0112_020   0.000  -1.024  -1.024
HOH01A0112_021   0.000  -1.024  -1.024
HOH01A0112_022   0.000  -1.024  -1.024
HOH01A0112_023   0.000  -1.024  -1.024
HOH01A0112_024   0.000  -1.024  -1.024
HOH01A0112_025   0.000  -1.024  -1.024
HOH01A0112_026   0.000  -1.024  -1.024
HOHDMA0112_027   0.000   0.000   0.000
HOH01A0113_001   0.000  -0.966  -0.966
HOH01A0113_002   0.000  -0.966  -0.966
HOH01A0113_003   0.000  -0.966  -0.966
HOHDMA0113_004   0.000   0.000   0.000
HOH01A0122_001   0.000  -0.773  -0.773
HOH01A0122_002   0.000  -0.773  -0.773
HOHDMA0122_003   0.000   0.000   0.000
