CONFORMER         crg  vdw0  vdw1  tors  epol  self   occ  Hb     history    ASA
MET01A0065_001  0.000-11.42  0.48  2.46  0.00 -8.48 0.505  00  01O000M000  1.000
MET01A0065_002  0.000-11.43  0.46  1.78  0.00 -9.19 0.505  00  01R001M000  1.000
MET01A0065_003  0.000-12.17  0.60  1.78  0.00 -9.80 0.507  00  01R00BM000  1.000
MET01A0065_004  0.000-11.90  2.80  1.23  0.00 -7.87 0.505  00  01R00CM000  1.000
MET01A0065_005  0.000-11.22  0.86  4.32  0.00 -6.03 0.507  00  01R00DM000  1.000
MET01A0065_006  0.000-10.87  0.42  3.28  0.00 -7.17 0.506  00  01R018M000  1.000
MET01A0065_007  0.000-11.75  0.43  2.59  0.00 -8.73 0.505  00  01R019M000  1.000
MET01A0065_008  0.000-11.04  2.56  1.56  0.00 -6.91 0.505  00  01R021M000  1.000
MET01A0065_009  0.000 -7.96  2.49  1.46  0.00 -4.01 0.508  00  01R022M000  1.000
MET01A0065_010  0.000-10.29  1.91  1.58  0.00 -6.80 0.507  00  01R025M000  1.000
MET01A0065_011  0.000 -6.30  1.71  1.78  0.00 -2.81 0.508  00  01R02AM000  1.000
MET01A0065_012  0.000-11.26  1.81  2.59  0.00 -6.85 0.506  00  01R02BM000  1.000
MET01A0065_013  0.000-11.31  0.81  5.82  0.00 -4.68 0.506  00  01R02CM000  1.000
MET01A0065_014  0.000-11.29  1.19  3.28  0.00 -6.81 0.507  00  01R02FM000  1.000
MET01A0065_015  0.000-11.56  1.84  3.28  0.00 -6.43 0.507  00  01R033M000  1.000
MET01A0065_016  0.000-11.28  0.78  5.82  0.00 -4.67 0.506  00  01R034M000  1.000
MET01A0065_017  0.000-10.99  0.88  5.82  0.00 -4.28 0.507  00  01R036M000  1.000
MET01A0065_018  0.000-11.32  0.54  1.78  0.00 -9.00 0.506  00  01R03BM000  1.000
MET01A0065_019  0.000-11.87  2.44  2.32  0.00 -7.12 0.505  00  01R03EM000  1.000
MET01A0065_020  0.000-11.92  3.17  2.73  0.00 -6.02 0.506  00  01T03CM000  1.000
