iConf CONFORMER     FL  occ    crg   Em0  pKa0 ne nH    vdw0    vdw1    tors    epol   dsolv   extra    history
00001 MET01A0065_001 f 0.00  0.000     0  0.00  0  0 -11.421   0.558   2.464   0.098  -0.123   0.000 01O000M000t
00002 MET01A0065_002 f 0.00  0.000     0  0.00  0  0 -11.429   0.535   1.775   0.075  -0.126   0.000 01R001M000t
00003 MET01A0065_003 f 0.00  0.000     0  0.00  0  0 -12.173   0.594   1.776   0.037  -0.123   0.000 01R00BM000t
00004 MET01A0065_004 f 0.00  0.000     0  0.00  0  0 -11.899   2.799   1.232  -0.067  -0.123   0.000 01R00CM000t
00005 MET01A0065_005 f 0.00  0.000     0  0.00  0  0 -11.217   0.860   4.317   0.055  -0.123   0.000 01R00DM000t
00006 MET01A0065_006 f 0.00  0.000     0  0.00  0  0 -10.872   0.500   3.281   0.103  -0.123   0.000 01R018M000t
00007 MET01A0065_007 f 0.00  0.000     0  0.00  0  0 -11.752   0.503   2.591   0.069  -0.124   0.000 01R019M000t
00008 MET01A0065_008 f 0.00  0.000     0  0.00  0  0 -11.108   2.641   1.564   0.080  -0.123   0.000 01R021M000t
00009 MET01A0065_009 f 0.00  0.000     0  0.00  0  0  -7.965   2.566   1.463   0.074  -0.120   0.000 01R022M000t
00010 MET01A0065_010 f 0.00  0.000     0  0.00  0  0 -10.282   1.978   1.580   0.181  -0.121   0.000 01R025M000t
00011 MET01A0065_011 f 0.00  0.000     0  0.00  0  0  -6.289   1.788   1.777   0.181  -0.124   0.000 01R02AM000t
00012 MET01A0065_012 f 0.00  0.000     0  0.00  0  0 -11.256   1.885   2.592   0.174  -0.123   0.000 01R02BM000t
00013 MET01A0065_013 f 0.00  0.000     0  0.00  0  0 -11.312   0.894   5.824   0.099  -0.125   0.000 01R02CM000t
00014 MET01A0065_014 f 0.00  0.000     0  0.00  0  0 -11.286   1.192   3.282   0.034  -0.117   0.000 01R02FM000t
00015 MET01A0065_015 f 0.00  0.000     0  0.00  0  0 -11.561   1.844   3.281   0.051  -0.121   0.000 01R033M000t
00016 MET01A0065_016 f 0.00  0.000     0  0.00  0  0 -11.277   0.789   5.822   0.091  -0.125   0.000 01R034M000t
00017 MET01A0065_017 f 0.00  0.000     0  0.00  0  0 -10.986   0.887   5.824   0.094  -0.124   0.000 01R036M000t
00018 MET01A0065_018 f 0.00  0.000     0  0.00  0  0 -11.319   0.537   1.774   0.044  -0.124   0.000 01R03BM000t
00019 MET01A0065_019 f 0.00  0.000     0  0.00  0  0 -11.874   2.435   2.314  -0.073  -0.114   0.000 01R03EM000t
00020 MET01A0065_020 f 0.00  0.000     0  0.00  0  0 -11.926   3.165   2.731   0.052  -0.125   0.000 01T03CM000t
