   confID        vdw0    sas     sum
MET01A0065_001   0.161 -11.582 -11.421
MET01A0065_002   0.162 -11.591 -11.429
MET01A0065_003   0.131 -12.304 -12.173
MET01A0065_004   0.009 -11.908 -11.899
MET01A0065_005   0.571 -11.788 -11.217
MET01A0065_006   0.292 -11.164 -10.872
MET01A0065_007   0.306 -12.059 -11.752
MET01A0065_008   0.415 -11.523 -11.108
MET01A0065_009   3.290 -11.255  -7.965
MET01A0065_010   1.179 -11.461 -10.282
MET01A0065_011   4.525 -10.814  -6.289
MET01A0065_012   0.293 -11.549 -11.256
MET01A0065_013   0.715 -12.028 -11.312
MET01A0065_014   0.264 -11.550 -11.286
MET01A0065_015   0.199 -11.760 -11.561
MET01A0065_016   0.726 -12.003 -11.277
MET01A0065_017   0.691 -11.677 -10.986
MET01A0065_018   0.388 -11.707 -11.319
MET01A0065_019   0.178 -12.052 -11.874
MET01A0065_020   0.298 -12.225 -11.926
