CONFORMER         crg  vdw0  vdw1  tors  epol  self   occ  Hb     history    ASA
GLU01A0135_001  0.000 -2.47  2.00  3.48  0.00  3.02 0.570  00  01O000M000  1.024
GLU01A0135_002  0.000 -3.14  1.89  3.37  0.00  2.12 0.574  00  01E002M000  1.000
GLU01A0135_003  0.000 -3.50  2.24  3.37  0.00  2.11 0.569  00  01E004M000  1.065
GLU01A0135_004  0.000 -4.30  2.67  4.20  0.00  2.57 0.571  00  01E005M000  1.037
GLU01A0135_005  0.000 -2.36  2.00  0.76  0.00  0.41 0.570  00  01O000M000  1.000
GLU01A0135_006  0.000 -3.76  2.11  3.76  0.00  2.11 0.575  00  01T003M000  1.000
GLU01A0135_007  0.000 -3.29  1.66  3.46  0.00  1.83 0.571  00  01T006M000  1.007
GLU01A0135_008  0.000 -3.76  2.11  1.04  0.00 -0.61 0.575  00  01T003M000  1.000
GLU01A0135_009  0.000 -3.34  1.66  0.74  0.00 -0.94 0.571  00  01T006M000  1.019
GLU02A0135_010  0.000 -2.95  2.01  3.48  0.00  2.54 0.570  00  02O000M000  1.016
GLU02A0135_011  0.000 -2.88  2.01  0.76  0.00 -0.11 0.570  00  02O000M000  1.000
GLU02A0135_012  0.000 -3.80  2.10  1.02  0.00 -0.68 0.575  00  02E003M000  1.000
GLU02A0135_013  0.000 -4.26  2.67  1.41  0.00 -0.18 0.571  00  02E005M000  1.025
GLU02A0135_014  0.000 -2.96  1.88  3.35  0.00  2.26 0.574  00  02T002M000  1.011
GLU02A0135_015  0.000 -3.95  2.14  3.85  0.00  2.04 0.575  00  02T003M000  1.008
GLU02A0135_016  0.000 -4.35  2.41  4.17  0.00  2.22 0.571  00  02T005M000  1.026
GLU-1A0135_017 -1.000 -2.96  2.02  0.76  0.00 -0.17 0.570  00  -1O000M000  1.015
GLU-1A0135_018 -1.000 -3.87  2.14  1.00  0.00 -0.74 0.575  00  -1E003M000  1.008
GLU-1A0135_019 -1.000 -4.40  2.65  1.38  0.00 -0.36 0.571  00  -1E005M000  1.034
