iConf CONFORMER     FL  occ    crg   Em0  pKa0 ne nH    vdw0    vdw1    tors    epol   dsolv   extra    history
00001 GLU01A0135_001 f 0.00  0.000     0  0.00  0  0  -2.464   2.004   3.482   0.153  -7.182   0.000 01O000M000t
00002 GLU01A0135_002 f 0.00  0.000     0  0.00  0  0  -3.146   1.894   3.371   0.086  -7.729   0.000 01E002M000t
00003 GLU01A0135_003 f 0.00  0.000     0  0.00  0  0  -3.498   2.238   3.368   0.129  -7.691   0.000 01E004M000t
00004 GLU01A0135_004 f 0.00  0.000     0  0.00  0  0  -4.304   2.664   4.201   0.472  -6.825   0.000 01E005M000t
00005 GLU01A0135_005 f 0.00  0.000     0  0.00  0  0  -2.359   2.004   0.762   0.062  -5.097   0.000 01O000M000t
00006 GLU01A0135_006 f 0.00  0.000     0  0.00  0  0  -3.758   2.109   3.760   0.164  -7.600   0.000 01T003M000t
00007 GLU01A0135_007 f 0.00  0.000     0  0.00  0  0  -3.291   1.661   3.458   0.209  -7.836   0.000 01T006M000t
00008 GLU01A0135_008 f 0.00  0.000     0  0.00  0  0  -3.758   2.109   1.040   0.106  -5.239   0.000 01T003M000t
00009 GLU01A0135_009 f 0.00  0.000     0  0.00  0  0  -3.342   1.661   0.738   0.157  -5.071   0.000 01T006M000t
00010 GLU02A0135_010 f 0.00  0.000     0  0.00  0  0  -2.949   2.013   3.482   0.098  -7.807   0.000 02O000M000t
00011 GLU02A0135_011 f 0.00  0.000     0  0.00  0  0  -2.879   2.013   0.762   0.070  -5.176   0.000 02O000M000t
00012 GLU02A0135_012 f 0.00  0.000     0  0.00  0  0  -3.799   2.103   1.018   0.089  -5.082   0.000 02E003M000t
00013 GLU02A0135_013 f 0.00  0.000     0  0.00  0  0  -4.257   2.671   1.405   0.075  -4.980   0.000 02E005M000t
00014 GLU02A0135_014 f 0.00  0.000     0  0.00  0  0  -2.968   1.880   3.351   0.151  -7.475   0.000 02T002M000t
00015 GLU02A0135_015 f 0.00  0.000     0  0.00  0  0  -3.952   2.141   3.847   0.126  -7.539   0.000 02T003M000t
00016 GLU02A0135_016 f 0.00  0.000     0  0.00  0  0  -4.353   2.406   4.169   0.083  -7.536   0.000 02T005M000t
00017 GLU-1A0135_017 f 0.00 -1.000     0  4.75  0 -1  -2.957   2.024   0.762  -0.091 -41.963   0.000 -1O000M000t
00018 GLU-1A0135_018 f 0.00 -1.000     0  4.75  0 -1  -3.869   2.133   0.999  -0.070 -42.233   0.000 -1E003M000t
00019 GLU-1A0135_019 f 0.00 -1.000     0  4.75  0 -1  -4.399   2.650   1.385  -0.270 -41.764   0.000 -1E005M000t
